## SLURM PROLOG ###############################################################
##    Job ID : 868825
##  Job Name : hsmm_Knife
##  Nodelist : node1321
##      CPUs : 4
##  Mem/Node : 16384 MB
## Directory : /gpfs/data/epavlick/debert/hsmm
##   Started : Wed Mar 17 23:50:22 EDT 2021
###############################################################################
hsmm_Knife
loaded cached nbc
loaded cached autoencoder
(36, 94, 16)
(6, 97, 16)
(7, 102, 16)
Epoch: 0, Loss: 2463.5649
mean
[[-0.12049507  0.06832884  0.11206353 -0.12514755 -0.0016236   0.12000629
  -0.11258629 -0.11991212  0.07656602  0.11422025 -0.12619491  0.12238138
   0.11812405  0.27870816 -0.12024578 -0.12461245]
 [-0.13897422  0.07730949  0.12478262 -0.07681997 -0.03668309  0.11212482
  -0.11562221 -0.13980134  0.08450919  0.04417484 -0.14367045  0.13024147
   0.12927145  0.22676891 -0.13840958 -0.12977742]
 [ 0.36155894 -0.09295984 -0.28292817 -0.02994643  0.07251157 -0.34859893
   0.15757331  0.36131305 -0.08259995 -0.26811168  0.35462818 -0.3312055
  -0.35399896 -0.3064173   0.36201915  0.32120174]
 [-0.11794637 -0.02000257  0.09137756 -0.20915379  0.06278412  0.13225475
  -0.05764984 -0.11608029 -0.07662667  0.13699831 -0.11888178  0.08759875
   0.10334367  0.3137973  -0.11999039 -0.10985716]
 [ 0.37143552  0.07525673 -0.19550806  0.10881835 -0.09161532 -0.34388447
  -0.01003882  0.36496127  0.0894016  -0.33518636  0.3537199  -0.21375231
  -0.32380515 -0.32915068  0.37849396  0.24172406]]

cov
[[0.1 0.1 0.1 0.1 0.1 0.1 0.1 0.1 0.1 0.1 0.1 0.1 0.1 0.1 0.1 0.1]
 [0.1 0.1 0.1 0.1 0.1 0.1 0.1 0.1 0.1 0.1 0.1 0.1 0.1 0.1 0.1 0.1]
 [0.1 0.1 0.1 0.1 0.1 0.1 0.1 0.1 0.1 0.1 0.1 0.1 0.1 0.1 0.1 0.1]
 [0.1 0.1 0.1 0.1 0.1 0.1 0.1 0.1 0.1 0.1 0.1 0.1 0.1 0.1 0.1 0.1]
 [0.1 0.1 0.1 0.1 0.1 0.1 0.1 0.1 0.1 0.1 0.1 0.1 0.1 0.1 0.1 0.1]]

trans
[[0.23697147 0.23920728 0.17259827 0.23899391 0.18073653]
 [0.23392424 0.2355586  0.19152744 0.23577142 0.20358223]
 [0.1464505  0.14754874 0.2564984  0.14645566 0.23665634]
 [0.23592976 0.22946079 0.17164405 0.23169298 0.17247202]
 [0.146724   0.14822459 0.20773184 0.14708602 0.20655292]]

lengths
[1.104834  1.1559659 1.1452762 1.0987146 1.1981288]

Epoch: 1, Loss: 2057.4677
mean
[[-0.23258382  0.11541192  0.16238175  0.1511319  -0.14188361  0.21019177
  -0.15519837 -0.21828268  0.09327155  0.12641354 -0.24868424  0.18738109
   0.21649247  0.15954041 -0.23768136 -0.29792184]
 [-0.5022794   0.40776598  0.47468776  0.24420375 -0.3640065   0.26934776
  -0.45512068 -0.5022161   0.41228637 -0.08160026 -0.50788254  0.477195
   0.48294955  0.01710965 -0.502512   -0.48041505]
 [ 0.7176175  -0.40673506 -0.61880994 -0.31622398  0.37901998 -0.6602122
   0.48534364  0.71683    -0.39391914 -0.09548482  0.7090699  -0.66631067
  -0.6955155  -0.42286617  0.71875894  0.66151196]
 [-0.3951888  -0.284715    0.0938482  -0.43301007  0.32874647  0.4832197
   0.1392346  -0.37539056 -0.36197743  0.49480093 -0.3464256  -0.01468924
   0.19577001  0.6307282  -0.4213332  -0.20829748]
 [ 0.6824973   0.39678     0.01562835  0.45239547 -0.42610598 -0.7063905
  -0.30331212  0.6362087   0.4213012  -0.6933462   0.56361705  0.06023917
  -0.1605475  -0.67994195  0.7257137   0.09536498]]

cov
[[0.1 0.1 0.1 0.1 0.1 0.1 0.1 0.1 0.1 0.1 0.1 0.1 0.1 0.1 0.1 0.1]
 [0.1 0.1 0.1 0.1 0.1 0.1 0.1 0.1 0.1 0.1 0.1 0.1 0.1 0.1 0.1 0.1]
 [0.1 0.1 0.1 0.1 0.1 0.1 0.1 0.1 0.1 0.1 0.1 0.1 0.1 0.1 0.1 0.1]
 [0.1 0.1 0.1 0.1 0.1 0.1 0.1 0.1 0.1 0.1 0.1 0.1 0.1 0.1 0.1 0.1]
 [0.1 0.1 0.1 0.1 0.1 0.1 0.1 0.1 0.1 0.1 0.1 0.1 0.1 0.1 0.1 0.1]]

trans
[[0.31481946 0.29902598 0.14346848 0.2650196  0.15605558]
 [0.2861327  0.30700964 0.16172993 0.269962   0.24014042]
 [0.09718345 0.10903682 0.37815413 0.10680708 0.26876438]
 [0.20460184 0.18223435 0.15380998 0.26498288 0.12834738]
 [0.09726259 0.10269323 0.16283748 0.09322845 0.20669223]]

lengths
[1.0941867  1.1033655  0.99075    0.96150154 1.2252924 ]

Epoch: 2, Loss: 1637.3358
mean
[[-0.02084028 -0.02662772 -0.03865823  0.08769282  0.02990967  0.00589627
   0.02194877 -0.00543578 -0.00820622 -0.087882   -0.03472036 -0.01866486
   0.0027966  -0.02247637 -0.02532211 -0.08973341]
 [-0.85965675  0.7496518   0.8321076   0.5641132  -0.7001102   0.3552389
  -0.8026824  -0.860854    0.75118864 -0.24389574 -0.86467874  0.8285346
   0.8385826  -0.16743252 -0.85767317 -0.81999147]
 [ 1.0694196  -0.7497914  -0.9665565  -0.6437868   0.71488607 -0.8156134
   0.8340428   1.0637231  -0.73396945  0.12234671  1.0613334  -1.012248
  -1.0474598  -0.4211634   1.0742927   1.0200173 ]
 [-0.6063681  -0.6030316  -0.01019838 -0.76962817  0.66755027  0.8360302
   0.41401827 -0.56247574 -0.70305413  0.8616592  -0.4665566  -0.22355986
   0.14282615  0.97741747 -0.6776762  -0.1242815 ]
 [ 0.85934633  0.7281689   0.26676127  0.80415446 -0.7710918  -1.068437
  -0.6127225   0.7543978   0.7639655  -1.0593328   0.58778876  0.3645788
   0.06812356 -1.0322498   0.96994084 -0.09603837]]

cov
[[0.1 0.1 0.1 0.1 0.1 0.1 0.1 0.1 0.1 0.1 0.1 0.1 0.1 0.1 0.1 0.1]
 [0.1 0.1 0.1 0.1 0.1 0.1 0.1 0.1 0.1 0.1 0.1 0.1 0.1 0.1 0.1 0.1]
 [0.1 0.1 0.1 0.1 0.1 0.1 0.1 0.1 0.1 0.1 0.1 0.1 0.1 0.1 0.1 0.1]
 [0.1 0.1 0.1 0.1 0.1 0.1 0.1 0.1 0.1 0.1 0.1 0.1 0.1 0.1 0.1 0.1]
 [0.1 0.1 0.1 0.1 0.1 0.1 0.1 0.1 0.1 0.1 0.1 0.1 0.1 0.1 0.1 0.1]]

trans
[[0.4650554  0.2950008  0.15954931 0.26082125 0.18327385]
 [0.24090087 0.37003317 0.11634421 0.25652856 0.21920362]
 [0.0694069  0.10825008 0.49704862 0.11306772 0.2843021 ]
 [0.15539405 0.1437229  0.11579304 0.30035117 0.09633263]
 [0.06924278 0.08299307 0.11126481 0.06923126 0.21688779]]

lengths
[1.1233819  1.0591352  1.005228   0.95423424 1.1889393 ]

Epoch: 3, Loss: 1357.6296
mean
[[ 0.0150725   0.09498993  0.0377927  -0.01530842 -0.05604552 -0.06458893
  -0.08816673  0.01252866  0.10416619 -0.09460258  0.00386095  0.05445266
   0.02338941  0.07157173  0.02723805 -0.04068988]
 [-1.1784365   1.0696261   1.16577     0.85346216 -1.0120654   0.39998683
  -1.1263399  -1.1820128   1.0663327  -0.37687534 -1.1835836   1.1534421
   1.1665068  -0.2717158  -1.1712096  -1.1223978 ]
 [ 1.3876895  -1.0777148  -1.2907002  -0.95587     1.0325207  -0.84353536
   1.1655948   1.3744336  -1.0571291   0.258472    1.3844333  -1.3350853
  -1.3765494  -0.39424336  1.3973287   1.3638096 ]
 [-0.7676627  -0.86499614 -0.07455456 -1.1176493   0.9893719   1.1768607
   0.6323542  -0.6935157  -1.0040992   1.2215185  -0.5230635  -0.39642608
   0.08729868  1.3055282  -0.8971245  -0.01008575]
 [ 0.92543787  1.0405703   0.4619429   1.143723   -1.1002119  -1.4169238
  -0.8915924   0.77179945  1.0909665  -1.4155005   0.5273152   0.6359467
   0.23180506 -1.3746549   1.1039251  -0.24010175]]

cov
[[0.1 0.1 0.1 0.1 0.1 0.1 0.1 0.1 0.1 0.1 0.1 0.1 0.1 0.1 0.1 0.1]
 [0.1 0.1 0.1 0.1 0.1 0.1 0.1 0.1 0.1 0.1 0.1 0.1 0.1 0.1 0.1 0.1]
 [0.1 0.1 0.1 0.1 0.1 0.1 0.1 0.1 0.1 0.1 0.1 0.1 0.1 0.1 0.1 0.1]
 [0.1 0.1 0.1 0.1 0.1 0.1 0.1 0.1 0.1 0.1 0.1 0.1 0.1 0.1 0.1 0.1]
 [0.1 0.1 0.1 0.1 0.1 0.1 0.1 0.1 0.1 0.1 0.1 0.1 0.1 0.1 0.1 0.1]]

trans
[[0.64452285 0.2710686  0.19649976 0.23645686 0.24171458]
 [0.16464023 0.41130862 0.07901829 0.22787672 0.17658377]
 [0.04520007 0.12225746 0.57033205 0.13506252 0.2737225 ]
 [0.10138719 0.12029023 0.07992119 0.34453258 0.07366394]
 [0.04424967 0.0750751  0.07422871 0.05607137 0.23431523]]

lengths
[1.0524487 1.0609963 1.067212  1.0261128 1.1858735]

Epoch: 4, Loss: 1191.1051
mean
[[-0.11962037  0.05846877  0.12217639  0.07715553 -0.08802424  0.0651416
  -0.11371148 -0.12309683  0.02794898  0.04691392 -0.1322416   0.14657518
   0.14353615  0.16504632 -0.10880774 -0.1686715 ]
 [-1.4421743   1.3536541   1.4611008   1.103113   -1.2877504   0.41711134
  -1.4119896  -1.4498634   1.3430287  -0.47703046 -1.4472244   1.4371865
   1.4521368  -0.3036144  -1.4245129  -1.3718228 ]
 [ 1.6548916  -1.3673877  -1.5717727  -1.2218566   1.3071688  -0.8294251
   1.4593751   1.6334168  -1.3392678   0.2737215   1.6610374  -1.6145843
  -1.6630968  -0.39364547  1.6682036   1.6715862 ]
 [-0.86316913 -1.0693451  -0.11729954 -1.4529129   1.2758641   1.494629
   0.79720765 -0.75545144 -1.2563362   1.5645242  -0.50589573 -0.5405627
   0.02974815  1.5921111  -1.0557431   0.12795494]
 [ 0.90371037  1.3163707   0.5643194   1.4607713  -1.3978587  -1.7418596
  -1.1113925   0.7264966   1.3861778  -1.751806    0.44116747  0.84150016
   0.29605678 -1.6996989   1.1273173  -0.32090154]]

cov
[[0.1 0.1 0.1 0.1 0.1 0.1 0.1 0.1 0.1 0.1 0.1 0.1 0.1 0.1 0.1 0.1]
 [0.1 0.1 0.1 0.1 0.1 0.1 0.1 0.1 0.1 0.1 0.1 0.1 0.1 0.1 0.1 0.1]
 [0.1 0.1 0.1 0.1 0.1 0.1 0.1 0.1 0.1 0.1 0.1 0.1 0.1 0.1 0.1 0.1]
 [0.1 0.1 0.1 0.1 0.1 0.1 0.1 0.1 0.1 0.1 0.1 0.1 0.1 0.1 0.1 0.1]
 [0.1 0.1 0.1 0.1 0.1 0.1 0.1 0.1 0.1 0.1 0.1 0.1 0.1 0.1 0.1 0.1]]

trans
[[0.78570795 0.25429896 0.25704193 0.21450256 0.31252906]
 [0.1001374  0.42208636 0.05463144 0.19433494 0.1328649 ]
 [0.0282936  0.14545418 0.5809956  0.1603863  0.24507114]
 [0.05976247 0.10431506 0.05521309 0.38369402 0.05728574]
 [0.02609855 0.07384542 0.05211793 0.04708222 0.2522491 ]]

lengths
[1.1107742 1.0658499 1.048999  1.1081196 1.2203113]

Epoch: 5, Loss: 1096.7987
mean
[[-0.14708427  0.0284422   0.0500927   0.08870935 -0.01928908  0.1344468
  -0.04077127 -0.1371168   0.0517402   0.05933236 -0.16669776  0.07717317
   0.11022216  0.09947643 -0.15364386 -0.19387195]
 [-1.6556827   1.597993    1.7156624   1.3111196  -1.5237476   0.43554375
  -1.6568326  -1.6682693   1.5782784  -0.5433487  -1.6603264   1.6781553
   1.6945971  -0.2866341  -1.6246276  -1.5710051 ]
 [ 1.8585595  -1.6038591  -1.795497   -1.4241298   1.5225749  -0.8195995
   1.7016964   1.8283441  -1.5648538   0.20171416  1.8785158  -1.8361988
  -1.8933988  -0.4256566   1.873893    1.9316978 ]
 [-0.89852124 -1.2199767  -0.15244338 -1.7568473   1.5132526   1.7817875
   0.916642   -0.7587051  -1.4526435   1.8837961  -0.43920872 -0.6577665
  -0.02618684  1.8228737  -1.150984    0.26586187]
 [ 0.8079702   1.5500991   0.6049782   1.7514877  -1.6580997  -2.0347054
  -1.2683135   0.6339167   1.6420945  -2.0627284   0.3525807   0.9750201
   0.30902562 -2.0022538   1.0492837  -0.36204338]]

cov
[[0.1 0.1 0.1 0.1 0.1 0.1 0.1 0.1 0.1 0.1 0.1 0.1 0.1 0.1 0.1 0.1]
 [0.1 0.1 0.1 0.1 0.1 0.1 0.1 0.1 0.1 0.1 0.1 0.1 0.1 0.1 0.1 0.1]
 [0.1 0.1 0.1 0.1 0.1 0.1 0.1 0.1 0.1 0.1 0.1 0.1 0.1 0.1 0.1 0.1]
 [0.1 0.1 0.1 0.1 0.1 0.1 0.1 0.1 0.1 0.1 0.1 0.1 0.1 0.1 0.1 0.1]
 [0.1 0.1 0.1 0.1 0.1 0.1 0.1 0.1 0.1 0.1 0.1 0.1 0.1 0.1 0.1 0.1]]

trans
[[0.8681516  0.24863894 0.3383985  0.2008669  0.38598782]
 [0.06138027 0.4066819  0.03928524 0.16243525 0.09693497]
 [0.01891812 0.17521052 0.5452902  0.18628332 0.20771375]
 [0.03566685 0.09282299 0.03862948 0.40998426 0.04425561]
 [0.01588313 0.07664561 0.03839661 0.04043028 0.26510787]]

lengths
[1.0674931 1.0585636 1.0023975 1.1481043 1.2573138]

Epoch: 6, Loss: 1042.4533
mean
[[-0.0492451   0.07928707  0.02763438  0.02172024 -0.05440418  0.04627576
  -0.07009102 -0.04030997  0.07803735 -0.03977312 -0.06888396  0.04186478
   0.0362242   0.03406359 -0.05584773 -0.09500121]
 [-1.8246872   1.8018061   1.9286228   1.4785744  -1.7190676   0.46859697
  -1.8602036  -1.8415252   1.7719083  -0.5772906  -1.8299625   1.876792
   1.8947854  -0.24371496 -1.7810835  -1.7270939 ]
 [ 2.0029678  -1.7851307  -1.9623243  -1.5623436   1.677684   -0.8395576
   1.8906147   1.9638922  -1.732562    0.10120089  2.0392947  -2.0004237
  -2.067892   -0.47348937  2.019314    2.1427376 ]
 [-0.88558364 -1.3077958  -0.17995684 -2.0051534   1.6799281   2.0308075
   0.98330826 -0.7209906  -1.5713952   2.1719842  -0.35777855 -0.7294047
  -0.06954786  1.9875247  -1.1870244   0.366566  ]
 [ 0.6720424   1.7500694   0.65345126  2.0166576  -1.8857081  -2.29089
  -1.3873116   0.5134643   1.8621771  -2.3462431   0.2750837   1.0633084
   0.34405646 -2.2780282   0.9152384  -0.39620197]]

cov
[[0.1 0.1 0.1 0.1 0.1 0.1 0.1 0.1 0.1 0.1 0.1 0.1 0.1 0.1 0.1 0.1]
 [0.1 0.1 0.1 0.1 0.1 0.1 0.1 0.1 0.1 0.1 0.1 0.1 0.1 0.1 0.1 0.1]
 [0.1 0.1 0.1 0.1 0.1 0.1 0.1 0.1 0.1 0.1 0.1 0.1 0.1 0.1 0.1 0.1]
 [0.1 0.1 0.1 0.1 0.1 0.1 0.1 0.1 0.1 0.1 0.1 0.1 0.1 0.1 0.1 0.1]
 [0.1 0.1 0.1 0.1 0.1 0.1 0.1 0.1 0.1 0.1 0.1 0.1 0.1 0.1 0.1 0.1]]

trans
[[0.90976906 0.2554968  0.42557362 0.20308186 0.46217448]
 [0.04129969 0.37641197 0.02943463 0.13620037 0.06839009]
 [0.01457338 0.20387039 0.48852444 0.21243021 0.16831502]
 [0.02357468 0.08302157 0.0275398  0.41227338 0.03356547]
 [0.0107832  0.08119927 0.0289275  0.03601421 0.26755494]]

lengths
[1.0733371 1.0578457 0.9989173 1.1330457 1.276237 ]

Epoch: 7, Loss: 1019.5837
mean
[[-0.02735731  0.03131981  0.07096007  0.04485682 -0.05468302 -0.01105795
  -0.07796902 -0.0301536   0.01628169 -0.04193037 -0.03747595  0.08628141
   0.06550077  0.07977042 -0.01646116 -0.07074556]
 [-1.9507444   1.9650522   2.0991366   1.6084863  -1.8747188   0.5121099
  -2.0222354  -1.9710423   1.9241405  -0.58713436 -1.9579777   2.0333607
   2.052843   -0.1860174  -1.8958063  -1.8439468 ]
 [ 2.1049447  -1.9186325  -2.0843232  -1.6477126   1.7838495  -0.8975296
   2.0337324   2.0590944  -1.8520067   0.02136607  2.1577177  -2.1199334
  -2.1975384  -0.53185534  2.1204388   2.3080733 ]
 [-0.8457986  -1.3350102  -0.19407146 -2.1814227   1.766598    2.2374427
   0.99902374 -0.66783375 -1.610797    2.4234593  -0.29062754 -0.75029474
  -0.09086649  2.0857818  -1.1788929   0.41597396]
 [ 0.5404847   1.9064933   0.71082306  2.247823   -2.070231   -2.503189
  -1.4634408   0.40060967  2.036634   -2.5940828   0.22462127  1.1091634
   0.40024742 -2.5214732   0.7713583  -0.42318776]]

cov
[[0.1 0.1 0.1 0.1 0.1 0.1 0.1 0.1 0.1 0.1 0.1 0.1 0.1 0.1 0.1 0.1]
 [0.1 0.1 0.1 0.1 0.1 0.1 0.1 0.1 0.1 0.1 0.1 0.1 0.1 0.1 0.1 0.1]
 [0.1 0.1 0.1 0.1 0.1 0.1 0.1 0.1 0.1 0.1 0.1 0.1 0.1 0.1 0.1 0.1]
 [0.1 0.1 0.1 0.1 0.1 0.1 0.1 0.1 0.1 0.1 0.1 0.1 0.1 0.1 0.1 0.1]
 [0.1 0.1 0.1 0.1 0.1 0.1 0.1 0.1 0.1 0.1 0.1 0.1 0.1 0.1 0.1 0.1]]

trans
[[0.9296294  0.27189776 0.4960008  0.2204552  0.53045285]
 [0.0314343  0.34091315 0.023243   0.11465543 0.04810942]
 [0.01300725 0.22388306 0.43802828 0.2318672  0.13614124]
 [0.0176472  0.07533369 0.02030642 0.39932585 0.02538646]
 [0.00828184 0.08797228 0.02242153 0.03369634 0.25991008]]

lengths
[1.0977147 1.0590848 1.0215533 1.0928545 1.2610862]

Epoch: 8, Loss: 1009.2755
mean
[[-0.10038787  0.04752212  0.06464223  0.07026034 -0.03200288  0.05073777
  -0.05492711 -0.10082553  0.06670441  0.03139678 -0.11013065  0.09060562
   0.10777345  0.11722432 -0.09065136 -0.14445882]
 [-2.0396507   2.0910146   2.2303553   1.7057194  -1.9947921   0.55881816
  -2.146539   -2.06341     2.0391626  -0.58196086 -2.0501754   2.1524227
   2.1723425  -0.1239952  -1.9743657  -1.926872  ]
 [ 2.1698651  -2.0081356  -2.1655467  -1.6893234   1.8477663  -0.9673596
   2.134289    2.1201077  -1.9284772  -0.01014301  2.2383177  -2.1998706
  -2.285775   -0.59020716  2.1822495   2.4292505 ]
 [-0.7963992  -1.3272111  -0.20113808 -2.2894962   1.7904633   2.4007823
   0.9884121  -0.61748767 -1.6008848   2.6357172  -0.24584058 -0.743953
  -0.09876636  2.128843   -1.1417207   0.4353821 ]
 [ 0.45243904  2.0287907   0.7824041   2.4497857  -2.2202592  -2.6771178
  -1.5193769   0.32562888  2.1738074  -2.8125944   0.20639841  1.1366614
   0.47413427 -2.7325387   0.6685637  -0.4524932 ]]

cov
[[0.1 0.1 0.1 0.1 0.1 0.1 0.1 0.1 0.1 0.1 0.1 0.1 0.1 0.1 0.1 0.1]
 [0.1 0.1 0.1 0.1 0.1 0.1 0.1 0.1 0.1 0.1 0.1 0.1 0.1 0.1 0.1 0.1]
 [0.1 0.1 0.1 0.1 0.1 0.1 0.1 0.1 0.1 0.1 0.1 0.1 0.1 0.1 0.1 0.1]
 [0.1 0.1 0.1 0.1 0.1 0.1 0.1 0.1 0.1 0.1 0.1 0.1 0.1 0.1 0.1 0.1]
 [0.1 0.1 0.1 0.1 0.1 0.1 0.1 0.1 0.1 0.1 0.1 0.1 0.1 0.1 0.1 0.1]]

trans
[[0.93810505 0.2961358  0.54061806 0.24750966 0.5782311 ]
 [0.02671408 0.3068848  0.01953636 0.09760935 0.03494184]
 [0.01324392 0.23245585 0.40605426 0.24331833 0.11304888]
 [0.01482844 0.06891245 0.01570351 0.37886524 0.01965686]
 [0.0071085  0.09561109 0.01808778 0.03269743 0.25412127]]

lengths
[1.0667508 1.0562524 1.0359386 1.0551363 1.2331795]

Epoch: 9, Loss: 1003.0611
mean
[[-0.11209107  0.06762229  0.0482264   0.03076782 -0.05472891  0.10109083
  -0.07372729 -0.10234082  0.05677933  0.03387883 -0.13123222  0.06383594
   0.07733968  0.08619142 -0.11985664 -0.15000483]
 [-2.0982156   2.1820457   2.3249846   1.7732054  -2.0813718   0.6090726
  -2.2359817  -2.1252177   2.1199217  -0.56221825 -2.114502    2.2384064
   2.2572613  -0.06003793 -2.0251305  -1.9848216 ]
 [ 2.203246   -2.0579588  -2.2108119  -1.6950792   1.8758796  -1.0268308
   2.1957707   2.1526508  -1.9672529   0.00227913  2.2853398  -2.2446756
  -2.3364553  -0.6391849   2.2104704   2.5070698 ]
 [-0.7498308  -1.314891   -0.21097961 -2.3469079   1.7811161   2.523749
   0.97985584 -0.58062994 -1.5799471   2.8096232  -0.21910381 -0.7393411
  -0.1072125   2.1356823  -1.0899981   0.45331854]
 [ 0.4006112   2.125457    0.87690043  2.6235738  -2.3433976  -2.8120582
  -1.573676    0.2716212   2.2812142  -3.0031486   0.19324724  1.1680905
   0.56407285 -2.909133    0.61434    -0.4747669 ]]

cov
[[0.1 0.1 0.1 0.1 0.1 0.1 0.1 0.1 0.1 0.1 0.1 0.1 0.1 0.1 0.1 0.1]
 [0.1 0.1 0.1 0.1 0.1 0.1 0.1 0.1 0.1 0.1 0.1 0.1 0.1 0.1 0.1 0.1]
 [0.1 0.1 0.1 0.1 0.1 0.1 0.1 0.1 0.1 0.1 0.1 0.1 0.1 0.1 0.1 0.1]
 [0.1 0.1 0.1 0.1 0.1 0.1 0.1 0.1 0.1 0.1 0.1 0.1 0.1 0.1 0.1 0.1]
 [0.1 0.1 0.1 0.1 0.1 0.1 0.1 0.1 0.1 0.1 0.1 0.1 0.1 0.1 0.1 0.1]]

trans
[[0.9398277  0.3273496  0.5626229  0.27643922 0.599735  ]
 [0.02474441 0.27661452 0.01746108 0.08441349 0.02669667]
 [0.01506037 0.22931837 0.39191848 0.24889699 0.09853385]
 [0.01365908 0.06371304 0.01276988 0.3576428  0.01584228]
 [0.00670846 0.10300448 0.01522768 0.03260748 0.25919214]]

lengths
[1.0855991 1.0576046 1.0238984 1.043552  1.2063657]

Epoch: 10, Loss: 999.9637
mean
[[-0.06655767  0.0441113   0.07168211  0.05345619 -0.05390063  0.05993977
  -0.08081631 -0.06056137  0.04235347 -0.01528579 -0.08529986  0.08406875
   0.07043298  0.06577483 -0.07155621 -0.10472351]
 [-2.1381059   2.2486978   2.3939915   1.8211025  -2.1453142   0.6536628
  -2.3016045  -2.1686697   2.1776688  -0.54124653 -2.1616375   2.3021398
   2.318457   -0.00312048 -2.0585792  -2.0270245 ]
 [ 2.2115612  -2.0750146  -2.226551   -1.6755515   1.8763863  -1.0603436
   2.223959    2.1626372  -1.9758717   0.03962114  2.3044553  -2.260681
  -2.3557138  -0.671552    2.2125766   2.5466316 ]
 [-0.7193099  -1.3061315  -0.21884544 -2.3645964   1.7551247   2.6109946
   0.9780902  -0.56561726 -1.5623635   2.9471815  -0.21216977 -0.74063694
  -0.11302453  2.119972   -1.0415123   0.46909344]
 [ 0.38964754  2.1951685   0.9596565   2.765652   -2.4366426  -2.91013
  -1.6208587   0.24915834  2.3582451  -3.1623967   0.186221    1.199505
   0.6357499  -3.0519516   0.61010087 -0.48787808]]

cov
[[0.1 0.1 0.1 0.1 0.1 0.1 0.1 0.1 0.1 0.1 0.1 0.1 0.1 0.1 0.1 0.1]
 [0.1 0.1 0.1 0.1 0.1 0.1 0.1 0.1 0.1 0.1 0.1 0.1 0.1 0.1 0.1 0.1]
 [0.1 0.1 0.1 0.1 0.1 0.1 0.1 0.1 0.1 0.1 0.1 0.1 0.1 0.1 0.1 0.1]
 [0.1 0.1 0.1 0.1 0.1 0.1 0.1 0.1 0.1 0.1 0.1 0.1 0.1 0.1 0.1 0.1]
 [0.1 0.1 0.1 0.1 0.1 0.1 0.1 0.1 0.1 0.1 0.1 0.1 0.1 0.1 0.1 0.1]]

trans
[[0.93706304 0.3622417  0.5643692  0.30242795 0.6007653 ]
 [0.02433862 0.24947552 0.01646612 0.07413918 0.02152391]
 [0.0183518  0.21888852 0.39496738 0.25012296 0.09125341]
 [0.01346598 0.05904033 0.01086854 0.34034446 0.01333111]
 [0.00678058 0.11035391 0.01332876 0.03296549 0.2731263 ]]

lengths
[1.0839546 1.0657314 1.005036  1.0573412 1.1966959]

Epoch: 11, Loss: 998.8056
mean
[[-0.07048986  0.06248777  0.07072817  0.0652034  -0.04643653  0.02647775
  -0.0675999  -0.07127802  0.07172727 -0.0081003  -0.08062275  0.09433019
   0.09728719  0.08559959 -0.06178108 -0.11569078]
 [-2.1667285   2.2975287   2.4446254   1.855491   -2.1934521   0.68873733
  -2.3504024  -2.2015421   2.2193477  -0.52567524 -2.197921    2.3504767
   2.3629255   0.04556033 -2.0808918  -2.058017  ]
 [ 2.2017915  -2.067544   -2.2201607  -1.641776    1.8581449  -1.063924
   2.2260594   2.1561685  -1.9628946   0.07959019  2.3022537  -2.255274
  -2.3510444  -0.6848466   2.1966643   2.5553856 ]
 [-0.71007156 -1.3017972  -0.22084895 -2.3526134   1.7236799   2.6671221
   0.9806891  -0.5725631  -1.55231     3.050549   -0.22328238 -0.7442288
  -0.11290675  2.092789   -1.0076197   0.47715348]
 [ 0.4002589   2.246414    1.0228945   2.878941   -2.505058   -2.976255
  -1.6652969   0.24770388  2.412561   -3.2904944   0.17604575  1.2333671
   0.6859153  -3.166042    0.6306078  -0.50470906]]

cov
[[0.1 0.1 0.1 0.1 0.1 0.1 0.1 0.1 0.1 0.1 0.1 0.1 0.1 0.1 0.1 0.1]
 [0.1 0.1 0.1 0.1 0.1 0.1 0.1 0.1 0.1 0.1 0.1 0.1 0.1 0.1 0.1 0.1]
 [0.1 0.1 0.1 0.1 0.1 0.1 0.1 0.1 0.1 0.1 0.1 0.1 0.1 0.1 0.1 0.1]
 [0.1 0.1 0.1 0.1 0.1 0.1 0.1 0.1 0.1 0.1 0.1 0.1 0.1 0.1 0.1 0.1]
 [0.1 0.1 0.1 0.1 0.1 0.1 0.1 0.1 0.1 0.1 0.1 0.1 0.1 0.1 0.1 0.1]]

trans
[[0.93103564 0.39774728 0.55162305 0.32339326 0.587051  ]
 [0.02489948 0.22388032 0.01617245 0.06600928 0.01817955]
 [0.023002   0.2059144  0.41060373 0.24807273 0.08929191]
 [0.01389406 0.05481629 0.00958193 0.32921675 0.01164333]
 [0.00716885 0.11764173 0.01201887 0.033308   0.2938342 ]]

lengths
[1.0727013 1.0768964 1.0063947 1.0786299 1.1928993]

Epoch: 12, Loss: 997.4047
mean
[[-0.10382494  0.0638852   0.06091057  0.04213744 -0.05924703  0.06003483
  -0.07881967 -0.10010772  0.05366474  0.02394402 -0.11544626  0.0783926
   0.09270567  0.09484336 -0.0999926  -0.14588545]
 [-2.1887217   2.3335364   2.4820778   1.8807445  -2.2303934   0.7128497
  -2.3872912  -2.2281518   2.2499611  -0.5176703  -2.2271445   2.388009
   2.3957098   0.08387701 -2.096705   -2.0817378 ]
 [ 2.1807287  -2.0435789  -2.1989963  -1.6028938   1.8290958  -1.0455384
   2.2093916   2.1390734  -1.9362665   0.10417669  2.2852418  -2.235426
  -2.3300698  -0.68161213  2.1704693   2.5410779 ]
 [-0.71906394 -1.3030468  -0.21817735 -2.3241763   1.6972853   2.6978738
   0.9867331  -0.59402    -1.5522465   3.1236484  -0.24414119 -0.7491513
  -0.10863791  2.0634224  -0.99213356  0.47842023]
 [ 0.41896048  2.2781296   1.0541289   2.96219    -2.5478797  -3.0136788
  -1.6993473   0.2583752   2.4446046  -3.3864686   0.1642691   1.2625498
   0.70617944 -3.2515981   0.65809965 -0.5219332 ]]

cov
[[0.1 0.1 0.1 0.1 0.1 0.1 0.1 0.1 0.1 0.1 0.1 0.1 0.1 0.1 0.1 0.1]
 [0.1 0.1 0.1 0.1 0.1 0.1 0.1 0.1 0.1 0.1 0.1 0.1 0.1 0.1 0.1 0.1]
 [0.1 0.1 0.1 0.1 0.1 0.1 0.1 0.1 0.1 0.1 0.1 0.1 0.1 0.1 0.1 0.1]
 [0.1 0.1 0.1 0.1 0.1 0.1 0.1 0.1 0.1 0.1 0.1 0.1 0.1 0.1 0.1 0.1]
 [0.1 0.1 0.1 0.1 0.1 0.1 0.1 0.1 0.1 0.1 0.1 0.1 0.1 0.1 0.1 0.1]]

trans
[[0.92293847 0.4263731  0.53258204 0.33776784 0.56537724]
 [0.02594911 0.20202345 0.01631366 0.05964009 0.01587939]
 [0.02864607 0.19454166 0.43140823 0.24496172 0.09077708]
 [0.0147032  0.05144773 0.00864863 0.32398328 0.01043745]
 [0.00776317 0.12561403 0.01104743 0.03364709 0.31752887]]

lengths
[1.0876257 1.0848643 1.0197229 1.0909985 1.19477  ]

Epoch: 13, Loss: 996.0155
mean
[[-0.09739816  0.0559452   0.07456473  0.06049018 -0.05562134  0.08144283
  -0.08342849 -0.08978385  0.05902592  0.00925428 -0.11609802  0.08616598
   0.08273049  0.08051153 -0.10333946 -0.13312097]
 [-2.2061636   2.3600972   2.5096045   1.899745   -2.2589993   0.72577494
  -2.4152882  -2.2500818   2.2726347  -0.5172435  -2.2507937   2.4172382
   2.4198823   0.11002026 -2.1084914  -2.100566  ]
 [ 2.154213   -2.01026    -2.1696143  -1.5655837   1.7956817  -1.0186921
   2.1807256   2.1162994  -1.9027116   0.10625745  2.2592008  -2.207112
  -2.2997167  -0.66720355  2.140491    2.5110931 ]
 [-0.7404333  -1.3126881  -0.21416248 -2.2955117   1.686009    2.7118142
   0.99792314 -0.6214129  -1.5655506   3.173766   -0.26503837 -0.7577834
  -0.10390332  2.041037   -0.99495894  0.47856194]
 [ 0.43918502  2.2935016   1.0544982   3.0184066  -2.5691538  -3.0299652
  -1.7203836   0.27569276  2.4589653  -3.4539955   0.15875229  1.282785
   0.6994768  -3.3125777   0.6838528  -0.53495294]]

cov
[[0.1 0.1 0.1 0.1 0.1 0.1 0.1 0.1 0.1 0.1 0.1 0.1 0.1 0.1 0.1 0.1]
 [0.1 0.1 0.1 0.1 0.1 0.1 0.1 0.1 0.1 0.1 0.1 0.1 0.1 0.1 0.1 0.1]
 [0.1 0.1 0.1 0.1 0.1 0.1 0.1 0.1 0.1 0.1 0.1 0.1 0.1 0.1 0.1 0.1]
 [0.1 0.1 0.1 0.1 0.1 0.1 0.1 0.1 0.1 0.1 0.1 0.1 0.1 0.1 0.1 0.1]
 [0.1 0.1 0.1 0.1 0.1 0.1 0.1 0.1 0.1 0.1 0.1 0.1 0.1 0.1 0.1 0.1]]

trans
[[0.9143278  0.4433042  0.5154534  0.3449641  0.54149294]
 [0.02709484 0.18535273 0.01672351 0.05476103 0.0141926 ]
 [0.03444831 0.18703151 0.4496268  0.24326825 0.09448054]
 [0.01568585 0.04918142 0.00792376 0.32289878 0.00951685]
 [0.00844317 0.13513012 0.01027257 0.03410786 0.34031707]]

lengths
[1.0801737 1.0856049 1.022138  1.0866947 1.2015388]

Epoch: 14, Loss: 994.9711
mean
[[-0.0793819   0.06910869  0.07579304  0.06319317 -0.05676206  0.05379003
  -0.07708122 -0.07586288  0.07079014 -0.00995684 -0.09495414  0.09575544
   0.09459367  0.07536398 -0.07922439 -0.1202238 ]
 [-2.2187083   2.3787973   2.5284355   1.9138134  -2.2804382   0.7279365
  -2.4354887  -2.2665908   2.288688   -0.5229617  -2.2682688   2.438739
   2.4364054   0.12325187 -2.1162522  -2.1147037 ]
 [ 2.1267545  -1.974093   -2.1375804  -1.5350776   1.7633289  -0.9940967
   2.1464505   2.0916784  -1.8682282   0.09258969  2.229316   -2.1758616
  -2.266086   -0.6471306   2.1115909   2.4732063 ]
 [-0.7659294  -1.3249959  -0.2096743  -2.2713451   1.6873796   2.712975
   1.0086355  -0.6463162  -1.5837379   3.2040966  -0.28102732 -0.76493335
  -0.09931345  2.0272744  -1.0106753   0.47634387]
 [ 0.4642757   2.2981684   1.0323263   3.053825   -2.5759635  -3.0361195
  -1.7293694   0.30105984  2.4626546  -3.500622    0.17024986  1.2922274
   0.6732469  -3.3562813   0.71109915 -0.538694  ]]

cov
[[0.1 0.1 0.1 0.1 0.1 0.1 0.1 0.1 0.1 0.1 0.1 0.1 0.1 0.1 0.1 0.1]
 [0.1 0.1 0.1 0.1 0.1 0.1 0.1 0.1 0.1 0.1 0.1 0.1 0.1 0.1 0.1 0.1]
 [0.1 0.1 0.1 0.1 0.1 0.1 0.1 0.1 0.1 0.1 0.1 0.1 0.1 0.1 0.1 0.1]
 [0.1 0.1 0.1 0.1 0.1 0.1 0.1 0.1 0.1 0.1 0.1 0.1 0.1 0.1 0.1 0.1]
 [0.1 0.1 0.1 0.1 0.1 0.1 0.1 0.1 0.1 0.1 0.1 0.1 0.1 0.1 0.1 0.1]]

trans
[[0.90709406 0.4489029  0.5046406  0.34627613 0.5185247 ]
 [0.02806985 0.17342056 0.01731871 0.05099776 0.01289745]
 [0.03907715 0.18345463 0.46107504 0.24307318 0.09971694]
 [0.01668604 0.04791511 0.00733703 0.32495302 0.00878173]
 [0.00907289 0.14630678 0.00962863 0.03469989 0.36007914]]

lengths
[1.0820218 1.0825949 1.0173446 1.0723287 1.2093425]

Epoch: 15, Loss: 994.9915
mean
[[-0.08938702  0.06269607  0.06708694  0.05086878 -0.05989041  0.04431422
  -0.08099966 -0.08722741  0.05637472  0.0071136  -0.09967208  0.08590464
   0.09645599  0.08504348 -0.08368919 -0.13474062]
 [-2.225581    2.3909729   2.539461    1.9240313  -2.2956467   0.7201603
  -2.4487185  -2.2766237   2.2992175  -0.53331107 -2.2787938   2.4528935
   2.4458776   0.12322477 -2.1195176  -2.1241438 ]
 [ 2.1017733  -1.9403157  -2.1073349  -1.5143164   1.7359277  -0.97808975
   2.112027    2.0682642  -1.8374473   0.07571553  2.200003   -2.1462374
  -2.2341504  -0.6266128   2.0871744   2.434399  ]
 [-0.7882772  -1.3345312  -0.20527588 -2.2532      1.6958152   2.704677
   1.0143576  -0.6630134  -1.5984716   3.2176108  -0.28996262 -0.76684237
  -0.09509473  2.0212731  -1.0323366   0.47110277]
 [ 0.48810065  2.294249    1.0000507   3.0716894  -2.5719755  -3.0363612
  -1.7270917   0.3266029   2.4583113  -3.5301468   0.19355552  1.2904257
   0.6402233  -3.3850086   0.7351802  -0.53199285]]

cov
[[0.1 0.1 0.1 0.1 0.1 0.1 0.1 0.1 0.1 0.1 0.1 0.1 0.1 0.1 0.1 0.1]
 [0.1 0.1 0.1 0.1 0.1 0.1 0.1 0.1 0.1 0.1 0.1 0.1 0.1 0.1 0.1 0.1]
 [0.1 0.1 0.1 0.1 0.1 0.1 0.1 0.1 0.1 0.1 0.1 0.1 0.1 0.1 0.1 0.1]
 [0.1 0.1 0.1 0.1 0.1 0.1 0.1 0.1 0.1 0.1 0.1 0.1 0.1 0.1 0.1 0.1]
 [0.1 0.1 0.1 0.1 0.1 0.1 0.1 0.1 0.1 0.1 0.1 0.1 0.1 0.1 0.1 0.1]]

trans
[[0.90270466 0.44567993 0.5003555  0.3436184  0.50231147]
 [0.0287344  0.1652792  0.01805064 0.04803845 0.01183938]
 [0.04137195 0.18298353 0.4656625  0.24385266 0.10547604]
 [0.01759699 0.04741365 0.00684998 0.32909673 0.00815662]
 [0.009592   0.1586437  0.00908136 0.03539381 0.37221652]]

lengths
[1.0855007 1.0809479 1.0182068 1.0597143 1.2116127]

Loss didn't improve for 1 epochs
Epoch: 16, Loss: 994.8972
mean
[[-0.10053603  0.06380598  0.074728    0.06540777 -0.05799919  0.06577435
  -0.08473723 -0.09466599  0.06673249  0.01174827 -0.1146502   0.0879823
   0.09043291  0.08513057 -0.10127673 -0.14318314]
 [-2.2257578   2.3979316   2.5433874   1.9314529  -2.3054876   0.70304734
  -2.4556832  -2.2789567   2.305287   -0.547006   -2.2815492   2.4600048
   2.4486856   0.10894731 -2.1176512  -2.128929  ]
 [ 2.0800276  -1.911479   -2.0806022  -1.5030098   1.7143656  -0.97017586
   2.0803428   2.0465667  -1.8120941   0.06540356  2.172991   -2.1198962
  -2.2061086  -0.6077081   2.0679345   2.3993702 ]
 [-0.8032131  -1.340671   -0.20240435 -2.2436106   1.7081486   2.691375
   1.0158447  -0.6697587  -1.6078792   3.2190626  -0.29141307 -0.7653265
  -0.09253453  2.0223806  -1.0539694   0.4659174 ]
 [ 0.5096823   2.2843986   0.9678205   3.0764568  -2.5616632  -3.035373
  -1.7165254   0.3491313   2.4490454  -3.5480163   0.22280607  1.2794514
   0.60946363 -3.4015536   0.757989   -0.5150939 ]]

cov
[[0.1 0.1 0.1 0.1 0.1 0.1 0.1 0.1 0.1 0.1 0.1 0.1 0.1 0.1 0.1 0.1]
 [0.1 0.1 0.1 0.1 0.1 0.1 0.1 0.1 0.1 0.1 0.1 0.1 0.1 0.1 0.1 0.1]
 [0.1 0.1 0.1 0.1 0.1 0.1 0.1 0.1 0.1 0.1 0.1 0.1 0.1 0.1 0.1 0.1]
 [0.1 0.1 0.1 0.1 0.1 0.1 0.1 0.1 0.1 0.1 0.1 0.1 0.1 0.1 0.1 0.1]
 [0.1 0.1 0.1 0.1 0.1 0.1 0.1 0.1 0.1 0.1 0.1 0.1 0.1 0.1 0.1 0.1]]

trans
[[0.90165704 0.43643123 0.49764705 0.33875537 0.4969084 ]
 [0.02903765 0.16030513 0.01887442 0.04568074 0.01093836]
 [0.04099845 0.1845802  0.46843475 0.24551274 0.11107869]
 [0.01833789 0.04744442 0.0064366  0.33387733 0.00760453]
 [0.00996897 0.17123897 0.0086072  0.03617381 0.37347004]]

lengths
[1.0808771 1.0813872 1.021113  1.0563817 1.2096381]

Epoch: 17, Loss: 994.4873
mean
[[-0.09387475  0.07176082  0.07919626  0.06256047 -0.06163232  0.06767531
  -0.0834799  -0.08753201  0.06924632 -0.0026728  -0.11124384  0.09696399
   0.096793    0.07700314 -0.09759951 -0.137071  ]
 [-2.220241    2.4008644   2.5416598   1.9367228  -2.310902    0.68062186
  -2.4575377  -2.2745934   2.3078864  -0.56208056 -2.277677    2.4612222
   2.446132    0.08430679 -2.1116343  -2.1297693 ]
 [ 2.0596192  -1.8877199  -2.056649   -1.498421    1.6971744  -0.9638475
   2.0517445   2.024534   -1.7914156   0.06565752  2.1470897  -2.0956147
  -2.181348   -0.5877385   2.0518577   2.3695579 ]
 [-0.8088913  -1.3434088  -0.20178996 -2.242047    1.7206383   2.6760044
   1.0145888  -0.667392   -1.6115867   3.2121413  -0.28669205 -0.7627011
  -0.09230153  2.0281777  -1.0706875   0.46287066]
 [ 0.5255761   2.271822    0.94412416  3.0722096  -2.5488417  -3.0352166
  -1.7022779   0.36450812  2.4378371  -3.5577865   0.2473914   1.2640948
   0.5884442  -3.4085755   0.77678454 -0.4936366 ]]

cov
[[0.1 0.1 0.1 0.1 0.1 0.1 0.1 0.1 0.1 0.1 0.1 0.1 0.1 0.1 0.1 0.1]
 [0.1 0.1 0.1 0.1 0.1 0.1 0.1 0.1 0.1 0.1 0.1 0.1 0.1 0.1 0.1 0.1]
 [0.1 0.1 0.1 0.1 0.1 0.1 0.1 0.1 0.1 0.1 0.1 0.1 0.1 0.1 0.1 0.1]
 [0.1 0.1 0.1 0.1 0.1 0.1 0.1 0.1 0.1 0.1 0.1 0.1 0.1 0.1 0.1 0.1]
 [0.1 0.1 0.1 0.1 0.1 0.1 0.1 0.1 0.1 0.1 0.1 0.1 0.1 0.1 0.1 0.1]]

trans
[[0.90317017 0.42447823 0.4909678  0.3335762  0.5013075 ]
 [0.02902711 0.15760143 0.01973666 0.0437631  0.01015049]
 [0.03870648 0.18720838 0.47503233 0.24760252 0.11596282]
 [0.01889002 0.04777854 0.00607664 0.3380483  0.00710673]
 [0.01020623 0.1829334  0.00818656 0.03700985 0.3654725 ]]

lengths
[1.0844059 1.0827413 1.0199687 1.0614933 1.2068754]

Epoch: 18, Loss: 994.4444
mean
[[-0.08878937  0.06318518  0.07136521  0.05677971 -0.05948934  0.05265601
  -0.08248714 -0.08505816  0.0601504   0.00193988 -0.10232078  0.09030011
   0.09783518  0.07909162 -0.08717495 -0.13391615]
 [-2.211302    2.4007947   2.5361075   1.940176   -2.3128343   0.65837526
  -2.4556618  -2.265957    2.3078797  -0.5764121  -2.269541    2.4581852
   2.4400284   0.05585904 -2.1034026  -2.1277528 ]
 [ 2.043691   -1.870975   -2.0383983  -1.4990416   1.6856846  -0.961097
   2.029373    2.006121   -1.7771208   0.07268588  2.126168   -2.0765958
  -2.1627777  -0.57255894  2.0408552   2.3475542 ]
 [-0.806573   -1.3424567  -0.2026185  -2.2455065   1.7294385   2.6603837
   1.0112014  -0.6594044  -1.6094993   3.1995678  -0.27958092 -0.7594903
  -0.0934082   2.0357757  -1.0802059   0.4613351 ]
 [ 0.5321487   2.2594895   0.9334453   3.0623178  -2.536263   -3.0359278
  -1.688833    0.36972818  2.4270546  -3.561366    0.25840148  1.2496029
   0.58081037 -3.4084413   0.7867322  -0.47511262]]

cov
[[0.1 0.1 0.1 0.1 0.1 0.1 0.1 0.1 0.1 0.1 0.1 0.1 0.1 0.1 0.1 0.1]
 [0.1 0.1 0.1 0.1 0.1 0.1 0.1 0.1 0.1 0.1 0.1 0.1 0.1 0.1 0.1 0.1]
 [0.1 0.1 0.1 0.1 0.1 0.1 0.1 0.1 0.1 0.1 0.1 0.1 0.1 0.1 0.1 0.1]
 [0.1 0.1 0.1 0.1 0.1 0.1 0.1 0.1 0.1 0.1 0.1 0.1 0.1 0.1 0.1 0.1]
 [0.1 0.1 0.1 0.1 0.1 0.1 0.1 0.1 0.1 0.1 0.1 0.1 0.1 0.1 0.1 0.1]]

trans
[[0.9057059  0.41288733 0.48366755 0.32968706 0.51136243]
 [0.02882432 0.15624972 0.02059603 0.04216178 0.00945017]
 [0.035838   0.19000919 0.4821771  0.24948046 0.11970439]
 [0.01929498 0.04822715 0.00575517 0.34080455 0.00665316]
 [0.01033676 0.19262661 0.00780413 0.03786617 0.35282984]]

lengths
[1.0833126 1.0837159 1.0177122 1.0687127 1.2058263]

Epoch: 19, Loss: 994.7770
mean
[[-0.09518027  0.06740759  0.0743283   0.06562667 -0.05982401  0.05588528
  -0.08450399 -0.09089051  0.06880555  0.0087171  -0.10705861  0.0888686
   0.09342807  0.08377314 -0.093094   -0.13937362]
 [-2.2011354   2.3986387   2.5284138   1.9421064  -2.3121886   0.6403942
  -2.4513588  -2.2554522   2.3060539  -0.5884853  -2.2594714   2.4524877
   2.4320567   0.02912759 -2.0947495  -2.1239643 ]
 [ 2.0335975  -1.8614185  -2.0269082  -1.502616    1.6797454  -0.9619803
   2.0144267   1.9934024  -1.7692531   0.0797427   2.1120148  -2.0641022
  -2.1513395  -0.5648244   2.0352588   2.3338895 ]
 [-0.79947543 -1.338826   -0.20390582 -2.2512438   1.7330424   2.6460552
   1.0069363  -0.65012604 -1.603546    3.1839764  -0.2735709  -0.75644237
  -0.09477716  2.0431     -1.0826749   0.46065974]
 [ 0.5298939   2.2494612   0.93478245  3.0496383  -2.5257437  -3.037176
  -1.6791145   0.36614326  2.4182758  -3.56038     0.25523743  1.2394745
   0.5846382  -3.4033804   0.786946   -0.4641686 ]]

cov
[[0.1 0.1 0.1 0.1 0.1 0.1 0.1 0.1 0.1 0.1 0.1 0.1 0.1 0.1 0.1 0.1]
 [0.1 0.1 0.1 0.1 0.1 0.1 0.1 0.1 0.1 0.1 0.1 0.1 0.1 0.1 0.1 0.1]
 [0.1 0.1 0.1 0.1 0.1 0.1 0.1 0.1 0.1 0.1 0.1 0.1 0.1 0.1 0.1 0.1]
 [0.1 0.1 0.1 0.1 0.1 0.1 0.1 0.1 0.1 0.1 0.1 0.1 0.1 0.1 0.1 0.1]
 [0.1 0.1 0.1 0.1 0.1 0.1 0.1 0.1 0.1 0.1 0.1 0.1 0.1 0.1 0.1 0.1]]

trans
[[0.90806276 0.4036829  0.4785234  0.3276953  0.5227234 ]
 [0.02855927 0.1556275  0.02142118 0.04079736 0.008827  ]
 [0.03336485 0.19241792 0.4871403  0.25079808 0.12220751]
 [0.01961001 0.04867048 0.00546358 0.34198946 0.00624188]
 [0.01040312 0.19960123 0.00745158 0.03871986 0.34000027]]

lengths
[1.0820632 1.0836911 1.0182316 1.0721157 1.2073898]

Loss didn't improve for 1 epochs
Epoch: 20, Loss: 994.8059
mean
[[-0.09753591  0.0696711   0.07862364  0.06005752 -0.06178987  0.06559528
  -0.08454056 -0.0916105   0.06624217  0.00154781 -0.11269616  0.09516886
   0.09627195  0.08098435 -0.09933038 -0.14035186]
 [-2.1914887   2.3952308   2.5199964   1.9428415  -2.3098223   0.6287084
  -2.4457855  -2.2450511   2.303145   -0.5975234  -2.2493966   2.4455383
   2.4236174   0.00765093 -2.0870388  -2.1193795 ]
 [ 2.0286038  -1.8574532  -2.0212302  -1.5062283   1.677642   -0.9648004
   2.00599     1.9861224  -1.7661246   0.08102572  2.1039557  -2.057133
  -2.1458392  -0.56362265  2.033691    2.3268385 ]
 [-0.7907649  -1.3341882  -0.20520823 -2.2570624   1.7319218   2.6338763
   1.0032887  -0.6425465  -1.5964968   3.1674688  -0.270066   -0.7545498
  -0.09603617  2.0485923  -1.0794268   0.46078876]
 [ 0.52262664  2.242754    0.94355154  3.0364563  -2.51823    -3.0386617
  -1.6742008   0.35810766  2.4122767  -3.5563679   0.24403748  1.2349358
   0.59462625 -3.3954062   0.78051114 -0.46164662]]

cov
[[0.1 0.1 0.1 0.1 0.1 0.1 0.1 0.1 0.1 0.1 0.1 0.1 0.1 0.1 0.1 0.1]
 [0.1 0.1 0.1 0.1 0.1 0.1 0.1 0.1 0.1 0.1 0.1 0.1 0.1 0.1 0.1 0.1]
 [0.1 0.1 0.1 0.1 0.1 0.1 0.1 0.1 0.1 0.1 0.1 0.1 0.1 0.1 0.1 0.1]
 [0.1 0.1 0.1 0.1 0.1 0.1 0.1 0.1 0.1 0.1 0.1 0.1 0.1 0.1 0.1 0.1]
 [0.1 0.1 0.1 0.1 0.1 0.1 0.1 0.1 0.1 0.1 0.1 0.1 0.1 0.1 0.1 0.1]]

trans
[[0.90956414 0.39773068 0.47691137 0.32756212 0.5321828 ]
 [0.02833434 0.15538298 0.02218549 0.03961518 0.00827882]
 [0.03176852 0.19416557 0.4885826  0.25142208 0.12368502]
 [0.01988917 0.04905042 0.00519652 0.34184673 0.0058751 ]
 [0.01044384 0.20367034 0.00712406 0.03955388 0.32997823]]

lengths
[1.0841132 1.0830119 1.0194124 1.0705249 1.2107307]

Loss didn't improve for 2 epochs
Epoch: 21, Loss: 994.7579
mean
[[-0.09305051  0.06521973  0.07430582  0.06147535 -0.06008917  0.06041424
  -0.08387179 -0.08801565  0.06408276  0.00163943 -0.10854797  0.09269027
   0.09831729  0.07861865 -0.09392979 -0.13690434]
 [-2.1835318   2.391263    2.5119283   1.9426991  -2.3064785   0.62351716
  -2.4398732  -2.2361352   2.2997696  -0.60336053 -2.2406824   2.4384544
   2.4157493  -0.00695112 -2.081107   -2.1147733 ]
 [ 2.0276062  -1.8575267  -2.0200999  -1.5084854   1.6780288  -0.96745574
   2.0028965   1.9834777  -1.7662816   0.07677697  2.1009743  -2.0546017
  -2.1448777  -0.566606    2.034751    2.3248239 ]
 [-0.7830704  -1.3297241  -0.20613939 -2.2611704   1.7273425   2.6241062
   1.0008546  -0.6382027  -1.5902611   3.151469   -0.26929155 -0.753841
  -0.09687298  2.0513887  -1.072647    0.46127966]
 [ 0.5149358   2.2394812   0.95432293  3.0244167  -2.513916   -3.0401492
  -1.6736634   0.350307    2.409147   -3.5506866   0.232718    1.2353356
   0.6051262  -3.386208    0.7721173  -0.4655218 ]]

cov
[[0.1 0.1 0.1 0.1 0.1 0.1 0.1 0.1 0.1 0.1 0.1 0.1 0.1 0.1 0.1 0.1]
 [0.1 0.1 0.1 0.1 0.1 0.1 0.1 0.1 0.1 0.1 0.1 0.1 0.1 0.1 0.1 0.1]
 [0.1 0.1 0.1 0.1 0.1 0.1 0.1 0.1 0.1 0.1 0.1 0.1 0.1 0.1 0.1 0.1]
 [0.1 0.1 0.1 0.1 0.1 0.1 0.1 0.1 0.1 0.1 0.1 0.1 0.1 0.1 0.1 0.1]
 [0.1 0.1 0.1 0.1 0.1 0.1 0.1 0.1 0.1 0.1 0.1 0.1 0.1 0.1 0.1 0.1]]

trans
[[0.91009253 0.3950087  0.47821897 0.3287567  0.5380785 ]
 [0.02819367 0.15532953 0.02287093 0.03857483 0.00780276]
 [0.03107613 0.19519778 0.4871416  0.25134468 0.12447406]
 [0.02015803 0.04934781 0.00495026 0.3409707  0.00555342]
 [0.01047959 0.20511618 0.00681826 0.04035311 0.3240913 ]]

lengths
[1.0825014 1.0824343 1.0187776 1.0670272 1.2140553]

Loss didn't improve for 3 epochs
Epoch: 22, Loss: 994.8710
mean
[[-0.09281141  0.06865798  0.07445923  0.0638665  -0.06091936  0.05527231
  -0.0844391  -0.08856546  0.0683621   0.00574397 -0.10578007  0.09010625
   0.09517711  0.08091813 -0.09132528 -0.13753544]
 [-2.177858    2.3872676   2.5049303   1.9419649  -2.3027558   0.6237098
  -2.4343052  -2.2294757   2.2964003  -0.6062789  -2.2341068   2.4320319
   2.4091249  -0.01463154 -2.0772872  -2.110689  ]
 [ 2.0296412  -1.8604586  -2.0223765  -1.5094806   1.6801645  -0.9688328
   2.0041      1.9846349  -1.7687769   0.07142089  2.1021614  -2.0557175
  -2.1473138  -0.5715658   2.0374765   2.326791  ]
 [-0.77799594 -1.325645   -0.20625035 -2.2620823   1.7204714   2.616436
   0.9990801  -0.6372214  -1.5852187   3.1366317  -0.27078715 -0.7532797
  -0.09685595  2.0511813  -1.0646809   0.46113324]
 [ 0.51009     2.2391107   0.9628896   3.0145357  -2.5124424  -3.0414722
  -1.6761633   0.34578705  2.4084811  -3.5444398   0.22669306  1.2389225
   0.61225563 -3.3770916   0.7657342  -0.47245547]]

cov
[[0.1 0.1 0.1 0.1 0.1 0.1 0.1 0.1 0.1 0.1 0.1 0.1 0.1 0.1 0.1 0.1]
 [0.1 0.1 0.1 0.1 0.1 0.1 0.1 0.1 0.1 0.1 0.1 0.1 0.1 0.1 0.1 0.1]
 [0.1 0.1 0.1 0.1 0.1 0.1 0.1 0.1 0.1 0.1 0.1 0.1 0.1 0.1 0.1 0.1]
 [0.1 0.1 0.1 0.1 0.1 0.1 0.1 0.1 0.1 0.1 0.1 0.1 0.1 0.1 0.1 0.1]
 [0.1 0.1 0.1 0.1 0.1 0.1 0.1 0.1 0.1 0.1 0.1 0.1 0.1 0.1 0.1 0.1]]

trans
[[0.9098409  0.39492655 0.48102075 0.3304332  0.54018396]
 [0.02813341 0.15537718 0.02346864 0.037644   0.00739068]
 [0.03109577 0.19559936 0.48425704 0.2505801  0.12484679]
 [0.0204153  0.04956613 0.00472198 0.3402413  0.0052729 ]
 [0.01051463 0.20453082 0.0065316  0.04110147 0.32230568]]

lengths
[1.0829353 1.082389  1.0180242 1.0650898 1.2158319]

Loss didn't improve for 4 epochs
Epoch: 23, Loss: 994.9313
mean
[[-0.09556833  0.06795057  0.0770518   0.0604464  -0.06131117  0.06003104
  -0.08441497 -0.09049457  0.06513398  0.00199837 -0.10911106  0.0934044
   0.09540065  0.08136483 -0.09546199 -0.13949239]
 [-2.1745722   2.3836226   2.4994059   1.940887   -2.2991087   0.62748045
  -2.4295316  -2.2253091   2.293371   -0.606845   -2.2299297   2.4267638
   2.4040892  -0.01644089 -2.075505   -2.1074502 ]
 [ 2.0334651  -1.8649627  -2.0266778  -1.5095991   1.6832415  -0.9688158
   2.0081887   1.9882921  -1.7725617   0.06873193  2.1061387  -2.0592964
  -2.1517658  -0.5765304   2.0408816   2.3313818 ]
 [-0.7755268  -1.3218974  -0.20565987 -2.2591653   1.7125101   2.6101327
   0.9973485  -0.6382157  -1.581081    3.1230404  -0.2730796  -0.7521841
  -0.09616846  2.048011   -1.0570618   0.46006444]
 [ 0.5091309   2.240758    0.96721476  3.007274   -2.5131192  -3.0425305
  -1.6800723   0.34526825  2.4095924  -3.5384474   0.22709839  1.2436672
   0.61465675 -3.3689651   0.7632665  -0.47925684]]

cov
[[0.1 0.1 0.1 0.1 0.1 0.1 0.1 0.1 0.1 0.1 0.1 0.1 0.1 0.1 0.1 0.1]
 [0.1 0.1 0.1 0.1 0.1 0.1 0.1 0.1 0.1 0.1 0.1 0.1 0.1 0.1 0.1 0.1]
 [0.1 0.1 0.1 0.1 0.1 0.1 0.1 0.1 0.1 0.1 0.1 0.1 0.1 0.1 0.1 0.1]
 [0.1 0.1 0.1 0.1 0.1 0.1 0.1 0.1 0.1 0.1 0.1 0.1 0.1 0.1 0.1 0.1]
 [0.1 0.1 0.1 0.1 0.1 0.1 0.1 0.1 0.1 0.1 0.1 0.1 0.1 0.1 0.1 0.1]]

trans
[[0.90910554 0.39661664 0.4839066  0.33175784 0.5392731 ]
 [0.02812598 0.1554941  0.02397531 0.0368005  0.00703026]
 [0.03157884 0.19553441 0.4813464  0.24925359 0.12495712]
 [0.02064504 0.04972158 0.00450955 0.34040028 0.00502608]
 [0.01054458 0.20263328 0.00626217 0.04178773 0.32371348]]

lengths
[1.0834706 1.0827259 1.0185627 1.0664707 1.2156129]

Loss didn't improve for 5 epochs
Stopping
cached hsmm
