## SLURM PROLOG ###############################################################
##    Job ID : 868817
##  Job Name : hsmm_Bear
##  Nodelist : node1321
##      CPUs : 4
##  Mem/Node : 16384 MB
## Directory : /gpfs/data/epavlick/debert/hsmm
##   Started : Wed Mar 17 23:46:22 EDT 2021
###############################################################################
hsmm_Bear
loaded cached nbc
loaded cached autoencoder
(42, 139, 16)
(5, 65, 16)
(5, 70, 16)
Epoch: 0, Loss: 3475.8452
mean
[[ 0.14117874 -0.19687638 -0.1909428   0.19027616  0.17796437 -0.19842932
   0.00303487 -0.29231113 -0.00763146 -0.19667739  0.19691917 -0.2033101
   0.19809172 -0.15150705 -0.18691395 -0.25048763]
 [ 0.14101917 -0.19501446 -0.18915501  0.18886378  0.17705262 -0.19695634
   0.00189928 -0.2971506  -0.00786699 -0.19517672  0.19525915 -0.20305982
   0.1963312  -0.1512891  -0.18544868 -0.2572627 ]
 [-0.14945851  0.4185673   0.24732277 -0.27346048 -0.23152992  0.4234428
  -0.08966719  0.4123947  -0.0971518   0.42435336 -0.3026173   0.43082255
  -0.43028596  0.0835674   0.31031644  0.21437299]
 [ 0.09756441 -0.19357607 -0.17114142  0.17476745  0.15090455 -0.19808066
   0.05859369 -0.4117417   0.04278862 -0.19707981  0.18588981 -0.21269329
   0.19143692 -0.09448057 -0.17382564 -0.37587494]
 [ 0.05484034 -0.19399734 -0.15785828  0.1626223   0.1210307  -0.19909644
   0.11276814 -0.41772982  0.0967993  -0.19868064  0.18067142 -0.21592346
   0.18973503 -0.05167628 -0.16423175 -0.41572788]]

cov
[[0.1 0.1 0.1 0.1 0.1 0.1 0.1 0.1 0.1 0.1 0.1 0.1 0.1 0.1 0.1 0.1]
 [0.1 0.1 0.1 0.1 0.1 0.1 0.1 0.1 0.1 0.1 0.1 0.1 0.1 0.1 0.1 0.1]
 [0.1 0.1 0.1 0.1 0.1 0.1 0.1 0.1 0.1 0.1 0.1 0.1 0.1 0.1 0.1 0.1]
 [0.1 0.1 0.1 0.1 0.1 0.1 0.1 0.1 0.1 0.1 0.1 0.1 0.1 0.1 0.1 0.1]
 [0.1 0.1 0.1 0.1 0.1 0.1 0.1 0.1 0.1 0.1 0.1 0.1 0.1 0.1 0.1 0.1]]

trans
[[0.2170088  0.21677135 0.17177875 0.21538639 0.21581674]
 [0.21833456 0.21807142 0.17168361 0.21653754 0.21649238]
 [0.169445   0.16892529 0.31353828 0.16886342 0.16959302]
 [0.19658121 0.19711845 0.1715135  0.19774678 0.19662593]
 [0.19863044 0.19911352 0.17148583 0.20146587 0.20147192]]

lengths
[1.1830337 1.1830307 1.2140138 1.1709683 1.1865923]

Epoch: 1, Loss: 2718.8528
mean
[[ 0.5488196  -0.5670439  -0.6119262   0.61238754  0.60261756 -0.558507
  -0.43973303  0.0327212  -0.46102577 -0.57232624  0.62069744 -0.52484304
   0.6026746  -0.586517   -0.5988959   0.10752275]
 [ 0.36212513 -0.3275618  -0.38079     0.40422717  0.4124839  -0.350729
  -0.33345583  0.00817558 -0.32168385 -0.3530187   0.40595984 -0.33296204
   0.3843316  -0.38014355 -0.40511307  0.08134548]
 [-0.5289031   0.8309302   0.67680675 -0.706444   -0.65713716  0.84563535
   0.06755072  0.7109851   0.00954345  0.8488496  -0.74036586  0.86196613
  -0.86396796  0.43612534  0.7422621   0.5189115 ]
 [ 0.13889048 -0.34087119 -0.26608202  0.3058619   0.23477504 -0.36938974
  -0.07425107 -0.35838792 -0.10565949 -0.37559482  0.33552855 -0.40884998
   0.3475757  -0.12166022 -0.3126345  -0.2020916 ]
 [-0.11775246 -0.61043864 -0.20607659  0.3551627   0.02676747 -0.6345884
   0.46075112 -0.8729762   0.4434508  -0.6363672   0.42699617 -0.67341745
   0.5555477   0.24882948 -0.40299594 -0.86171854]]

cov
[[0.1 0.1 0.1 0.1 0.1 0.1 0.1 0.1 0.1 0.1 0.1 0.1 0.1 0.1 0.1 0.1]
 [0.1 0.1 0.1 0.1 0.1 0.1 0.1 0.1 0.1 0.1 0.1 0.1 0.1 0.1 0.1 0.1]
 [0.1 0.1 0.1 0.1 0.1 0.1 0.1 0.1 0.1 0.1 0.1 0.1 0.1 0.1 0.1 0.1]
 [0.1 0.1 0.1 0.1 0.1 0.1 0.1 0.1 0.1 0.1 0.1 0.1 0.1 0.1 0.1 0.1]
 [0.1 0.1 0.1 0.1 0.1 0.1 0.1 0.1 0.1 0.1 0.1 0.1 0.1 0.1 0.1 0.1]]

trans
[[0.31278107 0.27578825 0.12039062 0.25344884 0.2892536 ]
 [0.31125462 0.32415164 0.12209102 0.31584108 0.19841345]
 [0.10464021 0.10342703 0.5155137  0.10281168 0.12856995]
 [0.13694441 0.16245191 0.12236068 0.17988329 0.13611318]
 [0.13437971 0.13418116 0.11964399 0.14801511 0.24764985]]

lengths
[1.0797789 1.0945637 1.2574615 1.1729705 1.2949324]

Epoch: 2, Loss: 2091.6401
mean
[[ 0.95532167 -0.94847393 -1.0549816   1.04736     1.045985   -0.90481395
  -0.89640754  0.36162964 -0.8877322  -0.9529997   1.0606107  -0.8071333
   1.0193936  -1.0381768  -1.0219688   0.45771614]
 [ 0.34338793 -0.19376099 -0.32307628  0.33569893  0.41081643 -0.22286215
  -0.46029013  0.32727504 -0.37201998 -0.2178577   0.32917145 -0.15159425
   0.29940152 -0.3592049  -0.35992247  0.40636814]
 [-0.87340295  1.1842605   1.0799994  -1.1082746  -1.0608302   1.2138786
   0.34439945  0.83665895  0.23743773  1.2276033  -1.1506243   1.2326672
  -1.2561657   0.7971079   1.1430644   0.6315974 ]
 [-0.03014932 -0.02847449  0.05093879  0.00159416 -0.05651529 -0.07499716
   0.04806155  0.0206089   0.02070953 -0.08164898  0.02796021 -0.11561441
   0.04176394  0.02361643 -0.01155183  0.04773414]
 [-0.375274   -0.97498566 -0.06804286  0.35778862 -0.22152981 -1.0359377
   0.88839686 -1.3337791   0.8762727  -1.0422678   0.49043322 -1.1051276
   0.8146366   0.63065726 -0.46134123 -1.3138388 ]]

cov
[[0.1 0.1 0.1 0.1 0.1 0.1 0.1 0.1 0.1 0.1 0.1 0.1 0.1 0.1 0.1 0.1]
 [0.1 0.1 0.1 0.1 0.1 0.1 0.1 0.1 0.1 0.1 0.1 0.1 0.1 0.1 0.1 0.1]
 [0.1 0.1 0.1 0.1 0.1 0.1 0.1 0.1 0.1 0.1 0.1 0.1 0.1 0.1 0.1 0.1]
 [0.1 0.1 0.1 0.1 0.1 0.1 0.1 0.1 0.1 0.1 0.1 0.1 0.1 0.1 0.1 0.1]
 [0.1 0.1 0.1 0.1 0.1 0.1 0.1 0.1 0.1 0.1 0.1 0.1 0.1 0.1 0.1 0.1]]

trans
[[0.4391751  0.2073846  0.07145873 0.2010119  0.3010866 ]
 [0.30503345 0.42033136 0.07526886 0.29819873 0.13496174]
 [0.07043712 0.06863592 0.68292904 0.07510795 0.14284855]
 [0.09607141 0.21973719 0.09766049 0.31429878 0.11257287]
 [0.0892829  0.0839109  0.07268286 0.1113826  0.30853024]]

lengths
[1.0221008 1.039714  1.2508217 1.2247834 1.4399331]

Epoch: 3, Loss: 1744.0823
mean
[[ 1.2917199  -1.293487   -1.4652334   1.4445001   1.459071   -1.1963218
  -1.2897277   0.5354781  -1.1949949  -1.2914286   1.4669043  -1.0539012
   1.398803   -1.442894   -1.410924    0.6772659 ]
 [ 0.345133   -0.09326328 -0.36191428  0.26880038  0.45469123 -0.08382938
  -0.5354362   0.4782207  -0.40324426 -0.07734963  0.2708683   0.0503611
   0.23463565 -0.44539773 -0.3196539   0.5897076 ]
 [-1.1368202   1.4763457   1.4258828  -1.453884   -1.4079205   1.5253031
   0.5930505   0.88944274  0.44613454  1.5528965  -1.5092638   1.5408881
  -1.5962876   1.0977933   1.4906784   0.63995534]
 [ 0.04437344  0.15485528  0.11700553 -0.09167977 -0.05739002  0.11004334
   0.01353978  0.06245645 -0.0153523   0.12910059 -0.12500224  0.10222448
  -0.14034888 -0.00089506  0.11759866 -0.11580823]
 [-0.5755423  -1.2241429   0.06977889  0.29670662 -0.43650138 -1.3417668
   1.289504   -1.7559667   1.2839357  -1.3536055   0.45024619 -1.449841
   0.9322326   0.95941186 -0.43046555 -1.7232314 ]]

cov
[[0.1 0.1 0.1 0.1 0.1 0.1 0.1 0.1 0.1 0.1 0.1 0.1 0.1 0.1 0.1 0.1]
 [0.1 0.1 0.1 0.1 0.1 0.1 0.1 0.1 0.1 0.1 0.1 0.1 0.1 0.1 0.1 0.1]
 [0.1 0.1 0.1 0.1 0.1 0.1 0.1 0.1 0.1 0.1 0.1 0.1 0.1 0.1 0.1 0.1]
 [0.1 0.1 0.1 0.1 0.1 0.1 0.1 0.1 0.1 0.1 0.1 0.1 0.1 0.1 0.1 0.1]
 [0.1 0.1 0.1 0.1 0.1 0.1 0.1 0.1 0.1 0.1 0.1 0.1 0.1 0.1 0.1 0.1]]

trans
[[0.56423056 0.12978923 0.04353694 0.13080117 0.3019217 ]
 [0.25694472 0.4723836  0.04699366 0.20108338 0.09352733]
 [0.04886771 0.04605718 0.7684434  0.04995137 0.15289222]
 [0.06794445 0.3006537  0.09607949 0.54589975 0.112764  ]
 [0.06201254 0.05111626 0.0449465  0.07226432 0.33889478]]

lengths
[1.0532057 1.0544082 1.2236888 1.1939485 1.4574022]

Epoch: 4, Loss: 1601.5054
mean
[[ 1.5414939  -1.567594   -1.8089339   1.775685    1.8123542  -1.4111395
  -1.5764366   0.54799426 -1.3584816  -1.5533628   1.8079909  -1.242713
   1.7101673  -1.7637005  -1.7393596   0.74670887]
 [ 0.35788786 -0.10262295 -0.486598    0.27006978  0.5414357  -0.02725817
  -0.586985    0.45929205 -0.4474982  -0.03903977  0.30213514  0.15330082
   0.2589504  -0.5686745  -0.34113726  0.6179951 ]
 [-1.3243324   1.693632    1.6895254  -1.7296515  -1.6750427   1.7704693
   0.7654153   0.89599717  0.5881682   1.8099848  -1.7967024   1.7747161
  -1.8641865   1.3113481   1.7680683   0.6008445 ]
 [ 0.0269227   0.01100311 -0.0224793   0.06622793  0.03866567 -0.03105441
   0.05970152 -0.13117455  0.03125216  0.00204659  0.02389035 -0.02465017
  -0.00110419  0.03771149 -0.03382958 -0.11318254]
 [-0.7074877  -1.3614578   0.15270941  0.23409481 -0.58254033 -1.5398209
   1.6323969  -2.1216528   1.6304588  -1.5579756   0.38506246 -1.6937532
   0.95234346  1.2031088  -0.37530702 -2.0683448 ]]

cov
[[0.1 0.1 0.1 0.1 0.1 0.1 0.1 0.1 0.1 0.1 0.1 0.1 0.1 0.1 0.1 0.1]
 [0.1 0.1 0.1 0.1 0.1 0.1 0.1 0.1 0.1 0.1 0.1 0.1 0.1 0.1 0.1 0.1]
 [0.1 0.1 0.1 0.1 0.1 0.1 0.1 0.1 0.1 0.1 0.1 0.1 0.1 0.1 0.1 0.1]
 [0.1 0.1 0.1 0.1 0.1 0.1 0.1 0.1 0.1 0.1 0.1 0.1 0.1 0.1 0.1 0.1]
 [0.1 0.1 0.1 0.1 0.1 0.1 0.1 0.1 0.1 0.1 0.1 0.1 0.1 0.1 0.1 0.1]]

trans
[[0.636797   0.07754997 0.02971844 0.06925863 0.3200017 ]
 [0.23345692 0.48527968 0.03278228 0.10930194 0.07006879]
 [0.03510587 0.03235028 0.79451543 0.028934   0.1554122 ]
 [0.04905234 0.37377685 0.11203559 0.75251395 0.12397353]
 [0.04558784 0.03104322 0.03094826 0.03999145 0.33054382]]

lengths
[1.1030228 1.0941386 1.1949196 1.1502547 1.3867482]

Epoch: 5, Loss: 1528.0967
mean
[[ 1.7269143  -1.7706492  -2.0801406   2.0434828   2.1003442  -1.5641303
  -1.761533    0.4743913  -1.4276386  -1.7439828   2.080511   -1.3904877
   1.9506532  -2.0032067  -2.0052135   0.7109429 ]
 [ 0.3783932  -0.16723289 -0.65188664  0.32125467  0.6768682  -0.01926868
  -0.74403745  0.48982477 -0.5734541  -0.06481561  0.39995074  0.1877385
   0.34270197 -0.70901173 -0.4128497   0.7001128 ]
 [-1.4255146   1.8331381   1.8613272  -1.9257343  -1.8511118   1.9405676
   0.85224533  0.8782048   0.65675914  1.9897032  -2.0027606   1.9275968
  -2.048659    1.4293402   1.9650671   0.5520093 ]
 [ 0.04818641 -0.10436092 -0.00052579  0.08094854 -0.0144582  -0.1527672
   0.00712312 -0.1297878  -0.01139543 -0.13623923  0.08927207 -0.16495621
   0.10452242 -0.02094199 -0.08399163 -0.03384758]
 [-0.7907766  -1.4085203   0.17832384  0.1867126  -0.66279954 -1.6352459
   1.9017063  -2.42287     1.8968661  -1.6593918   0.3331993  -1.8370688
   0.9211915   1.3600632  -0.32346967 -2.33807   ]]

cov
[[0.1 0.1 0.1 0.1 0.1 0.1 0.1 0.1 0.1 0.1 0.1 0.1 0.1 0.1 0.1 0.1]
 [0.1 0.1 0.1 0.1 0.1 0.1 0.1 0.1 0.1 0.1 0.1 0.1 0.1 0.1 0.1 0.1]
 [0.1 0.1 0.1 0.1 0.1 0.1 0.1 0.1 0.1 0.1 0.1 0.1 0.1 0.1 0.1 0.1]
 [0.1 0.1 0.1 0.1 0.1 0.1 0.1 0.1 0.1 0.1 0.1 0.1 0.1 0.1 0.1 0.1]
 [0.1 0.1 0.1 0.1 0.1 0.1 0.1 0.1 0.1 0.1 0.1 0.1 0.1 0.1 0.1 0.1]]

trans
[[0.6664486  0.04916115 0.02262005 0.03591209 0.3392619 ]
 [0.2303227  0.48089132 0.02578674 0.05922729 0.05848635]
 [0.02741951 0.02619181 0.7830082  0.01762093 0.15425633]
 [0.03879859 0.42349023 0.14491622 0.86374235 0.14797108]
 [0.03701059 0.0202655  0.02366874 0.02349733 0.30002436]]

lengths
[1.1237441 1.1045222 1.1702143 1.1357267 1.3367556]

Epoch: 6, Loss: 1503.2219
mean
[[ 1.844132   -1.9167427  -2.2911503   2.24975     2.326589   -1.6693057
  -1.868811    0.3586103  -1.4515218  -1.8830608   2.2952356  -1.5196873
   2.1325393  -2.1738846  -2.2124813   0.6134723 ]
 [ 0.4232523  -0.22857672 -0.7902138   0.39400423  0.81933093 -0.02239276
  -0.95068955  0.6181529  -0.7345087  -0.10177628  0.50683653  0.19542694
   0.4289277  -0.8449791  -0.5004723   0.8591828 ]
 [-1.4440945   1.8983588   1.9421556  -2.0376062  -1.9351246   2.033589
   0.8621689   0.8531437   0.661058    2.0900438  -2.123565    1.9998747
  -2.1468968   1.459007    2.0789666   0.51063955]
 [ 0.07007817 -0.02372742  0.04265832  0.00905991  0.00747974 -0.07587882
   0.04537591 -0.00864961  0.02893679 -0.06611995 -0.00025232 -0.08724568
   0.02414301  0.02141912 -0.00590406 -0.091184  ]
 [-0.8538841  -1.3954054   0.1767034   0.14423116 -0.70535564 -1.6514164
   2.102906   -2.662542    2.0870194  -1.6798277   0.29613745 -1.8967022
   0.8709776   1.4558678  -0.2759841  -2.5323918 ]]

cov
[[0.1 0.1 0.1 0.1 0.1 0.1 0.1 0.1 0.1 0.1 0.1 0.1 0.1 0.1 0.1 0.1]
 [0.1 0.1 0.1 0.1 0.1 0.1 0.1 0.1 0.1 0.1 0.1 0.1 0.1 0.1 0.1 0.1]
 [0.1 0.1 0.1 0.1 0.1 0.1 0.1 0.1 0.1 0.1 0.1 0.1 0.1 0.1 0.1 0.1]
 [0.1 0.1 0.1 0.1 0.1 0.1 0.1 0.1 0.1 0.1 0.1 0.1 0.1 0.1 0.1 0.1]
 [0.1 0.1 0.1 0.1 0.1 0.1 0.1 0.1 0.1 0.1 0.1 0.1 0.1 0.1 0.1 0.1]]

trans
[[0.67074245 0.03501344 0.01848766 0.021234   0.342919  ]
 [0.24020848 0.46179956 0.02206404 0.03838816 0.05299571]
 [0.02322155 0.02414059 0.7476879  0.01328113 0.15505347]
 [0.03291838 0.46433857 0.19237058 0.90994406 0.1840905 ]
 [0.03290916 0.01470783 0.01938983 0.01715263 0.26494133]]

lengths
[1.1091778 1.0959829 1.1568741 1.1474975 1.3325788]

Epoch: 7, Loss: 1490.5598
mean
[[ 1.9022155  -2.021233   -2.447194    2.398881    2.4955592  -1.7394505
  -1.9176247   0.23100992 -1.4521769  -1.9824142   2.458017   -1.6301306
   2.2652826  -2.2851057  -2.367123    0.481846  ]
 [ 0.49975407 -0.29492953 -0.88097245  0.49256057  0.93398225 -0.06413469
  -1.0822216   0.73200536 -0.83908206 -0.16587079  0.61024576  0.14909004
   0.51731104 -0.931695   -0.60184675  0.9799988 ]
 [-1.4330165   1.9116608   1.95677    -2.087433   -1.954052    2.0712895
   0.8311316   0.8324573   0.63193715  2.1301768  -2.1768315   2.016447
  -2.180113    1.4392859   2.1293855   0.4888427 ]
 [ 0.03903261  0.04281059  0.01049615  0.03159431  0.00995852 -0.0051692
   0.01458083 -0.02482359 -0.00430485  0.02197481 -0.01595102  0.00540544
  -0.03070755 -0.00705304 -0.00250482 -0.05020149]
 [-0.9080547  -1.3634915   0.16394754  0.11024909 -0.7249154  -1.6260235
   2.2441306  -2.845708    2.2138069  -1.65796     0.2793445  -1.9009442
   0.834022    1.5106772  -0.24342068 -2.6595712 ]]

cov
[[0.1 0.1 0.1 0.1 0.1 0.1 0.1 0.1 0.1 0.1 0.1 0.1 0.1 0.1 0.1 0.1]
 [0.1 0.1 0.1 0.1 0.1 0.1 0.1 0.1 0.1 0.1 0.1 0.1 0.1 0.1 0.1 0.1]
 [0.1 0.1 0.1 0.1 0.1 0.1 0.1 0.1 0.1 0.1 0.1 0.1 0.1 0.1 0.1 0.1]
 [0.1 0.1 0.1 0.1 0.1 0.1 0.1 0.1 0.1 0.1 0.1 0.1 0.1 0.1 0.1 0.1]
 [0.1 0.1 0.1 0.1 0.1 0.1 0.1 0.1 0.1 0.1 0.1 0.1 0.1 0.1 0.1 0.1]]

trans
[[0.6531238  0.02775995 0.01572917 0.01484674 0.32955477]
 [0.26590925 0.46032745 0.01976486 0.03011073 0.05151384]
 [0.02089434 0.02434895 0.69790137 0.01261335 0.15435876]
 [0.02908663 0.47579747 0.25009373 0.9269184  0.22820848]
 [0.03098596 0.01176615 0.01651088 0.01551077 0.23636422]]

lengths
[1.0864087 1.0875688 1.158115  1.1525824 1.3643426]

Epoch: 8, Loss: 1485.3463
mean
[[ 1.9243208  -2.0942624  -2.5556827   2.501603    2.6162918  -1.784891
  -1.9301938   0.12602855 -1.4449593  -2.0498004   2.575261   -1.7138416
   2.3571138  -2.3519695  -2.4780836   0.35035062]
 [ 0.5786507  -0.37076777 -0.9262089   0.58997655  1.0035408  -0.14010479
  -1.1070511   0.7698544  -0.8594569  -0.25240323  0.6915077   0.0705519
   0.6007431  -0.9581159  -0.7011314   1.0075294 ]
 [-1.4151726   1.8911828   1.9280345  -2.0900338  -1.9299972   2.0688136
   0.7873701   0.82147145  0.5931499   2.1258154  -2.178127    1.9956561
  -2.1669996   1.3977023   2.1317441   0.4853101 ]
 [ 0.07528714 -0.02316258  0.00253311  0.06068387  0.00023395 -0.06971651
   0.02729972 -0.08715956  0.00944706 -0.03914335  0.04872677 -0.05969625
   0.03906444  0.0019672  -0.0524371  -0.04843416]
 [-0.9657677  -1.3342652   0.1600015   0.07717687 -0.74080545 -1.5849187
   2.3413427  -2.983054    2.2963428  -1.6199926   0.27048096 -1.8745941
   0.8160518   1.5485234  -0.2193647  -2.7361073 ]]

cov
[[0.1 0.1 0.1 0.1 0.1 0.1 0.1 0.1 0.1 0.1 0.1 0.1 0.1 0.1 0.1 0.1]
 [0.1 0.1 0.1 0.1 0.1 0.1 0.1 0.1 0.1 0.1 0.1 0.1 0.1 0.1 0.1 0.1]
 [0.1 0.1 0.1 0.1 0.1 0.1 0.1 0.1 0.1 0.1 0.1 0.1 0.1 0.1 0.1 0.1]
 [0.1 0.1 0.1 0.1 0.1 0.1 0.1 0.1 0.1 0.1 0.1 0.1 0.1 0.1 0.1 0.1]
 [0.1 0.1 0.1 0.1 0.1 0.1 0.1 0.1 0.1 0.1 0.1 0.1 0.1 0.1 0.1 0.1]]

trans
[[0.62066346 0.02388503 0.0136806  0.01198725 0.30848595]
 [0.3037316  0.47217602 0.01814126 0.02766389 0.05126333]
 [0.01952253 0.02569582 0.64803904 0.01436874 0.15339653]
 [0.0262978  0.46811607 0.30577874 0.92968684 0.268712  ]
 [0.0297846  0.01012703 0.01436034 0.01629326 0.21814217]]

lengths
[1.0767764 1.0733972 1.1705408 1.1427615 1.411399 ]

Epoch: 9, Loss: 1477.3641
mean
[[ 1.9265743  -2.1487818  -2.6324036   2.570915    2.702124   -1.8181405
  -1.926693    0.05563956 -1.4407525  -2.0979235   2.6598873  -1.7756345
   2.422653   -2.3905654  -2.5575862   0.24570222]
 [ 0.6359255  -0.4360597  -0.93959665  0.6553044   1.0294825  -0.21750157
  -1.078968    0.74728584 -0.8342195  -0.33248633  0.73502165  0.00198189
   0.65672547 -0.96369916 -0.7726131   0.96300685]
 [-1.3832843   1.8524599   1.8747734  -2.0549943  -1.8789858   2.0359015
   0.7469185   0.8255079   0.55912095  2.0907245  -2.1418831   1.9522362
  -2.1235538   1.3495653   2.0981836   0.49823332]
 [ 0.05531095 -0.05090786  0.00929808  0.04217691  0.02920835 -0.10149299
   0.01182345 -0.05196964 -0.00504031 -0.08574171  0.03690546 -0.11033677
   0.05717002 -0.01541441 -0.03800267 -0.0745194 ]
 [-1.0440443  -1.3055543   0.1803121   0.02674054 -0.771067   -1.5307702
   2.407373   -3.0849676   2.3459723  -1.571784    0.24954507 -1.8290833
   0.8010926   1.5853963  -0.18656948 -2.775666  ]]

cov
[[0.1 0.1 0.1 0.1 0.1 0.1 0.1 0.1 0.1 0.1 0.1 0.1 0.1 0.1 0.1 0.1]
 [0.1 0.1 0.1 0.1 0.1 0.1 0.1 0.1 0.1 0.1 0.1 0.1 0.1 0.1 0.1 0.1]
 [0.1 0.1 0.1 0.1 0.1 0.1 0.1 0.1 0.1 0.1 0.1 0.1 0.1 0.1 0.1 0.1]
 [0.1 0.1 0.1 0.1 0.1 0.1 0.1 0.1 0.1 0.1 0.1 0.1 0.1 0.1 0.1 0.1]
 [0.1 0.1 0.1 0.1 0.1 0.1 0.1 0.1 0.1 0.1 0.1 0.1 0.1 0.1 0.1 0.1]]

trans
[[0.58269125 0.02212705 0.01213824 0.01066142 0.29280534]
 [0.3456019  0.48555958 0.01701985 0.02868255 0.05004209]
 [0.0186869  0.02784761 0.613229   0.0181335  0.15756889]
 [0.02431144 0.45526665 0.3448781  0.92390114 0.2900525 ]
 [0.02870853 0.0091991  0.01273481 0.01862141 0.20953119]]

lengths
[1.0876173 1.0542694 1.1856527 1.1381956 1.4562223]

Epoch: 10, Loss: 1470.2890
mean
[[ 1.9192262  -2.1916356  -2.6882923   2.6164749   2.7620852  -1.8465549
  -1.917308    0.01647216 -1.4417179  -2.1360593   2.7214768  -1.8229103
   2.4715722  -2.4116607  -2.614526    0.17715548]
 [ 0.66905284 -0.48970267 -0.937578    0.6937552   1.0322099  -0.28836566
  -1.0320207   0.68169284 -0.7895976  -0.3982314   0.7541555  -0.05315815
   0.68848634 -0.9632505  -0.81479406  0.8710733 ]
 [-1.3324348   1.8073381   1.8089712  -1.9921846  -1.8119236   1.9835029
   0.7104419   0.84415025  0.5294922   2.0385032  -2.0805192   1.8990225
  -2.0629      1.2986379   2.039801    0.5241592 ]
 [ 0.0689883  -0.00559049 -0.00548362  0.0474988   0.01504861 -0.05317555
   0.01434552 -0.03226113 -0.00063056 -0.03778027  0.01597599 -0.05840184
   0.0151112  -0.00717326 -0.02798728 -0.03852507]
 [-1.1289591  -1.2800956   0.21383554 -0.03090329 -0.80925846 -1.4747726
   2.4459774  -3.154327    2.3677807  -1.5236979   0.22139946 -1.778081
   0.78739595  1.6187364  -0.14996085 -2.7858925 ]]

cov
[[0.1 0.1 0.1 0.1 0.1 0.1 0.1 0.1 0.1 0.1 0.1 0.1 0.1 0.1 0.1 0.1]
 [0.1 0.1 0.1 0.1 0.1 0.1 0.1 0.1 0.1 0.1 0.1 0.1 0.1 0.1 0.1 0.1]
 [0.1 0.1 0.1 0.1 0.1 0.1 0.1 0.1 0.1 0.1 0.1 0.1 0.1 0.1 0.1 0.1]
 [0.1 0.1 0.1 0.1 0.1 0.1 0.1 0.1 0.1 0.1 0.1 0.1 0.1 0.1 0.1 0.1]
 [0.1 0.1 0.1 0.1 0.1 0.1 0.1 0.1 0.1 0.1 0.1 0.1 0.1 0.1 0.1 0.1]]

trans
[[0.54985875 0.02182129 0.01102012 0.0099807  0.2852229 ]
 [0.3813336  0.49688995 0.01627608 0.03194169 0.04815303]
 [0.01821663 0.03037769 0.6051281  0.02343563 0.16726184]
 [0.0227663  0.44223708 0.35602313 0.9128444  0.29025242]
 [0.02782474 0.00867401 0.01155256 0.02179755 0.20910978]]

lengths
[1.1106392 1.0509226 1.1953315 1.1443055 1.4777348]

Epoch: 11, Loss: 1464.4946
mean
[[ 1.9097053  -2.2295785  -2.7281299   2.6475697   2.8020685  -1.8754016
  -1.9058797  -0.00491438 -1.4449639  -2.1709018   2.767077   -1.8650675
   2.5097113  -2.421292   -2.6548648   0.12919547]
 [ 0.6973884  -0.5527931  -0.945274    0.7378835   1.0423347  -0.372075
  -0.97002655  0.57577187 -0.72816277 -0.4687963   0.78388476 -0.12329066
   0.7296054  -0.9516151  -0.85600406  0.75472045]
 [-1.279967    1.7721511   1.745282   -1.9205511  -1.7454987   1.9332113
   0.67199683  0.87770164  0.49543613  1.9886018  -2.0117044   1.8516655
  -2.0052018   1.2500861   1.9768481   0.55606437]
 [ 0.05416285 -0.00349974  0.00438056  0.04606585  0.01433312 -0.04624932
   0.00870745 -0.05153489 -0.00830227 -0.02175903  0.03295156 -0.03546254
   0.02121596 -0.01502613 -0.03894195 -0.04803625]
 [-1.2196584  -1.2541727   0.25784206 -0.09827494 -0.8555042  -1.4182394
   2.466802   -3.197714    2.371856   -1.4760147   0.18136466 -1.7243192
   0.7662866   1.6529328  -0.10723672 -2.7730885 ]]

cov
[[0.1 0.1 0.1 0.1 0.1 0.1 0.1 0.1 0.1 0.1 0.1 0.1 0.1 0.1 0.1 0.1]
 [0.1 0.1 0.1 0.1 0.1 0.1 0.1 0.1 0.1 0.1 0.1 0.1 0.1 0.1 0.1 0.1]
 [0.1 0.1 0.1 0.1 0.1 0.1 0.1 0.1 0.1 0.1 0.1 0.1 0.1 0.1 0.1 0.1]
 [0.1 0.1 0.1 0.1 0.1 0.1 0.1 0.1 0.1 0.1 0.1 0.1 0.1 0.1 0.1 0.1]
 [0.1 0.1 0.1 0.1 0.1 0.1 0.1 0.1 0.1 0.1 0.1 0.1 0.1 0.1 0.1 0.1]]

trans
[[0.52720803 0.02209377 0.0101698  0.00954363 0.2824535 ]
 [0.4062453  0.510137   0.0155371  0.03631632 0.04605973]
 [0.01803147 0.03210576 0.6185368  0.02907447 0.18160039]
 [0.02132993 0.4273528  0.34510517 0.9002027  0.27382508]
 [0.02718521 0.00831068 0.01065119 0.02486289 0.21606131]]

lengths
[1.1363354 1.0692614 1.1957725 1.1486621 1.4673978]

Epoch: 12, Loss: 1459.2625
mean
[[ 1.9163413  -2.2709322  -2.7667398   2.6813827   2.8372767  -1.9115875
  -1.909067   -0.01151496 -1.4627906  -2.2122486   2.8125243  -1.9166645
   2.5488868  -2.438777   -2.6911633   0.09460738]
 [ 0.7348821  -0.64016813 -0.9791885   0.8111114   1.080903   -0.4792788
  -0.900223    0.4506891  -0.65533775 -0.5580362   0.8450576  -0.22198516
   0.8022258  -0.93309575 -0.92052615  0.6495317 ]
 [-1.2427646   1.7508645   1.6975211  -1.8572316  -1.6946902   1.8951404
   0.6414891   0.9105317   0.46689847  1.9501426  -1.9512218   1.8187292
  -1.9622996   1.2151356   1.923221    0.5804841 ]
 [ 0.06265597 -0.02058198  0.00339007  0.03520381  0.02151043 -0.06515417
   0.00568078 -0.03723445 -0.01112466 -0.04796441  0.02822481 -0.06598216
   0.03507139 -0.01309016 -0.02749139 -0.03933718]
 [-1.3019308  -1.2323799   0.2969133  -0.160963   -0.8986383  -1.3701123
   2.4742913  -3.2199533   2.364819   -1.436006    0.14253728 -1.6767749
   0.74364305  1.683126   -0.06819744 -2.7462585 ]]

cov
[[0.1 0.1 0.1 0.1 0.1 0.1 0.1 0.1 0.1 0.1 0.1 0.1 0.1 0.1 0.1 0.1]
 [0.1 0.1 0.1 0.1 0.1 0.1 0.1 0.1 0.1 0.1 0.1 0.1 0.1 0.1 0.1 0.1]
 [0.1 0.1 0.1 0.1 0.1 0.1 0.1 0.1 0.1 0.1 0.1 0.1 0.1 0.1 0.1 0.1]
 [0.1 0.1 0.1 0.1 0.1 0.1 0.1 0.1 0.1 0.1 0.1 0.1 0.1 0.1 0.1 0.1]
 [0.1 0.1 0.1 0.1 0.1 0.1 0.1 0.1 0.1 0.1 0.1 0.1 0.1 0.1 0.1 0.1]]

trans
[[0.5187864  0.02194641 0.00944778 0.0091373  0.27691072]
 [0.4159413  0.5350061  0.01464949 0.04057279 0.04474228]
 [0.01818437 0.0323761  0.64157254 0.0331157  0.1974585 ]
 [0.02010986 0.4027393  0.324445   0.89037573 0.25252634]
 [0.02697811 0.00793208 0.00988519 0.02679844 0.22836213]]

lengths
[1.1560202 1.0939345 1.18972   1.145455  1.4452465]

Epoch: 13, Loss: 1455.8854
mean
[[ 1.9376346  -2.3086274  -2.8063602   2.7186854   2.8694859  -1.9487687
  -1.9268945  -0.00974035 -1.496235   -2.2553265   2.8590333  -1.9773718
   2.5876486  -2.4665997  -2.724159    0.06961744]
 [ 0.76021546 -0.7376575  -1.013676    0.87925005  1.1200137  -0.5874638
  -0.8390808   0.34653783 -0.5835978  -0.64958584  0.90722924 -0.3137636
   0.88441503 -0.908851   -0.99108934  0.57595134]
 [-1.2282137   1.7406726   1.6727003  -1.81342    -1.6671387   1.8714625
   0.62888473  0.92711747  0.45487005  1.9256833  -1.90937     1.8022017
  -1.9379625   1.2007548   1.8862457   0.5886684 ]
 [ 0.05765134 -0.00091632 -0.00655623  0.0419561   0.01924369 -0.04505407
  -0.01313865 -0.01499464 -0.02631887 -0.03339679  0.020004   -0.05494954
   0.01651925 -0.02666746 -0.026469   -0.0147415 ]
 [-1.3645482  -1.2185857   0.31992275 -0.20649615 -0.93088174 -1.3380966
   2.4734972  -3.227791    2.3532646  -1.4108106   0.11723906 -1.6451299
   0.7268657   1.7057178  -0.04029814 -2.717177  ]]

cov
[[0.1 0.1 0.1 0.1 0.1 0.1 0.1 0.1 0.1 0.1 0.1 0.1 0.1 0.1 0.1 0.1]
 [0.1 0.1 0.1 0.1 0.1 0.1 0.1 0.1 0.1 0.1 0.1 0.1 0.1 0.1 0.1 0.1]
 [0.1 0.1 0.1 0.1 0.1 0.1 0.1 0.1 0.1 0.1 0.1 0.1 0.1 0.1 0.1 0.1]
 [0.1 0.1 0.1 0.1 0.1 0.1 0.1 0.1 0.1 0.1 0.1 0.1 0.1 0.1 0.1 0.1]
 [0.1 0.1 0.1 0.1 0.1 0.1 0.1 0.1 0.1 0.1 0.1 0.1 0.1 0.1 0.1 0.1]]

trans
[[0.52210224 0.02148125 0.00878674 0.00866823 0.26476434]
 [0.41300598 0.56374574 0.01359751 0.04334793 0.0456751 ]
 [0.01862553 0.03139984 0.6630491  0.03433203 0.2117917 ]
 [0.01911476 0.3758331  0.30538225 0.88666624 0.23360518]
 [0.02715145 0.0075401  0.00918436 0.0269856  0.24416369]]

lengths
[1.158677  1.0888734 1.1847094 1.1447095 1.4310328]

Epoch: 14, Loss: 1453.2336
mean
[[ 1.9700385  -2.3446863  -2.8539615   2.7620394   2.9053857  -1.9851447
  -1.962166   -0.00106105 -1.5454736  -2.3014936   2.9116275  -2.0438268
   2.6300638  -2.5094304  -2.7591188   0.05916895]
 [ 0.79440826 -0.82922846 -1.0397091   0.9456872   1.1413848  -0.69060034
  -0.78948945  0.25720745 -0.526201   -0.7436483   0.96756136 -0.4156096
   0.9604204  -0.8999492  -1.0581784   0.48920524]
 [-1.2328283   1.7385674   1.6694636  -1.7933031  -1.662254    1.8617824
   0.6330335   0.9245241   0.45865858  1.915099   -1.8897067   1.7997057
  -1.9310985   1.2040519   1.8684498   0.58185816]
 [ 0.06540123  0.00394173 -0.00302935  0.03791908  0.03070149 -0.03159535
  -0.01569172 -0.01016106 -0.02895172 -0.01275988  0.02755221 -0.02226031
   0.01657868 -0.02630333 -0.03265926 -0.01217966]
 [-1.4019756  -1.2119125   0.32453996 -0.2302613  -0.94841576 -1.3224233
   2.4667954  -3.2253757   2.339743   -1.4001434   0.10917657 -1.6308931
   0.7181373   1.7175395  -0.02574045 -2.6918151 ]]

cov
[[0.1 0.1 0.1 0.1 0.1 0.1 0.1 0.1 0.1 0.1 0.1 0.1 0.1 0.1 0.1 0.1]
 [0.1 0.1 0.1 0.1 0.1 0.1 0.1 0.1 0.1 0.1 0.1 0.1 0.1 0.1 0.1 0.1]
 [0.1 0.1 0.1 0.1 0.1 0.1 0.1 0.1 0.1 0.1 0.1 0.1 0.1 0.1 0.1 0.1]
 [0.1 0.1 0.1 0.1 0.1 0.1 0.1 0.1 0.1 0.1 0.1 0.1 0.1 0.1 0.1 0.1]
 [0.1 0.1 0.1 0.1 0.1 0.1 0.1 0.1 0.1 0.1 0.1 0.1 0.1 0.1 0.1 0.1]]

trans
[[0.53274226 0.02105383 0.0081815  0.00809417 0.24315216]
 [0.40254188 0.59014934 0.0125009  0.04395837 0.05073962]
 [0.01925098 0.02942232 0.67724735 0.03321383 0.2237177 ]
 [0.01825811 0.35212296 0.29352683 0.88893723 0.22079861]
 [0.02720678 0.00725154 0.00854341 0.02579638 0.2615919 ]]

lengths
[1.1514723 1.0576015 1.1840061 1.1481653 1.4302909]

Epoch: 15, Loss: 1451.1587
mean
[[ 2.0178905  -2.3802767  -2.9127588   2.814874    2.94878    -2.024228
  -2.0126915   0.01593285 -1.6056497  -2.353993    2.9730816  -2.115319
   2.6788988  -2.568786   -2.8011036   0.06555481]
 [ 0.8328936  -0.90483785 -1.0744184   1.0056218   1.1733365  -0.7709206
  -0.7759273   0.20749134 -0.502218   -0.8236997   1.0242393  -0.49574164
   1.0222241  -0.9232019  -1.1178042   0.42432612]
 [-1.2459338   1.7411994   1.6805149  -1.7935127  -1.6727581   1.8629452
   0.6454365   0.9103191   0.47038257  1.9154407  -1.889192    1.8059185
  -1.9366657   1.216294    1.8671967   0.5674227 ]
 [ 0.06805742 -0.01243746 -0.01362981  0.0442904   0.03386    -0.0496713
  -0.0282158  -0.01032462 -0.03852151 -0.0318545   0.03218012 -0.03966284
   0.03187449 -0.03891287 -0.03427774 -0.00541413]
 [-1.416639   -1.2092253   0.31563687 -0.2357636  -0.9525221  -1.3183701
   2.456124   -3.216571    2.3253758  -1.3995408   0.11437943 -1.6303984
   0.7157471   1.7184628  -0.02180503 -2.6728485 ]]

cov
[[0.1 0.1 0.1 0.1 0.1 0.1 0.1 0.1 0.1 0.1 0.1 0.1 0.1 0.1 0.1 0.1]
 [0.1 0.1 0.1 0.1 0.1 0.1 0.1 0.1 0.1 0.1 0.1 0.1 0.1 0.1 0.1 0.1]
 [0.1 0.1 0.1 0.1 0.1 0.1 0.1 0.1 0.1 0.1 0.1 0.1 0.1 0.1 0.1 0.1]
 [0.1 0.1 0.1 0.1 0.1 0.1 0.1 0.1 0.1 0.1 0.1 0.1 0.1 0.1 0.1 0.1]
 [0.1 0.1 0.1 0.1 0.1 0.1 0.1 0.1 0.1 0.1 0.1 0.1 0.1 0.1 0.1 0.1]]

trans
[[0.5538229  0.02092501 0.00763772 0.00746414 0.20453772]
 [0.3813501  0.6052858  0.01145568 0.04258061 0.06576078]
 [0.02007025 0.02681541 0.68327534 0.03123125 0.2349587 ]
 [0.01755301 0.33987936 0.28966314 0.8946569  0.21506171]
 [0.02720374 0.00709436 0.00796816 0.02406708 0.27968112]]

lengths
[1.1474261 1.0456513 1.1866081 1.1487937 1.4385486]

Epoch: 16, Loss: 1448.9204
mean
[[ 2.0715597  -2.4118195  -2.980259    2.8722086   2.9985156  -2.061515
  -2.0720534   0.03704    -1.6722335  -2.408046    3.0402472  -2.187159
   2.7306786  -2.6374316  -2.8469613   0.09205167]
 [ 0.8580765  -0.95701534 -1.113126    1.04578     1.2151029  -0.81480116
  -0.8004317   0.20431666 -0.5110665  -0.8728851   1.0649086  -0.5265652
   1.0624882  -0.96542025 -1.1620914   0.39973098]
 [-1.2566235   1.7451771   1.6961404  -1.8057503  -1.6884842   1.86986
   0.6566614   0.89491034  0.48127538  1.921812   -1.9003154   1.8145857
  -1.9475098   1.2280817   1.8761432   0.5537155 ]
 [ 0.072492   -0.00666342 -0.01393191  0.04782648  0.03622735 -0.04768483
  -0.023512   -0.00375578 -0.0342661  -0.03379394  0.03037909 -0.04818383
   0.02612317 -0.03377943 -0.03787417 -0.00226593]
 [-1.4143811  -1.2086114   0.3016091  -0.22934696 -0.94742084 -1.3213509
   2.4443083  -3.2049444   2.3123367  -1.4044739   0.1255011  -1.6381652
   0.71726537  1.7117649  -0.02469571 -2.6612406 ]]

cov
[[0.1 0.1 0.1 0.1 0.1 0.1 0.1 0.1 0.1 0.1 0.1 0.1 0.1 0.1 0.1 0.1]
 [0.1 0.1 0.1 0.1 0.1 0.1 0.1 0.1 0.1 0.1 0.1 0.1 0.1 0.1 0.1 0.1]
 [0.1 0.1 0.1 0.1 0.1 0.1 0.1 0.1 0.1 0.1 0.1 0.1 0.1 0.1 0.1 0.1]
 [0.1 0.1 0.1 0.1 0.1 0.1 0.1 0.1 0.1 0.1 0.1 0.1 0.1 0.1 0.1 0.1]
 [0.1 0.1 0.1 0.1 0.1 0.1 0.1 0.1 0.1 0.1 0.1 0.1 0.1 0.1 0.1 0.1]]

trans
[[0.5749167  0.02159133 0.00715257 0.00684502 0.16645443]
 [0.36013293 0.6038008  0.01050267 0.04010594 0.09258544]
 [0.02097064 0.02444246 0.6830058  0.02948282 0.23990405]
 [0.01689644 0.3430523  0.29188344 0.9010285  0.21103424]
 [0.02708326 0.00711308 0.00745549 0.02253773 0.29002184]]

lengths
[1.1344286 1.0587856 1.1899554 1.1469177 1.4445922]

Epoch: 17, Loss: 1446.6962
mean
[[ 2.1365912  -2.4349756  -3.057144    2.9351554   3.0583231  -2.090817
  -2.1489136   0.07845437 -1.755336   -2.458303    3.1136158  -2.2516458
   2.7827673  -2.722169   -2.8974967   0.14573675]
 [ 0.8565832  -0.99813163 -1.1521606   1.071015    1.2512555  -0.83761203
  -0.829747    0.19945472 -0.5290401  -0.90356565  1.0980936  -0.53998035
   1.0962523  -0.99271864 -1.1933379   0.38336924]
 [-1.261224    1.7496885   1.7096012  -1.8224578  -1.7024014   1.8791896
   0.66182107  0.8869675   0.48649898  1.9310123  -1.916109    1.8226044
  -1.9589247   1.2350103   1.8896906   0.54741424]
 [ 0.07437415 -0.00320487 -0.0117565   0.04464398  0.03859394 -0.03952051
  -0.03119753 -0.00131763 -0.03930788 -0.02151088  0.03183799 -0.0295876
   0.02416824 -0.04214078 -0.03841744  0.0005818 ]
 [-1.4004134  -1.2088573   0.28972572 -0.21663272 -0.93735045 -1.3277129
   2.4332032  -3.1922      2.3019576  -1.4109159   0.13601576 -1.6483585
   0.72029215  1.7010055  -0.03132617 -2.655633  ]]

cov
[[0.1 0.1 0.1 0.1 0.1 0.1 0.1 0.1 0.1 0.1 0.1 0.1 0.1 0.1 0.1 0.1]
 [0.1 0.1 0.1 0.1 0.1 0.1 0.1 0.1 0.1 0.1 0.1 0.1 0.1 0.1 0.1 0.1]
 [0.1 0.1 0.1 0.1 0.1 0.1 0.1 0.1 0.1 0.1 0.1 0.1 0.1 0.1 0.1 0.1]
 [0.1 0.1 0.1 0.1 0.1 0.1 0.1 0.1 0.1 0.1 0.1 0.1 0.1 0.1 0.1 0.1]
 [0.1 0.1 0.1 0.1 0.1 0.1 0.1 0.1 0.1 0.1 0.1 0.1 0.1 0.1 0.1 0.1]]

trans
[[0.59099054 0.02316954 0.00671819 0.00627332 0.13362761]
 [0.343856   0.5954124  0.00965044 0.03735594 0.13551648]
 [0.02194703 0.02249606 0.6794841  0.02842788 0.23625432]
 [0.01629075 0.35165548 0.29715028 0.90632087 0.2062582 ]
 [0.0269157  0.00726653 0.006997   0.02162197 0.2883434 ]]

lengths
[1.1097223 1.0745113 1.1909975 1.1466388 1.4411927]

Epoch: 18, Loss: 1444.2203
mean
[[ 2.2021537  -2.4525907  -3.1371174   2.9966815   3.1234696  -2.11087
  -2.2350004   0.13127695 -1.8447337  -2.5011058   3.1869466  -2.298933
   2.832714   -2.8135796  -2.94938     0.2149312 ]
 [ 0.84795535 -1.0241561  -1.1764002   1.0879333   1.2672492  -0.84930974
  -0.84358805  0.18051505 -0.5434437  -0.9220654   1.122572   -0.5590165
   1.1206603  -0.9973486  -1.21039     0.36547193]
 [-1.2617712   1.754617    1.7178311  -1.8378077  -1.7112192   1.8886987
   0.6610006   0.8887499   0.48570305  1.9407037  -1.931052    1.8287593
  -1.9683273   1.2369632   1.9033693   0.54946154]
 [ 0.07479628 -0.01001285 -0.01698002  0.04853242  0.03893664 -0.04704495
  -0.02838294  0.00026098 -0.03744999 -0.02912514  0.03251497 -0.03281138
   0.03037802 -0.03729595 -0.03905409  0.00493051]
 [-1.3795888  -1.2087724   0.28362864 -0.20223811 -0.92583454 -1.334337
   2.4233491  -3.1788445   2.2940676  -1.4157195   0.14225139 -1.6563474
   0.7227464   1.6888492  -0.03911831 -2.6533902 ]]

cov
[[0.1 0.1 0.1 0.1 0.1 0.1 0.1 0.1 0.1 0.1 0.1 0.1 0.1 0.1 0.1 0.1]
 [0.1 0.1 0.1 0.1 0.1 0.1 0.1 0.1 0.1 0.1 0.1 0.1 0.1 0.1 0.1 0.1]
 [0.1 0.1 0.1 0.1 0.1 0.1 0.1 0.1 0.1 0.1 0.1 0.1 0.1 0.1 0.1 0.1]
 [0.1 0.1 0.1 0.1 0.1 0.1 0.1 0.1 0.1 0.1 0.1 0.1 0.1 0.1 0.1 0.1]
 [0.1 0.1 0.1 0.1 0.1 0.1 0.1 0.1 0.1 0.1 0.1 0.1 0.1 0.1 0.1 0.1]]

trans
[[0.59881616 0.02544799 0.0063269  0.00577412 0.1106383 ]
 [0.3357009  0.5879707  0.00889438 0.03478747 0.1892245 ]
 [0.0230013  0.02091466 0.67565626 0.02806716 0.2257828 ]
 [0.01573711 0.35816923 0.30253804 0.90994745 0.19922248]
 [0.02674457 0.00749747 0.00658447 0.02142377 0.2751319 ]]

lengths
[1.0915873 1.0720024 1.1890913 1.1475526 1.4318249]

Epoch: 19, Loss: 1441.8072
mean
[[ 2.2664335  -2.4677916  -3.2160418   3.0534844   3.1914823  -2.1237793
  -2.3241463   0.19256471 -1.932138   -2.5360234   3.256102   -2.3227482
   2.8797238  -2.9061196  -3.0021577   0.29585862]
 [ 0.8456085  -1.035153   -1.1831137   1.1010296   1.2668816  -0.85655165
  -0.84024906  0.15472019 -0.5498933  -0.9328259   1.1373894  -0.58690685
   1.133331   -0.99030185 -1.2154735   0.34415454]
 [-1.2608432   1.7589985   1.7202793  -1.8478103  -1.7141472   1.8960782
   0.65718424  0.8962931   0.48160887  1.9484297  -1.9412358   1.8322766
  -1.9740055   1.2356303   1.913519    0.5561297 ]
 [ 0.07494965 -0.00650831 -0.01349359  0.04701142  0.03933747 -0.04575045
  -0.03026957 -0.00018746 -0.03927059 -0.03054194  0.03193685 -0.04099889
   0.02679738 -0.04181349 -0.03956926  0.00043366]
 [-1.3591846  -1.207816    0.28370208 -0.19111599 -0.9166254  -1.3388368
   2.4158623  -3.1667075   2.2888849  -1.4175296   0.14304726 -1.660133
   0.7234399   1.6786671  -0.04519756 -2.6530612 ]]

cov
[[0.1 0.1 0.1 0.1 0.1 0.1 0.1 0.1 0.1 0.1 0.1 0.1 0.1 0.1 0.1 0.1]
 [0.1 0.1 0.1 0.1 0.1 0.1 0.1 0.1 0.1 0.1 0.1 0.1 0.1 0.1 0.1 0.1]
 [0.1 0.1 0.1 0.1 0.1 0.1 0.1 0.1 0.1 0.1 0.1 0.1 0.1 0.1 0.1 0.1]
 [0.1 0.1 0.1 0.1 0.1 0.1 0.1 0.1 0.1 0.1 0.1 0.1 0.1 0.1 0.1 0.1]
 [0.1 0.1 0.1 0.1 0.1 0.1 0.1 0.1 0.1 0.1 0.1 0.1 0.1 0.1 0.1 0.1]]

trans
[[0.59748304 0.02846512 0.00597276 0.00535333 0.09426348]
 [0.33653435 0.58543426 0.00822551 0.03269278 0.24117284]
 [0.02414489 0.01963893 0.67333364 0.02825438 0.2146722 ]
 [0.01523094 0.35868263 0.30625653 0.9118934  0.19210361]
 [0.02660685 0.00777903 0.00621155 0.02180605 0.2577879 ]]

lengths
[1.087685  1.063286  1.1861455 1.1475275 1.4266577]

Epoch: 20, Loss: 1439.7402
mean
[[ 2.3307886  -2.4824848  -3.2888582   3.1056633   3.2585845  -2.1342967
  -2.4084496   0.25565693 -2.0094578  -2.5643713   3.3180556  -2.3278544
   2.922503   -2.9936202  -3.054552    0.3765747 ]
 [ 0.8483905  -1.0392051  -1.181133    1.1095732   1.2640014  -0.86547923
  -0.82507557  0.13028307 -0.5458351  -0.9421913   1.1445622  -0.6133264
   1.1394628  -0.9820667  -1.2172711   0.3267712 ]
 [-1.260536    1.7622371   1.7186909  -1.8516715  -1.7128847   1.9003489
   0.65380216  0.90404624  0.47758564  1.9530935  -1.9456228   1.8335593
  -1.9760085   1.2335384   1.9187741   0.5629796 ]
 [ 0.07446816 -0.0042967  -0.01642838  0.0462187   0.03988966 -0.03999562
  -0.03426142  0.00285286 -0.04254116 -0.02321758  0.03244506 -0.03157527
   0.02584184 -0.04140071 -0.03803852  0.00710952]
 [-1.3453666  -1.2053958   0.2884575  -0.1867915  -0.91242206 -1.3396331
   2.4116087  -3.1574378   2.286393   -1.415868    0.13888438 -1.6593953
   0.7216298   1.6730427  -0.04728691 -2.6535754 ]]

cov
[[0.1 0.1 0.1 0.1 0.1 0.1 0.1 0.1 0.1 0.1 0.1 0.1 0.1 0.1 0.1 0.1]
 [0.1 0.1 0.1 0.1 0.1 0.1 0.1 0.1 0.1 0.1 0.1 0.1 0.1 0.1 0.1 0.1]
 [0.1 0.1 0.1 0.1 0.1 0.1 0.1 0.1 0.1 0.1 0.1 0.1 0.1 0.1 0.1 0.1]
 [0.1 0.1 0.1 0.1 0.1 0.1 0.1 0.1 0.1 0.1 0.1 0.1 0.1 0.1 0.1 0.1]
 [0.1 0.1 0.1 0.1 0.1 0.1 0.1 0.1 0.1 0.1 0.1 0.1 0.1 0.1 0.1 0.1]]

trans
[[0.5915368  0.03184881 0.00565112 0.00500053 0.08403203]
 [0.34189484 0.58950955 0.00763377 0.03114154 0.27331838]
 [0.0253074  0.01857529 0.6730841  0.02872568 0.2092759 ]
 [0.01475738 0.35200125 0.30775782 0.9126037  0.18861465]
 [0.02650358 0.00806509 0.00587322 0.02252858 0.2447591 ]]

lengths
[1.0957941 1.0635303 1.1839483 1.146869  1.4290003]

Epoch: 21, Loss: 1438.2195
mean
[[ 2.3957133  -2.494519   -3.3506382   3.154547    3.3205605  -2.14273
  -2.4838977   0.31577763 -2.0751815  -2.585474    3.3708057  -2.323093
   2.9575326  -3.0737183  -3.103716    0.44228774]
 [ 0.84931976 -1.0494051  -1.1807553   1.1127598   1.266522   -0.8833626
  -0.80003965  0.10551977 -0.5261878  -0.9578653   1.1486307  -0.6311427
   1.1499408  -0.96937853 -1.2247822   0.3171753 ]
 [-1.2614495   1.7640758   1.7156286  -1.8508053  -1.7100245   1.9016953
   0.6526652   0.9081787   0.47562227  1.9547446  -1.9452944   1.8334174
  -1.9754788   1.2324163   1.9196638   0.56678545]
 [ 0.07422999 -0.00599609 -0.0172119   0.04707883  0.04075958 -0.04189111
  -0.03702627  0.00552882 -0.04555492 -0.025916    0.03244519 -0.0308861
   0.02763508 -0.04537607 -0.03819297  0.0054099 ]
 [-1.3422964  -1.2000917   0.29650438 -0.19158942 -0.9149996  -1.3353231
   2.4110396  -3.1520267   2.2861297  -1.4100472   0.13014585 -1.6543596
   0.7162212   1.6735061  -0.04345072 -2.653916  ]]

cov
[[0.1 0.1 0.1 0.1 0.1 0.1 0.1 0.1 0.1 0.1 0.1 0.1 0.1 0.1 0.1 0.1]
 [0.1 0.1 0.1 0.1 0.1 0.1 0.1 0.1 0.1 0.1 0.1 0.1 0.1 0.1 0.1 0.1]
 [0.1 0.1 0.1 0.1 0.1 0.1 0.1 0.1 0.1 0.1 0.1 0.1 0.1 0.1 0.1 0.1]
 [0.1 0.1 0.1 0.1 0.1 0.1 0.1 0.1 0.1 0.1 0.1 0.1 0.1 0.1 0.1 0.1]
 [0.1 0.1 0.1 0.1 0.1 0.1 0.1 0.1 0.1 0.1 0.1 0.1 0.1 0.1 0.1 0.1]]

trans
[[0.58166087 0.03555272 0.00535794 0.00469961 0.07825324]
 [0.35158285 0.59609234 0.00710904 0.0300579  0.28125662]
 [0.02612053 0.01785653 0.67448246 0.0291893  0.21166803]
 [0.01427391 0.34214097 0.30748537 0.9127162  0.18957767]
 [0.02636189 0.00835744 0.00556515 0.02333698 0.23924445]]

lengths
[1.108854  1.0685364 1.1832305 1.1468064 1.4317244]

Epoch: 22, Loss: 1436.9973
mean
[[ 2.4594643  -2.5026517  -3.4005156   3.1997418   3.3756497  -2.1493106
  -2.549302    0.369439   -2.1303196  -2.5995154   3.4141593  -2.3152413
   2.984144   -3.1448374  -3.1476946   0.48947227]
 [ 0.8461872  -1.0680821  -1.1893594   1.1156226   1.2757525  -0.9051714
  -0.78008705  0.08684925 -0.50162786 -0.97803855  1.1560504  -0.6389389
   1.1662492  -0.9616306  -1.2389097   0.3137263 ]
 [-1.2625339   1.7643466   1.71296    -1.8473548  -1.7074343   1.9007257
   0.6535505   0.90783304  0.47591162  1.9539315  -1.942167    1.832447
  -1.9735821   1.2324808   1.9175361   0.56671554]
 [ 0.0755998  -0.00500791 -0.01654182  0.04722656  0.04137423 -0.04212081
  -0.03687903  0.00410822 -0.04476902 -0.02690068  0.03314224 -0.03615574
   0.02650844 -0.04396575 -0.03924981  0.0062994 ]
 [-1.3486309  -1.1927388   0.30484948 -0.20284326 -0.9226028  -1.3273973
   2.413344   -3.150247    2.2872522  -1.4017315   0.12008955 -1.6470709
   0.7087508   1.6786777  -0.03528245 -2.653671  ]]

cov
[[0.1 0.1 0.1 0.1 0.1 0.1 0.1 0.1 0.1 0.1 0.1 0.1 0.1 0.1 0.1 0.1]
 [0.1 0.1 0.1 0.1 0.1 0.1 0.1 0.1 0.1 0.1 0.1 0.1 0.1 0.1 0.1 0.1]
 [0.1 0.1 0.1 0.1 0.1 0.1 0.1 0.1 0.1 0.1 0.1 0.1 0.1 0.1 0.1 0.1]
 [0.1 0.1 0.1 0.1 0.1 0.1 0.1 0.1 0.1 0.1 0.1 0.1 0.1 0.1 0.1 0.1]
 [0.1 0.1 0.1 0.1 0.1 0.1 0.1 0.1 0.1 0.1 0.1 0.1 0.1 0.1 0.1 0.1]]

trans
[[0.5710852  0.03935077 0.00508976 0.0044346  0.07517184]
 [0.36241445 0.6016323  0.00664205 0.0292783  0.27372336]
 [0.02653501 0.01743271 0.67663026 0.02944423 0.21904822]
 [0.01378201 0.33293617 0.3063543  0.9128573  0.192451  ]
 [0.02618335 0.00864809 0.00528362 0.02398558 0.23960555]]

lengths
[1.1202722 1.0742013 1.1837918 1.1470665 1.4303857]

Epoch: 23, Loss: 1436.2464
mean
[[ 2.5204887  -2.5074627  -3.4408832   3.241388    3.4244828  -2.1555917
  -2.6057591   0.41304305 -2.1779444  -2.60814     3.4502735  -2.3116713
   3.0043738  -3.2067056  -3.1857023   0.5196153 ]
 [ 0.845171   -1.0909644  -1.2069367   1.1248031   1.2905792  -0.92318594
  -0.77809376  0.08207587 -0.48610976 -0.9981953   1.170182   -0.64022565
   1.1848918  -0.96941006 -1.2582849   0.31570148]
 [-1.2627282   1.7632656   1.7115309  -1.8433903  -1.705956    1.8983996
   0.6551425   0.904684    0.47743398  1.9516093  -1.9382465   1.8311064
  -1.9713345   1.2330741   1.9140644   0.56402427]
 [ 0.07571831 -0.00584582 -0.0190891   0.04874504  0.04258088 -0.041462
  -0.03737688  0.00535194 -0.0462677  -0.02503824  0.03426592 -0.03310424
   0.02792052 -0.04581625 -0.03967289  0.00698618]
 [-1.3590536  -1.1855507   0.3102664  -0.21486221 -0.93129015 -1.3190931
   2.4167     -3.150807    2.288559   -1.3938851   0.11302399 -1.6403867
   0.7021866   1.6851484  -0.02657784 -2.6528466 ]]

cov
[[0.1 0.1 0.1 0.1 0.1 0.1 0.1 0.1 0.1 0.1 0.1 0.1 0.1 0.1 0.1 0.1]
 [0.1 0.1 0.1 0.1 0.1 0.1 0.1 0.1 0.1 0.1 0.1 0.1 0.1 0.1 0.1 0.1]
 [0.1 0.1 0.1 0.1 0.1 0.1 0.1 0.1 0.1 0.1 0.1 0.1 0.1 0.1 0.1 0.1]
 [0.1 0.1 0.1 0.1 0.1 0.1 0.1 0.1 0.1 0.1 0.1 0.1 0.1 0.1 0.1 0.1]
 [0.1 0.1 0.1 0.1 0.1 0.1 0.1 0.1 0.1 0.1 0.1 0.1 0.1 0.1 0.1 0.1]]

trans
[[0.5621843  0.04286239 0.00484379 0.00419387 0.07375965]
 [0.37176663 0.6055376  0.00622491 0.02862689 0.26138723]
 [0.02672228 0.0171696  0.67868996 0.02942618 0.22707018]
 [0.01330748 0.3255129  0.3052157  0.91342795 0.19481331]
 [0.02601931 0.00891753 0.00502565 0.02432513 0.24296959]]

lengths
[1.1272718 1.0778021 1.1848732 1.146824  1.42635  ]

Epoch: 24, Loss: 1435.8775
mean
[[ 2.5735497  -2.5099874  -3.472414    3.2776055   3.4661617  -2.1615646
  -2.6519845   0.44327825 -2.2173827  -2.6127362   3.4793885  -2.3134196
   3.0192235  -3.2575715  -3.2170563   0.5344827 ]
 [ 0.85006195 -1.1083939  -1.2215047   1.1358161   1.3029612  -0.9321915
  -0.79107505  0.08972155 -0.48512045 -1.0108937   1.182707   -0.6386973
   1.1976918  -0.9849147  -1.2741805   0.32238778]
 [-1.261824    1.7613746   1.7112538  -1.8402989  -1.7055206   1.895708
   0.65620816  0.9012208   0.47893596  1.9488127  -1.9349937   1.8297236
  -1.9694012   1.2334267   1.9106779   0.560806  ]
 [ 0.07674342 -0.00701362 -0.01875931  0.049192    0.04331364 -0.04341941
  -0.0385277   0.00548815 -0.04640871 -0.02766133  0.03496495 -0.03379571
   0.0290954  -0.04611722 -0.04086253  0.00626952]
 [-1.3687935  -1.1802163   0.31167993 -0.22343323 -0.938001   -1.3129138
   2.4196537  -3.152449    2.2892895  -1.3885725   0.11075758 -1.6361768
   0.6983957   1.6902231  -0.02019259 -2.651708  ]]

cov
[[0.1 0.1 0.1 0.1 0.1 0.1 0.1 0.1 0.1 0.1 0.1 0.1 0.1 0.1 0.1 0.1]
 [0.1 0.1 0.1 0.1 0.1 0.1 0.1 0.1 0.1 0.1 0.1 0.1 0.1 0.1 0.1 0.1]
 [0.1 0.1 0.1 0.1 0.1 0.1 0.1 0.1 0.1 0.1 0.1 0.1 0.1 0.1 0.1 0.1]
 [0.1 0.1 0.1 0.1 0.1 0.1 0.1 0.1 0.1 0.1 0.1 0.1 0.1 0.1 0.1 0.1]
 [0.1 0.1 0.1 0.1 0.1 0.1 0.1 0.1 0.1 0.1 0.1 0.1 0.1 0.1 0.1 0.1]]

trans
[[0.55523443 0.04599438 0.00461771 0.003972   0.0733907 ]
 [0.37924314 0.6077943  0.00585094 0.02798742 0.25092018]
 [0.0267815  0.01700906 0.68016213 0.02921356 0.23238404]
 [0.01285783 0.3200376  0.30458048 0.9144758  0.19624837]
 [0.0258831  0.00916469 0.00478873 0.02435122 0.24705675]]

lengths
[1.1290189 1.0757664 1.185779  1.1461835 1.4223843]

Epoch: 25, Loss: 1435.7424
mean
[[ 2.6148963  -2.5108538  -3.4955804   3.3067007   3.4999697  -2.1665738
  -2.6872754   0.46039402 -2.2478395  -2.6143007   3.5013716  -2.3182156
   3.0292854  -3.2965746  -3.2416434   0.5378559 ]
 [ 0.85749424 -1.1142783  -1.2251637   1.1418475   1.307585   -0.93200046
  -0.80704165  0.100832   -0.49503577 -1.0126979   1.1867036  -0.63724554
   1.2004186  -0.9954555  -1.2799355   0.32937682]
 [-1.260345    1.759279    1.711502   -1.8385593  -1.7055477   1.8933471
   0.6562819   0.8991258   0.4796737   1.9463122  -1.9330297   1.8284808
  -1.9680057   1.2331502   1.908182    0.5586746 ]
 [ 0.0768558  -0.0067975  -0.01986274  0.04964196  0.04368687 -0.04341327
  -0.03789154  0.0042934  -0.04649735 -0.02781869  0.0354744  -0.0365078
   0.02890665 -0.04616911 -0.04112914  0.00713783]
 [-1.3753593  -1.1775705   0.31011555 -0.22711368 -0.941468   -1.3099593
   2.4216442  -3.154408    2.289481   -1.3865185   0.11235183 -1.6348648
   0.69768256  1.6929046  -0.01721554 -2.650646  ]]

cov
[[0.1 0.1 0.1 0.1 0.1 0.1 0.1 0.1 0.1 0.1 0.1 0.1 0.1 0.1 0.1 0.1]
 [0.1 0.1 0.1 0.1 0.1 0.1 0.1 0.1 0.1 0.1 0.1 0.1 0.1 0.1 0.1 0.1]
 [0.1 0.1 0.1 0.1 0.1 0.1 0.1 0.1 0.1 0.1 0.1 0.1 0.1 0.1 0.1 0.1]
 [0.1 0.1 0.1 0.1 0.1 0.1 0.1 0.1 0.1 0.1 0.1 0.1 0.1 0.1 0.1 0.1]
 [0.1 0.1 0.1 0.1 0.1 0.1 0.1 0.1 0.1 0.1 0.1 0.1 0.1 0.1 0.1 0.1]]

trans
[[0.5507592  0.04868653 0.00440941 0.00377073 0.07366618]
 [0.38425013 0.6082997  0.00551434 0.02739549 0.24409147]
 [0.02677494 0.01691527 0.6809262  0.02898191 0.23386547]
 [0.01243623 0.316708   0.3045794  0.91566604 0.19782914]
 [0.02577951 0.00939052 0.00457062 0.02418586 0.25054777]]

lengths
[1.1269549 1.0743012 1.1862619 1.1458029 1.4202921]

Epoch: 26, Loss: 1435.6770
mean
[[ 2.6438272  -2.5103877  -3.5114384   3.3283963   3.5260715  -2.1701698
  -2.7125413   0.4668191  -2.2701383  -2.6137283   3.5168562  -2.3243124
   3.0352917  -3.3246107  -3.2598808   0.5335425 ]
 [ 0.8616024  -1.1107861  -1.2213233   1.1414405   1.306283   -0.92721856
  -0.8150433   0.10662386 -0.50648236 -1.0075424   1.1839038  -0.6370116
   1.1967154  -0.9957438  -1.2772014   0.33259755]
 [-1.2591497   1.7575645   1.7117263  -1.8380524  -1.7055639   1.8917538
   0.6556806   0.89876276  0.47959703  1.94461    -1.9323534   1.8275591
  -1.9671868   1.2324356   1.9068633   0.5581512 ]
 [ 0.07713441 -0.0072008  -0.01967695  0.04969487  0.04373049 -0.04325327
  -0.03848794  0.00509682 -0.04672341 -0.02712967  0.03546474 -0.03466045
   0.02945946 -0.04666987 -0.04117013  0.00632208]
 [-1.3782341  -1.1774617   0.30746508 -0.22664864 -0.9419207  -1.309973
   2.4226606  -3.156245    2.2894456  -1.3872125   0.11554188 -1.6357735
   0.699147    1.6934155  -0.0172542  -2.6499488 ]]

cov
[[0.1 0.1 0.1 0.1 0.1 0.1 0.1 0.1 0.1 0.1 0.1 0.1 0.1 0.1 0.1 0.1]
 [0.1 0.1 0.1 0.1 0.1 0.1 0.1 0.1 0.1 0.1 0.1 0.1 0.1 0.1 0.1 0.1]
 [0.1 0.1 0.1 0.1 0.1 0.1 0.1 0.1 0.1 0.1 0.1 0.1 0.1 0.1 0.1 0.1]
 [0.1 0.1 0.1 0.1 0.1 0.1 0.1 0.1 0.1 0.1 0.1 0.1 0.1 0.1 0.1 0.1]
 [0.1 0.1 0.1 0.1 0.1 0.1 0.1 0.1 0.1 0.1 0.1 0.1 0.1 0.1 0.1 0.1]]

trans
[[0.54856014 0.05088427 0.00421692 0.00359308 0.07427461]
 [0.38697776 0.6072212  0.00521003 0.02694243 0.24091695]
 [0.02673564 0.01685852 0.6811594  0.02887542 0.23231193]
 [0.01204054 0.31543702 0.30504444 0.9166012  0.19975017]
 [0.0256859  0.00959898 0.00436921 0.0239879  0.2527463 ]]

lengths
[1.1238207 1.0757494 1.1863962 1.1458418 1.420122 ]

Epoch: 27, Loss: 1435.6559
mean
[[ 2.6635554  -2.5070868  -3.521626    3.3441582   3.5454206  -2.1711302
  -2.7316337   0.46715185 -2.2888494  -2.611021    3.5274746  -2.3322134
   3.0374115  -3.3456676  -3.2721674   0.52381736]
 [ 0.85956436 -1.1076171  -1.2195704   1.1391071   1.305822   -0.9249567
  -0.8111793   0.10394897 -0.50947267 -1.0042756   1.1818349  -0.6376363
   1.1956117  -0.98858815 -1.2745482   0.33292422]
 [-1.2588192   1.7566366   1.711734   -1.8383822  -1.7054514   1.8911079
   0.65502685  0.8995117   0.4790886   1.9439139  -1.9326187   1.8271091
  -1.9669262   1.2317756   1.9066383   0.5587821 ]
 [ 0.07703571 -0.006975   -0.01936052  0.04941338  0.04350569 -0.04361943
  -0.03802399  0.00476033 -0.04638025 -0.02792123  0.03523352 -0.03480481
   0.02906466 -0.04594537 -0.04108238  0.00674178]
 [-1.3781396  -1.1790209   0.30533344 -0.22386296 -0.94043064 -1.3118435
   2.4229221  -3.1577113   2.289411   -1.3894181   0.11824287 -1.6377436
   0.7014074   1.692549   -0.01910605 -2.6497126 ]]

cov
[[0.1 0.1 0.1 0.1 0.1 0.1 0.1 0.1 0.1 0.1 0.1 0.1 0.1 0.1 0.1 0.1]
 [0.1 0.1 0.1 0.1 0.1 0.1 0.1 0.1 0.1 0.1 0.1 0.1 0.1 0.1 0.1 0.1]
 [0.1 0.1 0.1 0.1 0.1 0.1 0.1 0.1 0.1 0.1 0.1 0.1 0.1 0.1 0.1 0.1]
 [0.1 0.1 0.1 0.1 0.1 0.1 0.1 0.1 0.1 0.1 0.1 0.1 0.1 0.1 0.1 0.1]
 [0.1 0.1 0.1 0.1 0.1 0.1 0.1 0.1 0.1 0.1 0.1 0.1 0.1 0.1 0.1 0.1]]

trans
[[0.5468776  0.05255306 0.00403847 0.00343926 0.07496973]
 [0.38941726 0.60520947 0.00493367 0.0266844  0.24083877]
 [0.02664538 0.01681876 0.6811495  0.02893706 0.22940344]
 [0.01165082 0.31558305 0.30569577 0.9170711  0.20131253]
 [0.02540889 0.00983566 0.00418262 0.02386818 0.25347552]]

lengths
[1.122225  1.0766317 1.1863341 1.1459631 1.4208374]

Epoch: 28, Loss: 1435.6117
mean
[[ 2.6795685  -2.4983392  -3.5280318   3.356498    3.5594437  -2.1678336
  -2.7500224   0.46670026 -2.3105643  -2.60554     3.5353906  -2.3438756
   3.035388   -3.3654597  -3.2788517   0.509567  ]
 [ 0.85413265 -1.1141083  -1.2255669   1.1403044   1.3111813  -0.9302366
  -0.7997722   0.0961476  -0.5000028  -1.0096638   1.1859063  -0.6384963
   1.2035133  -0.98054785 -1.2797463   0.3344543 ]
 [-1.2592461   1.7565335   1.7115942  -1.8390642  -1.7053015   1.8912612
   0.65475285  0.9004344   0.4786071   1.9440747  -1.9333304   1.8271251
  -1.9670864   1.2315243   1.9071376   0.55970067]
 [ 0.07718571 -0.00678488 -0.01963355  0.04957495  0.0435788  -0.04317829
  -0.03816905  0.00470903 -0.0468035  -0.02729233  0.03526616 -0.03564836
   0.0289468  -0.04654028 -0.04096561  0.00642589]
 [-1.376404   -1.1812618   0.3044614  -0.22064285 -0.9382538  -1.3143123
   2.4227858  -3.1587574   2.2895637  -1.3918968   0.11942102 -1.6396958
   0.70334786  1.6912553  -0.02147388 -2.6498961 ]]

cov
[[0.1 0.1 0.1 0.1 0.1 0.1 0.1 0.1 0.1 0.1 0.1 0.1 0.1 0.1 0.1 0.1]
 [0.1 0.1 0.1 0.1 0.1 0.1 0.1 0.1 0.1 0.1 0.1 0.1 0.1 0.1 0.1 0.1]
 [0.1 0.1 0.1 0.1 0.1 0.1 0.1 0.1 0.1 0.1 0.1 0.1 0.1 0.1 0.1 0.1]
 [0.1 0.1 0.1 0.1 0.1 0.1 0.1 0.1 0.1 0.1 0.1 0.1 0.1 0.1 0.1 0.1]
 [0.1 0.1 0.1 0.1 0.1 0.1 0.1 0.1 0.1 0.1 0.1 0.1 0.1 0.1 0.1 0.1]]

trans
[[0.543161   0.05370681 0.00387251 0.00330579 0.07559607]
 [0.3944954  0.6031334  0.0046816  0.0266089  0.2427662 ]
 [0.0264536  0.01678849 0.68115336 0.02911037 0.22669804]
 [0.01123817 0.31618944 0.30628332 0.91712475 0.20188713]
 [0.02465186 0.01018187 0.00400921 0.02385019 0.25305253]]

lengths
[1.1234678 1.0755001 1.1862341 1.1459365 1.4215832]

Epoch: 29, Loss: 1435.5214
mean
[[ 2.6923923  -2.4863775  -3.5319605   3.3660905   3.5692866  -2.1618648
  -2.7675757   0.46657547 -2.3338892  -2.59893     3.5414934  -2.3572812
   3.0308535  -3.384033   -3.2814484   0.4939909 ]
 [ 0.85205007 -1.1247687  -1.2322376   1.1440865   1.3165379  -0.9385587
  -0.79179484  0.09085398 -0.4874075  -1.0185323   1.1915351  -0.63945293
   1.2127259  -0.9791872  -1.2879112   0.33598846]
 [-1.2599151   1.7570087   1.7114757  -1.8397195  -1.7052566   1.8918736
   0.6549068   0.9009113   0.47841156  1.9447317  -1.9340603   1.827458
  -1.9674722   1.2317181   1.9079168   0.5602568 ]
 [ 0.07728825 -0.0070414  -0.01940969  0.0495421   0.0436177  -0.04342306
  -0.03822033  0.00517343 -0.04652607 -0.02740194  0.03531037 -0.03473246
   0.02923961 -0.04607755 -0.04117216  0.00655883]
 [-1.3742892  -1.1833541   0.30474064 -0.21827167 -0.9363636  -1.3163959
   2.4225497  -3.1594157   2.2899394  -1.3937753   0.11914758 -1.6409609
   0.7044058   1.690229   -0.02340708 -2.6503465 ]]

cov
[[0.1 0.1 0.1 0.1 0.1 0.1 0.1 0.1 0.1 0.1 0.1 0.1 0.1 0.1 0.1 0.1]
 [0.1 0.1 0.1 0.1 0.1 0.1 0.1 0.1 0.1 0.1 0.1 0.1 0.1 0.1 0.1 0.1]
 [0.1 0.1 0.1 0.1 0.1 0.1 0.1 0.1 0.1 0.1 0.1 0.1 0.1 0.1 0.1 0.1]
 [0.1 0.1 0.1 0.1 0.1 0.1 0.1 0.1 0.1 0.1 0.1 0.1 0.1 0.1 0.1 0.1]
 [0.1 0.1 0.1 0.1 0.1 0.1 0.1 0.1 0.1 0.1 0.1 0.1 0.1 0.1 0.1 0.1]]

trans
[[0.5384868  0.05433983 0.00371776 0.00318698 0.07608259]
 [0.400943   0.60198253 0.00445079 0.0266417  0.24543844]
 [0.02619668 0.01674904 0.68130934 0.0292872  0.22509022]
 [0.01081631 0.3163162  0.30667448 0.91699123 0.2013479 ]
 [0.02355726 0.01061246 0.0038476  0.02389291 0.25204083]]

lengths
[1.1263945 1.0749278 1.1861558 1.1458403 1.4220579]

Epoch: 30, Loss: 1435.4831
mean
[[ 2.701589   -2.4742146  -3.5345786   3.3733394   3.5760868  -2.1553776
  -2.7831507   0.46652755 -2.3561468  -2.5931873   3.5464613  -2.3702388
   3.0257266  -3.400421   -3.2816722   0.48003188]
 [ 0.85563695 -1.1315901  -1.2341145   1.1475475   1.3181251  -0.94414616
  -0.7930094   0.09165416 -0.4814601  -1.0238798   1.1941304  -0.6405195
   1.2161349  -0.98463213 -1.2926706   0.33608478]
 [-1.2603968   1.7577068   1.7115095  -1.8401606  -1.7053922   1.8925922
   0.6552638   0.90085703  0.47849715  1.9455004  -1.9345688   1.8278979
  -1.9679067   1.2321492   1.9086304   0.5602706 ]
 [ 0.07745731 -0.00693594 -0.01973179  0.04968947  0.04376436 -0.04352994
  -0.03817393  0.00489273 -0.04687536 -0.0277133   0.03535544 -0.03508116
   0.02908903 -0.04649898 -0.04117808  0.0066733 ]
 [-1.3726338  -1.1847792   0.30559528 -0.2172339  -0.93525964 -1.3175839
   2.4223802  -3.1597507   2.2904332  -1.3946805   0.11813029 -1.6413665
   0.7045537   1.6897643  -0.02445924 -2.6508787 ]]

cov
[[0.1 0.1 0.1 0.1 0.1 0.1 0.1 0.1 0.1 0.1 0.1 0.1 0.1 0.1 0.1 0.1]
 [0.1 0.1 0.1 0.1 0.1 0.1 0.1 0.1 0.1 0.1 0.1 0.1 0.1 0.1 0.1 0.1]
 [0.1 0.1 0.1 0.1 0.1 0.1 0.1 0.1 0.1 0.1 0.1 0.1 0.1 0.1 0.1 0.1]
 [0.1 0.1 0.1 0.1 0.1 0.1 0.1 0.1 0.1 0.1 0.1 0.1 0.1 0.1 0.1 0.1]
 [0.1 0.1 0.1 0.1 0.1 0.1 0.1 0.1 0.1 0.1 0.1 0.1 0.1 0.1 0.1 0.1]]

trans
[[0.53474945 0.05446188 0.00357314 0.00307799 0.07642232]
 [0.40658456 0.60220766 0.00423875 0.02670651 0.24763294]
 [0.02592876 0.01668832 0.68163776 0.02938249 0.22475329]
 [0.01040601 0.31555954 0.30685365 0.91689014 0.20019735]
 [0.02233126 0.01108258 0.00369667 0.02394289 0.25099412]]

lengths
[1.1293569 1.0756983 1.1860882 1.1458119 1.4223481]

Epoch: 31, Loss: 1435.4500
mean
[[ 2.707302   -2.4639237  -3.5369196   3.3788488   3.5809398  -2.1499057
  -2.7962713   0.46626547 -2.3758187  -2.5896857   3.551004   -2.3816884
   3.0214398  -3.4143157  -3.2809367   0.46935844]
 [ 0.8615637  -1.1320393  -1.2330017   1.1495445   1.3181732  -0.9450878
  -0.8003504   0.09621777 -0.48444536 -1.0236646   1.194083   -0.6414243
   1.2143879  -0.99100643 -1.2929494   0.3354411 ]
 [-1.2605461   1.7583033   1.7116889  -1.8403537  -1.7056493   1.893142
   0.6555588   0.9005363   0.47870964  1.9460845  -1.9347905   1.8282533
  -1.9682447   1.2325429   1.9090796   0.55996305]
 [ 0.07754413 -0.00703075 -0.01957575  0.04964169  0.04371696 -0.04343692
  -0.03827687  0.00502288 -0.04662975 -0.02742605  0.03537837 -0.03535326
   0.02923892 -0.04626306 -0.04125821  0.00649338]
 [-1.3718053  -1.1854281   0.30642328 -0.21736069 -0.93498904 -1.3178636
   2.422357   -3.1598618   2.290946   -1.394723    0.11714242 -1.6411083
   0.7041323   1.6898532  -0.02465285 -2.6513453 ]]

cov
[[0.1 0.1 0.1 0.1 0.1 0.1 0.1 0.1 0.1 0.1 0.1 0.1 0.1 0.1 0.1 0.1]
 [0.1 0.1 0.1 0.1 0.1 0.1 0.1 0.1 0.1 0.1 0.1 0.1 0.1 0.1 0.1 0.1]
 [0.1 0.1 0.1 0.1 0.1 0.1 0.1 0.1 0.1 0.1 0.1 0.1 0.1 0.1 0.1 0.1]
 [0.1 0.1 0.1 0.1 0.1 0.1 0.1 0.1 0.1 0.1 0.1 0.1 0.1 0.1 0.1 0.1]
 [0.1 0.1 0.1 0.1 0.1 0.1 0.1 0.1 0.1 0.1 0.1 0.1 0.1 0.1 0.1 0.1]]

trans
[[0.5332158  0.05412044 0.00343777 0.00297626 0.07664479]
 [0.40996975 0.603576   0.00404338 0.02676334 0.2484839 ]
 [0.02568925 0.01660496 0.6820722  0.02937953 0.22535858]
 [0.01002075 0.31413767 0.30689114 0.91691285 0.1992194 ]
 [0.02110443 0.01156088 0.00355547 0.02396803 0.25029334]]

lengths
[1.1313586 1.0760653 1.1860167 1.145839  1.4226352]

Epoch: 32, Loss: 1435.4360
mean
[[ 2.7101033  -2.4564905  -3.539581    3.3831432   3.5846508  -2.146201
  -2.8068788   0.46567014 -2.3922477  -2.58888     3.555534   -2.3911602
   3.0187263  -3.425748   -3.2801561   0.4624819 ]
 [ 0.8654112  -1.128828   -1.2327183   1.1505159   1.3193227  -0.9431164
  -0.8069904   0.10009021 -0.49192023 -1.0205187   1.1939245  -0.64181733
   1.2121207  -0.9935641  -1.2915158   0.3353124 ]
 [-1.2605025   1.7586288   1.7119251  -1.8403716  -1.7059149   1.8934096
   0.6556655   0.9002589   0.47888574  1.9463618  -1.9347943   1.8284277
  -1.968426    1.2327403   1.9092375   0.5596481 ]
 [ 0.07758807 -0.00704522 -0.01964739  0.04963014  0.04374646 -0.04360476
  -0.03813032  0.00502427 -0.04678617 -0.02766374  0.03532772 -0.0349134
   0.02921312 -0.04631763 -0.04123972  0.00665828]
 [-1.3717513  -1.1854315   0.30687878 -0.21814926 -0.9353143  -1.317507
   2.4224594  -3.1598296   2.2913644  -1.3942425   0.11662591 -1.6405421
   0.7035449   1.6902783  -0.02427085 -2.6516545 ]]

cov
[[0.1 0.1 0.1 0.1 0.1 0.1 0.1 0.1 0.1 0.1 0.1 0.1 0.1 0.1 0.1 0.1]
 [0.1 0.1 0.1 0.1 0.1 0.1 0.1 0.1 0.1 0.1 0.1 0.1 0.1 0.1 0.1 0.1]
 [0.1 0.1 0.1 0.1 0.1 0.1 0.1 0.1 0.1 0.1 0.1 0.1 0.1 0.1 0.1 0.1]
 [0.1 0.1 0.1 0.1 0.1 0.1 0.1 0.1 0.1 0.1 0.1 0.1 0.1 0.1 0.1 0.1]
 [0.1 0.1 0.1 0.1 0.1 0.1 0.1 0.1 0.1 0.1 0.1 0.1 0.1 0.1 0.1 0.1]]

trans
[[0.5341919  0.05342548 0.00331086 0.00288111 0.07678027]
 [0.41070527 0.6053773  0.00386294 0.02680652 0.24788658]
 [0.02549636 0.01650682 0.68252385 0.02931682 0.22635193]
 [0.00966525 0.31266093 0.3068792  0.917028   0.19893411]
 [0.0199412  0.01202944 0.00342317 0.02396755 0.2500471 ]]

lengths
[1.1321596 1.0754693 1.1859422 1.1458398 1.4229032]

Epoch: 33, Loss: 1435.4413
mean
[[ 2.7107487  -2.4520032  -3.5426426   3.386513    3.5876458  -2.1443436
  -2.8150706   0.46481264 -2.4052572  -2.5903857   3.5600467  -2.3983562
   3.0176635  -3.434804   -3.2797358   0.45908841]
 [ 0.8657785  -1.1260605  -1.2340758   1.1510755   1.3211099  -0.9410697
  -0.8088377   0.1009152  -0.4978534  -1.0181255   1.1946949  -0.6417103
   1.2121814  -0.992499   -1.2910215   0.3359305 ]
 [-1.2604594   1.7586709   1.7121116  -1.8403103  -1.7060881   1.8934188
   0.6556169   0.90016735  0.47894606  1.9463596  -1.9346931   1.8284237
  -1.9684584   1.2327398   1.9091827   0.5595023 ]
 [ 0.07767764 -0.00698832 -0.01961226  0.04961637  0.04370416 -0.04352396
  -0.03818368  0.00494078 -0.04666221 -0.02759916  0.03532267 -0.03515509
   0.0291573  -0.04631348 -0.04124752  0.00650838]
 [-1.3721873  -1.1850387   0.30692345 -0.21906719 -0.93589985 -1.3168802
   2.4226172  -3.1597183   2.2916114  -1.3936101   0.11661702 -1.6399982
   0.703082    1.6907735  -0.02366461 -2.651783  ]]

cov
[[0.1 0.1 0.1 0.1 0.1 0.1 0.1 0.1 0.1 0.1 0.1 0.1 0.1 0.1 0.1 0.1]
 [0.1 0.1 0.1 0.1 0.1 0.1 0.1 0.1 0.1 0.1 0.1 0.1 0.1 0.1 0.1 0.1]
 [0.1 0.1 0.1 0.1 0.1 0.1 0.1 0.1 0.1 0.1 0.1 0.1 0.1 0.1 0.1 0.1]
 [0.1 0.1 0.1 0.1 0.1 0.1 0.1 0.1 0.1 0.1 0.1 0.1 0.1 0.1 0.1 0.1]
 [0.1 0.1 0.1 0.1 0.1 0.1 0.1 0.1 0.1 0.1 0.1 0.1 0.1 0.1 0.1 0.1]]

trans
[[0.5371367  0.05253442 0.00319173 0.00279252 0.07684498]
 [0.40931317 0.6068679  0.00369587 0.02684348 0.24646592]
 [0.02534953 0.01640651 0.6829227  0.02924892 0.22720648]
 [0.00933743 0.3117111  0.30689067 0.91715825 0.1993398 ]
 [0.01886317 0.0124801  0.00329903 0.02395683 0.25014278]]

lengths
[1.1320076 1.0750448 1.1858886 1.145805  1.4230217]

Loss didn't improve for 1 epochs
Epoch: 34, Loss: 1435.4481
mean
[[ 2.7099993  -2.4500067  -3.5458791   3.3890889   3.5900946  -2.1440017
  -2.8210433   0.46386042 -2.4149897  -2.593379    3.5643055  -2.4031787
   3.0179317  -3.4416144  -3.279742    0.45840138]
 [ 0.8644531  -1.1257933  -1.2353412   1.1514153   1.3218379  -0.9406088
  -0.80677855  0.09954374 -0.49920648 -1.018119    1.1955941  -0.64150083
   1.213846   -0.99090326 -1.2918812   0.33656776]
 [-1.2604944   1.7585196   1.7121862  -1.8402412  -1.70613     1.893265
   0.6555271   0.9002139   0.4789118   1.9461869  -1.9345812   1.8283104
  -1.9683874   1.2326422   1.9090264   0.55951935]
 [ 0.07772693 -0.00703263 -0.01957918  0.04959559  0.04373307 -0.04354908
  -0.03816355  0.00509007 -0.04676229 -0.02752943  0.03529209 -0.03513372
   0.0292074  -0.04624484 -0.04125423  0.00659336]
 [-1.3727808  -1.1845202   0.3067197  -0.21974365 -0.93645626 -1.3162997
   2.4227664  -3.1595793   2.29168    -1.3931054   0.11689647 -1.6396735
   0.70286614  1.6911459  -0.02312066 -2.6517656 ]]

cov
[[0.1 0.1 0.1 0.1 0.1 0.1 0.1 0.1 0.1 0.1 0.1 0.1 0.1 0.1 0.1 0.1]
 [0.1 0.1 0.1 0.1 0.1 0.1 0.1 0.1 0.1 0.1 0.1 0.1 0.1 0.1 0.1 0.1]
 [0.1 0.1 0.1 0.1 0.1 0.1 0.1 0.1 0.1 0.1 0.1 0.1 0.1 0.1 0.1 0.1]
 [0.1 0.1 0.1 0.1 0.1 0.1 0.1 0.1 0.1 0.1 0.1 0.1 0.1 0.1 0.1 0.1]
 [0.1 0.1 0.1 0.1 0.1 0.1 0.1 0.1 0.1 0.1 0.1 0.1 0.1 0.1 0.1 0.1]]

trans
[[0.54109937 0.05159726 0.00307973 0.00271034 0.07684772]
 [0.40675947 0.6076782  0.00354083 0.02687897 0.24508207]
 [0.02523846 0.01631474 0.68323714 0.02921278 0.22761863]
 [0.00903222 0.3115009  0.3069599  0.91724783 0.20007026]
 [0.01787045 0.01290891 0.00318239 0.02395009 0.25038132]]

lengths
[1.1313599 1.0752394 1.1858737 1.1457816 1.4229311]

Loss didn't improve for 2 epochs
Epoch: 35, Loss: 1435.4591
mean
[[ 2.7085173  -2.4498394  -3.5490015   3.3909554   3.5920618  -2.144688
  -2.825087    0.46297532 -2.4218109  -2.596997    3.5680575  -2.4058254
   3.019081   -3.446403   -3.280091    0.45949325]
 [ 0.86369956 -1.1273296  -1.235326    1.1515275   1.3213089  -0.9415693
  -0.8042059   0.0981385  -0.49696317 -1.019626    1.195775   -0.64154345
   1.2150264  -0.9907905  -1.2929462   0.3365877 ]
 [-1.2605777   1.7583023   1.7121617  -1.8401995  -1.7060773   1.8930637
   0.6554908   0.9002709   0.4788505   1.9459716  -1.9345108   1.8281741
  -1.968277    1.2325608   1.9088676   0.5595802 ]
 [ 0.07782055 -0.00696677 -0.01960532  0.04960218  0.04372367 -0.04355189
  -0.03817265  0.00507891 -0.04674812 -0.02759035  0.03526271 -0.03492848
   0.0291204  -0.04633457 -0.04123594  0.0065807 ]
 [-1.373272   -1.1840625   0.3064784  -0.22004093 -0.93682027 -1.3159329
   2.4228594  -3.1594443   2.2915978  -1.3928399   0.11719172 -1.6396078
   0.70286155  1.6913089  -0.02278472 -2.6516643 ]]

cov
[[0.1 0.1 0.1 0.1 0.1 0.1 0.1 0.1 0.1 0.1 0.1 0.1 0.1 0.1 0.1 0.1]
 [0.1 0.1 0.1 0.1 0.1 0.1 0.1 0.1 0.1 0.1 0.1 0.1 0.1 0.1 0.1 0.1]
 [0.1 0.1 0.1 0.1 0.1 0.1 0.1 0.1 0.1 0.1 0.1 0.1 0.1 0.1 0.1 0.1]
 [0.1 0.1 0.1 0.1 0.1 0.1 0.1 0.1 0.1 0.1 0.1 0.1 0.1 0.1 0.1 0.1]
 [0.1 0.1 0.1 0.1 0.1 0.1 0.1 0.1 0.1 0.1 0.1 0.1 0.1 0.1 0.1 0.1]]

trans
[[0.5451529  0.05071806 0.00297427 0.00263404 0.07680012]
 [0.40399453 0.607881   0.00339661 0.02691185 0.24433033]
 [0.02515183 0.01623677 0.6834741  0.02921597 0.22756812]
 [0.00874481 0.31185192 0.30708236 0.9172847  0.20070845]
 [0.01695594 0.01331225 0.0030726  0.02395343 0.25059298]]

lengths
[1.1306529 1.0754    1.1858968 1.1457874 1.4227036]

Loss didn't improve for 3 epochs
Epoch: 36, Loss: 1435.4727
mean
[[ 2.7068117  -2.4508393  -3.551781    3.3922067   3.5935898  -2.145925
  -2.8275561   0.46226075 -2.426216   -2.6005542   3.5711398  -2.4067464
   3.020687   -3.4494817  -3.280659    0.46149635]
 [ 0.86412585 -1.1288023  -1.2346053   1.1514839   1.3206906  -0.9427812
  -0.8034431   0.09791806 -0.4940764  -1.0208852   1.1953993  -0.641811
   1.2148508  -0.99170065 -1.2932378   0.33611098]
 [-1.260644    1.758123    1.7120923  -1.8401891  -1.7059975   1.8929033
   0.65552455  0.9002566   0.47881308  1.9458078  -1.9344902   1.828076
  -1.9681811   1.232547    1.9087642   0.5595879 ]
 [ 0.0778662  -0.00696143 -0.01954157  0.0495711   0.04373314 -0.04349813
  -0.0382061   0.00513903 -0.04679317 -0.02746597  0.03523888 -0.0350478
   0.02912547 -0.04624589 -0.04123712  0.00657158]
 [-1.373537   -1.1837603   0.30634278 -0.22001258 -0.9369569  -1.3158063
   2.422883   -3.1593323   2.2914267  -1.3927932   0.11733147 -1.6397232
   0.7029617   1.691283   -0.02267445 -2.6515408 ]]

cov
[[0.1 0.1 0.1 0.1 0.1 0.1 0.1 0.1 0.1 0.1 0.1 0.1 0.1 0.1 0.1 0.1]
 [0.1 0.1 0.1 0.1 0.1 0.1 0.1 0.1 0.1 0.1 0.1 0.1 0.1 0.1 0.1 0.1]
 [0.1 0.1 0.1 0.1 0.1 0.1 0.1 0.1 0.1 0.1 0.1 0.1 0.1 0.1 0.1 0.1]
 [0.1 0.1 0.1 0.1 0.1 0.1 0.1 0.1 0.1 0.1 0.1 0.1 0.1 0.1 0.1 0.1]
 [0.1 0.1 0.1 0.1 0.1 0.1 0.1 0.1 0.1 0.1 0.1 0.1 0.1 0.1 0.1 0.1]]

trans
[[0.5486382  0.04995183 0.00287481 0.0025629  0.07672102]
 [0.4016965  0.607785   0.00326216 0.02693878 0.24433064]
 [0.02508155 0.01617322 0.6836613  0.02924468 0.22723901]
 [0.00847188 0.31240383 0.30723265 0.9172891  0.20101014]
 [0.01611185 0.01368612 0.0029691  0.02396456 0.25069916]]

lengths
[1.1301485 1.0752296 1.1859332 1.1457967 1.4224896]

Loss didn't improve for 4 epochs
Epoch: 37, Loss: 1435.4859
mean
[[ 2.7052312  -2.4524508  -3.554084    3.3929565   3.5947268  -2.1473324
  -2.82882     0.4617601  -2.4287353  -2.603609    3.573497   -2.4065049
   3.0224152  -3.4512067  -3.2813327   0.46373236]
 [ 0.86491215 -1.1290882  -1.234274    1.1514548   1.3207569  -0.9433055
  -0.8043688   0.09856682 -0.4927935  -1.0209905   1.1951364  -0.6420278
   1.2140741  -0.99228615 -1.2928374   0.33571875]
 [-1.2606723   1.75803     1.7120394  -1.8402004  -1.7059511   1.8928219
   0.65559506  0.90016747  0.47881752  1.9457319  -1.9345037   1.8280354
  -1.9681287   1.2325928   1.9087294   0.5595174 ]
 [ 0.07792969 -0.00694496 -0.0195694   0.04957074  0.04372494 -0.04353108
  -0.03817796  0.00518116 -0.04680812 -0.02749525  0.03520763 -0.03496385
   0.02909777 -0.04630148 -0.04121895  0.00660105]
 [-1.3735781  -1.1836281   0.30634785 -0.2198076  -0.9369215  -1.3158549
   2.4228563  -3.1592574   2.2912385  -1.3928769   0.11729202 -1.6399051
   0.703065    1.6911522  -0.02272575 -2.6514444 ]]

cov
[[0.1 0.1 0.1 0.1 0.1 0.1 0.1 0.1 0.1 0.1 0.1 0.1 0.1 0.1 0.1 0.1]
 [0.1 0.1 0.1 0.1 0.1 0.1 0.1 0.1 0.1 0.1 0.1 0.1 0.1 0.1 0.1 0.1]
 [0.1 0.1 0.1 0.1 0.1 0.1 0.1 0.1 0.1 0.1 0.1 0.1 0.1 0.1 0.1 0.1]
 [0.1 0.1 0.1 0.1 0.1 0.1 0.1 0.1 0.1 0.1 0.1 0.1 0.1 0.1 0.1 0.1]
 [0.1 0.1 0.1 0.1 0.1 0.1 0.1 0.1 0.1 0.1 0.1 0.1 0.1 0.1 0.1 0.1]]

trans
[[0.55122894 0.04931924 0.00278085 0.00249627 0.07663388]
 [0.40020466 0.6076791  0.00313653 0.02695821 0.24480703]
 [0.02502329 0.01612267 0.68382955 0.02927869 0.22687334]
 [0.00821158 0.31285176 0.3073817  0.9172891  0.20097883]
 [0.01533154 0.01402719 0.00287138 0.02397777 0.2507069 ]]

lengths
[1.1299089 1.0751019 1.1859571 1.1457926 1.4223996]

Loss didn't improve for 5 epochs
Stopping
cached hsmm
