## SLURM PROLOG ###############################################################
##    Job ID : 868827
##  Job Name : hsmm_LeftHand
##  Nodelist : node1324
##      CPUs : 4
##  Mem/Node : 16384 MB
## Directory : /gpfs/data/epavlick/debert/hsmm
##   Started : Wed Mar 17 23:51:46 EDT 2021
###############################################################################
hsmm_LeftHand
loaded cached nbc
loaded cached autoencoder
(84, 563, 16)
(12, 410, 16)
(12, 403, 16)
Epoch: 0, Loss: 17129.5043
mean
[[-0.18229063  0.4737537   0.26203045  0.05236339 -0.2538089  -0.15610832
  -0.3144476   0.02931416  0.48538965  0.16821203  0.00969734 -0.04847053
  -0.3224894  -0.22813028  0.04344285 -0.04675367]
 [-0.3811992   0.2740482   0.37249824  0.30627027 -0.37523767 -0.32374027
  -0.3912956   0.32080826  0.20037197  0.30150503  0.32288408 -0.3079428
  -0.29301158 -0.3114154   0.3138366  -0.32203633]
 [-0.46611995  0.44242364  0.4581727   0.45937157 -0.45561036 -0.4610743
  -0.45713755  0.4584721   0.35316157  0.46078822  0.45521915 -0.4598301
  -0.37591845 -0.45873898  0.46011168 -0.46054742]
 [-0.42833596 -0.23615345  0.4365215   0.46001542 -0.4328307  -0.45459116
  -0.4033119   0.46067834 -0.30018643  0.45614251  0.46183693 -0.46105015
   0.240132   -0.44545212  0.46122003 -0.46067518]
 [ 0.29824814 -0.20518185 -0.3339434  -0.3415628   0.33409727  0.33970135
   0.32126394 -0.3370497   0.44292462 -0.3384414  -0.3315417   0.3407684
  -0.08269302  0.33523443 -0.33959618  0.3384307 ]]

cov
[[0.1 0.1 0.1 0.1 0.1 0.1 0.1 0.1 0.1 0.1 0.1 0.1 0.1 0.1 0.1 0.1]
 [0.1 0.1 0.1 0.1 0.1 0.1 0.1 0.1 0.1 0.1 0.1 0.1 0.1 0.1 0.1 0.1]
 [0.1 0.1 0.1 0.1 0.1 0.1 0.1 0.1 0.1 0.1 0.1 0.1 0.1 0.1 0.1 0.1]
 [0.1 0.1 0.1 0.1 0.1 0.1 0.1 0.1 0.1 0.1 0.1 0.1 0.1 0.1 0.1 0.1]
 [0.1 0.1 0.1 0.1 0.1 0.1 0.1 0.1 0.1 0.1 0.1 0.1 0.1 0.1 0.1 0.1]]

trans
[[0.14725235 0.15372542 0.1377255  0.13137902 0.14434825]
 [0.1353632  0.14982986 0.1315316  0.12630941 0.13732582]
 [0.15375495 0.16435882 0.16573086 0.15302218 0.15528397]
 [0.3044417  0.31240743 0.30858943 0.3309     0.22689289]
 [0.25918782 0.21967842 0.2564226  0.25838938 0.33614904]]

lengths
[1.7230555 1.7866036 1.7200373 1.847249  1.8106546]

Epoch: 1, Loss: 10780.2139
mean
[[ 0.25917026  0.22386388 -0.12064774 -0.19156808  0.14796765  0.10414261
   0.08407147 -0.26338446  0.15858872 -0.04061418 -0.29767793  0.19928908
   0.10216541  0.02291007 -0.22101401  0.23801605]
 [-0.24531841 -0.19121751  0.11668278  0.16730173 -0.14374904 -0.10560026
  -0.15738156  0.20036219 -0.12757933  0.07322838  0.22080863 -0.17195147
  -0.08758623 -0.02810401  0.18138695 -0.18881911]
 [-1.1549962   1.160856    1.2380056   1.177617   -1.2369435  -1.2133274
  -1.2424797   1.1528244   0.79404384  1.2052735   1.1101115  -1.1751499
  -0.6839392  -1.216798    1.171531   -1.1707431 ]
 [-0.70274085 -0.85844296  0.9689715   1.1696928  -0.96215814 -1.1079137
  -0.6741109   1.1736839  -1.0719953   1.0850264   1.1689225  -1.1718677
   0.9234332  -0.99482536  1.173533   -1.1707773 ]
 [ 0.950725   -0.35011885 -1.0465378  -1.0525222   1.0474457   1.0473777
   1.0178646  -1.0481111   0.30920333 -1.0327652  -1.0342559   1.0521244
  -0.06679859  1.0203551  -1.052101    1.0518531 ]]

cov
[[0.1 0.1 0.1 0.1 0.1 0.1 0.1 0.1 0.1 0.1 0.1 0.1 0.1 0.1 0.1 0.1]
 [0.1 0.1 0.1 0.1 0.1 0.1 0.1 0.1 0.1 0.1 0.1 0.1 0.1 0.1 0.1 0.1]
 [0.1 0.1 0.1 0.1 0.1 0.1 0.1 0.1 0.1 0.1 0.1 0.1 0.1 0.1 0.1 0.1]
 [0.1 0.1 0.1 0.1 0.1 0.1 0.1 0.1 0.1 0.1 0.1 0.1 0.1 0.1 0.1 0.1]
 [0.1 0.1 0.1 0.1 0.1 0.1 0.1 0.1 0.1 0.1 0.1 0.1 0.1 0.1 0.1 0.1]]

trans
[[0.29184133 0.30067194 0.17480677 0.13568677 0.19631866]
 [0.29354292 0.32028925 0.1330841  0.10970261 0.07435989]
 [0.07405067 0.07965862 0.14235961 0.07496346 0.06865248]
 [0.16423604 0.17055121 0.24279132 0.41246805 0.09785583]
 [0.17632902 0.12882896 0.3069582  0.2671791  0.5628131 ]]

lengths
[1.1905297 1.4294627 1.1975248 1.2060062 1.2128128]

Epoch: 2, Loss: 8084.5291
mean
[[ 0.6530735   0.21582699 -0.48900646 -0.50689626  0.54965097  0.44918078
   0.5653125  -0.57976705  0.2872194  -0.36825645 -0.6348303   0.5108373
   0.19137321  0.29915935 -0.5319049   0.5546781 ]
 [-0.2809857   0.19313523  0.28788802  0.1563913  -0.3019936  -0.15096326
  -0.34615195  0.1671157   0.05570179  0.12707844  0.17234562 -0.15877262
  -0.07525918 -0.15350097  0.16198593 -0.16532776]
 [-1.5210932   1.6986148   1.8919368   1.7021128  -1.8894353  -1.8189992
  -1.898062    1.6066679   0.73896694  1.8065715   1.4768044  -1.6917053
  -0.5038003  -1.8517132   1.6735884  -1.6620153 ]
 [-0.7062394  -1.1108141   1.2060416   1.6718224  -1.1956884  -1.5145893
  -0.6798681   1.6780732  -1.6872004   1.4539005   1.6576697  -1.6753808
   1.3502946  -1.2591622   1.6786898  -1.6706729 ]
 [ 1.3696134  -0.40917066 -1.5979125  -1.5904837   1.5971525   1.5854937
   1.5354555  -1.5829113   0.5292708  -1.5455354  -1.5470153   1.5912193
  -0.23463303  1.5151837  -1.5928724   1.5943582 ]]

cov
[[0.1 0.1 0.1 0.1 0.1 0.1 0.1 0.1 0.1 0.1 0.1 0.1 0.1 0.1 0.1 0.1]
 [0.1 0.1 0.1 0.1 0.1 0.1 0.1 0.1 0.1 0.1 0.1 0.1 0.1 0.1 0.1 0.1]
 [0.1 0.1 0.1 0.1 0.1 0.1 0.1 0.1 0.1 0.1 0.1 0.1 0.1 0.1 0.1 0.1]
 [0.1 0.1 0.1 0.1 0.1 0.1 0.1 0.1 0.1 0.1 0.1 0.1 0.1 0.1 0.1 0.1]
 [0.1 0.1 0.1 0.1 0.1 0.1 0.1 0.1 0.1 0.1 0.1 0.1 0.1 0.1 0.1 0.1]]

trans
[[0.25682157 0.16188417 0.2242247  0.1747326  0.35373846]
 [0.50212926 0.692072   0.27378783 0.23386388 0.07118352]
 [0.02876511 0.03135882 0.14546426 0.06605715 0.0377863 ]
 [0.05864784 0.06401521 0.15748128 0.35389137 0.04521965]
 [0.15363623 0.05066984 0.19904192 0.17145501 0.49207208]]

lengths
[1.261685  1.5367503 0.9825974 1.0637956 1.1503166]

Epoch: 3, Loss: 7358.3877
mean
[[ 0.58467245 -0.11560462 -0.6990194  -0.68367064  0.716321    0.61381733
   0.6666199  -0.74287975  0.19345108 -0.55621356 -0.7312339   0.68897504
   0.04933112  0.56871283 -0.7102658   0.7285504 ]
 [-0.23629935  0.00188808  0.24156493  0.15200114 -0.24133883 -0.19605081
  -0.2081978   0.1589758   0.03626691  0.17605016  0.1630287  -0.15323536
  -0.07493553 -0.20580989  0.15470007 -0.16059995]
 [-1.6320502   1.9929509   2.372296    2.0563786  -2.3666427  -2.2529383
  -2.3686147   1.886235    0.49345356  2.238233    1.6849787  -2.037194
  -0.27673453 -2.3210607   2.0023043  -1.9756802 ]
 [-0.69213486 -1.1281824   1.226278    1.9334835  -1.217616   -1.6665847
  -0.6272128   1.946358   -2.0889757   1.56351     1.9082838  -1.9387934
   1.4883119  -1.284296    1.9452813  -1.9322995 ]
 [ 1.5761509  -0.50589186 -1.9673227  -1.9531413   1.9595826   1.9508296
   1.8537382  -1.9356563   0.8207601  -1.8885081  -1.8694954   1.9551347
  -0.39657807  1.8361777  -1.9569099   1.9586022 ]]

cov
[[0.1 0.1 0.1 0.1 0.1 0.1 0.1 0.1 0.1 0.1 0.1 0.1 0.1 0.1 0.1 0.1]
 [0.1 0.1 0.1 0.1 0.1 0.1 0.1 0.1 0.1 0.1 0.1 0.1 0.1 0.1 0.1 0.1]
 [0.1 0.1 0.1 0.1 0.1 0.1 0.1 0.1 0.1 0.1 0.1 0.1 0.1 0.1 0.1 0.1]
 [0.1 0.1 0.1 0.1 0.1 0.1 0.1 0.1 0.1 0.1 0.1 0.1 0.1 0.1 0.1 0.1]
 [0.1 0.1 0.1 0.1 0.1 0.1 0.1 0.1 0.1 0.1 0.1 0.1 0.1 0.1 0.1 0.1]]

trans
[[0.21199074 0.09789996 0.18880634 0.15389538 0.506634  ]
 [0.5675001  0.831576   0.45778456 0.44389445 0.08719518]
 [0.01642936 0.01610954 0.12303612 0.06077971 0.0260573 ]
 [0.02842545 0.03231409 0.11729336 0.25103512 0.02760133]
 [0.17565432 0.02210046 0.11307959 0.09039534 0.3525122 ]]

lengths
[1.3449675 1.3594413 1.0208315 1.1939771 1.2880671]

Epoch: 4, Loss: 7168.9599
mean
[[ 0.7180035  -0.06658424 -0.7160743  -0.70983964  0.758976    0.6711137
   0.7350229  -0.7481473   0.2265758  -0.60018677 -0.74836093  0.7154908
   0.12208417  0.54578525 -0.733538    0.7470447 ]
 [-0.2213495   0.15484919  0.22197011  0.16081434 -0.2276953  -0.22182156
  -0.25790414  0.1832195   0.00722443  0.20349908  0.19248861 -0.1616259
  -0.09212511 -0.18717341  0.16725884 -0.18431573]
 [-1.636256    2.104547    2.7049415   2.3082857  -2.694264   -2.5563028
  -2.6793132   2.0847805   0.30447578  2.5418568   1.8471862  -2.2828803
  -0.13382983 -2.6554644   2.2348564  -2.1935408 ]
 [-0.7243962  -1.1030998   1.165421    2.0089822  -1.1620686  -1.6556176
  -0.61172247  2.0324483  -2.2949383   1.5225751   1.9819196  -2.0159228
   1.4480915  -1.2094493   2.0266132  -2.0111804 ]
 [ 1.6649331  -0.54712254 -2.1992264  -2.1869733   2.1816747   2.187454
   2.0312772  -2.157038    0.91472596 -2.1092327  -2.0613823   2.1901515
  -0.4673883   2.0359251  -2.1910174   2.1917355 ]]

cov
[[0.1 0.1 0.1 0.1 0.1 0.1 0.1 0.1 0.1 0.1 0.1 0.1 0.1 0.1 0.1 0.1]
 [0.1 0.1 0.1 0.1 0.1 0.1 0.1 0.1 0.1 0.1 0.1 0.1 0.1 0.1 0.1 0.1]
 [0.1 0.1 0.1 0.1 0.1 0.1 0.1 0.1 0.1 0.1 0.1 0.1 0.1 0.1 0.1 0.1]
 [0.1 0.1 0.1 0.1 0.1 0.1 0.1 0.1 0.1 0.1 0.1 0.1 0.1 0.1 0.1 0.1]
 [0.1 0.1 0.1 0.1 0.1 0.1 0.1 0.1 0.1 0.1 0.1 0.1 0.1 0.1 0.1 0.1]]

trans
[[0.26384166 0.14994717 0.16566086 0.11443686 0.5645285 ]
 [0.52442306 0.77667934 0.5388811  0.57481444 0.1170727 ]
 [0.01447553 0.0169866  0.1108591  0.05712953 0.02159937]
 [0.02086386 0.03736584 0.10986929 0.20056671 0.02128404]
 [0.1763959  0.01902107 0.07472967 0.05305242 0.2755154 ]]

lengths
[1.2813784 1.4823524 1.1288533 1.3559152 1.3718426]

Epoch: 5, Loss: 7088.1745
mean
[[ 0.7367493  -0.01857852 -0.8046465  -0.79525155  0.83462864  0.7368983
   0.78614616 -0.8515695   0.26867256 -0.6494492  -0.873358    0.80038476
   0.10629879  0.62878966 -0.81922805  0.8373227 ]
 [-0.21251379  0.07059865  0.23689222  0.16368748 -0.2433198  -0.20390914
  -0.27087092  0.19402553  0.03266262  0.18898189  0.19770962 -0.1643831
  -0.08678677 -0.16493785  0.17432581 -0.19587259]
 [-1.6512754   2.116852    2.9350195   2.5135882  -2.9197981  -2.7778738
  -2.8806274   2.265099    0.19696605  2.76325     2.0171692  -2.4856193
  -0.05867001 -2.894934    2.4306428  -2.378777  ]
 [-0.7535748  -1.0729507   1.103782    1.9604322  -1.1045241  -1.568336
  -0.6294467   1.9935561  -2.3347142   1.4276177   1.9373946  -1.9684812
   1.3350979  -1.131536    1.9827529  -1.9672842 ]
 [ 1.6956356  -0.58102685 -2.342457   -2.3343203   2.3139791   2.3394432
   2.1264646  -2.2905471   0.8890566  -2.2524068  -2.1688628   2.3382728
  -0.5046645   2.163561   -2.337345    2.3362043 ]]

cov
[[0.1 0.1 0.1 0.1 0.1 0.1 0.1 0.1 0.1 0.1 0.1 0.1 0.1 0.1 0.1 0.1]
 [0.1 0.1 0.1 0.1 0.1 0.1 0.1 0.1 0.1 0.1 0.1 0.1 0.1 0.1 0.1 0.1]
 [0.1 0.1 0.1 0.1 0.1 0.1 0.1 0.1 0.1 0.1 0.1 0.1 0.1 0.1 0.1 0.1]
 [0.1 0.1 0.1 0.1 0.1 0.1 0.1 0.1 0.1 0.1 0.1 0.1 0.1 0.1 0.1 0.1]
 [0.1 0.1 0.1 0.1 0.1 0.1 0.1 0.1 0.1 0.1 0.1 0.1 0.1 0.1 0.1 0.1]]

trans
[[0.33144423 0.17678335 0.17299415 0.10505887 0.56104904]
 [0.49599442 0.73350424 0.5221348  0.5765612  0.15547302]
 [0.01458761 0.01919268 0.10730119 0.06474232 0.02009071]
 [0.01829383 0.05128874 0.1340143  0.21294157 0.01903439]
 [0.1396799  0.01923099 0.06355558 0.04069604 0.24435285]]

lengths
[1.3054174 1.4219989 1.1897942 1.3858037 1.3404742]

Epoch: 6, Loss: 7032.7346
mean
[[ 0.7432075  -0.09705493 -0.8056112  -0.82613504  0.83922756  0.75546455
   0.7988928  -0.8666498   0.27084494 -0.684523   -0.8354254   0.8311505
   0.06009851  0.64603347 -0.8491104   0.8639213 ]
 [-0.20889601  0.12424287  0.24565984  0.17137225 -0.24856465 -0.19248988
  -0.24440843  0.19130455  0.06188639  0.17973162  0.18410161 -0.17181893
  -0.08076833 -0.1780603   0.18149292 -0.19608246]
 [-1.6948069   2.0887208   3.1006074   2.6983874  -3.0821738  -2.9542358
  -3.012805    2.4401758   0.09108779  2.9381263   2.1875405  -2.6698117
   0.02462697 -3.0749974   2.6118155  -2.5531528 ]
 [-0.74983144 -1.0221183   1.0704615   1.8490871  -1.0727106  -1.4691792
  -0.64718825  1.8879405  -2.248434    1.3399342   1.8332608  -1.8574644
   1.2163419  -1.0860116   1.873658   -1.8601524 ]
 [ 1.7165279  -0.63891166 -2.4401166  -2.4319627   2.4016156   2.4439974
   2.189381   -2.375424    0.86158717 -2.3532927  -2.2333121   2.4362895
  -0.5201475   2.2557552  -2.4333189   2.4302557 ]]

cov
[[0.1 0.1 0.1 0.1 0.1 0.1 0.1 0.1 0.1 0.1 0.1 0.1 0.1 0.1 0.1 0.1]
 [0.1 0.1 0.1 0.1 0.1 0.1 0.1 0.1 0.1 0.1 0.1 0.1 0.1 0.1 0.1 0.1]
 [0.1 0.1 0.1 0.1 0.1 0.1 0.1 0.1 0.1 0.1 0.1 0.1 0.1 0.1 0.1 0.1]
 [0.1 0.1 0.1 0.1 0.1 0.1 0.1 0.1 0.1 0.1 0.1 0.1 0.1 0.1 0.1 0.1]
 [0.1 0.1 0.1 0.1 0.1 0.1 0.1 0.1 0.1 0.1 0.1 0.1 0.1 0.1 0.1 0.1]]

trans
[[0.32836246 0.13719304 0.18790144 0.11112093 0.5454077 ]
 [0.51325077 0.76753706 0.46819723 0.5307996  0.18684432]
 [0.0147788  0.01793928 0.10696628 0.0759703  0.01946679]
 [0.0173729  0.05956665 0.17611457 0.24582772 0.0182383 ]
 [0.12623508 0.01776396 0.06082051 0.03628141 0.23004285]]

lengths
[1.2925707 1.46223   1.189395  1.3157145 1.2814767]

Epoch: 7, Loss: 6984.2798
mean
[[ 0.7607734  -0.05915472 -0.8459513  -0.8506681   0.8773469   0.78512657
   0.82201016 -0.8848638   0.27593344 -0.7025199  -0.8884256   0.8565367
   0.08708171  0.6659084  -0.8746991   0.8865125 ]
 [-0.2064566   0.12096813  0.22761308  0.16802758 -0.23063609 -0.17913245
  -0.2406892   0.17627287  0.06731085  0.16574422  0.16592711 -0.16858643
  -0.08655196 -0.17567368  0.17520235 -0.18172048]
 [-1.7553542   2.0306304   3.226478    2.8755348  -3.2065356  -3.1063917
  -3.1007884   2.6151621  -0.08346161  3.0859606   2.356336   -2.8470898
   0.14475383 -3.2160926   2.7884696  -2.7258887 ]
 [-0.72818106 -0.93938494  1.0483224   1.717487   -1.0510917  -1.3830281
  -0.64522785  1.7579918  -2.0783179   1.2711822   1.7105445  -1.7256534
   1.1086742  -1.0526534   1.7421314  -1.7317418 ]
 [ 1.7408508  -0.6799314  -2.510015   -2.4980407   2.4638202   2.517115
   2.2373362  -2.4318285   0.8730189  -2.4247556  -2.2755814   2.5025325
  -0.52497995  2.3230608  -2.4978971   2.4934351 ]]

cov
[[0.1 0.1 0.1 0.1 0.1 0.1 0.1 0.1 0.1 0.1 0.1 0.1 0.1 0.1 0.1 0.1]
 [0.1 0.1 0.1 0.1 0.1 0.1 0.1 0.1 0.1 0.1 0.1 0.1 0.1 0.1 0.1 0.1]
 [0.1 0.1 0.1 0.1 0.1 0.1 0.1 0.1 0.1 0.1 0.1 0.1 0.1 0.1 0.1 0.1]
 [0.1 0.1 0.1 0.1 0.1 0.1 0.1 0.1 0.1 0.1 0.1 0.1 0.1 0.1 0.1 0.1]
 [0.1 0.1 0.1 0.1 0.1 0.1 0.1 0.1 0.1 0.1 0.1 0.1 0.1 0.1 0.1 0.1]]

trans
[[0.31547034 0.13480146 0.19187501 0.12203578 0.54180014]
 [0.52106416 0.76910704 0.41533273 0.5000892  0.19833784]
 [0.01484951 0.01573673 0.10920311 0.08038266 0.01911164]
 [0.01791072 0.06380328 0.2237443  0.26372004 0.01813845]
 [0.13070527 0.01655149 0.05984482 0.03377231 0.22261192]]

lengths
[1.3124969 1.423944  1.1728907 1.2713984 1.2593455]

Epoch: 8, Loss: 6944.1230
mean
[[ 0.7844258  -0.08861208 -0.8591724  -0.8650083   0.89043003  0.8083995
   0.8481381  -0.90070397  0.28203434 -0.72471017 -0.8943765   0.8698226
   0.07629269  0.6921435  -0.8848814   0.8960683 ]
 [-0.1914929   0.11792064  0.21143419  0.1555291  -0.21362095 -0.16920683
  -0.23911624  0.15447424  0.0718644   0.15765196  0.14294218 -0.15591054
  -0.08781533 -0.16651705  0.15867552 -0.16068368]
 [-1.8127203   1.9478797   3.318223    3.0223799  -3.2986588  -3.2273328
  -3.1550717   2.7625456  -0.27455482  3.1996055   2.4968212  -2.9940476
   0.2576258  -3.3178508   2.9357634  -2.8714736 ]
 [-0.71098924 -0.821825    1.0253482   1.5979706  -1.0277466  -1.318764
  -0.64498734  1.634819   -1.8669322   1.2201312   1.5949385  -1.6054602
   1.0105797  -1.0208025   1.6205597  -1.612868  ]
 [ 1.7674913  -0.69395    -2.563091   -2.5461783   2.5112414   2.5713255
   2.277103   -2.4730577   0.9057733  -2.4782493  -2.3075418   2.5507421
  -0.5429482   2.3747258  -2.5448437   2.539382  ]]

cov
[[0.1 0.1 0.1 0.1 0.1 0.1 0.1 0.1 0.1 0.1 0.1 0.1 0.1 0.1 0.1 0.1]
 [0.1 0.1 0.1 0.1 0.1 0.1 0.1 0.1 0.1 0.1 0.1 0.1 0.1 0.1 0.1 0.1]
 [0.1 0.1 0.1 0.1 0.1 0.1 0.1 0.1 0.1 0.1 0.1 0.1 0.1 0.1 0.1 0.1]
 [0.1 0.1 0.1 0.1 0.1 0.1 0.1 0.1 0.1 0.1 0.1 0.1 0.1 0.1 0.1 0.1]
 [0.1 0.1 0.1 0.1 0.1 0.1 0.1 0.1 0.1 0.1 0.1 0.1 0.1 0.1 0.1 0.1]]

trans
[[0.32422417 0.1456522  0.18582109 0.1276598  0.5521867 ]
 [0.51097435 0.75562215 0.3699835  0.5071832  0.19268683]
 [0.01477983 0.01405916 0.10733546 0.07485151 0.01887077]
 [0.01975137 0.06887048 0.27780476 0.25912553 0.01842692]
 [0.13027029 0.015796   0.05905524 0.03117991 0.21782875]]

lengths
[1.3052481 1.4502112 1.1645771 1.2756132 1.2733594]

Epoch: 9, Loss: 6920.8138
mean
[[ 0.7875249  -0.09227096 -0.8816492  -0.87926793  0.91386616  0.8231572
   0.85993296 -0.91800773  0.27706975 -0.7417774  -0.9058383   0.88334423
   0.07850745  0.70258206 -0.8981752   0.91232973]
 [-0.17954035  0.12763083  0.20050101  0.13925433 -0.20199206 -0.1569081
  -0.22692654  0.1354594   0.07684169  0.1467126   0.12493481 -0.13949905
  -0.09177633 -0.15110765  0.14038427 -0.14158408]
 [-1.8535568   1.8508714   3.3789966   3.1266372  -3.3612208  -3.3121774
  -3.182474    2.8685558  -0.43161404  3.2754827   2.5982065  -3.0980535
   0.34072962 -3.3815095   3.0405412  -2.9760866 ]
 [-0.7160773  -0.7115317   1.0114043   1.5138625  -1.0139551  -1.2775079
  -0.6706192   1.5448395  -1.6633176   1.1839774   1.5096675  -1.5204926
   0.91557014 -0.9973962   1.5336714  -1.5278094 ]
 [ 1.792315   -0.6965854  -2.605025   -2.5838408   2.5490828   2.6136105
   2.3106463  -2.5059288   0.928832   -2.5201547  -2.3344212   2.5884314
  -0.56567466  2.4156022  -2.581616    2.575435  ]]

cov
[[0.1 0.1 0.1 0.1 0.1 0.1 0.1 0.1 0.1 0.1 0.1 0.1 0.1 0.1 0.1 0.1]
 [0.1 0.1 0.1 0.1 0.1 0.1 0.1 0.1 0.1 0.1 0.1 0.1 0.1 0.1 0.1 0.1]
 [0.1 0.1 0.1 0.1 0.1 0.1 0.1 0.1 0.1 0.1 0.1 0.1 0.1 0.1 0.1 0.1]
 [0.1 0.1 0.1 0.1 0.1 0.1 0.1 0.1 0.1 0.1 0.1 0.1 0.1 0.1 0.1 0.1]
 [0.1 0.1 0.1 0.1 0.1 0.1 0.1 0.1 0.1 0.1 0.1 0.1 0.1 0.1 0.1 0.1]]

trans
[[0.33203754 0.13970579 0.1759749  0.12712197 0.5649536 ]
 [0.5080802  0.7573096  0.339942   0.5190845  0.182644  ]
 [0.01447321 0.01252257 0.09939203 0.07163108 0.0187732 ]
 [0.02268311 0.07538798 0.32659596 0.25334683 0.01906995]
 [0.12272592 0.015074   0.05809507 0.02881557 0.21455923]]

lengths
[1.3048556 1.431343  1.1667186 1.2960188 1.2970182]

Epoch: 10, Loss: 6907.5688
mean
[[ 0.81954217 -0.08604499 -0.89414996 -0.8920951   0.9273187   0.83212996
   0.88334626 -0.93317366  0.28624356 -0.7468079  -0.9322261   0.89682853
   0.09104031  0.7112218  -0.91397285  0.929278  ]
 [-0.17950945  0.11996821  0.19847518  0.1311265  -0.20031793 -0.15100028
  -0.22105643  0.12855764  0.08097778  0.14065243  0.12002549 -0.1312531
  -0.09919416 -0.14323613  0.13194914 -0.13411345]
 [-1.8821609   1.7368287   3.4146104   3.2014794  -3.3996935  -3.3670793
  -3.1890564   2.9504645  -0.57522583  3.3202055   2.6815171  -3.1726513
   0.406582   -3.4133155   3.1172826  -3.0539825 ]
 [-0.7111678  -0.6024843   1.0132756   1.4607997  -1.0150563  -1.2523477
  -0.70462734  1.483596   -1.4913514   1.1624794   1.4467005  -1.4665434
   0.8299639  -0.9948138   1.4773817  -1.4717128 ]
 [ 1.8104173  -0.7084616  -2.6396525  -2.6156201   2.5804274   2.64911
   2.338532   -2.533658    0.9364891  -2.5558248  -2.3575318   2.620148
  -0.58898365  2.450467   -2.612478    2.6055872 ]]

cov
[[0.1 0.1 0.1 0.1 0.1 0.1 0.1 0.1 0.1 0.1 0.1 0.1 0.1 0.1 0.1 0.1]
 [0.1 0.1 0.1 0.1 0.1 0.1 0.1 0.1 0.1 0.1 0.1 0.1 0.1 0.1 0.1 0.1]
 [0.1 0.1 0.1 0.1 0.1 0.1 0.1 0.1 0.1 0.1 0.1 0.1 0.1 0.1 0.1 0.1]
 [0.1 0.1 0.1 0.1 0.1 0.1 0.1 0.1 0.1 0.1 0.1 0.1 0.1 0.1 0.1 0.1]
 [0.1 0.1 0.1 0.1 0.1 0.1 0.1 0.1 0.1 0.1 0.1 0.1 0.1 0.1 0.1 0.1]]

trans
[[0.3327953  0.13297302 0.16623384 0.12366533 0.57252616]
 [0.5076299  0.75814027 0.3217019  0.51664907 0.17479984]
 [0.01395905 0.01121232 0.09034527 0.07618827 0.01884427]
 [0.02719153 0.08309345 0.36559895 0.25616723 0.02033584]
 [0.11842425 0.01458097 0.05612005 0.0273301  0.21349385]]

lengths
[1.309078  1.438677  1.1773349 1.2827445 1.3082422]

Epoch: 11, Loss: 6899.6077
mean
[[ 0.8179089  -0.09624997 -0.90527236 -0.90091324  0.93872666  0.84233594
   0.8881304  -0.9417481   0.2826377  -0.75763583 -0.93333066  0.9060776
   0.08781943  0.7214617  -0.92347795  0.9373642 ]
 [-0.18004212  0.12026776  0.19702885  0.12839179 -0.19927286 -0.14932472
  -0.21776506  0.1270884   0.08509575  0.13866527  0.11958753 -0.12827396
  -0.10305547 -0.14170055  0.12915714 -0.13236159]
 [-1.9273083   1.594279    3.426563    3.2488172  -3.4168031  -3.3884358
  -3.1820333   3.0191727  -0.7097172   3.3276536   2.7629185  -3.2214813
   0.42813957 -3.4075723   3.1718733  -3.1122553 ]
 [-0.67422414 -0.5239341   1.0110115   1.425534   -1.0098082  -1.235002
  -0.70311123  1.4374206  -1.3761429   1.1524262   1.3932879  -1.4302216
   0.79134196 -1.0004212   1.4381515  -1.4308552 ]
 [ 1.8216038  -0.72269046 -2.6685655  -2.6434944   2.6065898   2.6798098
   2.360852   -2.5578623   0.9428171  -2.5869403  -2.377731    2.6479113
  -0.6077068   2.4805183  -2.6394153   2.6317928 ]]

cov
[[0.1 0.1 0.1 0.1 0.1 0.1 0.1 0.1 0.1 0.1 0.1 0.1 0.1 0.1 0.1 0.1]
 [0.1 0.1 0.1 0.1 0.1 0.1 0.1 0.1 0.1 0.1 0.1 0.1 0.1 0.1 0.1 0.1]
 [0.1 0.1 0.1 0.1 0.1 0.1 0.1 0.1 0.1 0.1 0.1 0.1 0.1 0.1 0.1 0.1]
 [0.1 0.1 0.1 0.1 0.1 0.1 0.1 0.1 0.1 0.1 0.1 0.1 0.1 0.1 0.1 0.1]
 [0.1 0.1 0.1 0.1 0.1 0.1 0.1 0.1 0.1 0.1 0.1 0.1 0.1 0.1 0.1 0.1]]

trans
[[0.33099055 0.1337586  0.1582217  0.12153494 0.5738564 ]
 [0.50318056 0.7537514  0.2953291  0.5129696  0.17073767]
 [0.01321824 0.01045855 0.08666705 0.08004037 0.01905118]
 [0.03328081 0.08787157 0.40574706 0.2592806  0.02214354]
 [0.11932979 0.01415986 0.05403507 0.02617448 0.21421123]]

lengths
[1.3073299 1.4337626 1.1891007 1.2688305 1.3019319]

Epoch: 12, Loss: 6894.1891
mean
[[ 0.82851255 -0.09034766 -0.9100324  -0.90935093  0.9431507   0.8502293
   0.8963765  -0.94945484  0.28822768 -0.7638647  -0.94332474  0.9144402
   0.08886967  0.7244966  -0.9308388   0.94435966]
 [-0.17662802  0.12474165  0.1919837   0.12530795 -0.19411512 -0.14621742
  -0.2138838   0.12454512  0.09094106  0.13551724  0.11666699 -0.12491654
  -0.10518454 -0.13947386  0.1259517  -0.12976158]
 [-1.9696404   1.4327109   3.417075    3.2823086  -3.4143906  -3.3871927
  -3.1585855   3.0796807  -0.85212076  3.310809    2.84065    -3.2572773
   0.45537043 -3.3743813   3.214832   -3.1602209 ]
 [-0.6610121  -0.49647117  0.99799323  1.3983135  -0.9944794  -1.2184274
  -0.69265497  1.4027017  -1.3205241   1.1414751   1.353585   -1.40244
   0.78326577 -0.99309     1.4083698  -1.3993845 ]
 [ 1.827239   -0.7345392  -2.6927497  -2.6678407   2.6283588   2.7064397
   2.378298   -2.5786877   0.9505509  -2.6140773  -2.394744    2.6721234
  -0.62059784  2.5064032  -2.662812    2.6544344 ]]

cov
[[0.1 0.1 0.1 0.1 0.1 0.1 0.1 0.1 0.1 0.1 0.1 0.1 0.1 0.1 0.1 0.1]
 [0.1 0.1 0.1 0.1 0.1 0.1 0.1 0.1 0.1 0.1 0.1 0.1 0.1 0.1 0.1 0.1]
 [0.1 0.1 0.1 0.1 0.1 0.1 0.1 0.1 0.1 0.1 0.1 0.1 0.1 0.1 0.1 0.1]
 [0.1 0.1 0.1 0.1 0.1 0.1 0.1 0.1 0.1 0.1 0.1 0.1 0.1 0.1 0.1 0.1]
 [0.1 0.1 0.1 0.1 0.1 0.1 0.1 0.1 0.1 0.1 0.1 0.1 0.1 0.1 0.1 0.1]]

trans
[[0.33027834 0.13434413 0.15455194 0.12298893 0.5704772 ]
 [0.49833122 0.75252324 0.2758977  0.51420707 0.1702755 ]
 [0.012346   0.01004419 0.08613389 0.08003605 0.0193284 ]
 [0.04001446 0.08932353 0.43133914 0.2578345  0.02425533]
 [0.11903001 0.0137649  0.05207731 0.0249335  0.21566358]]

lengths
[1.3110971 1.4344815 1.2005571 1.2748525 1.2914019]

Epoch: 13, Loss: 6890.6846
mean
[[ 0.8306412  -0.09351975 -0.91774905 -0.91794384  0.95115185  0.85773665
   0.90040714 -0.9564187   0.293111   -0.7711458  -0.9501154   0.9227249
   0.08564016  0.73307604 -0.9383935   0.95212203]
 [-0.17135821  0.12463713  0.18779534  0.12280785 -0.18917245 -0.1435953
  -0.21171726  0.12160342  0.09668107  0.13330261  0.11187571 -0.12210283
  -0.10609478 -0.13798805  0.12312794 -0.12711349]
 [-1.9970195   1.2788037   3.3930597   3.3045442  -3.3975706  -3.3745935
  -3.12363     3.1236062  -0.9722448   3.284783    2.898721   -3.2817776
   0.49574208 -3.3302095   3.2450867  -3.1945815 ]
 [-0.6576532  -0.48236227  0.98746294  1.3787826  -0.9837608  -1.2046299
  -0.6925682   1.3813584  -1.302801    1.1291842   1.3323873  -1.3827864
   0.7760803  -0.9818072   1.3881506  -1.37883   ]
 [ 1.831986   -0.74612975 -2.713555   -2.6883361   2.6471431   2.7290452
   2.3935194  -2.5961454   0.9508947  -2.6369953  -2.4087677   2.6925056
  -0.6218137   2.528344   -2.6825066   2.6735027 ]]

cov
[[0.1 0.1 0.1 0.1 0.1 0.1 0.1 0.1 0.1 0.1 0.1 0.1 0.1 0.1 0.1 0.1]
 [0.1 0.1 0.1 0.1 0.1 0.1 0.1 0.1 0.1 0.1 0.1 0.1 0.1 0.1 0.1 0.1]
 [0.1 0.1 0.1 0.1 0.1 0.1 0.1 0.1 0.1 0.1 0.1 0.1 0.1 0.1 0.1 0.1]
 [0.1 0.1 0.1 0.1 0.1 0.1 0.1 0.1 0.1 0.1 0.1 0.1 0.1 0.1 0.1 0.1]
 [0.1 0.1 0.1 0.1 0.1 0.1 0.1 0.1 0.1 0.1 0.1 0.1 0.1 0.1 0.1 0.1]]

trans
[[0.33243686 0.13260314 0.15522183 0.12396794 0.5636261 ]
 [0.49575442 0.7531227  0.27007017 0.51877487 0.17276648]
 [0.01147636 0.00987994 0.09213453 0.07787408 0.01967129]
 [0.04575778 0.09087577 0.43192726 0.2554954  0.02648003]
 [0.1145746  0.01351848 0.0506462  0.02388773 0.2174561 ]]

lengths
[1.3116146 1.433153  1.2030962 1.2820436 1.2890954]

Epoch: 14, Loss: 6888.6733
mean
[[ 0.8301262  -0.09519582 -0.9224186  -0.92455626  0.95441896  0.8648931
   0.9038466  -0.9616248   0.29553628 -0.7791452  -0.9525705   0.9292048
   0.07851523  0.7396277  -0.94474524  0.9579652 ]
 [-0.16941652  0.12300377  0.18558992  0.12096953 -0.18627788 -0.1414914
  -0.21107656  0.11996251  0.09871116  0.13155787  0.10836437 -0.12009304
  -0.107366   -0.13646957  0.12133913 -0.12558518]
 [-2.0035124   1.1532987   3.3616555   3.315836   -3.3714106  -3.3590803
  -3.0820856   3.1462421  -1.0556042   3.2609465   2.9288242  -3.294707
   0.54233456 -3.2887921   3.26096    -3.212328  ]
 [-0.6510497  -0.46353176  0.9846228   1.365818   -0.98144114 -1.1952657
  -0.6937265   1.3693119  -1.2918301   1.1199745   1.3221642  -1.3697697
   0.7595088  -0.9769399   1.375316   -1.3666435 ]
 [ 1.8411235  -0.754197   -2.7321122  -2.7051706   2.6644256   2.7475374
   2.408982   -2.611264    0.9452651  -2.6550477  -2.421535    2.7093194
  -0.61117136  2.5457335  -2.6989923   2.6897442 ]]

cov
[[0.1 0.1 0.1 0.1 0.1 0.1 0.1 0.1 0.1 0.1 0.1 0.1 0.1 0.1 0.1 0.1]
 [0.1 0.1 0.1 0.1 0.1 0.1 0.1 0.1 0.1 0.1 0.1 0.1 0.1 0.1 0.1 0.1]
 [0.1 0.1 0.1 0.1 0.1 0.1 0.1 0.1 0.1 0.1 0.1 0.1 0.1 0.1 0.1 0.1]
 [0.1 0.1 0.1 0.1 0.1 0.1 0.1 0.1 0.1 0.1 0.1 0.1 0.1 0.1 0.1 0.1]
 [0.1 0.1 0.1 0.1 0.1 0.1 0.1 0.1 0.1 0.1 0.1 0.1 0.1 0.1 0.1 0.1]]

trans
[[0.3344603  0.13172626 0.15617958 0.1239993  0.5577843 ]
 [0.4945821  0.75250983 0.27037883 0.51855654 0.17582892]
 [0.01063531 0.00990754 0.09962804 0.07769595 0.02006857]
 [0.04950935 0.09241318 0.42499134 0.256361   0.02859794]
 [0.11081298 0.0134432  0.0488222  0.0233872  0.21772024]]

lengths
[1.3131741 1.4334902 1.203234  1.2780538 1.2933455]

Epoch: 15, Loss: 6887.0833
mean
[[ 0.83502007 -0.09467795 -0.92773527 -0.93075746  0.96047956  0.8706738
   0.9080024  -0.96842974  0.2995679  -0.78368264 -0.96043324  0.9355629
   0.07802233  0.7431555  -0.95138556  0.964417  ]
 [-0.16974285  0.12461904  0.18522102  0.1195548  -0.18532929 -0.14039323
  -0.21083632  0.11948767  0.09887092  0.13099444  0.10609725 -0.11863138
  -0.10814966 -0.13604742  0.12034529 -0.12505409]
 [-1.9899024   1.0727333   3.3289149   3.3123522  -3.3408716  -3.3427384
  -3.0398839   3.1444132  -1.0920817   3.2422128   2.9284139  -3.2918048
   0.57665277 -3.2568052   3.2583616  -3.2097023 ]
 [-0.64865303 -0.45771956  0.9806079   1.3567387  -0.9774967  -1.1882231
  -0.6894787   1.3607073  -1.2770604   1.1134888   1.3140315  -1.3606076
   0.74729687 -0.9723621   1.3662806  -1.3580924 ]
 [ 1.8542581  -0.75869    -2.748713   -2.7190065   2.680462    2.7624543
   2.4246564  -2.6246932   0.9420106  -2.6688464  -2.4337204   2.7232277
  -0.6029482   2.5590558  -2.7129214   2.703795  ]]

cov
[[0.1 0.1 0.1 0.1 0.1 0.1 0.1 0.1 0.1 0.1 0.1 0.1 0.1 0.1 0.1 0.1]
 [0.1 0.1 0.1 0.1 0.1 0.1 0.1 0.1 0.1 0.1 0.1 0.1 0.1 0.1 0.1 0.1]
 [0.1 0.1 0.1 0.1 0.1 0.1 0.1 0.1 0.1 0.1 0.1 0.1 0.1 0.1 0.1 0.1]
 [0.1 0.1 0.1 0.1 0.1 0.1 0.1 0.1 0.1 0.1 0.1 0.1 0.1 0.1 0.1 0.1]
 [0.1 0.1 0.1 0.1 0.1 0.1 0.1 0.1 0.1 0.1 0.1 0.1 0.1 0.1 0.1 0.1]]

trans
[[0.3354762  0.13167913 0.1548043  0.12340246 0.55546606]
 [0.49338207 0.75187814 0.27009797 0.5182121  0.17794482]
 [0.00995736 0.01002225 0.10348393 0.07868437 0.02049364]
 [0.05125026 0.09299751 0.425085   0.25647742 0.03043424]
 [0.10993411 0.01342299 0.04652882 0.02322366 0.21566121]]

lengths
[1.3129681 1.4335957 1.2091572 1.2756517 1.2959886]

Epoch: 16, Loss: 6885.8982
mean
[[ 0.8371812  -0.09443251 -0.9331336  -0.9385843   0.9648681   0.8782879
   0.91185737 -0.97489303  0.30378366 -0.7914571  -0.9650361   0.94333816
   0.07498966  0.75067264 -0.95874333  0.97145414]
 [-0.16957498  0.1257713   0.18507043  0.11777052 -0.18461569 -0.13966736
  -0.20965962  0.11922471  0.09911805  0.13107614  0.10393807 -0.11691611
  -0.10789208 -0.13628104  0.11927501 -0.12461357]
 [-1.9609576   1.0272306   3.2961447   3.2991025  -3.3076065  -3.325806
  -2.997137    3.128159   -1.1121566   3.2268443   2.9107268  -3.2785594
   0.605833   -3.232848    3.2441292  -3.1944487 ]
 [-0.6477029  -0.45669866  0.97199047  1.346104   -0.96903116 -1.1781763
  -0.68564945  1.3504239  -1.2608857   1.1036235   1.3038735  -1.3499886
   0.73920697 -0.96221745  1.355773   -1.347779  ]
 [ 1.8672688  -0.7685414  -2.7640338  -2.7308602   2.6954157   2.7754788
   2.4399688  -2.6364243   0.939841   -2.6808727  -2.4444864   2.7351599
  -0.60437405  2.5710015  -2.7249396   2.7160184 ]]

cov
[[0.1 0.1 0.1 0.1 0.1 0.1 0.1 0.1 0.1 0.1 0.1 0.1 0.1 0.1 0.1 0.1]
 [0.1 0.1 0.1 0.1 0.1 0.1 0.1 0.1 0.1 0.1 0.1 0.1 0.1 0.1 0.1 0.1]
 [0.1 0.1 0.1 0.1 0.1 0.1 0.1 0.1 0.1 0.1 0.1 0.1 0.1 0.1 0.1 0.1]
 [0.1 0.1 0.1 0.1 0.1 0.1 0.1 0.1 0.1 0.1 0.1 0.1 0.1 0.1 0.1 0.1]
 [0.1 0.1 0.1 0.1 0.1 0.1 0.1 0.1 0.1 0.1 0.1 0.1 0.1 0.1 0.1 0.1]]

trans
[[0.33603233 0.13113034 0.15036991 0.12286419 0.5562522 ]
 [0.49233896 0.75183856 0.2682548  0.5195019  0.17895684]
 [0.00946591 0.0101001  0.10661927 0.08059216 0.0209424 ]
 [0.05169341 0.09355601 0.43054777 0.25382647 0.03196684]
 [0.11046939 0.013375   0.04420827 0.0232153  0.21188173]]

lengths
[1.3148649 1.4333612 1.2146119 1.2752657 1.2920772]

Epoch: 17, Loss: 6885.1996
mean
[[ 0.8383236  -0.09553683 -0.9379515  -0.94543076  0.9696086   0.8855558
   0.9148979  -0.97969586  0.30848354 -0.7990608  -0.96929413  0.9499369
   0.06888937  0.75659007 -0.9646442   0.97687113]
 [-0.16915806  0.12577635  0.1848172   0.11577622 -0.183959   -0.13909884
  -0.20826335  0.11950779  0.09981601  0.13124065  0.10242803 -0.11512709
  -0.10794425 -0.13641262  0.11830483 -0.1244704 ]
 [-1.9362494   1.0027802   3.267966    3.2847009  -3.2783196  -3.3093548
  -2.9604602   3.1131127  -1.1262709   3.211927    2.8955903  -3.2642138
   0.6177733  -3.2132215   3.2294617  -3.1794467 ]
 [-0.6418003  -0.45165303  0.9639733   1.3342046  -0.9608321  -1.1676826
  -0.6808842   1.338678   -1.248627    1.093871    1.2925998  -1.3381615
   0.7336041  -0.9543844   1.3439636  -1.3359987 ]
 [ 1.8794471  -0.78279173 -2.77907    -2.741797    2.7101018   2.7879546
   2.4554327  -2.647141    0.93482333 -2.6927104  -2.454217    2.7461574
  -0.60419834  2.5831723  -2.7359776   2.7272415 ]]

cov
[[0.1 0.1 0.1 0.1 0.1 0.1 0.1 0.1 0.1 0.1 0.1 0.1 0.1 0.1 0.1 0.1]
 [0.1 0.1 0.1 0.1 0.1 0.1 0.1 0.1 0.1 0.1 0.1 0.1 0.1 0.1 0.1 0.1]
 [0.1 0.1 0.1 0.1 0.1 0.1 0.1 0.1 0.1 0.1 0.1 0.1 0.1 0.1 0.1 0.1]
 [0.1 0.1 0.1 0.1 0.1 0.1 0.1 0.1 0.1 0.1 0.1 0.1 0.1 0.1 0.1 0.1]
 [0.1 0.1 0.1 0.1 0.1 0.1 0.1 0.1 0.1 0.1 0.1 0.1 0.1 0.1 0.1 0.1]]

trans
[[0.33653876 0.1305579  0.14585914 0.12282594 0.5579157 ]
 [0.49178514 0.75120616 0.26786387 0.51934236 0.17965606]
 [0.00916677 0.010083   0.10978045 0.08283016 0.0214181 ]
 [0.05177214 0.09488581 0.43408895 0.25179622 0.03334719]
 [0.1107372  0.01326718 0.04240761 0.02320525 0.20766297]]

lengths
[1.3149042 1.4333613 1.2140918 1.2778478 1.2858982]

Epoch: 18, Loss: 6884.9907
mean
[[ 0.8401995  -0.09715931 -0.941841   -0.94869804  0.97293794  0.8897335
   0.9181538  -0.98267907  0.3093198  -0.8030558  -0.9721687   0.95307297
   0.06801537  0.76062244 -0.96762246  0.9798015 ]
 [-0.1686734   0.12652282  0.18480983  0.11411296 -0.18369642 -0.1389696
  -0.20731685  0.12065484  0.10086319  0.13162498  0.10189434 -0.11377318
  -0.10851127 -0.1365601   0.11782812 -0.12493863]
 [-1.9217703   0.9868494   3.2458723   3.2740953  -3.2556887  -3.2948058
  -2.9319959   3.1048722  -1.1396489   3.197322    2.888968   -3.253939
   0.62069184 -3.195854    3.2197192  -3.1701295 ]
 [-0.6391078  -0.44729728  0.9582322   1.3236933  -0.9548951  -1.1593574
  -0.67686486  1.3282083  -1.2397083   1.0864476   1.2827492  -1.3276566
   0.7274334  -0.9487122   1.3334295  -1.3255739 ]
 [ 1.8902411  -0.7917018  -2.7932136  -2.7519555   2.7239535   2.7996738
   2.4699872  -2.6570325   0.9314631  -2.7039542  -2.4631793   2.756375
  -0.60056853  2.5947986  -2.7462034   2.7376206 ]]

cov
[[0.1 0.1 0.1 0.1 0.1 0.1 0.1 0.1 0.1 0.1 0.1 0.1 0.1 0.1 0.1 0.1]
 [0.1 0.1 0.1 0.1 0.1 0.1 0.1 0.1 0.1 0.1 0.1 0.1 0.1 0.1 0.1 0.1]
 [0.1 0.1 0.1 0.1 0.1 0.1 0.1 0.1 0.1 0.1 0.1 0.1 0.1 0.1 0.1 0.1]
 [0.1 0.1 0.1 0.1 0.1 0.1 0.1 0.1 0.1 0.1 0.1 0.1 0.1 0.1 0.1 0.1]
 [0.1 0.1 0.1 0.1 0.1 0.1 0.1 0.1 0.1 0.1 0.1 0.1 0.1 0.1 0.1 0.1]]

trans
[[0.33694732 0.13023634 0.14580756 0.12199988 0.55908364]
 [0.4915985  0.7505853  0.26880935 0.52082336 0.18019879]
 [0.00907443 0.00997632 0.11248063 0.08377387 0.02191922]
 [0.0519971  0.09609782 0.43155557 0.25041118 0.03470566]
 [0.11038262 0.01310423 0.04134688 0.02299169 0.20409273]]

lengths
[1.3150957 1.4333707 1.2144727 1.279334  1.2833413]

Epoch: 19, Loss: 6884.8843
mean
[[ 0.8419255  -0.09846658 -0.9446089  -0.95118874  0.9758037   0.89290553
   0.92064    -0.9855083   0.30934665 -0.8062439  -0.97439367  0.95559156
   0.06826171  0.7637049  -0.9703379   0.98268247]
 [-0.16730697  0.12764692  0.18467063  0.11270133 -0.18330921 -0.13901621
  -0.20623556  0.12204725  0.10207133  0.13206509  0.10159408 -0.11271146
  -0.10875974 -0.13666177  0.11751096 -0.12550157]
 [-1.9082661   0.96364367  3.2248905   3.2680354  -3.2344306  -3.2814105
  -2.9044561   3.101669   -1.1703017   3.18306     2.8875155  -3.2483509
   0.64150363 -3.1778913   3.2147908  -3.1655502 ]
 [-0.6389136  -0.44163442  0.952445    1.313518   -0.9495042  -1.1507025
  -0.6755278   1.3184853  -1.2284175   1.0777947   1.2737113  -1.3174771
   0.716548   -0.9407115   1.3233646  -1.3158139 ]
 [ 1.8981608  -0.7926415  -2.8050258  -2.760821    2.7355194   2.8097334
   2.4816442  -2.6655889   0.93346393 -2.7135658  -2.4708831   2.7653012
  -0.6004181   2.6045008  -2.7551122   2.7466218 ]]

cov
[[0.1 0.1 0.1 0.1 0.1 0.1 0.1 0.1 0.1 0.1 0.1 0.1 0.1 0.1 0.1 0.1]
 [0.1 0.1 0.1 0.1 0.1 0.1 0.1 0.1 0.1 0.1 0.1 0.1 0.1 0.1 0.1 0.1]
 [0.1 0.1 0.1 0.1 0.1 0.1 0.1 0.1 0.1 0.1 0.1 0.1 0.1 0.1 0.1 0.1]
 [0.1 0.1 0.1 0.1 0.1 0.1 0.1 0.1 0.1 0.1 0.1 0.1 0.1 0.1 0.1 0.1]
 [0.1 0.1 0.1 0.1 0.1 0.1 0.1 0.1 0.1 0.1 0.1 0.1 0.1 0.1 0.1 0.1]]

trans
[[0.33723027 0.13007048 0.14870842 0.12126721 0.56000406]
 [0.49127927 0.7503642  0.26679942 0.521203   0.17996857]
 [0.00911886 0.00983884 0.11335681 0.08601271 0.02242507]
 [0.05259618 0.09678105 0.4307809  0.24875686 0.03604883]
 [0.10977542 0.01294544 0.04035446 0.02276025 0.20155348]]

lengths
[1.3149458 1.4332105 1.2147462 1.2745    1.2851907]

Epoch: 20, Loss: 6884.6559
mean
[[ 0.84405506 -0.09987303 -0.9480101  -0.95377886  0.97902167  0.8959955
   0.92373365 -0.98803884  0.30997783 -0.80940616 -0.97698164  0.95820665
   0.06758951  0.7665523  -0.9730038   0.9853589 ]
 [-0.16538388  0.12838814  0.18442266  0.11174729 -0.18283436 -0.13914971
  -0.20497385  0.12354142  0.10351551  0.13240549  0.10138784 -0.11209657
  -0.10891949 -0.13662012  0.11740765 -0.12609464]
 [-1.8920553   0.92981315  3.2026513   3.2639263  -3.2117887  -3.268465
  -2.8747313   3.0995822  -1.2115761   3.1693532   2.886677   -3.2446444
   0.6754962  -3.1588693   3.2115128  -3.1622894 ]
 [-0.63601655 -0.43444076  0.94660616  1.3027077  -0.9439845  -1.1414424
  -0.67329705  1.3081691  -1.2134999   1.0687227   1.2639886  -1.3066767
   0.70508355 -0.93341845  1.3126997  -1.3054638 ]
 [ 1.9027041  -0.791722   -2.8139856  -2.7681897   2.7441978   2.8178637
   2.489671   -2.672533    0.9377842  -2.7213216  -2.47698     2.7727199
  -0.60493094  2.6120098  -2.7624726   2.7539852 ]]

cov
[[0.1 0.1 0.1 0.1 0.1 0.1 0.1 0.1 0.1 0.1 0.1 0.1 0.1 0.1 0.1 0.1]
 [0.1 0.1 0.1 0.1 0.1 0.1 0.1 0.1 0.1 0.1 0.1 0.1 0.1 0.1 0.1 0.1]
 [0.1 0.1 0.1 0.1 0.1 0.1 0.1 0.1 0.1 0.1 0.1 0.1 0.1 0.1 0.1 0.1]
 [0.1 0.1 0.1 0.1 0.1 0.1 0.1 0.1 0.1 0.1 0.1 0.1 0.1 0.1 0.1 0.1]
 [0.1 0.1 0.1 0.1 0.1 0.1 0.1 0.1 0.1 0.1 0.1 0.1 0.1 0.1 0.1 0.1]]

trans
[[0.33736646 0.12989703 0.15186025 0.12077922 0.56115997]
 [0.490611   0.7499753  0.2607353  0.52179116 0.17882289]
 [0.00923438 0.00979707 0.11557953 0.0874713  0.02290573]
 [0.05358149 0.09746947 0.43262297 0.24745263 0.03732467]
 [0.10920665 0.01286114 0.03920198 0.02250567 0.19978672]]

lengths
[1.3151574 1.432954  1.2131555 1.2769705 1.2878026]

Epoch: 21, Loss: 6884.3369
mean
[[ 0.84610283 -0.10130358 -0.9508473  -0.95598054  0.98183703  0.8988456
   0.9265003  -0.99027765  0.30966485 -0.81223094 -0.97913647  0.9603844
   0.0680968   0.7694539  -0.9751372   0.9875402 ]
 [-0.16368397  0.12894844  0.1842738   0.11141288 -0.18257186 -0.13937502
  -0.20381741  0.12517647  0.10524868  0.1325299   0.10147878 -0.11204538
  -0.10959522 -0.13634254  0.11763044 -0.12680306]
 [-1.8736199   0.8911986   3.1787865   3.2575336  -3.1870563  -3.2548664
  -2.8431776   3.0941534  -1.2481066   3.155761    2.882056   -3.2385628
   0.70706445 -3.1395943   3.2055871  -3.156082  ]
 [-0.6330243  -0.4280422   0.9400725   1.2912378  -0.937645   -1.131822
  -0.66965854  1.2969949  -1.1980311   1.0595903   1.2533758  -1.2951866
   0.6954265  -0.9257779   1.3012726  -1.2943062 ]
 [ 1.9047434  -0.79309845 -2.820607   -2.774383    2.7504487   2.8245082
   2.4947312  -2.6781566   0.9411503  -2.7277431  -2.481725    2.7789457
  -0.6102472   2.6179721  -2.7685914   2.760018  ]]

cov
[[0.1 0.1 0.1 0.1 0.1 0.1 0.1 0.1 0.1 0.1 0.1 0.1 0.1 0.1 0.1 0.1]
 [0.1 0.1 0.1 0.1 0.1 0.1 0.1 0.1 0.1 0.1 0.1 0.1 0.1 0.1 0.1 0.1]
 [0.1 0.1 0.1 0.1 0.1 0.1 0.1 0.1 0.1 0.1 0.1 0.1 0.1 0.1 0.1 0.1]
 [0.1 0.1 0.1 0.1 0.1 0.1 0.1 0.1 0.1 0.1 0.1 0.1 0.1 0.1 0.1 0.1]
 [0.1 0.1 0.1 0.1 0.1 0.1 0.1 0.1 0.1 0.1 0.1 0.1 0.1 0.1 0.1 0.1]]

trans
[[0.3372615  0.12959579 0.15291148 0.12084251 0.56191075]
 [0.4899247  0.7493238  0.2546309  0.52249074 0.1775278 ]
 [0.00940645 0.00987095 0.11768923 0.08742237 0.023357  ]
 [0.0547048  0.09835842 0.43685564 0.24700375 0.03852054]
 [0.10870257 0.01285105 0.03791279 0.02224067 0.19868389]]

lengths
[1.3155637 1.4328635 1.2166986 1.275127  1.2881539]

Epoch: 22, Loss: 6884.1945
mean
[[ 0.8480046  -0.10261841 -0.95371324 -0.95817554  0.98464215  0.90164274
   0.9291618  -0.99262214  0.30978265 -0.81499344 -0.98129576  0.9625678
   0.06822983  0.7720443  -0.9773648   0.98988754]
 [-0.16252212  0.12944639  0.18425016  0.11166194 -0.1826242  -0.13967791
  -0.2027549   0.12698649  0.10691343  0.13233964  0.1020942  -0.11249334
  -0.11074756 -0.13571432  0.11818069 -0.12767148]
 [-1.8571389   0.85021245  3.1542854   3.2500887  -3.1615098  -3.240534
  -2.8112125   3.0885649  -1.2806035   3.1414645   2.8776202  -3.231435
   0.72973084 -3.1196995   3.1989052  -3.1493306 ]
 [-0.6269022  -0.41685522  0.9344381   1.2797711  -0.9318131  -1.1233947
  -0.66707516  1.2849112  -1.1824566   1.0522475   1.2413161  -1.2836485
   0.6872996  -0.9205721   1.289541   -1.2826271 ]
 [ 1.9057021  -0.7956868  -2.8257103  -2.7797961   2.755119    2.830185
   2.4980109  -2.6829274   0.9432361  -2.7333403  -2.4856389   2.784375
  -0.6136141   2.6230419  -2.7738845   2.765175  ]]

cov
[[0.1 0.1 0.1 0.1 0.1 0.1 0.1 0.1 0.1 0.1 0.1 0.1 0.1 0.1 0.1 0.1]
 [0.1 0.1 0.1 0.1 0.1 0.1 0.1 0.1 0.1 0.1 0.1 0.1 0.1 0.1 0.1 0.1]
 [0.1 0.1 0.1 0.1 0.1 0.1 0.1 0.1 0.1 0.1 0.1 0.1 0.1 0.1 0.1 0.1]
 [0.1 0.1 0.1 0.1 0.1 0.1 0.1 0.1 0.1 0.1 0.1 0.1 0.1 0.1 0.1 0.1]
 [0.1 0.1 0.1 0.1 0.1 0.1 0.1 0.1 0.1 0.1 0.1 0.1 0.1 0.1 0.1 0.1]]

trans
[[0.33704254 0.12930894 0.15231895 0.12092324 0.5615835 ]
 [0.4893092  0.74848616 0.24856211 0.5228646  0.17674428]
 [0.00957658 0.00999995 0.11826342 0.08810133 0.02378414]
 [0.05583984 0.09933517 0.44431362 0.24610984 0.03965445]
 [0.10823186 0.01286978 0.03654191 0.02200102 0.1982336 ]]

lengths
[1.3159683 1.4327034 1.2200122 1.2754564 1.2866136]

Epoch: 23, Loss: 6884.1752
mean
[[ 0.8496332  -0.10368964 -0.955983   -0.9598679   0.9868809   0.90378606
   0.93141603 -0.99433595  0.30990246 -0.81719303 -0.9830011   0.9642658
   0.06812282  0.7741553  -0.9791075   0.99166757]
 [-0.16274868  0.1292403   0.1842236   0.11185471 -0.18306674 -0.13954097
  -0.2020103   0.12900373  0.10841899  0.13119215  0.10371986 -0.11282726
  -0.11306503 -0.1341154   0.11867047 -0.12853895]
 [-1.8526131   0.80616045  3.1316805   3.243791   -3.1387143  -3.2251022
  -2.7835255   3.0881085  -1.3107967   3.1244028   2.88039    -3.225633
   0.73612344 -3.0973666   3.194696   -3.146096  ]
 [-0.61765516 -0.40336996  0.9300809   1.2696799  -0.92653424 -1.1176678
  -0.66348827  1.2724789  -1.1666386   1.048423    1.2277035  -1.2733804
   0.68381804 -0.9191267   1.2786126  -1.2712963 ]
 [ 1.9066952  -0.7975085  -2.8299835  -2.78467     2.7589548   2.835224
   2.500564   -2.6871927   0.9449049  -2.7383754  -2.4891412   2.7892542
  -0.61539435  2.6275873  -2.7786307   2.769781  ]]

cov
[[0.1 0.1 0.1 0.1 0.1 0.1 0.1 0.1 0.1 0.1 0.1 0.1 0.1 0.1 0.1 0.1]
 [0.1 0.1 0.1 0.1 0.1 0.1 0.1 0.1 0.1 0.1 0.1 0.1 0.1 0.1 0.1 0.1]
 [0.1 0.1 0.1 0.1 0.1 0.1 0.1 0.1 0.1 0.1 0.1 0.1 0.1 0.1 0.1 0.1]
 [0.1 0.1 0.1 0.1 0.1 0.1 0.1 0.1 0.1 0.1 0.1 0.1 0.1 0.1 0.1 0.1]
 [0.1 0.1 0.1 0.1 0.1 0.1 0.1 0.1 0.1 0.1 0.1 0.1 0.1 0.1 0.1 0.1]]

trans
[[0.33674324 0.12907061 0.15203585 0.12104306 0.5604388 ]
 [0.48890194 0.7475679  0.24525851 0.5222691  0.17640537]
 [0.009731   0.01017265 0.11718518 0.08919031 0.0241772 ]
 [0.05682886 0.1003043  0.45022854 0.24571349 0.04072914]
 [0.10779497 0.01288453 0.03529195 0.02178404 0.19824949]]

lengths
[1.315949  1.4326493 1.218592  1.2780408 1.2851875]

Epoch: 24, Loss: 6884.1031
mean
[[ 0.8508621  -0.1044623  -0.95762414 -0.9610619   0.98851925  0.90542233
   0.93299717 -0.9955274   0.30972046 -0.8189089  -0.9841807   0.9654505
   0.06857023  0.77578586 -0.9802697   0.99284697]
 [-0.16243121  0.13027793  0.18456906  0.11163294 -0.18396622 -0.13958582
  -0.20146008  0.13051726  0.11006723  0.13031009  0.10533606 -0.11265372
  -0.114285   -0.13309768  0.11862778 -0.12887134]
 [-1.8491311   0.76895475  3.1120036   3.2377975  -3.119173   -3.211365
  -2.7598453   3.0866847  -1.3335764   3.109067    2.8818772  -3.22004
   0.7438121  -3.077147    3.190278   -3.1425626 ]
 [-0.6149266  -0.3975343   0.9252953   1.2610372  -0.9214033  -1.1115382
  -0.6608661   1.2623721  -1.1534765   1.0430989   1.2170069  -1.2645919
   0.6797962  -0.9145243   1.2694174  -1.261841  ]
 [ 1.9080985  -0.798066   -2.833679   -2.7889483   2.7622705   2.8396015
   2.5028734  -2.6909928   0.9465097  -2.7427337  -2.4923313   2.7935371
  -0.61669576  2.631534   -2.782812    2.7738538 ]]

cov
[[0.1 0.1 0.1 0.1 0.1 0.1 0.1 0.1 0.1 0.1 0.1 0.1 0.1 0.1 0.1 0.1]
 [0.1 0.1 0.1 0.1 0.1 0.1 0.1 0.1 0.1 0.1 0.1 0.1 0.1 0.1 0.1 0.1]
 [0.1 0.1 0.1 0.1 0.1 0.1 0.1 0.1 0.1 0.1 0.1 0.1 0.1 0.1 0.1 0.1]
 [0.1 0.1 0.1 0.1 0.1 0.1 0.1 0.1 0.1 0.1 0.1 0.1 0.1 0.1 0.1 0.1]
 [0.1 0.1 0.1 0.1 0.1 0.1 0.1 0.1 0.1 0.1 0.1 0.1 0.1 0.1 0.1 0.1]]

trans
[[0.33652332 0.12882572 0.15065743 0.12167753 0.5593613 ]
 [0.48863527 0.7467491  0.24428417 0.5220105  0.17601626]
 [0.00992527 0.01032598 0.11657072 0.08981488 0.0245126 ]
 [0.05745203 0.10121915 0.45427266 0.24494216 0.04171501]
 [0.1074641  0.01288    0.03421502 0.02155492 0.19839485]]

lengths
[1.3160863 1.4327486 1.2152469 1.2772155 1.2846853]

Epoch: 25, Loss: 6884.0424
mean
[[ 0.85175794 -0.10525969 -0.9590909  -0.96206087  0.9899612   0.9067448
   0.9344074  -0.99668306  0.3097501  -0.82024544 -0.9853204   0.966448
   0.06848869  0.7770315  -0.9812975   0.9939646 ]
 [-0.16092995  0.13115503  0.1852551   0.11099529 -0.1851558  -0.14007454
  -0.2007557   0.13124084  0.11117497  0.1301876   0.10648894 -0.11198443
  -0.11364989 -0.13309991  0.1179841  -0.12850948]
 [-1.8411489   0.7439354   3.0963864   3.2323935  -3.103502   -3.201513
  -2.7402666   3.0823998  -1.3482463   3.0986774   2.8787742  -3.214827
   0.75718933 -3.0625746   3.185238   -3.1377044 ]
 [-0.6132933  -0.39397052  0.92167675  1.2543533  -0.9179767  -1.1056763
  -0.6596459   1.2561264  -1.1448842   1.0373715   1.2113761  -1.2579154
   0.6732769  -0.91001266  1.2628565  -1.2554717 ]
 [ 1.9097762  -0.7980576  -2.8368142  -2.7925189   2.7651184   2.84321
   2.5050156  -2.6942556   0.94796294 -2.7462604  -2.4951508   2.7971172
  -0.617931    2.6347268  -2.7863348   2.7773128 ]]

cov
[[0.1 0.1 0.1 0.1 0.1 0.1 0.1 0.1 0.1 0.1 0.1 0.1 0.1 0.1 0.1 0.1]
 [0.1 0.1 0.1 0.1 0.1 0.1 0.1 0.1 0.1 0.1 0.1 0.1 0.1 0.1 0.1 0.1]
 [0.1 0.1 0.1 0.1 0.1 0.1 0.1 0.1 0.1 0.1 0.1 0.1 0.1 0.1 0.1 0.1]
 [0.1 0.1 0.1 0.1 0.1 0.1 0.1 0.1 0.1 0.1 0.1 0.1 0.1 0.1 0.1 0.1]
 [0.1 0.1 0.1 0.1 0.1 0.1 0.1 0.1 0.1 0.1 0.1 0.1 0.1 0.1 0.1 0.1]]

trans
[[0.33636189 0.12869833 0.14887232 0.12207606 0.55890197]
 [0.48837948 0.74620503 0.24403787 0.5220628  0.17534897]
 [0.01013312 0.01042581 0.11841635 0.08993168 0.02477489]
 [0.0578564  0.10181667 0.45530626 0.24459843 0.04256282]
 [0.10726915 0.01285416 0.03336719 0.02133103 0.19841132]]

lengths
[1.3160479 1.4328161 1.2144393 1.2781463 1.2845103]

Epoch: 26, Loss: 6884.1234
mean
[[ 0.8524512  -0.10579378 -0.96025115 -0.9628227   0.9911059   0.90773124
   0.93545276 -0.9976305   0.30982956 -0.8212495  -0.9862413   0.96722645
   0.06829195  0.77808005 -0.982158    0.99490553]
 [-0.15960157  0.1308972   0.18611248  0.1099565  -0.18658116 -0.14063919
  -0.20013535  0.1313084   0.11165477  0.13024206  0.10740168 -0.1108989
  -0.11310478 -0.13333037  0.11685894 -0.12756823]
 [-1.8322529   0.72565794  3.0835013   3.2275171  -3.090503   -3.1933994
  -2.7239158   3.0780766  -1.3616428   3.090349    2.8750608  -3.21006
   0.76910925 -3.0511072   3.1805682  -3.1331124 ]
 [-0.6111247  -0.38816875  0.9192798   1.2489214  -0.91550785 -1.1015214
  -0.65867     1.2510493  -1.1379514   1.0337081   1.2065977  -1.2525312
   0.6674838  -0.90766466  1.257558   -1.2503359 ]
 [ 1.9114646  -0.79826564 -2.8394482  -2.7954266   2.7675471   2.846118
   2.506978   -2.6969926   0.949166   -2.7490425  -2.4975765   2.80004
  -0.61907333  2.6372447  -2.7892356   2.7801852 ]]

cov
[[0.1 0.1 0.1 0.1 0.1 0.1 0.1 0.1 0.1 0.1 0.1 0.1 0.1 0.1 0.1 0.1]
 [0.1 0.1 0.1 0.1 0.1 0.1 0.1 0.1 0.1 0.1 0.1 0.1 0.1 0.1 0.1 0.1]
 [0.1 0.1 0.1 0.1 0.1 0.1 0.1 0.1 0.1 0.1 0.1 0.1 0.1 0.1 0.1 0.1]
 [0.1 0.1 0.1 0.1 0.1 0.1 0.1 0.1 0.1 0.1 0.1 0.1 0.1 0.1 0.1 0.1]
 [0.1 0.1 0.1 0.1 0.1 0.1 0.1 0.1 0.1 0.1 0.1 0.1 0.1 0.1 0.1 0.1]]

trans
[[0.33611625 0.1286816  0.14720458 0.12205169 0.55894   ]
 [0.48819113 0.7458192  0.24324337 0.52141047 0.17459902]
 [0.01030855 0.01046687 0.1208076  0.09061408 0.02496942]
 [0.0582313  0.10221566 0.45607853 0.2447623  0.04323823]
 [0.10715274 0.01281664 0.0326659  0.02116146 0.1982533 ]]

lengths
[1.3161688 1.4328331 1.2168144 1.2755066 1.2841214]

Loss didn't improve for 1 epochs
Epoch: 27, Loss: 6884.2401
mean
[[ 0.8531949  -0.10617123 -0.9613094  -0.96361434  0.99215055  0.9087796
   0.93642247 -0.998496    0.3099143  -0.82233584 -0.98711056  0.9680245
   0.06839845  0.7790844  -0.9829863   0.9957652 ]
 [-0.15886937  0.13069162  0.18701674  0.10867286 -0.18813297 -0.14106262
  -0.19967261  0.13091683  0.11180928  0.13016653  0.10808118 -0.10960144
  -0.11330889 -0.13341105  0.1155073  -0.12629342]
 [-1.8256351   0.70849603  3.0721385   3.2237816  -3.0790374  -3.1858463
  -2.7097971   3.0759087  -1.3774734   3.082368    2.8737473  -3.2064617
   0.7777513  -3.0407383   3.1774445  -3.1302617 ]
 [-0.60937554 -0.38256744  0.91735023  1.2439636  -0.9133954  -1.0983639
  -0.6582138   1.24545    -1.1299665   1.0310861   1.2006414  -1.2475358
   0.66355443 -0.9058135   1.2523748  -1.2450662 ]
 [ 1.9128954  -0.79892296 -2.841658   -2.7977743   2.7696002   2.8484743
   2.5087233  -2.6992311   0.9500056  -2.751285   -2.49957     2.8024042
  -0.62007546  2.6392968  -2.7915916   2.7825263 ]]

cov
[[0.1 0.1 0.1 0.1 0.1 0.1 0.1 0.1 0.1 0.1 0.1 0.1 0.1 0.1 0.1 0.1]
 [0.1 0.1 0.1 0.1 0.1 0.1 0.1 0.1 0.1 0.1 0.1 0.1 0.1 0.1 0.1 0.1]
 [0.1 0.1 0.1 0.1 0.1 0.1 0.1 0.1 0.1 0.1 0.1 0.1 0.1 0.1 0.1 0.1]
 [0.1 0.1 0.1 0.1 0.1 0.1 0.1 0.1 0.1 0.1 0.1 0.1 0.1 0.1 0.1 0.1]
 [0.1 0.1 0.1 0.1 0.1 0.1 0.1 0.1 0.1 0.1 0.1 0.1 0.1 0.1 0.1 0.1]]

trans
[[0.33589315 0.12866743 0.1459254  0.12177733 0.55915976]
 [0.48791957 0.7453791  0.24150723 0.52149326 0.17398657]
 [0.01043116 0.01048365 0.12183071 0.0915302  0.0251119 ]
 [0.05868372 0.1026863  0.45869833 0.24418582 0.04374736]
 [0.1070724  0.01278352 0.03203833 0.02101337 0.19799443]]

lengths
[1.3161988 1.4328675 1.2174658 1.2756577 1.2836446]

Loss didn't improve for 2 epochs
Epoch: 28, Loss: 6884.3375
mean
[[ 0.8539429  -0.1065097  -0.9623228  -0.9644551   0.9931694   0.9098257
   0.9373821  -0.999397    0.31003293 -0.82336223 -0.9880144   0.96886253
   0.06840871  0.7799695  -0.98383015  0.9966487 ]
 [-0.15845072  0.13075334  0.18775885  0.10720485 -0.18955965 -0.14116903
  -0.19918364  0.13013454  0.11183809  0.12978557  0.10840108 -0.10815953
  -0.11383928 -0.13316555  0.11402379 -0.1247945 ]
 [-1.8222439   0.6873309   3.0601428   3.2200143  -3.0674157  -3.176805
  -2.6957328   3.075466   -1.3961949   3.072088    2.87523    -3.202989
   0.78364724 -3.028014    3.174895   -3.1283717 ]
 [-0.60575205 -0.37502816  0.9147628   1.2381477  -0.9104828  -1.094376
  -0.6571737   1.2387084  -1.1204954   1.0277679   1.1934719  -1.2416368
   0.659658   -0.9038294   1.2462254  -1.2387632 ]
 [ 1.9139137  -0.7997838  -2.8435273  -2.7996902   2.7713232   2.8504462
   2.5102193  -2.7010262   0.9506107  -2.7532024  -2.5011282   2.8043327
  -0.6210932   2.6410947  -2.7935057   2.7844186 ]]

cov
[[0.1 0.1 0.1 0.1 0.1 0.1 0.1 0.1 0.1 0.1 0.1 0.1 0.1 0.1 0.1 0.1]
 [0.1 0.1 0.1 0.1 0.1 0.1 0.1 0.1 0.1 0.1 0.1 0.1 0.1 0.1 0.1 0.1]
 [0.1 0.1 0.1 0.1 0.1 0.1 0.1 0.1 0.1 0.1 0.1 0.1 0.1 0.1 0.1 0.1]
 [0.1 0.1 0.1 0.1 0.1 0.1 0.1 0.1 0.1 0.1 0.1 0.1 0.1 0.1 0.1 0.1]
 [0.1 0.1 0.1 0.1 0.1 0.1 0.1 0.1 0.1 0.1 0.1 0.1 0.1 0.1 0.1 0.1]]

trans
[[0.33573925 0.12861352 0.14576088 0.12165186 0.5593648 ]
 [0.48749372 0.7449316  0.24047771 0.52210414 0.17356585]
 [0.01050359 0.01051266 0.12181035 0.09226761 0.02521849]
 [0.05925783 0.10318076 0.46041402 0.24309544 0.04412329]
 [0.10700559 0.01276148 0.03153705 0.02088095 0.19772759]]

lengths
[1.3162426 1.4328783 1.218288  1.2760674 1.2833081]

Loss didn't improve for 3 epochs
Epoch: 29, Loss: 6884.3843
mean
[[ 0.85481143 -0.10690163 -0.96346694 -0.9653528   0.99431115  0.9109064
   0.93845016 -1.000367    0.31008756 -0.8244301  -0.98896813  0.9697617
   0.06854244  0.7809941  -0.98475456  0.9976189 ]
 [-0.15791877  0.1311593   0.18863206  0.10580853 -0.19106644 -0.14130612
  -0.19884995  0.12907068  0.11217442  0.12946112  0.10825011 -0.10678501
  -0.11419294 -0.13302398  0.11257271 -0.12324777]
 [-1.8207498   0.6629071   3.047221    3.2153974  -3.055236   -3.166503
  -2.6812878   3.0747488  -1.4141129   3.0601358   2.8771126  -3.19877
   0.78835124 -3.013186    3.1716766  -3.1259415 ]
 [-0.6028329  -0.3684996   0.9119075   1.2316842  -0.9073992  -1.0898565
  -0.65582883  1.2316643  -1.110682    1.0240091   1.1862793  -1.2351146
   0.65496147 -0.90139735  1.2395391  -1.2320307 ]
 [ 1.9145329  -0.80055064 -2.8451383  -2.801319    2.7727754   2.8521843
   2.511466   -2.7024834   0.95124817 -2.754958   -2.5023313   2.8059673
  -0.62226385  2.6427813  -2.7951083   2.7859826 ]]

cov
[[0.1 0.1 0.1 0.1 0.1 0.1 0.1 0.1 0.1 0.1 0.1 0.1 0.1 0.1 0.1 0.1]
 [0.1 0.1 0.1 0.1 0.1 0.1 0.1 0.1 0.1 0.1 0.1 0.1 0.1 0.1 0.1 0.1]
 [0.1 0.1 0.1 0.1 0.1 0.1 0.1 0.1 0.1 0.1 0.1 0.1 0.1 0.1 0.1 0.1]
 [0.1 0.1 0.1 0.1 0.1 0.1 0.1 0.1 0.1 0.1 0.1 0.1 0.1 0.1 0.1 0.1]
 [0.1 0.1 0.1 0.1 0.1 0.1 0.1 0.1 0.1 0.1 0.1 0.1 0.1 0.1 0.1 0.1]]

trans
[[0.33558324 0.12856539 0.14605343 0.12170413 0.55952   ]
 [0.48690888 0.7443374  0.24014188 0.5222869  0.17326297]
 [0.01053924 0.01057809 0.12122393 0.09263998 0.02530125]
 [0.06001471 0.10376293 0.46147254 0.24260217 0.04440813]
 [0.10695393 0.01275623 0.03110821 0.02076686 0.19750765]]

lengths
[1.3162147 1.4328585 1.2208618 1.277005  1.2831029]

Loss didn't improve for 4 epochs
Epoch: 30, Loss: 6884.4447
mean
[[ 0.85555315 -0.10729136 -0.9643904  -0.966041    0.99524534  0.911787
   0.93938583 -1.0011392   0.3100629  -0.82530427 -0.9897476   0.9704571
   0.06871504  0.7817978  -0.98548234  0.9983838 ]
 [-0.15772398  0.13244715  0.19080023  0.10497615 -0.1937909  -0.1423671
  -0.19985703  0.12810339  0.1137729   0.12997763  0.10791343 -0.10591561
  -0.114934   -0.13389656  0.1115367  -0.12207057]
 [-1.8212044   0.64227706  3.037769    3.21335    -3.0463636  -3.1600575
  -2.6707144   3.074943   -1.42612     3.0524728   2.8790498  -3.1970572
   0.7919126  -3.0025597   3.1705208  -3.1251278 ]
 [-0.6024778  -0.36721024  0.9102996   1.2278738  -0.90586793 -1.0871439
  -0.65522546  1.2279054  -1.1046754   1.0215225   1.1827966  -1.2312988
   0.6516215  -0.8993808   1.2357148  -1.2283028 ]
 [ 1.9148672  -0.80128837 -2.846592   -2.8028016   2.7740452   2.853825
   2.512521   -2.7037323   0.9519621  -2.756683   -2.5032976   2.8074486
  -0.62359226  2.6444685  -2.7965372   2.7873535 ]]

cov
[[0.1 0.1 0.1 0.1 0.1 0.1 0.1 0.1 0.1 0.1 0.1 0.1 0.1 0.1 0.1 0.1]
 [0.1 0.1 0.1 0.1 0.1 0.1 0.1 0.1 0.1 0.1 0.1 0.1 0.1 0.1 0.1 0.1]
 [0.1 0.1 0.1 0.1 0.1 0.1 0.1 0.1 0.1 0.1 0.1 0.1 0.1 0.1 0.1 0.1]
 [0.1 0.1 0.1 0.1 0.1 0.1 0.1 0.1 0.1 0.1 0.1 0.1 0.1 0.1 0.1 0.1]
 [0.1 0.1 0.1 0.1 0.1 0.1 0.1 0.1 0.1 0.1 0.1 0.1 0.1 0.1 0.1 0.1]]

trans
[[0.3353105  0.12848924 0.1458116  0.12180021 0.55965173]
 [0.48638827 0.74379915 0.24128418 0.52206624 0.1729886 ]
 [0.01054892 0.01066744 0.11988961 0.09227674 0.02536795]
 [0.06087549 0.10427234 0.4624084  0.24320342 0.04463791]
 [0.10687685 0.01277184 0.03060623 0.02065336 0.19735381]]

lengths
[1.3162321 1.432925  1.2221448 1.2782744 1.282894 ]

Loss didn't improve for 5 epochs
Stopping
cached hsmm
