## SLURM PROLOG ###############################################################
##    Job ID : 868815
##  Job Name : hsmm_Ball
##  Nodelist : node1308
##      CPUs : 4
##  Mem/Node : 16384 MB
## Directory : /gpfs/data/epavlick/debert/hsmm
##   Started : Wed Mar 17 23:46:01 EDT 2021
###############################################################################
hsmm_Ball
loaded cached nbc
loaded cached autoencoder
(32, 184, 16)
(4, 185, 16)
(2, 219, 16)
Epoch: 0, Loss: 5657.3867
mean
[[-0.01525374  0.16716965 -0.24443248  0.31543577 -0.30526578 -0.23376669
   0.3139918   0.28971818  0.27463016 -0.3141804   0.02801924 -0.27972096
   0.20009263 -0.28711826  0.3136777   0.07549422]
 [-0.34192008 -0.3246697  -0.3430888   0.35074455 -0.35348874 -0.35359994
   0.33911926  0.35482657  0.35354424 -0.30002293 -0.34402555 -0.34723672
   0.34216893 -0.35298783  0.3439424   0.34434652]
 [ 0.00847032  0.15668236 -0.21680161  0.29273212 -0.280201   -0.2013263
   0.2963477   0.25848272  0.24028657 -0.3026714   0.03848388 -0.25575605
   0.18335772 -0.2564451   0.2977745   0.05683853]
 [ 0.03428953  0.15102749 -0.17445938  0.25576937 -0.23964018 -0.1566724
   0.2644278   0.21238872  0.19198082 -0.27432397  0.05115414 -0.21749644
   0.15170301 -0.21089993  0.27006963  0.03691301]
 [ 0.14470533  0.22672069  0.31022686 -0.13174635  0.13680297  0.14241767
  -0.12298186 -0.1433078  -0.14320907  0.11942157  0.14476518  0.13794217
  -0.13324726  0.14237642 -0.13391149 -0.13975054]]

cov
[[0.1 0.1 0.1 0.1 0.1 0.1 0.1 0.1 0.1 0.1 0.1 0.1 0.1 0.1 0.1 0.1]
 [0.1 0.1 0.1 0.1 0.1 0.1 0.1 0.1 0.1 0.1 0.1 0.1 0.1 0.1 0.1 0.1]
 [0.1 0.1 0.1 0.1 0.1 0.1 0.1 0.1 0.1 0.1 0.1 0.1 0.1 0.1 0.1 0.1]
 [0.1 0.1 0.1 0.1 0.1 0.1 0.1 0.1 0.1 0.1 0.1 0.1 0.1 0.1 0.1 0.1]
 [0.1 0.1 0.1 0.1 0.1 0.1 0.1 0.1 0.1 0.1 0.1 0.1 0.1 0.1 0.1 0.1]]

trans
[[0.17679201 0.16112979 0.17642987 0.17642935 0.17181161]
 [0.22654079 0.26530674 0.22308141 0.2195988  0.21138653]
 [0.17564578 0.16106813 0.17513578 0.17523438 0.17164922]
 [0.18717834 0.16149022 0.19232938 0.19569065 0.17174228]
 [0.23384306 0.25100517 0.23302357 0.23304684 0.27341035]]

lengths
[1.2027199 1.3510681 1.2099308 1.2300725 1.3864775]

Epoch: 1, Loss: 4608.3378
mean
[[ 0.01527846  0.33211726 -0.16020277  0.38232827 -0.33858436 -0.10278665
   0.34019193  0.30237892  0.21498881 -0.26008925  0.12014621 -0.20400727
   0.04673766 -0.26390493  0.51685154 -0.04384379]
 [-0.69869787 -0.60798126 -0.7098894   0.68139386 -0.7170279  -0.71968234
   0.65236944  0.72390056  0.72254235 -0.53152037 -0.700997   -0.6982016
   0.6806659  -0.71968603  0.6966131   0.69918364]
 [-0.04757749 -0.04879196 -0.00292159  0.07876288 -0.08019698  0.01985675
   0.09241516  0.03589924  0.00490866 -0.11390463 -0.0520791  -0.02720693
   0.04438955 -0.02822659  0.16894479  0.06857078]
 [-0.05061081 -0.11014177  0.04947372 -0.00755415  0.01412932  0.05427722
   0.00636099 -0.04697198 -0.05749293 -0.06852432 -0.07033669  0.02536429
   0.03199694  0.04479172  0.03632333  0.03905711]
 [ 0.5062722   0.26824468  0.5925927  -0.4856271   0.4938535   0.5093689
  -0.4618633  -0.5114281  -0.5107669   0.44027656  0.50858766  0.4980483
  -0.48523197  0.50881076 -0.48086038 -0.49731472]]

cov
[[0.1 0.1 0.1 0.1 0.1 0.1 0.1 0.1 0.1 0.1 0.1 0.1 0.1 0.1 0.1 0.1]
 [0.1 0.1 0.1 0.1 0.1 0.1 0.1 0.1 0.1 0.1 0.1 0.1 0.1 0.1 0.1 0.1]
 [0.1 0.1 0.1 0.1 0.1 0.1 0.1 0.1 0.1 0.1 0.1 0.1 0.1 0.1 0.1 0.1]
 [0.1 0.1 0.1 0.1 0.1 0.1 0.1 0.1 0.1 0.1 0.1 0.1 0.1 0.1 0.1 0.1]
 [0.1 0.1 0.1 0.1 0.1 0.1 0.1 0.1 0.1 0.1 0.1 0.1 0.1 0.1 0.1 0.1]]

trans
[[0.13413705 0.12100727 0.13186261 0.13358355 0.13413696]
 [0.17995882 0.41009223 0.16862214 0.16619886 0.17979671]
 [0.20992972 0.12023222 0.22755751 0.2308542  0.13274434]
 [0.24743257 0.12111305 0.26663464 0.26912686 0.13929634]
 [0.22854185 0.2275552  0.20532309 0.20023653 0.41402563]]

lengths
[1.1549044 1.5973166 1.1353158 1.1223016 1.6039841]

Epoch: 2, Loss: 3662.8660
mean
[[ 0.03200902  0.5551173  -0.2003088   0.44416064 -0.3889601  -0.19777444
   0.38480178  0.37251994  0.28676406 -0.21298169  0.11514988 -0.23995282
   0.12063739 -0.32090938  0.6678327   0.01358319]
 [-1.038688   -0.8288849  -1.0636584   1.0024476  -1.0705379  -1.0749724
   0.9542811   1.0858138   1.0828583  -0.70068765 -1.0379373  -1.0348841
   0.99979126 -1.0777013   1.039782    1.034544  ]
 [-0.0176641   0.03708723 -0.06371186  0.05036213 -0.0366945  -0.07703679
   0.08596584  0.01424799  0.04797834 -0.17295855  0.00806018 -0.09536906
   0.11326602 -0.03835527 -0.02149132  0.06141034]
 [ 0.02149824 -0.1884531   0.02877948 -0.16667092  0.13830961 -0.00667779
  -0.14692226 -0.14419083 -0.08096629 -0.05005155 -0.04108439  0.05790256
   0.07021073  0.11502168 -0.20228401  0.08521701]
 [ 0.8671644   0.43054155  0.9248543  -0.8484873   0.85782254  0.87969923
  -0.8140076  -0.88201225 -0.8814579   0.78787494  0.8741839   0.86598325
  -0.84846616  0.8790575  -0.83062637 -0.86240655]]

cov
[[0.1 0.1 0.1 0.1 0.1 0.1 0.1 0.1 0.1 0.1 0.1 0.1 0.1 0.1 0.1 0.1]
 [0.1 0.1 0.1 0.1 0.1 0.1 0.1 0.1 0.1 0.1 0.1 0.1 0.1 0.1 0.1 0.1]
 [0.1 0.1 0.1 0.1 0.1 0.1 0.1 0.1 0.1 0.1 0.1 0.1 0.1 0.1 0.1 0.1]
 [0.1 0.1 0.1 0.1 0.1 0.1 0.1 0.1 0.1 0.1 0.1 0.1 0.1 0.1 0.1 0.1]
 [0.1 0.1 0.1 0.1 0.1 0.1 0.1 0.1 0.1 0.1 0.1 0.1 0.1 0.1 0.1 0.1]]

trans
[[0.15849394 0.10193549 0.08989093 0.08944668 0.10487135]
 [0.14476289 0.5560803  0.11349197 0.11271876 0.14722848]
 [0.26819378 0.08898328 0.31049967 0.3131904  0.09975615]
 [0.24814469 0.08693204 0.34303483 0.34455737 0.12108526]
 [0.18040471 0.16606893 0.14308262 0.1400868  0.5270588 ]]

lengths
[1.1417638 1.5928974 1.1877161 1.1855259 1.6872076]

Epoch: 3, Loss: 3013.8943
mean
[[-0.02409335  0.70843506 -0.34585935  0.54527336 -0.5533866  -0.41005087
   0.49285647  0.5439296   0.47943965 -0.24586385  0.0086874  -0.39235014
   0.28076148 -0.49608293  0.7729639   0.17133042]
 [-1.3446662  -0.9938223  -1.3826938   1.2850744  -1.3876733  -1.395376
   1.2118179   1.4158856   1.4109688  -0.80313057 -1.3353502  -1.3361077
   1.2782828  -1.4044956   1.3345379   1.3309159 ]
 [-0.01597071 -0.01138536 -0.05710607  0.17276163 -0.1548308  -0.04303815
   0.18535693  0.12355575  0.09383233 -0.1706381  -0.0520688  -0.10979804
   0.07939024 -0.12129039  0.11050978  0.0298079 ]
 [-0.03473001 -0.27361912  0.0255843  -0.22619271  0.14210963  0.00494336
  -0.21313863 -0.12872659 -0.05142822  0.03646953 -0.10444561  0.09171873
  -0.07027054  0.10341674 -0.31447455  0.08428491]
 [ 1.2055581   0.64004666  1.2533646  -1.1932826   1.2053492   1.2321124
  -1.1495851  -1.2334032  -1.2342049   1.1229736   1.2207994   1.2172415
  -1.1971825   1.2313759  -1.15633    -1.2124224 ]]

cov
[[0.1 0.1 0.1 0.1 0.1 0.1 0.1 0.1 0.1 0.1 0.1 0.1 0.1 0.1 0.1 0.1]
 [0.1 0.1 0.1 0.1 0.1 0.1 0.1 0.1 0.1 0.1 0.1 0.1 0.1 0.1 0.1 0.1]
 [0.1 0.1 0.1 0.1 0.1 0.1 0.1 0.1 0.1 0.1 0.1 0.1 0.1 0.1 0.1 0.1]
 [0.1 0.1 0.1 0.1 0.1 0.1 0.1 0.1 0.1 0.1 0.1 0.1 0.1 0.1 0.1 0.1]
 [0.1 0.1 0.1 0.1 0.1 0.1 0.1 0.1 0.1 0.1 0.1 0.1 0.1 0.1 0.1 0.1]]

trans
[[0.20127071 0.10441399 0.06056838 0.05909355 0.08508485]
 [0.13216688 0.6448681  0.07634135 0.07662176 0.12017421]
 [0.32256737 0.0721058  0.4649916  0.39078048 0.076571  ]
 [0.20742323 0.06237384 0.30038524 0.37592682 0.12295234]
 [0.13657182 0.11623829 0.09771346 0.09757738 0.5952176 ]]

lengths
[1.1762842 1.4764146 1.2653531 1.2113261 1.6570892]

Epoch: 4, Loss: 2563.8181
mean
[[-0.22750619  0.65056247 -0.5337601   0.6806881  -0.7985871  -0.6779277
   0.6123606   0.81279784  0.7555492  -0.26686054 -0.20153676 -0.6028977
   0.44110516 -0.7660718   0.8455247   0.40508193]
 [-1.6134826  -1.1297048  -1.6584835   1.5296658  -1.659445   -1.6708223
   1.4305575   1.7011418   1.6952221  -0.89377147 -1.5911484  -1.6007357
   1.521458   -1.6903355   1.5702268   1.5883896 ]
 [-0.01199246  0.0547273  -0.03956955  0.05719829 -0.0469232  -0.0436522
   0.06838728  0.00802772  0.00007737 -0.13836461  0.01377177 -0.0445848
   0.10509282 -0.00645826  0.1457575   0.04971918]
 [-0.06123755 -0.3821978   0.11729103 -0.309533    0.17035201  0.08262726
  -0.31038126 -0.14302824 -0.0854976   0.20709959 -0.18530293  0.20842564
  -0.21258336  0.14643395 -0.38341206  0.05714985]
 [ 1.5048976   0.840805    1.5492753  -1.5066113   1.5246704   1.5547086
  -1.4550223  -1.5537573  -1.5573845   1.4260648   1.5340375   1.5378702
  -1.5175202   1.5535161  -1.4425099  -1.5334458 ]]

cov
[[0.1 0.1 0.1 0.1 0.1 0.1 0.1 0.1 0.1 0.1 0.1 0.1 0.1 0.1 0.1 0.1]
 [0.1 0.1 0.1 0.1 0.1 0.1 0.1 0.1 0.1 0.1 0.1 0.1 0.1 0.1 0.1 0.1]
 [0.1 0.1 0.1 0.1 0.1 0.1 0.1 0.1 0.1 0.1 0.1 0.1 0.1 0.1 0.1 0.1]
 [0.1 0.1 0.1 0.1 0.1 0.1 0.1 0.1 0.1 0.1 0.1 0.1 0.1 0.1 0.1 0.1]
 [0.1 0.1 0.1 0.1 0.1 0.1 0.1 0.1 0.1 0.1 0.1 0.1 0.1 0.1 0.1 0.1]]

trans
[[0.24887402 0.1276424  0.03728071 0.04254973 0.0711139 ]
 [0.13871254 0.6678253  0.04693268 0.05684642 0.10059988]
 [0.3511435  0.0666319  0.6549787  0.43173066 0.06205709]
 [0.15968277 0.04987245 0.20003435 0.39412248 0.14081238]
 [0.10158717 0.08802792 0.06077357 0.07475072 0.6254167 ]]

lengths
[1.2461417 1.3584162 1.2576977 1.2283417 1.5697371]

Epoch: 5, Loss: 2255.3732
mean
[[-0.53161687  0.3678498  -0.68460137  0.7839948  -0.9672428  -0.9653159
   0.69372606  1.0580877   1.0271358  -0.21992548 -0.5279639  -0.75561804
   0.61287725 -0.99364966  0.8070094   0.69866645]
 [-1.8511229  -1.2536976  -1.8970771   1.7449833  -1.8870931  -1.8984209
   1.6204103   1.9409568   1.9338456  -1.0111502  -1.8045464  -1.836591
   1.7361307  -1.9364398   1.762658    1.8098203 ]
 [-0.00379052  0.00688252 -0.0643775   0.07250459 -0.06867072 -0.03888898
   0.10961073  0.04353898  0.07501717 -0.18065162 -0.02623372 -0.1087905
   0.05100904 -0.06728428  0.04277064  0.05329474]
 [-0.00853449 -0.5055906   0.26646313 -0.4709623   0.28649533  0.18956673
  -0.48385638 -0.24529088 -0.1962123   0.40525895 -0.21896693  0.38895833
  -0.32958362  0.27593562 -0.4953548   0.02261154]
 [ 1.7601849   1.0094872   1.8012004  -1.7821753   1.8097446   1.8410138
  -1.7230886  -1.8375727  -1.8451478   1.6898075   1.8066096   1.8219843
  -1.8024817   1.839952   -1.6844423  -1.8187492 ]]

cov
[[0.1 0.1 0.1 0.1 0.1 0.1 0.1 0.1 0.1 0.1 0.1 0.1 0.1 0.1 0.1 0.1]
 [0.1 0.1 0.1 0.1 0.1 0.1 0.1 0.1 0.1 0.1 0.1 0.1 0.1 0.1 0.1 0.1]
 [0.1 0.1 0.1 0.1 0.1 0.1 0.1 0.1 0.1 0.1 0.1 0.1 0.1 0.1 0.1 0.1]
 [0.1 0.1 0.1 0.1 0.1 0.1 0.1 0.1 0.1 0.1 0.1 0.1 0.1 0.1 0.1 0.1]
 [0.1 0.1 0.1 0.1 0.1 0.1 0.1 0.1 0.1 0.1 0.1 0.1 0.1 0.1 0.1 0.1]]

trans
[[0.2971897  0.17339605 0.02144826 0.03479937 0.06052072]
 [0.14663506 0.64524984 0.02645313 0.04692437 0.0866879 ]
 [0.36631733 0.06372971 0.8053052  0.43690747 0.05471776]
 [0.11628733 0.04430879 0.11215436 0.41638857 0.1714168 ]
 [0.07357057 0.07331561 0.03463908 0.0649802  0.62665683]]

lengths
[1.3243961 1.2802544 1.1977073 1.2389436 1.470479 ]

Epoch: 6, Loss: 2036.6768
mean
[[-0.833354    0.00524564 -0.81136614  0.802197   -1.0283955  -1.1993963
   0.69441336  1.2163085   1.223828   -0.12668768 -0.87966734 -0.79529667
   0.7283168  -1.113155    0.7405229   0.8613885 ]
 [-2.0634327  -1.3711311  -2.108193    1.9403732  -2.079466   -2.0834606
   1.7901909   2.142916    2.1332338  -1.1608404  -1.9797698  -2.051045
   1.9275471  -2.1497536   1.9367237   2.0010588 ]
 [-0.0227388   0.04218839 -0.0334687   0.13588636 -0.11988121 -0.05017289
   0.14634888  0.08893815  0.04670233 -0.13302764 -0.00547586 -0.05800837
   0.11762212 -0.08034614  0.08395828  0.0382116 ]
 [ 0.16113079 -0.5423177   0.45189264 -0.68943447  0.48185378  0.34641263
  -0.70149934 -0.43971035 -0.38672787  0.5941259  -0.11841132  0.60583866
  -0.46750653  0.48353183 -0.6514592  -0.11601734]
 [ 1.9762226   1.1517158   2.0113845  -2.0183368   2.0603101   2.091758
  -1.9515324  -2.0851817  -2.0978677   1.9146795   2.0427887   2.0695245
  -2.0518854   2.0909078  -1.8847889  -2.0707943 ]]

cov
[[0.1 0.1 0.1 0.1 0.1 0.1 0.1 0.1 0.1 0.1 0.1 0.1 0.1 0.1 0.1 0.1]
 [0.1 0.1 0.1 0.1 0.1 0.1 0.1 0.1 0.1 0.1 0.1 0.1 0.1 0.1 0.1 0.1]
 [0.1 0.1 0.1 0.1 0.1 0.1 0.1 0.1 0.1 0.1 0.1 0.1 0.1 0.1 0.1 0.1]
 [0.1 0.1 0.1 0.1 0.1 0.1 0.1 0.1 0.1 0.1 0.1 0.1 0.1 0.1 0.1 0.1]
 [0.1 0.1 0.1 0.1 0.1 0.1 0.1 0.1 0.1 0.1 0.1 0.1 0.1 0.1 0.1 0.1]]

trans
[[0.3499382  0.244986   0.0128414  0.03160511 0.05250536]
 [0.16001724 0.58643883 0.01505454 0.04182154 0.07699616]
 [0.34848428 0.06189724 0.8906563  0.42317724 0.05131282]
 [0.08609542 0.04236178 0.06149074 0.44069594 0.21415783]
 [0.05546484 0.06431619 0.01995704 0.06270017 0.60502785]]

lengths
[1.3384464 1.2265623 1.1549052 1.2341675 1.3892308]

Epoch: 7, Loss: 1875.8901
mean
[[-1.0033307  -0.34778565 -0.9055261   0.7807266  -1.0535878  -1.2833873
   0.6952477   1.2382591   1.2768121  -0.1417756  -1.1413606  -0.79531837
   0.7971786  -1.1170849   0.6991738   0.91817933]
 [-2.2530105  -1.48049    -2.2968123   2.121354   -2.2446465  -2.2350788
   1.9468901   2.3146596   2.3010988  -1.3283522  -2.1236615  -2.247727
   2.1002073  -2.336286    2.103457    2.1669028 ]
 [-0.01213984  0.00077195 -0.07693846  0.06077413 -0.05347188 -0.04554744
   0.06858762  0.02682768  0.04411491 -0.16292474 -0.0308626  -0.08759311
   0.04696763 -0.03228275  0.12420561  0.06430188]
 [ 0.40678576 -0.46121943  0.6384671  -0.9257382   0.7201706   0.56091136
  -0.92273664 -0.6924901  -0.6344121   0.7492232   0.10279485  0.8267658
  -0.6492543   0.7343541  -0.818329   -0.34214634]
 [ 2.1596587   1.2828987   2.1917934  -2.2155123   2.2791877   2.30927
  -2.1417708  -2.2989378  -2.317704    2.1046484   2.2469957   2.2835076
  -2.268542    2.3090653  -2.0523095  -2.2939796 ]]

cov
[[0.1 0.1 0.1 0.1 0.1 0.1 0.1 0.1 0.1 0.1 0.1 0.1 0.1 0.1 0.1 0.1]
 [0.1 0.1 0.1 0.1 0.1 0.1 0.1 0.1 0.1 0.1 0.1 0.1 0.1 0.1 0.1 0.1]
 [0.1 0.1 0.1 0.1 0.1 0.1 0.1 0.1 0.1 0.1 0.1 0.1 0.1 0.1 0.1 0.1]
 [0.1 0.1 0.1 0.1 0.1 0.1 0.1 0.1 0.1 0.1 0.1 0.1 0.1 0.1 0.1 0.1]
 [0.1 0.1 0.1 0.1 0.1 0.1 0.1 0.1 0.1 0.1 0.1 0.1 0.1 0.1 0.1 0.1]]

trans
[[0.40043423 0.336856   0.00877859 0.0306146  0.04640882]
 [0.16778657 0.50499076 0.00943154 0.03895955 0.07004462]
 [0.32322338 0.05979363 0.93211997 0.40654483 0.05077956]
 [0.06542712 0.04082681 0.03701542 0.45896685 0.26360142]
 [0.04312869 0.0575328  0.01265452 0.06491419 0.5691656 ]]

lengths
[1.3192098 1.1871843 1.1492598 1.2247182 1.3303336]

Epoch: 8, Loss: 1755.8847
mean
[[-1.002606   -0.5945826  -0.9665851   0.7588591  -1.0788685  -1.2436235
   0.7163915   1.188042    1.2338794  -0.20522858 -1.2214265  -0.81974417
   0.82520664 -1.0881904   0.7053464   0.94817984]
 [-2.421557   -1.5723041  -2.4628427   2.2937317  -2.3881953  -2.3583088
   2.094895    2.4618728   2.4426467  -1.5075241  -2.2397358  -2.429446
   2.2564347  -2.5003972   2.2668586   2.310682  ]
 [-0.02844314  0.01193402 -0.03014315  0.06978089 -0.07920752 -0.04804611
   0.09871722  0.0579299   0.06569033 -0.12684241 -0.01629037 -0.06661522
   0.09569005 -0.07387989  0.05744168  0.04326195]
 [ 0.6656876  -0.29616016  0.8316969  -1.1413409   0.9654322   0.7889241
  -1.1126767  -0.9559226  -0.8933478   0.88337857  0.3675131   1.0314804
  -0.85214406  0.9878955  -0.98869133 -0.59953946]
 [ 2.3163016   1.4114383   2.3459506  -2.3785684   2.4711053   2.5020845
  -2.300319   -2.4838502  -2.510608    2.262923    2.4313138   2.467383
  -2.4587622   2.498626   -2.1902108  -2.4949644 ]]

cov
[[0.1 0.1 0.1 0.1 0.1 0.1 0.1 0.1 0.1 0.1 0.1 0.1 0.1 0.1 0.1 0.1]
 [0.1 0.1 0.1 0.1 0.1 0.1 0.1 0.1 0.1 0.1 0.1 0.1 0.1 0.1 0.1 0.1]
 [0.1 0.1 0.1 0.1 0.1 0.1 0.1 0.1 0.1 0.1 0.1 0.1 0.1 0.1 0.1 0.1]
 [0.1 0.1 0.1 0.1 0.1 0.1 0.1 0.1 0.1 0.1 0.1 0.1 0.1 0.1 0.1 0.1]
 [0.1 0.1 0.1 0.1 0.1 0.1 0.1 0.1 0.1 0.1 0.1 0.1 0.1 0.1 0.1 0.1]]

trans
[[0.4393651  0.43277776 0.00709771 0.03051454 0.04191812]
 [0.16064475 0.41953945 0.00668936 0.03736384 0.06493611]
 [0.31478602 0.0569834  0.9516376  0.3940986  0.05292563]
 [0.05125787 0.03918679 0.02549081 0.46742526 0.31250226]
 [0.0339463  0.05151258 0.00908449 0.07059775 0.5277178 ]]

lengths
[1.3231165 1.1624283 1.1693445 1.2095618 1.2906747]

Epoch: 9, Loss: 1669.0045
mean
[[-0.90899837 -0.6560002  -0.9855096   0.76639855 -1.0920025  -1.166125
   0.7388518   1.14496     1.1777593  -0.2532255  -1.1414758  -0.84677416
   0.81333333 -1.0826468   0.7442028   0.9541887 ]
 [-2.5688794  -1.6450659  -2.6054063   2.4520652  -2.5103562  -2.4570873
   2.229021    2.586457    2.5604966  -1.674966   -2.3313792  -2.593545
   2.3945992  -2.6428518   2.4164424   2.432662  ]
 [-0.02016368  0.0028503  -0.06864218  0.09388678 -0.08274189 -0.04543083
   0.09839722  0.05825938  0.03244171 -0.14616068 -0.03494164 -0.0669938
   0.06109663 -0.04821207  0.06219332  0.06475402]
 [ 0.8890907  -0.09923194  0.99969196 -1.3104173   1.1788788   1.003142
  -1.2517385  -1.1899976  -1.124844    0.9980881   0.62898743  1.2121801
  -1.0499775   1.210093   -1.138927   -0.8363753 ]
 [ 2.4553645   1.5443077   2.482461   -2.514092    2.6403317   2.6739533
  -2.4322138  -2.6450655  -2.6811965   2.3985858   2.6008668   2.6265006
  -2.6263616   2.6646056  -2.306218   -2.6783745 ]]

cov
[[0.1 0.1 0.1 0.1 0.1 0.1 0.1 0.1 0.1 0.1 0.1 0.1 0.1 0.1 0.1 0.1]
 [0.1 0.1 0.1 0.1 0.1 0.1 0.1 0.1 0.1 0.1 0.1 0.1 0.1 0.1 0.1 0.1]
 [0.1 0.1 0.1 0.1 0.1 0.1 0.1 0.1 0.1 0.1 0.1 0.1 0.1 0.1 0.1 0.1]
 [0.1 0.1 0.1 0.1 0.1 0.1 0.1 0.1 0.1 0.1 0.1 0.1 0.1 0.1 0.1 0.1]
 [0.1 0.1 0.1 0.1 0.1 0.1 0.1 0.1 0.1 0.1 0.1 0.1 0.1 0.1 0.1 0.1]]

trans
[[0.46129394 0.5155079  0.00665807 0.03098136 0.03845694]
 [0.14601995 0.3464793  0.0053056  0.03660617 0.06072712]
 [0.32358643 0.05407143 0.9607935  0.3892362  0.05612577]
 [0.041799   0.03754238 0.01995961 0.46395013 0.36041862]
 [0.02730069 0.04639903 0.00728322 0.0792261  0.48427156]]

lengths
[1.3388044 1.1527799 1.1908576 1.1916543 1.2676208]

Epoch: 10, Loss: 1612.6373
mean
[[-0.8404901  -0.56795007 -0.99308383  0.8021129  -1.1070099  -1.1447015
   0.7529512   1.1636441   1.1801388  -0.2685813  -1.0080492  -0.8712775
   0.8029545  -1.1235465   0.81100017  0.9552877 ]
 [-2.699573   -1.7062702  -2.7234273   2.597095   -2.613555   -2.538703
   2.3507407   2.6919315   2.6595347  -1.8206894  -2.4084513  -2.7408822
   2.5186026  -2.7662816   2.540674    2.5381057 ]
 [-0.02110722 -0.00030907 -0.02787142  0.05088813 -0.04955071 -0.04139055
   0.06335238  0.02704827  0.05435973 -0.12709796 -0.01569346 -0.06804185
   0.07047683 -0.04149436  0.08936011  0.04652857]
 [ 1.0206953   0.05283532  1.1099294  -1.4248049   1.3373212   1.1671449
  -1.3393769  -1.3655314  -1.2961446   1.0854777   0.8252901   1.3436728
  -1.1829232   1.3709748  -1.2591935  -0.9874185 ]
 [ 2.5821252   1.6875203   2.6049695  -2.625945    2.7880332   2.8262548
  -2.541402   -2.7840414  -2.83078     2.5175803   2.7576575   2.7646863
  -2.774957    2.809122   -2.402136   -2.8459857 ]]

cov
[[0.1 0.1 0.1 0.1 0.1 0.1 0.1 0.1 0.1 0.1 0.1 0.1 0.1 0.1 0.1 0.1]
 [0.1 0.1 0.1 0.1 0.1 0.1 0.1 0.1 0.1 0.1 0.1 0.1 0.1 0.1 0.1 0.1]
 [0.1 0.1 0.1 0.1 0.1 0.1 0.1 0.1 0.1 0.1 0.1 0.1 0.1 0.1 0.1 0.1]
 [0.1 0.1 0.1 0.1 0.1 0.1 0.1 0.1 0.1 0.1 0.1 0.1 0.1 0.1 0.1 0.1]
 [0.1 0.1 0.1 0.1 0.1 0.1 0.1 0.1 0.1 0.1 0.1 0.1 0.1 0.1 0.1 0.1]]

trans
[[0.4735144  0.5761323  0.00704389 0.03196799 0.03548137]
 [0.12900901 0.29273129 0.00460508 0.0363175  0.05669885]
 [0.33927885 0.05213257 0.96462566 0.39099416 0.05931612]
 [0.03577429 0.03640818 0.0173468  0.45007077 0.40855336]
 [0.0224235  0.04259564 0.00637855 0.09064956 0.4399503 ]]

lengths
[1.3462352 1.1587294 1.1976631 1.174002  1.2590059]

Epoch: 11, Loss: 1574.2843
mean
[[-0.85146046 -0.4236229  -1.0008157   0.8304516  -1.1208639  -1.189506
   0.7560339   1.2169013   1.2288464  -0.25944674 -0.927786   -0.87199914
   0.8083254  -1.1629351   0.86874586  0.9519576 ]
 [-2.8156881  -1.7603418  -2.8175979   2.7272303  -2.6989245  -2.6064436
   2.4589207   2.7799635   2.742137   -1.9394119  -2.4755433  -2.8716843
   2.62996    -2.872038    2.634264    2.6299448 ]
 [-0.01759033  0.01107224 -0.05678528  0.06888589 -0.07439641 -0.04117593
   0.09095145  0.0529394   0.03667086 -0.13928843 -0.02999741 -0.05795462
   0.07161649 -0.05749558  0.05494132  0.05445266]
 [ 1.0545642   0.11881322  1.1514274  -1.4868828   1.4282815   1.2617052
  -1.3836071  -1.4674164  -1.392801    1.1499261   0.9262707   1.4087793
  -1.2256889   1.4561944  -1.3380462  -1.0333647 ]
 [ 2.697839    1.8352815   2.715225   -2.7185473   2.9160337   2.9588754
  -2.6325383  -2.9021258  -2.9599395   2.6231754   2.8998554   2.8857515
  -2.9075782   2.934133   -2.4819834  -2.9983513 ]]

cov
[[0.1 0.1 0.1 0.1 0.1 0.1 0.1 0.1 0.1 0.1 0.1 0.1 0.1 0.1 0.1 0.1]
 [0.1 0.1 0.1 0.1 0.1 0.1 0.1 0.1 0.1 0.1 0.1 0.1 0.1 0.1 0.1 0.1]
 [0.1 0.1 0.1 0.1 0.1 0.1 0.1 0.1 0.1 0.1 0.1 0.1 0.1 0.1 0.1 0.1]
 [0.1 0.1 0.1 0.1 0.1 0.1 0.1 0.1 0.1 0.1 0.1 0.1 0.1 0.1 0.1 0.1]
 [0.1 0.1 0.1 0.1 0.1 0.1 0.1 0.1 0.1 0.1 0.1 0.1 0.1 0.1 0.1 0.1]]

trans
[[0.48117644 0.61642694 0.00814349 0.03326944 0.03298842]
 [0.11542717 0.25558552 0.00428179 0.0362641  0.05297728]
 [0.35253134 0.05171847 0.96529454 0.3958158  0.06264596]
 [0.03189702 0.03616934 0.01631142 0.4299289  0.4532013 ]
 [0.01896802 0.04009971 0.00596873 0.10472179 0.39818704]]

lengths
[1.3391194 1.1757102 1.1901662 1.1628252 1.2616215]

Epoch: 12, Loss: 1546.0147
mean
[[-0.93015146 -0.32279456 -1.0173095   0.8519353  -1.1485596  -1.2634784
   0.77304816  1.268057    1.2881197  -0.25310415 -0.96668226 -0.896075
   0.8492414  -1.1871643   0.8931834   0.9986924 ]
 [-2.9211593  -1.8099077  -2.8968735   2.845882   -2.7717025  -2.6637158
   2.5566366   2.8556297   2.812655   -2.0395882  -2.5340958  -2.9907496
   2.7314749  -2.9651134   2.7106202   2.7111483 ]
 [-0.01776945 -0.00109786 -0.03316679  0.07523396 -0.06521729 -0.03965112
   0.08198386  0.03963454  0.0438837  -0.12903439 -0.01533313 -0.06830972
   0.0610051  -0.03721986  0.06009518  0.04989291]
 [ 1.0322753   0.11245278  1.1227343  -1.5076512   1.4571118   1.3056225
  -1.400388   -1.4998255  -1.4271898   1.1914467   0.964288    1.4138802
  -1.2232732   1.4734071  -1.3576039  -1.0300936 ]
 [ 2.8028347   1.9784899   2.8185453  -2.7964869   3.028125    3.0728467
  -2.7104347  -3.0025613  -3.0709128   2.7181451   3.0252671   2.9935186
  -3.0265985   3.0429554  -2.5536656  -3.136442  ]]

cov
[[0.1 0.1 0.1 0.1 0.1 0.1 0.1 0.1 0.1 0.1 0.1 0.1 0.1 0.1 0.1 0.1]
 [0.1 0.1 0.1 0.1 0.1 0.1 0.1 0.1 0.1 0.1 0.1 0.1 0.1 0.1 0.1 0.1]
 [0.1 0.1 0.1 0.1 0.1 0.1 0.1 0.1 0.1 0.1 0.1 0.1 0.1 0.1 0.1 0.1]
 [0.1 0.1 0.1 0.1 0.1 0.1 0.1 0.1 0.1 0.1 0.1 0.1 0.1 0.1 0.1 0.1]
 [0.1 0.1 0.1 0.1 0.1 0.1 0.1 0.1 0.1 0.1 0.1 0.1 0.1 0.1 0.1 0.1]]

trans
[[0.4955938  0.6368441  0.00999441 0.03462162 0.0310355 ]
 [0.10449613 0.23343264 0.00417864 0.03626335 0.04987347]
 [0.35368952 0.0538732  0.9637089  0.40125662 0.06665593]
 [0.02961748 0.03676155 0.01625471 0.406963   0.4909514 ]
 [0.0166031  0.03908851 0.00586339 0.12089539 0.3614837 ]]

lengths
[1.3434936 1.1948799 1.1793141 1.1630677 1.2685642]

Epoch: 13, Loss: 1524.2297
mean
[[-0.9960081  -0.3121364  -1.0390987   0.8631902  -1.1713693  -1.2914912
   0.8018271   1.2818624   1.3081962  -0.26703778 -1.0674559  -0.9253756
   0.88985646 -1.1912994   0.8872456   1.0264202 ]
 [-3.0167663  -1.8526299  -2.9646084   2.9525356  -2.8347743  -2.7129982
   2.6420846   2.9223113   2.8741982  -2.1165843  -2.5853517  -3.098074
   2.821855   -3.047968    2.7753541   2.7828805 ]
 [-0.02051584  0.00590093 -0.05046537  0.05572811 -0.05933299 -0.04265201
   0.07228441  0.03937451  0.04603527 -0.1379979  -0.03108783 -0.05870076
   0.07618279 -0.05422064  0.07792671  0.05102132]
 [ 0.9998379   0.07130715  1.068923   -1.4983629   1.4369844   1.3031654
  -1.4008498  -1.4759091  -1.4102693   1.2064867   0.95784366  1.3890908
  -1.2159779   1.4443746  -1.3317124  -1.0152978 ]
 [ 2.8961062   2.1049397   2.9134238  -2.8616357   3.1260996   3.1699355
  -2.7759345  -3.088134   -3.1660702   2.8022609   3.1329315   3.088332
  -3.131229    3.1374705  -2.618818   -3.259393  ]]

cov
[[0.1 0.1 0.1 0.1 0.1 0.1 0.1 0.1 0.1 0.1 0.1 0.1 0.1 0.1 0.1 0.1]
 [0.1 0.1 0.1 0.1 0.1 0.1 0.1 0.1 0.1 0.1 0.1 0.1 0.1 0.1 0.1 0.1]
 [0.1 0.1 0.1 0.1 0.1 0.1 0.1 0.1 0.1 0.1 0.1 0.1 0.1 0.1 0.1 0.1]
 [0.1 0.1 0.1 0.1 0.1 0.1 0.1 0.1 0.1 0.1 0.1 0.1 0.1 0.1 0.1 0.1]
 [0.1 0.1 0.1 0.1 0.1 0.1 0.1 0.1 0.1 0.1 0.1 0.1 0.1 0.1 0.1 0.1]]

trans
[[0.511691   0.64163333 0.01265183 0.0359215  0.02955454]
 [0.09782287 0.22216766 0.0042135  0.03614897 0.04739919]
 [0.34694716 0.05860159 0.9603367  0.40624985 0.07125596]
 [0.028516   0.03824632 0.01685005 0.38299194 0.52151567]
 [0.015023   0.03935109 0.00594793 0.13868774 0.33027467]]

lengths
[1.3543061 1.2089527 1.1744908 1.1723434 1.2772312]

Epoch: 14, Loss: 1508.3064
mean
[[-1.0003471  -0.37632215 -1.0603495   0.8610862  -1.1851659  -1.2769448
   0.82032853  1.2710677   1.2985181  -0.27514616 -1.1486299  -0.9196181
   0.8972954  -1.1919771   0.87198484  1.026092  ]
 [-3.1036546  -1.8866875  -3.0219097   3.0486352  -2.8878822  -2.753823
   2.7157648   2.9805164   2.9268684  -2.1804457  -2.6277926  -3.1951582
   2.9013724  -3.1213996   2.8304298   2.844377  ]
 [-0.01822027  0.00470662 -0.04204857  0.07639986 -0.07557559 -0.04226249
   0.09188379  0.05187824  0.04184942 -0.13125221 -0.01726209 -0.07045618
   0.06230322 -0.04791398  0.06089605  0.05549251]
 [ 0.9808631   0.02644849  1.0271552  -1.4757061   1.3937906   1.2709335
  -1.3956553  -1.4230574  -1.3658316   1.1969049   0.9275494   1.3617927
  -1.2192391   1.3984816  -1.2836707  -1.0069344 ]
 [ 2.9771488   2.208166    2.9976804  -2.9151828   3.2108095   3.2515616
  -2.8296404  -3.1605556  -3.2469702   2.8751006   3.222892    3.1704526
  -3.2212527   3.2188163  -2.67715    -3.3666542 ]]

cov
[[0.1 0.1 0.1 0.1 0.1 0.1 0.1 0.1 0.1 0.1 0.1 0.1 0.1 0.1 0.1 0.1]
 [0.1 0.1 0.1 0.1 0.1 0.1 0.1 0.1 0.1 0.1 0.1 0.1 0.1 0.1 0.1 0.1]
 [0.1 0.1 0.1 0.1 0.1 0.1 0.1 0.1 0.1 0.1 0.1 0.1 0.1 0.1 0.1 0.1]
 [0.1 0.1 0.1 0.1 0.1 0.1 0.1 0.1 0.1 0.1 0.1 0.1 0.1 0.1 0.1 0.1]
 [0.1 0.1 0.1 0.1 0.1 0.1 0.1 0.1 0.1 0.1 0.1 0.1 0.1 0.1 0.1 0.1]]

trans
[[0.52258056 0.63598096 0.01608444 0.03715683 0.02855714]
 [0.09472589 0.2174504  0.00433317 0.0358913  0.04563832]
 [0.34052622 0.06558911 0.9555415  0.4092944  0.0767232 ]
 [0.02821161 0.04044507 0.0178964  0.36030006 0.54371315]
 [0.01395568 0.04053444 0.00614451 0.15735744 0.30536819]]

lengths
[1.3592216 1.2167774 1.1771274 1.1884059 1.2867563]

Epoch: 15, Loss: 1496.9061
mean
[[-0.9715743  -0.46772334 -1.0794451   0.8588929  -1.2000531  -1.276509
   0.82179505  1.2707233   1.2999933  -0.25986254 -1.1743518  -0.9159823
   0.88978887 -1.2078898   0.86932766  1.0458801 ]
 [-3.1848824  -1.9135655  -3.0720708   3.1386037  -2.9320831  -2.7860963
   2.7820964   3.0315042   2.9714057  -2.2502825  -2.6604877  -3.2861512
   2.973023   -3.187434    2.8803563   2.8963034 ]
 [-0.02234214  0.00332393 -0.04574401  0.06942917 -0.0638753  -0.04472569
   0.08027716  0.03980659  0.05025581 -0.13791066 -0.03228774 -0.06145086
   0.07770225 -0.04911959  0.06781727  0.05091809]
 [ 0.97647697 -0.00571284  1.0127411  -1.4565343   1.3559313   1.2348275
  -1.3926591  -1.3738866  -1.3235177   1.1707399   0.89309055  1.3482182
  -1.2273835   1.3633902  -1.2373137  -1.0058867 ]
 [ 3.0460098   2.2868962   3.069786   -2.9578955   3.2828224   3.3189178
  -2.872118   -3.2209573  -3.3147452   2.9364996   3.2959979   3.2402558
  -3.2969704   3.2878032  -2.7278283  -3.458298  ]]

cov
[[0.1 0.1 0.1 0.1 0.1 0.1 0.1 0.1 0.1 0.1 0.1 0.1 0.1 0.1 0.1 0.1]
 [0.1 0.1 0.1 0.1 0.1 0.1 0.1 0.1 0.1 0.1 0.1 0.1 0.1 0.1 0.1 0.1]
 [0.1 0.1 0.1 0.1 0.1 0.1 0.1 0.1 0.1 0.1 0.1 0.1 0.1 0.1 0.1 0.1]
 [0.1 0.1 0.1 0.1 0.1 0.1 0.1 0.1 0.1 0.1 0.1 0.1 0.1 0.1 0.1 0.1]
 [0.1 0.1 0.1 0.1 0.1 0.1 0.1 0.1 0.1 0.1 0.1 0.1 0.1 0.1 0.1 0.1]]

trans
[[0.5268398  0.62384427 0.02001246 0.03842659 0.02804576]
 [0.09401455 0.21618302 0.00449684 0.0355303  0.04452413]
 [0.33750966 0.07451522 0.9498656  0.4094158  0.08309064]
 [0.02842847 0.04313369 0.01923157 0.3407294  0.5577704 ]
 [0.01320752 0.04232383 0.00639355 0.17589791 0.2865691 ]]

lengths
[1.3590965 1.2123348 1.1827258 1.2072523 1.2964585]

Epoch: 16, Loss: 1489.8355
mean
[[-0.95445675 -0.53212786 -1.0935649   0.86085117 -1.2019373  -1.2836664
   0.81162554  1.2791891   1.3077228  -0.24552485 -1.1413221  -0.93242306
   0.8849323  -1.2199571   0.88333184  1.0518912 ]
 [-3.2590969  -1.9334676  -3.1139338   3.2202597  -2.9687781  -2.812825
   2.8403156   3.0763075   3.009726   -2.3175323  -2.686817   -3.368959
   3.036662   -3.2462647   2.9215002   2.9401639 ]
 [-0.01789208  0.00626232 -0.04650752  0.06623967 -0.06951998 -0.04361911
   0.0830528   0.04919633  0.04295609 -0.13320667 -0.01862315 -0.07055838
   0.0646655  -0.05368616  0.07372285  0.05707834]
 [ 0.987169   -0.01539685  1.0284333  -1.4548082   1.3469462   1.2242626
  -1.3976095  -1.358355   -1.3127104   1.1496048   0.8754583   1.3576365
  -1.2377917   1.3611856  -1.2122744  -1.0151385 ]
 [ 3.1039855   2.345212    3.1298428  -2.9909968   3.3433337   3.374091
  -2.9047234  -3.270841   -3.3710852   2.9874177   3.3550205   3.2989259
  -3.3600292   3.3457627  -2.770454   -3.5359845 ]]

cov
[[0.1 0.1 0.1 0.1 0.1 0.1 0.1 0.1 0.1 0.1 0.1 0.1 0.1 0.1 0.1 0.1]
 [0.1 0.1 0.1 0.1 0.1 0.1 0.1 0.1 0.1 0.1 0.1 0.1 0.1 0.1 0.1 0.1]
 [0.1 0.1 0.1 0.1 0.1 0.1 0.1 0.1 0.1 0.1 0.1 0.1 0.1 0.1 0.1 0.1]
 [0.1 0.1 0.1 0.1 0.1 0.1 0.1 0.1 0.1 0.1 0.1 0.1 0.1 0.1 0.1 0.1]
 [0.1 0.1 0.1 0.1 0.1 0.1 0.1 0.1 0.1 0.1 0.1 0.1 0.1 0.1 0.1 0.1]]

trans
[[0.5255132  0.60729796 0.02382439 0.0397957  0.02798625]
 [0.09490231 0.21693364 0.00467138 0.03509731 0.04382579]
 [0.33793336 0.08512525 0.9441475  0.40718418 0.08998568]
 [0.02899288 0.04613616 0.02071602 0.32468146 0.56564575]
 [0.01265829 0.04450702 0.00664067 0.19324134 0.27255654]]

lengths
[1.356568  1.1998426 1.1862204 1.2235651 1.3046324]

Epoch: 17, Loss: 1485.1654
mean
[[-0.9654988  -0.54205513 -1.1049908   0.8696268  -1.2038844  -1.2930669
   0.80974895  1.2933508   1.318442   -0.24357466 -1.0952015  -0.9459173
   0.8928215  -1.2255393   0.90958214  1.045155  ]
 [-3.3274047  -1.9512757  -3.1480844   3.292624   -2.998834   -2.8356423
   2.8899102   3.1154447   3.0429983  -2.379986   -2.7101827  -3.4433157
   3.093227   -3.2983248   2.9518578   2.9784856 ]
 [-0.02421395  0.00296176 -0.04261481  0.07640014 -0.0713494  -0.04565508
   0.08891765  0.04628202  0.05001425 -0.13880126 -0.03358948 -0.06347837
   0.07761479 -0.04786773  0.0633859   0.05294489]
 [ 1.0061165   0.00058368  1.0563207  -1.4666013   1.3647108   1.2432102
  -1.4068547  -1.3762069  -1.333205    1.1439333   0.88443327  1.3792803
  -1.248792    1.3849226  -1.2093595  -1.0328767 ]
 [ 3.1517599   2.3831553   3.1789367  -3.0165477   3.3939545   3.4187908
  -2.9293756  -3.3120635  -3.4177377   3.0294683   3.4010007   3.3478427
  -3.4116488   3.394321   -2.806511   -3.6004803 ]]

cov
[[0.1 0.1 0.1 0.1 0.1 0.1 0.1 0.1 0.1 0.1 0.1 0.1 0.1 0.1 0.1 0.1]
 [0.1 0.1 0.1 0.1 0.1 0.1 0.1 0.1 0.1 0.1 0.1 0.1 0.1 0.1 0.1 0.1]
 [0.1 0.1 0.1 0.1 0.1 0.1 0.1 0.1 0.1 0.1 0.1 0.1 0.1 0.1 0.1 0.1]
 [0.1 0.1 0.1 0.1 0.1 0.1 0.1 0.1 0.1 0.1 0.1 0.1 0.1 0.1 0.1 0.1]
 [0.1 0.1 0.1 0.1 0.1 0.1 0.1 0.1 0.1 0.1 0.1 0.1 0.1 0.1 0.1 0.1]]

trans
[[0.5214971  0.5884069  0.02673411 0.04125655 0.02828716]
 [0.09664441 0.21830893 0.00483152 0.03461398 0.0433753 ]
 [0.33991942 0.09716462 0.93937266 0.40405074 0.09678338]
 [0.02974257 0.04924626 0.02220886 0.31216487 0.56950414]
 [0.01219651 0.04687331 0.00685284 0.20791389 0.26205003]]

lengths
[1.3577374 1.1816199 1.1859503 1.2341607 1.3112816]

Epoch: 18, Loss: 1481.4840
mean
[[-0.9956275  -0.50648737 -1.1170542   0.8867063  -1.2209538  -1.3098549
   0.8220679   1.3165867   1.3377705  -0.24385911 -1.0844175  -0.9531423
   0.9057832  -1.2406731   0.9395158   1.0525259 ]
 [-3.3914502  -1.9741287  -3.1773756   3.357565   -3.023889   -2.855108
   2.93478     3.148655    3.0715327  -2.4477026  -2.7327256  -3.5114105
   3.146524   -3.344247    2.973438    3.0145588 ]
 [-0.01718327  0.00552082 -0.04711378  0.06631481 -0.06498556 -0.04278164
   0.08011651  0.04390808  0.04410834 -0.13423863 -0.0180252  -0.06958541
   0.06552824 -0.0533062   0.06930086  0.05523382]
 [ 1.0309298   0.03632546  1.0777204  -1.484104    1.3953338   1.2795287
  -1.4147116  -1.4126074  -1.3705161   1.1551147   0.9190006   1.4001629
  -1.2617853   1.4177704  -1.221112   -1.0590439 ]
 [ 3.1899981   2.401361    3.2204628  -3.0373979   3.4370344   3.4548724
  -2.949361   -3.346694   -3.4565637   3.0653625   3.4344997   3.3892756
  -3.4539762   3.435552   -2.8392267  -3.6527276 ]]

cov
[[0.1 0.1 0.1 0.1 0.1 0.1 0.1 0.1 0.1 0.1 0.1 0.1 0.1 0.1 0.1 0.1]
 [0.1 0.1 0.1 0.1 0.1 0.1 0.1 0.1 0.1 0.1 0.1 0.1 0.1 0.1 0.1 0.1]
 [0.1 0.1 0.1 0.1 0.1 0.1 0.1 0.1 0.1 0.1 0.1 0.1 0.1 0.1 0.1 0.1]
 [0.1 0.1 0.1 0.1 0.1 0.1 0.1 0.1 0.1 0.1 0.1 0.1 0.1 0.1 0.1 0.1]
 [0.1 0.1 0.1 0.1 0.1 0.1 0.1 0.1 0.1 0.1 0.1 0.1 0.1 0.1 0.1 0.1]]

trans
[[0.51936966 0.56898344 0.02822465 0.04271004 0.0288276 ]
 [0.09744461 0.2190184  0.00496185 0.0341803  0.04291454]
 [0.34095195 0.11042097 0.9362126  0.4015998  0.10304151]
 [0.03049347 0.05230961 0.02358755 0.3032213  0.57119596]
 [0.01174028 0.04926758 0.00701338 0.21828854 0.25402033]]

lengths
[1.3667738 1.1612933 1.1837145 1.2401261 1.3175623]

Epoch: 19, Loss: 1478.1953
mean
[[-1.0099243  -0.45407286 -1.1273464   0.9014468  -1.2421291  -1.3215173
   0.83972096  1.3354366   1.3538984  -0.24636528 -1.1074528  -0.95472157
   0.9104829  -1.2569461   0.96188635  1.0599345 ]
 [-3.451537   -2.0041614  -3.2025292   3.4145408  -3.0440152  -2.8714201
   2.9749422   3.1757364   3.0952404  -2.5162094  -2.7551825  -3.573448
   3.1971524  -3.384047    2.9860077   3.0490725 ]
 [-0.0252423   0.00269721 -0.04200187  0.07105542 -0.07051988 -0.04499106
   0.08498551  0.04831986  0.04768734 -0.13732053 -0.03395005 -0.06360811
   0.07564423 -0.04851777  0.06864063  0.05399589]
 [ 1.0536594   0.07644393  1.087237   -1.4993185   1.422617    1.3125829
  -1.4197923  -1.4473017  -1.403864    1.1758022   0.96257985  1.4129422
  -1.2747338   1.4433315  -1.2396109  -1.08367   ]
 [ 3.2199578   2.404733    3.2554584  -3.0549545   3.473714    3.483619
  -2.9662273  -3.3757002  -3.4886405   3.09645     3.4575014   3.4244742
  -3.488629    3.4704838  -2.8691497  -3.6943028 ]]

cov
[[0.1 0.1 0.1 0.1 0.1 0.1 0.1 0.1 0.1 0.1 0.1 0.1 0.1 0.1 0.1 0.1]
 [0.1 0.1 0.1 0.1 0.1 0.1 0.1 0.1 0.1 0.1 0.1 0.1 0.1 0.1 0.1 0.1]
 [0.1 0.1 0.1 0.1 0.1 0.1 0.1 0.1 0.1 0.1 0.1 0.1 0.1 0.1 0.1 0.1]
 [0.1 0.1 0.1 0.1 0.1 0.1 0.1 0.1 0.1 0.1 0.1 0.1 0.1 0.1 0.1 0.1]
 [0.1 0.1 0.1 0.1 0.1 0.1 0.1 0.1 0.1 0.1 0.1 0.1 0.1 0.1 0.1 0.1]]

trans
[[0.5179354  0.5515291  0.02835211 0.04398545 0.02952782]
 [0.09788906 0.21784727 0.00505141 0.03379611 0.04238384]
 [0.34178543 0.12404049 0.934701   0.40131074 0.10840093]
 [0.03112944 0.05509899 0.0247736  0.2970613  0.5720006 ]
 [0.01126071 0.05148414 0.00712182 0.2238464  0.24768679]]

lengths
[1.3726224 1.1426353 1.1821382 1.2431334 1.3232397]

Epoch: 20, Loss: 1476.0436
mean
[[-1.0035087  -0.4101382  -1.1370027   0.91855556 -1.258999   -1.3238115
   0.8571606   1.3488027   1.3634818  -0.25678176 -1.1306187  -0.9798938
   0.9136438  -1.2735949   0.98208505  1.0621334 ]
 [-3.5102541  -2.0476243  -3.2259636   3.4642928  -3.0605547  -2.8870351
   3.0116878   3.197812    3.1158426  -2.5834014  -2.7812674  -3.6302156
   3.2468102  -3.4188929   2.9887059   3.0842125 ]
 [-0.01646366  0.00154711 -0.04577576  0.06821026 -0.06542421 -0.04202062
   0.0812029   0.04250029  0.04495938 -0.13384064 -0.01831107 -0.06756744
   0.06551253 -0.05059262  0.06272594  0.0541437 ]
 [ 1.0699492   0.10712802  1.091072   -1.510092    1.4394641   1.3326191
  -1.425345   -1.4699681  -1.4240696   1.1991321   0.9987437   1.4211684
  -1.287463    1.457912   -1.2590544  -1.0998969 ]
 [ 3.2432544   2.4006119   3.2841673  -3.0694804   3.5044923   3.5060725
  -2.9802196  -3.3995     -3.5146778   3.1230297   3.4728386   3.4540603
  -3.5168145   3.4996219  -2.895563   -3.7272363 ]]

cov
[[0.1 0.1 0.1 0.1 0.1 0.1 0.1 0.1 0.1 0.1 0.1 0.1 0.1 0.1 0.1 0.1]
 [0.1 0.1 0.1 0.1 0.1 0.1 0.1 0.1 0.1 0.1 0.1 0.1 0.1 0.1 0.1 0.1]
 [0.1 0.1 0.1 0.1 0.1 0.1 0.1 0.1 0.1 0.1 0.1 0.1 0.1 0.1 0.1 0.1]
 [0.1 0.1 0.1 0.1 0.1 0.1 0.1 0.1 0.1 0.1 0.1 0.1 0.1 0.1 0.1 0.1]
 [0.1 0.1 0.1 0.1 0.1 0.1 0.1 0.1 0.1 0.1 0.1 0.1 0.1 0.1 0.1 0.1]]

trans
[[0.51714265 0.5384122  0.02755893 0.04497517 0.03034563]
 [0.09726676 0.21453911 0.00509988 0.03343258 0.04180934]
 [0.34337056 0.1361304  0.9344094  0.40382573 0.11290822]
 [0.03150919 0.05750042 0.02573945 0.2924936  0.5724056 ]
 [0.01071087 0.05341782 0.00719234 0.22527286 0.24253121]]

lengths
[1.3684772 1.1263611 1.1823945 1.2434382 1.3267215]

Epoch: 21, Loss: 1474.1480
mean
[[-0.99218774 -0.39542517 -1.1447065   0.9265709  -1.2630363  -1.3244612
   0.8654624   1.3529981   1.365673   -0.26608968 -1.1349037  -0.98767376
   0.91884875 -1.2798089   0.9937895   1.0648301 ]
 [-3.5675871  -2.1004336  -3.2479994   3.5079718  -3.0741706  -2.902104
   3.0448306   3.2159789   3.1340072  -2.6464293  -2.810069   -3.6820328
   3.294613   -3.4496102   2.9848635   3.119316  ]
 [-0.02550022  0.00295278 -0.04224316  0.06684393 -0.06700467 -0.04470262
   0.08079583  0.04653055  0.04592678 -0.1360473  -0.03439712 -0.06389803
   0.07449205 -0.04961399  0.06742277  0.05470052]
 [ 1.0786986   0.12333458  1.0925711  -1.5156298   1.4426888   1.3349218
  -1.4309629  -1.4749866  -1.4268159   1.2167622   1.0173012   1.427774
  -1.2967824   1.4609793  -1.2731336  -1.1062725 ]
 [ 3.2605512   2.3926353   3.3066304  -3.081272    3.5300696   3.5235445
  -2.9918857  -3.4187431  -3.5355835   3.1448922   3.4826603   3.4784293
  -3.5395353   3.5235336  -2.91797    -3.752889  ]]

cov
[[0.1 0.1 0.1 0.1 0.1 0.1 0.1 0.1 0.1 0.1 0.1 0.1 0.1 0.1 0.1 0.1]
 [0.1 0.1 0.1 0.1 0.1 0.1 0.1 0.1 0.1 0.1 0.1 0.1 0.1 0.1 0.1 0.1]
 [0.1 0.1 0.1 0.1 0.1 0.1 0.1 0.1 0.1 0.1 0.1 0.1 0.1 0.1 0.1 0.1]
 [0.1 0.1 0.1 0.1 0.1 0.1 0.1 0.1 0.1 0.1 0.1 0.1 0.1 0.1 0.1 0.1]
 [0.1 0.1 0.1 0.1 0.1 0.1 0.1 0.1 0.1 0.1 0.1 0.1 0.1 0.1 0.1 0.1]]

trans
[[0.51771057 0.530546   0.02635541 0.04564391 0.03124326]
 [0.09572187 0.20917563 0.00511675 0.03308167 0.04120107]
 [0.34482557 0.14576067 0.9348043  0.4084692  0.11652973]
 [0.03163189 0.05947895 0.02648488 0.28897798 0.5728527 ]
 [0.01011008 0.05503871 0.00723863 0.22382727 0.23817326]]

lengths
[1.359292  1.1138909 1.1838206 1.2409494 1.3275062]

Epoch: 22, Loss: 1472.7777
mean
[[-0.9911219  -0.40964025 -1.1495003   0.92253196 -1.2586517  -1.3278117
   0.8632937   1.3505437   1.3646485  -0.26740503 -1.1245869  -0.97428
   0.9227574  -1.275796    0.9942427   1.0679023 ]
 [-3.6223602  -2.1565208  -3.2681925   3.546089   -3.0851533  -2.9161215
   3.0738268   3.2309043   3.1498425  -2.701804   -2.8395631  -3.7287848
   3.3392005  -3.4765573   2.977722    3.153041  ]
 [-0.01609645  0.0016331  -0.04489179  0.07024726 -0.06814448 -0.04205163
   0.08353516  0.04468314  0.04616158 -0.13477829 -0.01799316 -0.06712468
   0.06646905 -0.04966158  0.06595857  0.05408082]
 [ 1.0796698   0.12475429  1.0935273  -1.5167474   1.4364107   1.3250841
  -1.434776   -1.4668522  -1.4177899   1.223446    1.0163583   1.4314759
  -1.2980858   1.4566424  -1.2795216  -1.1038231 ]
 [ 3.2726305   2.3834362   3.3232112  -3.0906043   3.550991    3.5369487
  -3.001541   -3.4339762  -3.552065    3.1621277   3.4884818   3.498013
  -3.5575356   3.5427425  -2.9362273  -3.7723472 ]]

cov
[[0.1 0.1 0.1 0.1 0.1 0.1 0.1 0.1 0.1 0.1 0.1 0.1 0.1 0.1 0.1 0.1]
 [0.1 0.1 0.1 0.1 0.1 0.1 0.1 0.1 0.1 0.1 0.1 0.1 0.1 0.1 0.1 0.1]
 [0.1 0.1 0.1 0.1 0.1 0.1 0.1 0.1 0.1 0.1 0.1 0.1 0.1 0.1 0.1 0.1]
 [0.1 0.1 0.1 0.1 0.1 0.1 0.1 0.1 0.1 0.1 0.1 0.1 0.1 0.1 0.1 0.1]
 [0.1 0.1 0.1 0.1 0.1 0.1 0.1 0.1 0.1 0.1 0.1 0.1 0.1 0.1 0.1 0.1]]

trans
[[0.51982856 0.52718055 0.02515686 0.04601615 0.03221258]
 [0.09391141 0.20225711 0.00511293 0.03275138 0.04059252]
 [0.34520736 0.15311041 0.93542004 0.41402873 0.11946002]
 [0.031575   0.06107094 0.02703695 0.28640634 0.5732254 ]
 [0.00947763 0.056381   0.00727322 0.2207974  0.2345095 ]]

lengths
[1.3528355 1.1061734 1.1849722 1.2372707 1.3259507]

Epoch: 23, Loss: 1471.6604
mean
[[-0.9981753  -0.43511176 -1.1496642   0.9145504  -1.2536564  -1.3281094
   0.8560522   1.3458656   1.3624034  -0.26181614 -1.1139792  -0.97240347
   0.9215903  -1.2696413   0.98656875  1.0662742 ]
 [-3.6727626  -2.2108169  -3.2860348   3.5780265  -3.0937316  -2.928712
   3.0979426   3.2428803   3.1633282  -2.745634   -2.8680062  -3.7696574
   3.3791587  -3.499657    2.968976    3.1841109 ]
 [-0.02579764  0.002518   -0.04311491  0.06670904 -0.06574737 -0.04469174
   0.08046399  0.04480581  0.04533406 -0.13555138 -0.03469875 -0.06466762
   0.07374678 -0.05045035  0.06457736  0.05465053]
 [ 1.074776    0.11615871  1.0933316  -1.5138378   1.4274232   1.3142837
  -1.4345608  -1.4549112  -1.4071046   1.2186452   1.0030612   1.4299628
  -1.2926567   1.4501464  -1.2781035  -1.0972064 ]
 [ 3.2802944   2.3745222   3.334435   -3.0976965   3.567601    3.5467699
  -3.0092483  -3.4455993  -3.5645895   3.1750207   3.49114     3.5132132
  -3.5712507   3.5576763  -2.9504452  -3.78635   ]]

cov
[[0.1 0.1 0.1 0.1 0.1 0.1 0.1 0.1 0.1 0.1 0.1 0.1 0.1 0.1 0.1 0.1]
 [0.1 0.1 0.1 0.1 0.1 0.1 0.1 0.1 0.1 0.1 0.1 0.1 0.1 0.1 0.1 0.1]
 [0.1 0.1 0.1 0.1 0.1 0.1 0.1 0.1 0.1 0.1 0.1 0.1 0.1 0.1 0.1 0.1]
 [0.1 0.1 0.1 0.1 0.1 0.1 0.1 0.1 0.1 0.1 0.1 0.1 0.1 0.1 0.1 0.1]
 [0.1 0.1 0.1 0.1 0.1 0.1 0.1 0.1 0.1 0.1 0.1 0.1 0.1 0.1 0.1 0.1]]

trans
[[0.5228588  0.527556   0.02418199 0.04620844 0.03323391]
 [0.09237908 0.19463632 0.00509716 0.03245738 0.03998944]
 [0.34445918 0.15798227 0.935985   0.41940397 0.1217216 ]
 [0.03143446 0.06233049 0.02743463 0.28478357 0.573679  ]
 [0.00886854 0.0574949  0.00730121 0.21714662 0.2313761 ]]

lengths
[1.3521261 1.1029713 1.1850494 1.2340205 1.3231364]

Epoch: 24, Loss: 1471.1609
mean
[[-1.0037011  -0.45352674 -1.146935    0.91220415 -1.2540904  -1.3259844
   0.85188633  1.3443623   1.3619046  -0.25659826 -1.1134124  -0.9819042
   0.9186906  -1.2697084   0.97896135  1.0653414 ]
 [-3.717777   -2.260026   -3.3013852   3.6037123  -3.1001773  -2.9395897
   3.1169567   3.2522273   3.1745172  -2.7768192  -2.8941395  -3.804382
   3.4136937  -3.5190165   2.9599917   3.2117288 ]
 [-0.01576488  0.0029446  -0.04424133  0.0698398  -0.06855103 -0.04212906
   0.08299711  0.04622934  0.04674555 -0.13576417 -0.01744178 -0.06682017
   0.06740651 -0.0495891   0.06766294  0.05456139]
 [ 1.0682248   0.10342439  1.0927553  -1.5097277   1.4221735   1.3100587
  -1.4311736  -1.4481148  -1.4026842   1.2086853   0.9868988   1.42525
  -1.2860482   1.4464983  -1.2726136  -1.091182  ]
 [ 3.284391    2.3669004   3.3410766  -3.102822    3.5803435   3.5535386
  -3.0151527  -3.4540763  -3.5736828   3.1840408   3.491434    3.5245318
  -3.5812073   3.5688431  -2.9609454  -3.7957215 ]]

cov
[[0.1 0.1 0.1 0.1 0.1 0.1 0.1 0.1 0.1 0.1 0.1 0.1 0.1 0.1 0.1 0.1]
 [0.1 0.1 0.1 0.1 0.1 0.1 0.1 0.1 0.1 0.1 0.1 0.1 0.1 0.1 0.1 0.1]
 [0.1 0.1 0.1 0.1 0.1 0.1 0.1 0.1 0.1 0.1 0.1 0.1 0.1 0.1 0.1 0.1]
 [0.1 0.1 0.1 0.1 0.1 0.1 0.1 0.1 0.1 0.1 0.1 0.1 0.1 0.1 0.1 0.1]
 [0.1 0.1 0.1 0.1 0.1 0.1 0.1 0.1 0.1 0.1 0.1 0.1 0.1 0.1 0.1 0.1]]

trans
[[0.52566284 0.53046584 0.02351962 0.04632    0.03430747]
 [0.09134761 0.18698722 0.0050762  0.03221295 0.03941401]
 [0.3434216  0.16075924 0.9363567  0.42374775 0.12351087]
 [0.0312724  0.06333884 0.02771949 0.28411272 0.5740067 ]
 [0.00829557 0.0584489  0.00732799 0.21360658 0.22876094]]

lengths
[1.3554446 1.1034639 1.1842957 1.2322438 1.3199781]

Epoch: 25, Loss: 1470.7545
mean
[[-1.0014628  -0.45602903 -1.1432098   0.91912514 -1.2630645  -1.3380734
   0.8579329   1.3511207   1.3699805  -0.2493618  -1.1285844  -0.98506117
   0.9243717  -1.2786658   0.9782014   1.0771887 ]
 [-3.7592824  -2.3047638  -3.3165498   3.6246197  -3.10478    -2.947097
   3.131128    3.259313    3.183142   -2.8045144  -2.9158905  -3.8345573
   3.442629   -3.5353608   2.9532003   3.2354982 ]
 [-0.02630023  0.00242253 -0.04410518  0.06862605 -0.06710148 -0.04502568
   0.08240584  0.04490049  0.04576685 -0.1355174  -0.03518164 -0.0657334
   0.07324735 -0.05112401  0.06603133  0.05438594]
 [ 1.0634708   0.09220161  1.0920055  -1.5059048   1.421861    1.3119832
  -1.4262116  -1.4483999  -1.4045658   1.199468    0.9755093   1.420217
  -1.2821186   1.4461544  -1.2665004  -1.0881181 ]
 [ 3.2857525   2.3611188   3.344034   -3.1062818   3.589721    3.5577974
  -3.0194578  -3.459897   -3.579892    3.1897688   3.4900916   3.5325246
  -3.5879822   3.5767896  -2.9681833  -3.8013124 ]]

cov
[[0.1 0.1 0.1 0.1 0.1 0.1 0.1 0.1 0.1 0.1 0.1 0.1 0.1 0.1 0.1 0.1]
 [0.1 0.1 0.1 0.1 0.1 0.1 0.1 0.1 0.1 0.1 0.1 0.1 0.1 0.1 0.1 0.1]
 [0.1 0.1 0.1 0.1 0.1 0.1 0.1 0.1 0.1 0.1 0.1 0.1 0.1 0.1 0.1 0.1]
 [0.1 0.1 0.1 0.1 0.1 0.1 0.1 0.1 0.1 0.1 0.1 0.1 0.1 0.1 0.1 0.1]
 [0.1 0.1 0.1 0.1 0.1 0.1 0.1 0.1 0.1 0.1 0.1 0.1 0.1 0.1 0.1 0.1]]

trans
[[0.5267773  0.53632164 0.02313998 0.04647148 0.0354168 ]
 [0.09009393 0.17976622 0.00505338 0.03202908 0.03886259]
 [0.3443006  0.16041869 0.9365299  0.42647085 0.12484211]
 [0.03106618 0.06418696 0.02792381 0.2843668  0.57433736]
 [0.00776201 0.05930653 0.00735296 0.21066181 0.22654112]]

lengths
[1.3605785 1.1067929 1.1835124 1.232182  1.3171397]

Epoch: 26, Loss: 1470.5855
mean
[[-0.99690837 -0.44653404 -1.1415145   0.9274024  -1.2712672  -1.350949
   0.86835736  1.36019     1.3793367  -0.24404474 -1.1452445  -0.982183
   0.93381715 -1.2863649   0.98433006  1.0837891 ]
 [-3.7975106  -2.344455   -3.3319323   3.6414769  -3.1078513  -2.951077
   3.1409612   3.264496    3.1893592  -2.830995   -2.9327471  -3.8607473
   3.4661076  -3.549082    2.949309    3.2553473 ]
 [-0.01559878  0.00320084 -0.04396611  0.06900793 -0.06785063 -0.04234846
   0.08208781  0.04656424  0.04699644 -0.13649853 -0.01707983 -0.0665769
   0.06848154 -0.05000264  0.06648313  0.05493399]
 [ 1.0622336   0.08546754  1.0917436  -1.5046577   1.424911    1.3156
  -1.4233139  -1.4529855  -1.4087248   1.1959231   0.9718565   1.4185452
  -1.2823493   1.4479024  -1.2627653  -1.0880967 ]
 [ 3.2851472   2.3573298   3.3442273  -3.1083837   3.5962567   3.56007
  -3.0223978  -3.4635484  -3.583755    3.1928306   3.48774     3.5377605
  -3.5921595   3.5820665  -2.9726856  -3.803947  ]]

cov
[[0.1 0.1 0.1 0.1 0.1 0.1 0.1 0.1 0.1 0.1 0.1 0.1 0.1 0.1 0.1 0.1]
 [0.1 0.1 0.1 0.1 0.1 0.1 0.1 0.1 0.1 0.1 0.1 0.1 0.1 0.1 0.1 0.1]
 [0.1 0.1 0.1 0.1 0.1 0.1 0.1 0.1 0.1 0.1 0.1 0.1 0.1 0.1 0.1 0.1]
 [0.1 0.1 0.1 0.1 0.1 0.1 0.1 0.1 0.1 0.1 0.1 0.1 0.1 0.1 0.1 0.1]
 [0.1 0.1 0.1 0.1 0.1 0.1 0.1 0.1 0.1 0.1 0.1 0.1 0.1 0.1 0.1 0.1]]

trans
[[0.5260373  0.54403603 0.02299842 0.04667186 0.03656195]
 [0.08865471 0.1732456  0.00503057 0.03190128 0.03834685]
 [0.3472139  0.15763721 0.93652594 0.42753854 0.12587821]
 [0.03083147 0.06495322 0.02806738 0.28538704 0.5745027 ]
 [0.00726261 0.06012796 0.00737772 0.20850126 0.22471024]]

lengths
[1.3645078 1.1117862 1.1832993 1.2334429 1.3150212]

Epoch: 27, Loss: 1470.2568
mean
[[-0.996346   -0.4350936  -1.142628    0.9286754  -1.2707195  -1.3483043
   0.8732798   1.3628193   1.3801696  -0.24397537 -1.1487877  -0.9826819
   0.9369774  -1.285046    0.99119353  1.077964  ]
 [-3.8316596  -2.377876   -3.3467162   3.6545029  -3.109694   -2.952326
   3.1470895   3.268105    3.193583   -2.8539886  -2.9452238  -3.8828435
   3.4844775  -3.5603416   2.9478512   3.271424  ]
 [-0.02673059  0.00250712 -0.04456634  0.06967782 -0.06821382 -0.04522548
   0.08321851  0.04557245  0.04622404 -0.13541234 -0.03578365 -0.06651381
   0.07253902 -0.0512564   0.06737401  0.05453695]
 [ 1.063995    0.08424206  1.0918115  -1.505664    1.4279461   1.317272
  -1.4235435  -1.457028   -1.4109287   1.1978558   0.9750697   1.4202825
  -1.2847973   1.4494823  -1.2618948  -1.0899751 ]
 [ 3.283249    2.3553898   3.3425245  -3.1094224   3.6004665   3.5608404
  -3.0242178  -3.465492   -3.5857782   3.1938462   3.4848928   3.54079
  -3.5942981   3.5852034  -2.9749997  -3.8043852 ]]

cov
[[0.1 0.1 0.1 0.1 0.1 0.1 0.1 0.1 0.1 0.1 0.1 0.1 0.1 0.1 0.1 0.1]
 [0.1 0.1 0.1 0.1 0.1 0.1 0.1 0.1 0.1 0.1 0.1 0.1 0.1 0.1 0.1 0.1]
 [0.1 0.1 0.1 0.1 0.1 0.1 0.1 0.1 0.1 0.1 0.1 0.1 0.1 0.1 0.1 0.1]
 [0.1 0.1 0.1 0.1 0.1 0.1 0.1 0.1 0.1 0.1 0.1 0.1 0.1 0.1 0.1 0.1]
 [0.1 0.1 0.1 0.1 0.1 0.1 0.1 0.1 0.1 0.1 0.1 0.1 0.1 0.1 0.1 0.1]]

trans
[[0.5249336  0.5524359  0.02302015 0.04691939 0.03772608]
 [0.08750215 0.16750388 0.00500783 0.0318174  0.03785784]
 [0.35012257 0.15344226 0.9364121  0.42725167 0.1266127 ]
 [0.03062446 0.06567534 0.02815993 0.28690845 0.57464325]
 [0.00681724 0.06094261 0.00739999 0.20710313 0.22316013]]

lengths
[1.3652788 1.1172202 1.1836714 1.235126  1.3137808]

Epoch: 28, Loss: 1470.2060
mean
[[-0.9992308  -0.42897722 -1.1451966   0.9247437  -1.2654066  -1.3394243
   0.8706888   1.358853    1.374712   -0.24803841 -1.1399236  -0.9849345
   0.9327536  -1.27992     0.9939453   1.0737854 ]
 [-3.8612325  -2.4045064  -3.3602066   3.6640422  -3.1105895  -2.9516444
   3.1502287   3.27045     3.1962295  -2.87184    -2.954018   -3.9009008
   3.4982746  -3.5693436   2.9481776   3.2840464 ]
 [-0.01515798  0.00275021 -0.04367059  0.06826928 -0.06715039 -0.0421073
   0.08174496  0.04584277  0.04655067 -0.13660124 -0.01653636 -0.06601012
   0.06931342 -0.05000979  0.0659885   0.05486385]
 [ 1.0668561   0.08693815  1.0924717  -1.5081033   1.4294316   1.3166898
  -1.4262377  -1.4583912  -1.4106342   1.2029186   0.981299    1.423509
  -1.286807    1.4503684  -1.2636414  -1.0920515 ]
 [ 3.2806215   2.354964    3.3396888  -3.1096687   3.6028368   3.560537
  -3.0251558  -3.4661489  -3.5864205   3.1933928   3.4819453   3.542125
  -3.5949094   3.5866888  -2.9756558  -3.803298  ]]

cov
[[0.1 0.1 0.1 0.1 0.1 0.1 0.1 0.1 0.1 0.1 0.1 0.1 0.1 0.1 0.1 0.1]
 [0.1 0.1 0.1 0.1 0.1 0.1 0.1 0.1 0.1 0.1 0.1 0.1 0.1 0.1 0.1 0.1]
 [0.1 0.1 0.1 0.1 0.1 0.1 0.1 0.1 0.1 0.1 0.1 0.1 0.1 0.1 0.1 0.1]
 [0.1 0.1 0.1 0.1 0.1 0.1 0.1 0.1 0.1 0.1 0.1 0.1 0.1 0.1 0.1 0.1]
 [0.1 0.1 0.1 0.1 0.1 0.1 0.1 0.1 0.1 0.1 0.1 0.1 0.1 0.1 0.1 0.1]]

trans
[[0.52455914 0.5600714  0.02316058 0.04716514 0.03890778]
 [0.0868634  0.16259687 0.0049856  0.03175887 0.0374017 ]
 [0.35167935 0.14913616 0.93622184 0.4261469  0.12717663]
 [0.03047994 0.06640332 0.02821034 0.28861582 0.5746293 ]
 [0.00641819 0.06179227 0.00742162 0.20631325 0.22188461]]

lengths
[1.3637216 1.1221387 1.1841779 1.2363689 1.3133895]

Epoch: 29, Loss: 1470.0046
mean
[[-1.000457   -0.4295486  -1.1468133   0.9215876  -1.2629957  -1.3389572
   0.86559     1.3541968   1.3711302  -0.25122744 -1.1305132  -0.9834213
   0.9278572  -1.2783306   0.9916524   1.076675  ]
 [-3.8862934  -2.4247293  -3.3720174   3.670696   -3.1107976  -2.94969
   3.1511495   3.271838    3.197692   -2.8844912  -2.9599228  -3.9152954
   3.5082345  -3.5763924   2.9496546   3.2937438 ]
 [-0.0268019   0.00261362 -0.04434721  0.06940544 -0.06796842 -0.0449698
   0.0825745   0.04570778  0.04616518 -0.13520195 -0.03615076 -0.06680411
   0.07149906 -0.05081167  0.0665802   0.05473976]
 [ 1.0690943   0.09162758  1.0930607  -1.5100493   1.4290692   1.3157563
  -1.4289743  -1.4572723  -1.4093734   1.2073137   0.9871188   1.4255415
  -1.2875881   1.4505004  -1.2661953  -1.0935428 ]
 [ 3.2777085   2.35562     3.3363469  -3.1093597   3.6038098   3.559526
  -3.0254314  -3.4658887  -3.586083    3.1919768   3.4791787   3.5422213
  -3.5944421   3.586958   -2.9751384  -3.8012526 ]]

cov
[[0.1 0.1 0.1 0.1 0.1 0.1 0.1 0.1 0.1 0.1 0.1 0.1 0.1 0.1 0.1 0.1]
 [0.1 0.1 0.1 0.1 0.1 0.1 0.1 0.1 0.1 0.1 0.1 0.1 0.1 0.1 0.1 0.1]
 [0.1 0.1 0.1 0.1 0.1 0.1 0.1 0.1 0.1 0.1 0.1 0.1 0.1 0.1 0.1 0.1]
 [0.1 0.1 0.1 0.1 0.1 0.1 0.1 0.1 0.1 0.1 0.1 0.1 0.1 0.1 0.1 0.1]
 [0.1 0.1 0.1 0.1 0.1 0.1 0.1 0.1 0.1 0.1 0.1 0.1 0.1 0.1 0.1 0.1]]

trans
[[0.52555996 0.5665599  0.02336373 0.04738302 0.04008751]
 [0.08673359 0.15842316 0.00496334 0.03171018 0.03696601]
 [0.35121933 0.1451822  0.9360114  0.4247156  0.12752964]
 [0.03041563 0.06715032 0.02822117 0.2902436  0.57463944]
 [0.00607146 0.06268442 0.00744036 0.2059476  0.22077742]]

lengths
[1.3614949 1.1259731 1.1844    1.2366776 1.3136913]

Epoch: 30, Loss: 1470.0821
mean
[[-0.9997387  -0.433958   -1.1480056   0.92377776 -1.26754    -1.346992
   0.86494446  1.3556896   1.3749696  -0.25106838 -1.1300601  -0.9852264
   0.9289126  -1.2831944   0.98946756  1.0796735 ]
 [-3.907723   -2.4400458  -3.3820567   3.6755161  -3.1105723  -2.9469924
   3.1507325   3.2726207   3.198393   -2.8940144  -2.9640086  -3.9268968
   3.5154421  -3.5819771   2.9516726   3.3014586 ]
 [-0.01487806  0.00260485 -0.04373207  0.06845658 -0.06739393 -0.04205511
   0.08224776  0.04556256  0.0463673  -0.13662015 -0.01603109 -0.06575322
   0.07025908 -0.05023965  0.06669544  0.05477129]
 [ 1.0697196   0.09584247  1.0934957  -1.5108314   1.4281116   1.3156633
  -1.4302197  -1.4557209  -1.4089262   1.2091922   0.9899153   1.4255856
  -1.2873011   1.4505086  -1.268508   -1.0938547 ]
 [ 3.2748408   2.356922    3.3329756  -3.1086962   3.6037714   3.558105
  -3.0252402  -3.4650228  -3.5851018   3.190023    3.476774    3.5414712
  -3.5932765   3.5863838  -2.9738657  -3.7987072 ]]

cov
[[0.1 0.1 0.1 0.1 0.1 0.1 0.1 0.1 0.1 0.1 0.1 0.1 0.1 0.1 0.1 0.1]
 [0.1 0.1 0.1 0.1 0.1 0.1 0.1 0.1 0.1 0.1 0.1 0.1 0.1 0.1 0.1 0.1]
 [0.1 0.1 0.1 0.1 0.1 0.1 0.1 0.1 0.1 0.1 0.1 0.1 0.1 0.1 0.1 0.1]
 [0.1 0.1 0.1 0.1 0.1 0.1 0.1 0.1 0.1 0.1 0.1 0.1 0.1 0.1 0.1 0.1]
 [0.1 0.1 0.1 0.1 0.1 0.1 0.1 0.1 0.1 0.1 0.1 0.1 0.1 0.1 0.1 0.1]]

trans
[[0.5273667  0.57156676 0.02358512 0.04753952 0.04126271]
 [0.08693554 0.15473819 0.00494082 0.03165923 0.03655465]
 [0.34952766 0.14215185 0.93581825 0.42334428 0.12777384]
 [0.03040993 0.06792408 0.02819877 0.29161626 0.5745723 ]
 [0.00576016 0.06361911 0.00745703 0.20584068 0.21983646]]

lengths
[1.359844  1.1286161 1.1842709 1.2361166 1.3144656]

Loss didn't improve for 1 epochs
Epoch: 31, Loss: 1469.9542
mean
[[-1.0001045  -0.4383616  -1.1505655   0.9299698  -1.2754937  -1.3534197
   0.87081075  1.3631686   1.3827858  -0.2486831  -1.137372   -0.9921336
   0.9357815  -1.2903492   0.99230176  1.0806699 ]
 [-3.9270935  -2.4528334  -3.3905215   3.679933   -3.110237   -2.944069
   3.149988    3.2732446   3.1988475  -2.9039288  -2.9676435  -3.9369874
   3.5213075  -3.5867834   2.9536977   3.308518  ]
 [-0.02709171  0.00261754 -0.04420947  0.06923759 -0.06774414 -0.04508998
   0.08223997  0.04602883  0.04646964 -0.13545318 -0.03674561 -0.06718189
   0.07073539 -0.05080155  0.06616259  0.05487529]
 [ 1.0690856   0.09856126  1.0933037  -1.5101007   1.4272815   1.3164121
  -1.4294614  -1.4549278  -1.4093958   1.2081016   0.9897488   1.424336
  -1.2870048   1.4503574  -1.2693824  -1.0935162 ]
 [ 3.27224     2.3584757   3.329904   -3.107841    3.60305     3.5565097
  -3.024748   -3.4638054  -3.5837517   3.1878638   3.4748273   3.540198
  -3.591721    3.5852754  -2.9721806  -3.7960143 ]]

cov
[[0.1 0.1 0.1 0.1 0.1 0.1 0.1 0.1 0.1 0.1 0.1 0.1 0.1 0.1 0.1 0.1]
 [0.1 0.1 0.1 0.1 0.1 0.1 0.1 0.1 0.1 0.1 0.1 0.1 0.1 0.1 0.1 0.1]
 [0.1 0.1 0.1 0.1 0.1 0.1 0.1 0.1 0.1 0.1 0.1 0.1 0.1 0.1 0.1 0.1]
 [0.1 0.1 0.1 0.1 0.1 0.1 0.1 0.1 0.1 0.1 0.1 0.1 0.1 0.1 0.1 0.1]
 [0.1 0.1 0.1 0.1 0.1 0.1 0.1 0.1 0.1 0.1 0.1 0.1 0.1 0.1 0.1 0.1]]

trans
[[0.52957344 0.57564086 0.02376544 0.04764491 0.04241179]
 [0.08726592 0.15109982 0.00491659 0.03160105 0.03615414]
 [0.34724697 0.14001729 0.9357017  0.42223102 0.12783691]
 [0.03043197 0.06868961 0.0281472  0.29265192 0.57463557]
 [0.0054817  0.06455243 0.00746905 0.2058711  0.21896157]]

lengths
[1.3586742 1.1303475 1.1840311 1.2350489 1.315482 ]

Epoch: 32, Loss: 1469.9809
mean
[[-1.0057793  -0.44112226 -1.1568543   0.9379043  -1.2823161  -1.3550546
   0.8803826   1.3722647   1.3892272  -0.2499011  -1.1446923  -1.0014629
   0.94428027 -1.2972862   1.0023711   1.0847342 ]
 [-3.9461443  -2.465629   -3.3980262   3.6855614  -3.110606   -2.9420316
   3.1503854   3.2745202   3.2000046  -2.9169347  -2.9725854  -3.94698
   3.5275822  -3.591801    2.9554632   3.3165047 ]
 [-0.01485832  0.00274596 -0.04406913  0.06911756 -0.0680583  -0.0423707
   0.08280185  0.04593428  0.04664216 -0.13669498 -0.0157305  -0.06593341
   0.07129323 -0.05075014  0.06702214  0.0549435 ]
 [ 1.0679541   0.09909242  1.0929958  -1.5090479   1.4272575   1.316941
  -1.4280008  -1.455363   -1.4101262   1.2058612   0.9874856   1.4234351
  -1.2867713   1.4503429  -1.2692016  -1.0928038 ]
 [ 3.270038    2.3599813   3.3273306  -3.1069183   3.6019132   3.5549128
  -3.0240898  -3.4624329  -3.5822434   3.1857457   3.4733653   3.5386584
  -3.5900147   3.583879   -2.9703496  -3.7934268 ]]

cov
[[0.1 0.1 0.1 0.1 0.1 0.1 0.1 0.1 0.1 0.1 0.1 0.1 0.1 0.1 0.1 0.1]
 [0.1 0.1 0.1 0.1 0.1 0.1 0.1 0.1 0.1 0.1 0.1 0.1 0.1 0.1 0.1 0.1]
 [0.1 0.1 0.1 0.1 0.1 0.1 0.1 0.1 0.1 0.1 0.1 0.1 0.1 0.1 0.1 0.1]
 [0.1 0.1 0.1 0.1 0.1 0.1 0.1 0.1 0.1 0.1 0.1 0.1 0.1 0.1 0.1 0.1]
 [0.1 0.1 0.1 0.1 0.1 0.1 0.1 0.1 0.1 0.1 0.1 0.1 0.1 0.1 0.1 0.1]]

trans
[[0.53168595 0.57859063 0.02389239 0.04769716 0.04353606]
 [0.08752293 0.14724642 0.00488772 0.03153331 0.03577126]
 [0.345135   0.13919619 0.9356642  0.42147395 0.12782677]
 [0.03043978 0.06947295 0.02807699 0.29334062 0.57468677]
 [0.00521634 0.06549381 0.00747871 0.20595492 0.21817912]]

lengths
[1.3574163 1.1317244 1.1839391 1.2339814 1.3165376]

Loss didn't improve for 1 epochs
Epoch: 33, Loss: 1469.7935
mean
[[-1.0152352  -0.44275662 -1.1665522   0.9453059  -1.2863103  -1.3562778
   0.8887279   1.3784239   1.3922946  -0.25700855 -1.1468874  -1.0097587
   0.9506476  -1.3033793   1.0161585   1.0911577 ]
 [-3.9662514  -2.4804692  -3.4053748   3.6936567  -3.1126838  -2.9422252
   3.1533475   3.2773376   3.2029305  -2.9339702  -2.980473   -3.9579914
   3.5358403  -3.598004    2.9568896   3.3267963 ]
 [-0.02753702  0.00254446 -0.04425498  0.06937333 -0.06795031 -0.04545799
   0.08254052  0.0464393   0.04697914 -0.13596533 -0.03751887 -0.06755292
   0.07032821 -0.05111849  0.06667639  0.05497505]
 [ 1.06717     0.09823355  1.0924869  -1.508024    1.4274079   1.3167078
  -1.4267128  -1.4559405  -1.4100821   1.2036698   0.98508704  1.4231884
  -1.2865667   1.450052   -1.2680318  -1.0923297 ]
 [ 3.2682943   2.3612332   3.3253474  -3.1060197   3.6005723   3.5534353
  -3.0233686  -3.4610546  -3.580736    3.183834    3.4723654   3.537048
  -3.588331    3.5823846  -2.968571   -3.7911124 ]]

cov
[[0.1 0.1 0.1 0.1 0.1 0.1 0.1 0.1 0.1 0.1 0.1 0.1 0.1 0.1 0.1 0.1]
 [0.1 0.1 0.1 0.1 0.1 0.1 0.1 0.1 0.1 0.1 0.1 0.1 0.1 0.1 0.1 0.1]
 [0.1 0.1 0.1 0.1 0.1 0.1 0.1 0.1 0.1 0.1 0.1 0.1 0.1 0.1 0.1 0.1]
 [0.1 0.1 0.1 0.1 0.1 0.1 0.1 0.1 0.1 0.1 0.1 0.1 0.1 0.1 0.1 0.1]
 [0.1 0.1 0.1 0.1 0.1 0.1 0.1 0.1 0.1 0.1 0.1 0.1 0.1 0.1 0.1 0.1]]

trans
[[0.5338146  0.58042496 0.02396833 0.04772991 0.04461672]
 [0.08759264 0.143072   0.00484976 0.03145859 0.03539527]
 [0.3432223  0.1397316  0.9356993  0.4210342  0.12767301]
 [0.03040989 0.07030918 0.02799679 0.29372662 0.57490134]
 [0.00496057 0.06646227 0.00748583 0.20605068 0.21741362]]

lengths
[1.3553532 1.1332744 1.1840664 1.2332605 1.317484 ]

Epoch: 34, Loss: 1469.7448
mean
[[-1.0196673  -0.4426916  -1.1771002   0.9493765  -1.2899129  -1.36039
   0.89274883  1.3811871   1.3945786  -0.26417905 -1.1445588  -1.0111278
   0.9526852  -1.307585    1.0282376   1.0928959 ]
 [-3.9881525  -2.4986746  -3.4123564   3.7042105  -3.1160936  -2.9447367
   3.1587603   3.2815769   3.2075694  -2.953901   -2.9918694  -3.9703405
   3.5465114  -3.6054232   2.9566061   3.339666  ]
 [-0.01487413  0.0028869  -0.04437488  0.06962899 -0.06842352 -0.04265887
   0.08299827  0.04637101  0.04692262 -0.13665335 -0.01539912 -0.06633423
   0.07208912 -0.0511582   0.06694056  0.055287  ]
 [ 1.0669394   0.09646632  1.0923576  -1.5079463   1.4276912   1.3159031
  -1.4265941  -1.4562628  -1.4095395   1.2029818   0.9834162   1.4235911
  -1.2861818   1.4499011  -1.2669743  -1.0920215 ]
 [ 3.2670128   2.362136    3.32396    -3.1052055   3.599185    3.5521495
  -3.0226593  -3.4597704  -3.579336    3.1822283   3.4717708   3.5355062
  -3.5867887   3.5809278  -2.9669743  -3.789166  ]]

cov
[[0.1 0.1 0.1 0.1 0.1 0.1 0.1 0.1 0.1 0.1 0.1 0.1 0.1 0.1 0.1 0.1]
 [0.1 0.1 0.1 0.1 0.1 0.1 0.1 0.1 0.1 0.1 0.1 0.1 0.1 0.1 0.1 0.1]
 [0.1 0.1 0.1 0.1 0.1 0.1 0.1 0.1 0.1 0.1 0.1 0.1 0.1 0.1 0.1 0.1]
 [0.1 0.1 0.1 0.1 0.1 0.1 0.1 0.1 0.1 0.1 0.1 0.1 0.1 0.1 0.1 0.1]
 [0.1 0.1 0.1 0.1 0.1 0.1 0.1 0.1 0.1 0.1 0.1 0.1 0.1 0.1 0.1 0.1]]

trans
[[0.5349737  0.5810845  0.02400675 0.04773897 0.04566275]
 [0.08748548 0.13874298 0.00480469 0.03137838 0.03503762]
 [0.34249547 0.14151613 0.9357775  0.42087296 0.12751152]
 [0.03033611 0.07119609 0.02791825 0.29387423 0.57505995]
 [0.00470927 0.06746033 0.00749282 0.20613547 0.2167282 ]]

lengths
[1.3537742 1.1338199 1.1842912 1.233066  1.3182331]

Epoch: 35, Loss: 1469.5029
mean
[[-1.0157219  -0.4393239  -1.1870015   0.9516279  -1.2971689  -1.3655787
   0.89492196  1.384648    1.3995044  -0.26776573 -1.1409776  -1.0128587
   0.952735   -1.3118334   1.038547    1.0918468 ]
 [-4.013556   -2.522987   -3.418212    3.7172828  -3.1197133  -2.949255
   3.1660726   3.2867699   3.2135139  -2.9761472  -3.0078058  -3.9846623
   3.560232   -3.613928    2.951722    3.355662  ]
 [-0.02792245  0.00251268 -0.04432788  0.06955786 -0.06828441 -0.0457418
   0.08294687  0.04669145  0.04734309 -0.13636912 -0.03826706 -0.06769372
   0.07020377 -0.05140954  0.06708147  0.05515057]
 [ 1.0671687   0.09493302  1.0922918  -1.5081941   1.4275602   1.3152831
  -1.4270434  -1.4558774  -1.4088812   1.2033108   0.9831476   1.4237541
  -1.2859321   1.4496739  -1.266111   -1.0920281 ]
 [ 3.2661562   2.3626692   3.3231153  -3.1045113   3.5978634   3.5510926
  -3.022013   -3.4586444  -3.578111    3.1809702   3.4715059   3.5341232
  -3.5854595   3.5796006  -2.9656348  -3.7876256 ]]

cov
[[0.1 0.1 0.1 0.1 0.1 0.1 0.1 0.1 0.1 0.1 0.1 0.1 0.1 0.1 0.1 0.1]
 [0.1 0.1 0.1 0.1 0.1 0.1 0.1 0.1 0.1 0.1 0.1 0.1 0.1 0.1 0.1 0.1]
 [0.1 0.1 0.1 0.1 0.1 0.1 0.1 0.1 0.1 0.1 0.1 0.1 0.1 0.1 0.1 0.1]
 [0.1 0.1 0.1 0.1 0.1 0.1 0.1 0.1 0.1 0.1 0.1 0.1 0.1 0.1 0.1 0.1]
 [0.1 0.1 0.1 0.1 0.1 0.1 0.1 0.1 0.1 0.1 0.1 0.1 0.1 0.1 0.1 0.1]]

trans
[[0.5348085  0.58096576 0.02400902 0.04774701 0.04666023]
 [0.08728822 0.13440381 0.00475633 0.03129655 0.03469073]
 [0.34320712 0.14408712 0.9358847  0.4208913  0.12728672]
 [0.03022893 0.07208808 0.02784985 0.2938572  0.57529074]
 [0.00446723 0.06845523 0.00750006 0.20620795 0.21607156]]

lengths
[1.3547295 1.1307032 1.1844422 1.2332972 1.3187551]

Epoch: 36, Loss: 1469.3951
mean
[[-1.0117011  -0.43618342 -1.191835    0.95112973 -1.2991309  -1.3648331
   0.89465356  1.3861722   1.4013671  -0.26562604 -1.1410346  -1.0130813
   0.95218104 -1.3119198   1.0408951   1.0925301 ]
 [-4.0400715  -2.5497622  -3.4229074   3.7311833  -3.1232133  -2.9548903
   3.174101    3.292317    3.2200255  -2.9972506  -3.0259905  -3.9995387
   3.5752442  -3.6227267   2.9440222   3.3729272 ]
 [-0.01481481  0.00284977 -0.04450773  0.06981979 -0.06845566 -0.04275855
   0.08297537  0.0466099   0.04703408 -0.13652222 -0.01493741 -0.0667562
   0.07241143 -0.0513356   0.0669848   0.05545385]
 [ 1.0674376   0.09383347  1.0925379  -1.5087795   1.4274731   1.3151987
  -1.4277465  -1.4555106  -1.4088377   1.2043959   0.9836504   1.4237659
  -1.2858655   1.449789   -1.266026   -1.0920296 ]
 [ 3.2656612   2.3628721   3.3227236  -3.103953    3.5966816   3.5502744
  -3.0214605  -3.4577093  -3.5770962   3.1800592   3.4714901   3.532951
  -3.5843768   3.578457   -2.9645848  -3.7864857 ]]

cov
[[0.1 0.1 0.1 0.1 0.1 0.1 0.1 0.1 0.1 0.1 0.1 0.1 0.1 0.1 0.1 0.1]
 [0.1 0.1 0.1 0.1 0.1 0.1 0.1 0.1 0.1 0.1 0.1 0.1 0.1 0.1 0.1 0.1]
 [0.1 0.1 0.1 0.1 0.1 0.1 0.1 0.1 0.1 0.1 0.1 0.1 0.1 0.1 0.1 0.1]
 [0.1 0.1 0.1 0.1 0.1 0.1 0.1 0.1 0.1 0.1 0.1 0.1 0.1 0.1 0.1 0.1]
 [0.1 0.1 0.1 0.1 0.1 0.1 0.1 0.1 0.1 0.1 0.1 0.1 0.1 0.1 0.1 0.1]]

trans
[[0.53352183 0.580368   0.02400059 0.04774135 0.04762013]
 [0.0871173  0.13021082 0.00470817 0.03121457 0.03436531]
 [0.34500986 0.14704478 0.9359839  0.4210386  0.12712021]
 [0.03011301 0.07295152 0.0277984  0.29373813 0.5753865 ]
 [0.00423795 0.06942489 0.00750891 0.20626734 0.21550786]]

lengths
[1.3562651 1.125615  1.1844543 1.2337646 1.319066 ]

Epoch: 37, Loss: 1469.1502
mean
[[-1.0124652  -0.4352219  -1.1905674   0.94943035 -1.2951096  -1.361546
   0.8931002   1.3847737   1.3988315  -0.26189512 -1.1435697  -1.0121098
   0.9518967  -1.3092344   1.0361105   1.0933429 ]
 [-4.0657954  -2.5760431  -3.4265175   3.7446015  -3.1264021  -2.9609346
   3.181939    3.297773    3.2265427  -3.0148454  -3.0445554  -4.0138607
   3.5901437  -3.6312213   2.935203    3.3899906 ]
 [-0.02803805  0.00259371 -0.04429381  0.06955913 -0.06839409 -0.04572006
   0.08303486  0.0466442   0.04736471 -0.13661146 -0.03878997 -0.06750881
   0.07026302 -0.05143991  0.06702194  0.05527773]
 [ 1.0676098   0.09360628  1.0926576  -1.5089748   1.4273393   1.3155888
  -1.4279505  -1.4553295  -1.4091731   1.2051316   0.98459303  1.4236234
  -1.286112    1.4499263  -1.2662567  -1.0921527 ]
 [ 3.265455    2.3628194   3.3226793  -3.1035311   3.595681    3.5496848
  -3.0210154  -3.4569764  -3.5763013   3.1794636   3.4716454   3.5320103
  -3.5835452   3.5775235  -2.963824   -3.7857122 ]]

cov
[[0.1 0.1 0.1 0.1 0.1 0.1 0.1 0.1 0.1 0.1 0.1 0.1 0.1 0.1 0.1 0.1]
 [0.1 0.1 0.1 0.1 0.1 0.1 0.1 0.1 0.1 0.1 0.1 0.1 0.1 0.1 0.1 0.1]
 [0.1 0.1 0.1 0.1 0.1 0.1 0.1 0.1 0.1 0.1 0.1 0.1 0.1 0.1 0.1 0.1]
 [0.1 0.1 0.1 0.1 0.1 0.1 0.1 0.1 0.1 0.1 0.1 0.1 0.1 0.1 0.1 0.1]
 [0.1 0.1 0.1 0.1 0.1 0.1 0.1 0.1 0.1 0.1 0.1 0.1 0.1 0.1 0.1 0.1]]

trans
[[0.53242326 0.5796429  0.02398574 0.04773642 0.04852913]
 [0.08705486 0.1262482  0.00466214 0.0311352  0.03405327]
 [0.3464837  0.15000229 0.93606776 0.42124116 0.12694667]
 [0.0300128  0.07375807 0.02776514 0.2935676  0.57548577]
 [0.00402541 0.07034855 0.00751921 0.2063196  0.21498516]]

lengths
[1.3574333 1.1202264 1.1843629 1.2341971 1.3192098]

Epoch: 38, Loss: 1469.1191
mean
[[-1.0154145  -0.43622157 -1.1859035   0.9485958  -1.2921023  -1.361559
   0.8919458   1.3828229   1.3964769  -0.26070446 -1.1448929  -1.0119874
   0.95188713 -1.3082235   1.0302974   1.0923142 ]
 [-4.089488   -2.599912   -3.4291654   3.756712   -3.1291685  -2.9668694
   3.1890264   3.3028252   3.232669   -3.0279145  -3.0622058  -4.0269337
   3.6040177  -3.6390188   2.9265447   3.4058824 ]
 [-0.01457773  0.00279452 -0.0444222   0.06969606 -0.068282   -0.04263291
   0.08284421  0.04653989  0.0469134  -0.13644469 -0.01430572 -0.06701199
   0.07220533 -0.05123765  0.06705776  0.05541863]
 [ 1.0676004   0.09384359  1.0928491  -1.5090884   1.4275324   1.315948
  -1.4279157  -1.4556673  -1.4096521   1.2055084   0.9852058   1.423791
  -1.2863168   1.4502308  -1.266871   -1.0922047 ]
 [ 3.2654614   2.3626041   3.3228736  -3.1032362   3.5948763   3.5492973
  -3.020679   -3.4564362  -3.575716    3.1791368   3.4719014   3.531298
  -3.5829496   3.576801   -2.963325   -3.7852514 ]]

cov
[[0.1 0.1 0.1 0.1 0.1 0.1 0.1 0.1 0.1 0.1 0.1 0.1 0.1 0.1 0.1 0.1]
 [0.1 0.1 0.1 0.1 0.1 0.1 0.1 0.1 0.1 0.1 0.1 0.1 0.1 0.1 0.1 0.1]
 [0.1 0.1 0.1 0.1 0.1 0.1 0.1 0.1 0.1 0.1 0.1 0.1 0.1 0.1 0.1 0.1]
 [0.1 0.1 0.1 0.1 0.1 0.1 0.1 0.1 0.1 0.1 0.1 0.1 0.1 0.1 0.1 0.1]
 [0.1 0.1 0.1 0.1 0.1 0.1 0.1 0.1 0.1 0.1 0.1 0.1 0.1 0.1 0.1 0.1]]

trans
[[0.5324305  0.5790569  0.02397656 0.0477203  0.04939525]
 [0.08711629 0.12255072 0.00461951 0.03105905 0.03376145]
 [0.34667692 0.15268923 0.93612325 0.4214739  0.12684916]
 [0.02994577 0.07449028 0.02774949 0.29338193 0.575448  ]
 [0.00383053 0.07121282 0.00753121 0.20636484 0.21454614]]

lengths
[1.3577609 1.115723  1.1842605 1.2344495 1.319242 ]

Epoch: 39, Loss: 1468.9646
mean
[[-1.0164893  -0.43755785 -1.1815399   0.9493328  -1.2937893  -1.3641653
   0.89202595  1.3831166   1.3978258  -0.26198414 -1.1440907  -1.0127943
   0.95191675 -1.3100634   1.0283295   1.0915091 ]
 [-4.1105824  -2.6206467  -3.4310584   3.7672977  -3.1314654  -2.9722695
   3.1953285   3.3071928   3.2380743  -3.0373251  -3.0781794  -4.0385866
   3.616595   -3.645895    2.91897     3.4201937 ]
 [-0.02805852  0.00265061 -0.04427299  0.06952658 -0.06836776 -0.04559305
   0.0829476   0.0465522   0.04727991 -0.13674219 -0.03921779 -0.06726254
   0.07056828 -0.05140597  0.06691322  0.05530931]
 [ 1.0675755   0.09448782  1.0928223  -1.5089222   1.4276934   1.3160615
  -1.4276522  -1.4560157  -1.4097737   1.2052689   0.98550713  1.4240098
  -1.2864355   1.4503297  -1.2672914  -1.0923399 ]
 [ 3.265612    2.3623173   3.3232088  -3.103052    3.594264    3.5490777
  -3.0204437  -3.4560685  -3.5753176   3.1790245   3.4722004   3.5307968
  -3.5825624   3.5762765  -2.9630477  -3.785041  ]]

cov
[[0.1 0.1 0.1 0.1 0.1 0.1 0.1 0.1 0.1 0.1 0.1 0.1 0.1 0.1 0.1 0.1]
 [0.1 0.1 0.1 0.1 0.1 0.1 0.1 0.1 0.1 0.1 0.1 0.1 0.1 0.1 0.1 0.1]
 [0.1 0.1 0.1 0.1 0.1 0.1 0.1 0.1 0.1 0.1 0.1 0.1 0.1 0.1 0.1 0.1]
 [0.1 0.1 0.1 0.1 0.1 0.1 0.1 0.1 0.1 0.1 0.1 0.1 0.1 0.1 0.1 0.1]
 [0.1 0.1 0.1 0.1 0.1 0.1 0.1 0.1 0.1 0.1 0.1 0.1 0.1 0.1 0.1 0.1]]

trans
[[0.53368884 0.57892066 0.02396758 0.04770754 0.05020439]
 [0.087249   0.11905263 0.00458062 0.03098798 0.03348073]
 [0.34549767 0.15489943 0.93616    0.42168784 0.12674987]
 [0.02991177 0.07512905 0.02774771 0.29320818 0.5754323 ]
 [0.00365271 0.07199823 0.00754405 0.20640849 0.21413267]]

lengths
[1.3575653 1.1127828 1.1842117 1.2344564 1.3192164]

Epoch: 40, Loss: 1468.9725
mean
[[-1.0182347  -0.43799275 -1.1816194   0.9521749  -1.3003122  -1.37028
   0.8936651   1.3896132   1.4054523  -0.26179534 -1.1451316  -1.0164858
   0.95275414 -1.3164747   1.032634    1.0947317 ]
 [-4.1295257  -2.6395874  -3.4326408   3.7773056  -3.1332831  -2.9765544
   3.2019942   3.3103468   3.242238   -3.0480034  -3.0923371  -4.0496883
   3.628912   -3.651762    2.9132352   3.4334874 ]
 [-0.01455358  0.00274906 -0.04445074  0.0697396  -0.06837217 -0.04273339
   0.08295683  0.04665875  0.0470246  -0.13650706 -0.0138797  -0.06733912
   0.07189178 -0.05133653  0.06715664  0.05548914]
 [ 1.0675436   0.09501297  1.0928466  -1.5089331   1.4278955   1.3158832
  -1.4276203  -1.4562716  -1.4096819   1.2049952   0.9853204   1.424237
  -1.2863315   1.450405   -1.2676275  -1.0923616 ]
 [ 3.2658448   2.3620255   3.323605   -3.102958    3.5938299   3.5489917
  -3.0202963  -3.455848   -3.575079    3.1790671   3.4725      3.5304782
  -3.5823476   3.5759273  -2.962948   -3.7850199 ]]

cov
[[0.1 0.1 0.1 0.1 0.1 0.1 0.1 0.1 0.1 0.1 0.1 0.1 0.1 0.1 0.1 0.1]
 [0.1 0.1 0.1 0.1 0.1 0.1 0.1 0.1 0.1 0.1 0.1 0.1 0.1 0.1 0.1 0.1]
 [0.1 0.1 0.1 0.1 0.1 0.1 0.1 0.1 0.1 0.1 0.1 0.1 0.1 0.1 0.1 0.1]
 [0.1 0.1 0.1 0.1 0.1 0.1 0.1 0.1 0.1 0.1 0.1 0.1 0.1 0.1 0.1 0.1]
 [0.1 0.1 0.1 0.1 0.1 0.1 0.1 0.1 0.1 0.1 0.1 0.1 0.1 0.1 0.1 0.1]]

trans
[[0.5354543  0.5797272  0.02396698 0.04768961 0.05096318]
 [0.08734724 0.11541729 0.00454575 0.03092206 0.03321588]
 [0.34381792 0.1565721  0.936172   0.42187017 0.12670739]
 [0.02989205 0.07563169 0.02775753 0.2930667  0.5753386 ]
 [0.00348848 0.07265177 0.00755773 0.20645143 0.21377496]]

lengths
[1.3562982 1.1117386 1.1842403 1.2343142 1.3191794]

Loss didn't improve for 1 epochs
Epoch: 41, Loss: 1468.7992
mean
[[-1.0226943  -0.43774083 -1.1870103   0.9559654  -1.3071184  -1.3773454
   0.8962476   1.3993992   1.4145452  -0.25864244 -1.1502138  -1.0205061
   0.9549412  -1.3239596   1.0405145   1.0996691 ]
 [-4.1469116  -2.6580708  -3.434262    3.7875638  -3.1346405  -2.9793806
   3.2098968   3.3119767   3.2448623  -3.0635796  -3.1047986  -4.06101
   3.6418571  -3.656645    2.9096248   3.4463446 ]
 [-0.02838431  0.00267412 -0.04456976  0.06992467 -0.06869439 -0.04585864
   0.08321225  0.04696027  0.04763483 -0.13693884 -0.03986033 -0.06744027
   0.0712541  -0.05181038  0.06722267  0.05552096]
 [ 1.067557    0.09542122  1.0927229  -1.5088412   1.4278036   1.3156692
  -1.4275888  -1.4561198  -1.4094326   1.2046356   0.9850405   1.4241246
  -1.2861912   1.4502603  -1.2675711  -1.0923622 ]
 [ 3.26611     2.3617797   3.3239973  -3.1029327   3.5935476   3.5490017
  -3.0202203  -3.4557428  -3.5749648   3.1792111   3.4727685   3.530308
  -3.5822668   3.575722   -2.962976   -3.7851267 ]]

cov
[[0.1 0.1 0.1 0.1 0.1 0.1 0.1 0.1 0.1 0.1 0.1 0.1 0.1 0.1 0.1 0.1]
 [0.1 0.1 0.1 0.1 0.1 0.1 0.1 0.1 0.1 0.1 0.1 0.1 0.1 0.1 0.1 0.1]
 [0.1 0.1 0.1 0.1 0.1 0.1 0.1 0.1 0.1 0.1 0.1 0.1 0.1 0.1 0.1 0.1]
 [0.1 0.1 0.1 0.1 0.1 0.1 0.1 0.1 0.1 0.1 0.1 0.1 0.1 0.1 0.1 0.1]
 [0.1 0.1 0.1 0.1 0.1 0.1 0.1 0.1 0.1 0.1 0.1 0.1 0.1 0.1 0.1 0.1]]

trans
[[0.53659654 0.5817103  0.02396916 0.04768156 0.05165918]
 [0.08732817 0.11143652 0.00451467 0.03086255 0.03295859]
 [0.34288335 0.15772672 0.93616855 0.42198426 0.12664479]
 [0.02985687 0.0759808  0.02777625 0.29297134 0.57531774]
 [0.00333507 0.07314567 0.00757137 0.20650026 0.2134197 ]]

lengths
[1.3540441 1.1124994 1.1843272 1.2341235 1.3191614]

Epoch: 42, Loss: 1468.8008
mean
[[-1.0272306  -0.43717816 -1.1970385   0.9610601  -1.3143755  -1.3839285
   0.9013014   1.4080157   1.4213606  -0.25665298 -1.156722   -1.0249226
   0.9596796  -1.3304062   1.0507321   1.1042309 ]
 [-4.1647058  -2.678713   -3.4361143   3.7984288  -3.1352856  -2.9809897
   3.2184687   3.31245     3.246322   -3.0846734  -3.1169295  -4.073366
   3.6559696  -3.6610472   2.9066067   3.4597623 ]
 [-0.01500374  0.00282718 -0.04493113  0.07035422 -0.06903698 -0.0433419
   0.08357802  0.04737593  0.04770809 -0.13692015 -0.01380325 -0.06799772
   0.07188571 -0.05201121  0.06764829  0.05580156]
 [ 1.0675036   0.09545561  1.0926884  -1.5088685   1.4276677   1.3154829
  -1.4276481  -1.4558823  -1.4093162   1.2045445   0.9846575   1.4239372
  -1.2860025   1.4501648  -1.2674338  -1.0921963 ]
 [ 3.2663703   2.3616014   3.324345   -3.102957    3.5933914   3.5490777
  -3.0202005  -3.4557261  -3.5749462   3.17941     3.4729898   3.5302525
  -3.582284    3.5756319  -2.9630895  -3.7853115 ]]

cov
[[0.1 0.1 0.1 0.1 0.1 0.1 0.1 0.1 0.1 0.1 0.1 0.1 0.1 0.1 0.1 0.1]
 [0.1 0.1 0.1 0.1 0.1 0.1 0.1 0.1 0.1 0.1 0.1 0.1 0.1 0.1 0.1 0.1]
 [0.1 0.1 0.1 0.1 0.1 0.1 0.1 0.1 0.1 0.1 0.1 0.1 0.1 0.1 0.1 0.1]
 [0.1 0.1 0.1 0.1 0.1 0.1 0.1 0.1 0.1 0.1 0.1 0.1 0.1 0.1 0.1 0.1]
 [0.1 0.1 0.1 0.1 0.1 0.1 0.1 0.1 0.1 0.1 0.1 0.1 0.1 0.1 0.1 0.1]]

trans
[[0.53636247 0.58379006 0.02398757 0.04767605 0.05230066]
 [0.08665905 0.10742509 0.00448743 0.03080899 0.03271365]
 [0.344034   0.1588304  0.93613607 0.42203045 0.12661469]
 [0.02975726 0.07633544 0.02780385 0.2929304  0.57527286]
 [0.00318723 0.073619   0.00758511 0.20655414 0.21309814]]

lengths
[1.3521518 1.1147463 1.184462  1.2340133 1.3191804]

Loss didn't improve for 1 epochs
Epoch: 43, Loss: 1468.6377
mean
[[-1.0292827  -0.43661168 -1.2082647   0.96642774 -1.3210279  -1.3888369
   0.9079678   1.4129502   1.4255284  -0.25818956 -1.1608155  -1.028787
   0.9653318  -1.3350306   1.0603765   1.1072162 ]
 [-4.184273   -2.703      -3.4382522   3.8098767  -3.1350608  -2.98174
   3.2269135   3.3122253   3.2470725  -3.1100488  -3.1297808  -4.0871015
   3.671307   -3.6653924   2.9028335   3.4743097 ]
 [-0.02885157  0.00268139 -0.04505194  0.070534   -0.06929238 -0.04639652
   0.08372454  0.04765542  0.04827148 -0.13721612 -0.04063958 -0.06800759
   0.07210007 -0.05247166  0.06775624  0.05603578]
 [ 1.0674152   0.09534799  1.0925666  -1.5086974   1.4274045   1.3153911
  -1.427485   -1.4556019  -1.4092257   1.2044135   0.98446214  1.4236884
  -1.2858604   1.4499927  -1.2671075  -1.0920262 ]
 [ 3.2666018   2.361498    3.324626   -3.1030138   3.593334    3.5491939
  -3.0202215  -3.4557712  -3.5749948   3.179628    3.4731584   3.5302799
  -3.5823674   3.5756273  -2.9632518  -3.7855337 ]]

cov
[[0.1 0.1 0.1 0.1 0.1 0.1 0.1 0.1 0.1 0.1 0.1 0.1 0.1 0.1 0.1 0.1]
 [0.1 0.1 0.1 0.1 0.1 0.1 0.1 0.1 0.1 0.1 0.1 0.1 0.1 0.1 0.1 0.1]
 [0.1 0.1 0.1 0.1 0.1 0.1 0.1 0.1 0.1 0.1 0.1 0.1 0.1 0.1 0.1 0.1]
 [0.1 0.1 0.1 0.1 0.1 0.1 0.1 0.1 0.1 0.1 0.1 0.1 0.1 0.1 0.1 0.1]
 [0.1 0.1 0.1 0.1 0.1 0.1 0.1 0.1 0.1 0.1 0.1 0.1 0.1 0.1 0.1 0.1]]

trans
[[0.53508705 0.5850444  0.02401946 0.04768569 0.0528792 ]
 [0.08512656 0.1036774  0.00446376 0.03076176 0.03247486]
 [0.3471896  0.16024527 0.93607694 0.42199683 0.12655315]
 [0.02955359 0.07683426 0.02784142 0.29294053 0.5753225 ]
 [0.00304315 0.07419869 0.00759841 0.20661518 0.2127703 ]]

lengths
[1.352141  1.1179715 1.184593  1.2340013 1.319239 ]

Epoch: 44, Loss: 1468.5615
mean
[[-1.0301938  -0.43781632 -1.2160971   0.96802545 -1.3224224  -1.3894452
   0.9111467   1.4134309   1.4266763  -0.26011214 -1.1619704  -1.0286419
   0.9677164  -1.336057    1.0643233   1.1088661 ]
 [-4.2039037  -2.7278318  -3.4404414   3.8208477  -3.1342578  -2.9818685
   3.2345405   3.3115492   3.2473068  -3.134991   -3.1423192  -4.1009026
   3.6864507  -3.6694539   2.898908    3.4887226 ]
 [-0.01533687  0.00284839 -0.04520509  0.07080161 -0.06951069 -0.04380793
   0.08401284  0.04787503  0.04820041 -0.13724528 -0.01374468 -0.06835564
   0.07191624 -0.05248227  0.06791546  0.05608778]
 [ 1.0672779   0.09506391  1.0925423  -1.5086126   1.4273142   1.3152975
  -1.4273486  -1.4555591  -1.409214    1.2044067   0.9843267   1.4236667
  -1.2857339   1.4499621  -1.2669058  -1.0918335 ]
 [ 3.2667909   2.3614655   3.3248303  -3.1030872   3.5933478   3.5493262
  -3.020268   -3.455854   -3.5750842   3.179838    3.4732738   3.5303614
  -3.5824883   3.575681   -2.963432   -3.785761  ]]

cov
[[0.1 0.1 0.1 0.1 0.1 0.1 0.1 0.1 0.1 0.1 0.1 0.1 0.1 0.1 0.1 0.1]
 [0.1 0.1 0.1 0.1 0.1 0.1 0.1 0.1 0.1 0.1 0.1 0.1 0.1 0.1 0.1 0.1]
 [0.1 0.1 0.1 0.1 0.1 0.1 0.1 0.1 0.1 0.1 0.1 0.1 0.1 0.1 0.1 0.1]
 [0.1 0.1 0.1 0.1 0.1 0.1 0.1 0.1 0.1 0.1 0.1 0.1 0.1 0.1 0.1 0.1]
 [0.1 0.1 0.1 0.1 0.1 0.1 0.1 0.1 0.1 0.1 0.1 0.1 0.1 0.1 0.1 0.1]]

trans
[[0.5327609  0.5856775  0.02407612 0.04770058 0.05340536]
 [0.08347734 0.10023449 0.00444349 0.03071948 0.03224743]
 [0.35156125 0.16179614 0.93598175 0.42191237 0.12651363]
 [0.0292935  0.07743461 0.02788739 0.29299203 0.5753624 ]
 [0.00290701 0.07485723 0.00761128 0.20667556 0.21247116]]

lengths
[1.3518299 1.1213471 1.1846933 1.2340878 1.3193316]

Epoch: 45, Loss: 1468.3922
mean
[[-1.0298878  -0.4396185  -1.2175163   0.96589977 -1.3190209  -1.3869301
   0.9096032   1.4109931   1.4248796  -0.26051578 -1.1603107  -1.0272322
   0.9659612  -1.3339846   1.0616808   1.1074355 ]
 [-4.2223535  -2.7509558  -3.442513    3.8306236  -3.1331222  -2.9815717
   3.240941    3.3106136   3.2471807  -3.156268   -3.1538072  -4.113827
   3.700402   -3.6730788   2.8952997   3.5020983 ]
 [-0.02879656  0.00269177 -0.04500043  0.07052917 -0.06931382 -0.04639785
   0.08374025  0.04766717  0.04827976 -0.1371403  -0.04104956 -0.06816102
   0.072399   -0.05247857  0.06774762  0.0562375 ]
 [ 1.0672      0.09486683  1.0924679  -1.5084721   1.4272717   1.3152556
  -1.4271806  -1.4555968  -1.4091684   1.2042866   0.9843762   1.4236991
  -1.2857032   1.4499347  -1.2667158  -1.0917856 ]
 [ 3.2669332   2.3614864   3.3249614  -3.103166    3.5934083   3.5494585
  -3.020328   -3.4559553  -3.5751936   3.1800225   3.4733422   3.5304728
  -3.5826247   3.5757694  -2.9636085  -3.7859716 ]]

cov
[[0.1 0.1 0.1 0.1 0.1 0.1 0.1 0.1 0.1 0.1 0.1 0.1 0.1 0.1 0.1 0.1]
 [0.1 0.1 0.1 0.1 0.1 0.1 0.1 0.1 0.1 0.1 0.1 0.1 0.1 0.1 0.1 0.1]
 [0.1 0.1 0.1 0.1 0.1 0.1 0.1 0.1 0.1 0.1 0.1 0.1 0.1 0.1 0.1 0.1]
 [0.1 0.1 0.1 0.1 0.1 0.1 0.1 0.1 0.1 0.1 0.1 0.1 0.1 0.1 0.1 0.1]
 [0.1 0.1 0.1 0.1 0.1 0.1 0.1 0.1 0.1 0.1 0.1 0.1 0.1 0.1 0.1 0.1]]

trans
[[0.53142613 0.58594006 0.02413234 0.04772773 0.05387491]
 [0.08223502 0.09709651 0.00442568 0.0306816  0.03202717]
 [0.35452354 0.16330957 0.93588424 0.42179507 0.12644947]
 [0.02903264 0.07809139 0.02793536 0.2930656  0.5754743 ]
 [0.00278267 0.07556242 0.00762238 0.20673001 0.21217412]]

lengths
[1.3519944 1.1242609 1.1847055 1.2341852 1.3194464]

Epoch: 46, Loss: 1468.3914
mean
[[-1.029032   -0.4406242  -1.2140043   0.9633492  -1.3169671  -1.3861068
   0.90621823  1.4093523   1.4233819  -0.25973096 -1.1582091  -1.0274941
   0.9630747  -1.3327087   1.0570508   1.1062013 ]
 [-4.238843   -2.7709942  -3.4443605   3.838805   -3.131843   -2.981008
   3.2459412   3.3095627   3.2468197  -3.172197   -3.163808   -4.125286
   3.7125607  -3.6761858   2.892294    3.5138865 ]
 [-0.01531414  0.0028267  -0.04509788  0.07072517 -0.06937584 -0.04373917
   0.08388304  0.04776089  0.04810369 -0.13725828 -0.01336647 -0.06820465
   0.07181688 -0.05240405  0.06779375  0.05612091]
 [ 1.0671943   0.09469984  1.0925155  -1.5085772   1.4274198   1.3152481
  -1.4272667  -1.4557693  -1.409226    1.2043254   0.9844256   1.4238745
  -1.2857522   1.4500676  -1.2667419  -1.0918137 ]
 [ 3.2670286   2.361538    3.3250296  -3.1032424   3.5934968   3.5495803
  -3.0203931  -3.4560616  -3.5753088   3.1801724   3.4733727   3.5305958
  -3.582761    3.5758753  -2.9637666  -3.786152  ]]

cov
[[0.1 0.1 0.1 0.1 0.1 0.1 0.1 0.1 0.1 0.1 0.1 0.1 0.1 0.1 0.1 0.1]
 [0.1 0.1 0.1 0.1 0.1 0.1 0.1 0.1 0.1 0.1 0.1 0.1 0.1 0.1 0.1 0.1]
 [0.1 0.1 0.1 0.1 0.1 0.1 0.1 0.1 0.1 0.1 0.1 0.1 0.1 0.1 0.1 0.1]
 [0.1 0.1 0.1 0.1 0.1 0.1 0.1 0.1 0.1 0.1 0.1 0.1 0.1 0.1 0.1 0.1]
 [0.1 0.1 0.1 0.1 0.1 0.1 0.1 0.1 0.1 0.1 0.1 0.1 0.1 0.1 0.1 0.1]]

trans
[[0.5321454  0.5860421  0.02418233 0.04775283 0.05430055]
 [0.0816176  0.09424687 0.0044096  0.0306463  0.03181976]
 [0.35472897 0.16465925 0.93580055 0.42169052 0.12641774]
 [0.02883614 0.078766   0.02797641 0.2931427  0.57554394]
 [0.00267186 0.07628579 0.00763109 0.20676762 0.21191798]]

lengths
[1.3521132 1.1263708 1.1846521 1.2342561 1.3195716]

Loss didn't improve for 1 epochs
Epoch: 47, Loss: 1468.3255
mean
[[-1.027412   -0.43978637 -1.2080386   0.96242464 -1.3166798  -1.3856618
   0.90403533  1.408382    1.422113   -0.25897855 -1.1569264  -1.0266963
   0.9615849  -1.3317183   1.0535083   1.1051733 ]
 [-4.2529597  -2.7872753  -3.4459283   3.8452406  -3.130557   -2.9803
   3.2495403   3.3084996   3.2463222  -3.1823695  -3.1721203  -4.1349716
   3.7226362  -3.6787486   2.8900175   3.523812  ]
 [-0.02857784  0.00272738 -0.04490384  0.0703126  -0.06910841 -0.04604397
   0.08356174  0.04743297  0.04799597 -0.1371564  -0.0410492  -0.06820269
   0.0722523  -0.0522586   0.06769677  0.05606767]
 [ 1.0672694   0.09469408  1.0925373  -1.5086695   1.4275175   1.3153056
  -1.4273738  -1.4558523  -1.4092884   1.2043436   0.9845406   1.4239466
  -1.2858346   1.4501547  -1.2667998  -1.0919335 ]
 [ 3.2670825   2.3615994   3.3250482  -3.103311    3.5935984   3.5496864
  -3.0204575  -3.4561634  -3.5754194   3.1802838   3.4733763   3.5307164
  -3.5828862   3.5759847  -2.9638984  -3.7862961 ]]

cov
[[0.1 0.1 0.1 0.1 0.1 0.1 0.1 0.1 0.1 0.1 0.1 0.1 0.1 0.1 0.1 0.1]
 [0.1 0.1 0.1 0.1 0.1 0.1 0.1 0.1 0.1 0.1 0.1 0.1 0.1 0.1 0.1 0.1]
 [0.1 0.1 0.1 0.1 0.1 0.1 0.1 0.1 0.1 0.1 0.1 0.1 0.1 0.1 0.1 0.1]
 [0.1 0.1 0.1 0.1 0.1 0.1 0.1 0.1 0.1 0.1 0.1 0.1 0.1 0.1 0.1 0.1]
 [0.1 0.1 0.1 0.1 0.1 0.1 0.1 0.1 0.1 0.1 0.1 0.1 0.1 0.1 0.1 0.1]]

trans
[[0.5349591  0.58614266 0.024198   0.04778093 0.0546798 ]
 [0.0815721  0.0916621  0.00439429 0.0306132  0.03162168]
 [0.3521691  0.165764   0.935769   0.42161223 0.1263793 ]
 [0.02872626 0.07942764 0.02800249 0.29320765 0.57563883]
 [0.00257345 0.07700356 0.0076362  0.20678599 0.21168041]]

lengths
[1.3530319 1.127588  1.1845702 1.2342483 1.3196951]

Epoch: 48, Loss: 1468.3827
mean
[[-1.0269618  -0.43812326 -1.2037904   0.9633336  -1.3174912  -1.3854232
   0.90433013  1.4085896   1.4222403  -0.25905198 -1.157147   -1.0262107
   0.96220934 -1.3318353   1.0534788   1.1054642 ]
 [-4.26457    -2.79966    -3.447196    3.8499777  -3.1293638  -2.9795463
   3.2518783   3.3074982   3.2457664  -3.18731    -3.178724   -4.1427975
   3.7305875  -3.680786    2.8884823   3.5318148 ]
 [-0.0153302   0.00279633 -0.04501601  0.07067442 -0.0692925  -0.04377741
   0.08378628  0.0476891   0.04807609 -0.13721763 -0.01318945 -0.06806238
   0.07191733 -0.05237244  0.06772052  0.05613986]
 [ 1.0673616   0.09471641  1.0926362  -1.5088739   1.4276431   1.3153511
  -1.427564   -1.4559408  -1.4094048   1.2045228   0.9845778   1.4240615
  -1.2858926   1.4502906  -1.2669796  -1.0920135 ]
 [ 3.2671044   2.3616633   3.3250334  -3.1033683   3.5936997   3.5497713
  -3.0205152  -3.4562523  -3.5755165   3.18036     3.473362    3.5308259
  -3.5829935   3.576087   -2.964      -3.7864025 ]]

cov
[[0.1 0.1 0.1 0.1 0.1 0.1 0.1 0.1 0.1 0.1 0.1 0.1 0.1 0.1 0.1 0.1]
 [0.1 0.1 0.1 0.1 0.1 0.1 0.1 0.1 0.1 0.1 0.1 0.1 0.1 0.1 0.1 0.1]
 [0.1 0.1 0.1 0.1 0.1 0.1 0.1 0.1 0.1 0.1 0.1 0.1 0.1 0.1 0.1 0.1]
 [0.1 0.1 0.1 0.1 0.1 0.1 0.1 0.1 0.1 0.1 0.1 0.1 0.1 0.1 0.1 0.1]
 [0.1 0.1 0.1 0.1 0.1 0.1 0.1 0.1 0.1 0.1 0.1 0.1 0.1 0.1 0.1 0.1]]

trans
[[0.53765976 0.58633196 0.02419011 0.04779945 0.05502399]
 [0.0818822  0.08931831 0.00437979 0.03058109 0.03143732]
 [0.34929013 0.16659664 0.93577826 0.42158473 0.12638333]
 [0.02868393 0.08005416 0.02801337 0.2932523  0.5756632 ]
 [0.00248393 0.07769895 0.00763848 0.20678249 0.21149212]]

lengths
[1.3533612 1.1280266 1.1845322 1.2341925 1.3198063]

Loss didn't improve for 1 epochs
Epoch: 49, Loss: 1468.3231
mean
[[-1.0271673  -0.43663648 -1.2024649   0.9643806  -1.3169442  -1.3848159
   0.9058746   1.4084419   1.4221051  -0.25959027 -1.1576648  -1.0261232
   0.9633468  -1.3314682   1.0549872   1.1051323 ]
 [-4.2737417  -2.808389   -3.4481785   3.853184   -3.1283288  -2.9788196
   3.2531638   3.3066082   3.245213   -3.188095   -3.1837246  -4.1488304
   3.736537   -3.6823447   2.8876212   3.5379841 ]
 [-0.02844591  0.002733   -0.04491813  0.07025103 -0.06908131 -0.04581458
   0.08353987  0.04738741  0.04788033 -0.13726148 -0.04101759 -0.06829261
   0.072109   -0.05219166  0.06771041  0.05610432]
 [ 1.0674278   0.09482182  1.0926532  -1.5088943   1.4276265   1.3153701
  -1.427567   -1.4559247  -1.409427    1.2045944   0.9846261   1.4240632
  -1.2858906   1.4502994  -1.2670761  -1.0920633 ]
 [ 3.2671022   2.3617184   3.324998   -3.1034136   3.5937924   3.549835
  -3.0205655  -3.4563243  -3.5755959   3.1804063   3.4733377   3.530919
  -3.5830808   3.576176   -2.9640708  -3.7864738 ]]

cov
[[0.1 0.1 0.1 0.1 0.1 0.1 0.1 0.1 0.1 0.1 0.1 0.1 0.1 0.1 0.1 0.1]
 [0.1 0.1 0.1 0.1 0.1 0.1 0.1 0.1 0.1 0.1 0.1 0.1 0.1 0.1 0.1 0.1]
 [0.1 0.1 0.1 0.1 0.1 0.1 0.1 0.1 0.1 0.1 0.1 0.1 0.1 0.1 0.1 0.1]
 [0.1 0.1 0.1 0.1 0.1 0.1 0.1 0.1 0.1 0.1 0.1 0.1 0.1 0.1 0.1 0.1]
 [0.1 0.1 0.1 0.1 0.1 0.1 0.1 0.1 0.1 0.1 0.1 0.1 0.1 0.1 0.1 0.1]]

trans
[[0.53896606 0.5866497  0.02415653 0.04781691 0.05532912]
 [0.0823183  0.08719271 0.00436606 0.03055048 0.03126223]
 [0.34763643 0.16716607 0.93582714 0.4215921  0.12638451]
 [0.02867863 0.0806315  0.02801191 0.29327574 0.5757001 ]
 [0.00240056 0.07836007 0.00763836 0.20676476 0.21132405]]

lengths
[1.3534132 1.12791   1.1845372 1.234103  1.3198991]

Epoch: 50, Loss: 1468.3636
mean
[[-1.0280097  -0.43641543 -1.204272    0.96474767 -1.3168069  -1.3854796
   0.9071298   1.4087653   1.4225451  -0.25996318 -1.158068   -1.0269939
   0.9639037  -1.3319304   1.0567671   1.1054984 ]
 [-4.280678   -2.8139522  -3.4489145   3.8550985  -3.1274896  -2.9781694
   3.2536373   3.3058555   3.2447047  -3.1860437  -3.1873095  -4.15324
   3.7407155  -3.6834867   2.887315    3.5425115 ]
 [-0.01545846  0.00279271 -0.04499583  0.07072333 -0.06930999 -0.04396763
   0.0837901   0.04772723  0.04816792 -0.13720508 -0.01326432 -0.0680772
   0.07208858 -0.05245307  0.06774309  0.05613139]
 [ 1.0674312   0.09487367  1.0927013  -1.5089321   1.4276423   1.3153296
  -1.4275718  -1.4559574  -1.4094431   1.2046984   0.9845899   1.4241347
  -1.2858677   1.450342   -1.2671885  -1.0920308 ]
 [ 3.2670822   2.3617554   3.324953   -3.1034482   3.5938725   3.5498793
  -3.020608   -3.4563792  -3.575657    3.1804287   3.4733105   3.530993
  -3.5831475   3.576248   -2.964115   -3.7865145 ]]

cov
[[0.1 0.1 0.1 0.1 0.1 0.1 0.1 0.1 0.1 0.1 0.1 0.1 0.1 0.1 0.1 0.1]
 [0.1 0.1 0.1 0.1 0.1 0.1 0.1 0.1 0.1 0.1 0.1 0.1 0.1 0.1 0.1 0.1]
 [0.1 0.1 0.1 0.1 0.1 0.1 0.1 0.1 0.1 0.1 0.1 0.1 0.1 0.1 0.1 0.1]
 [0.1 0.1 0.1 0.1 0.1 0.1 0.1 0.1 0.1 0.1 0.1 0.1 0.1 0.1 0.1 0.1]
 [0.1 0.1 0.1 0.1 0.1 0.1 0.1 0.1 0.1 0.1 0.1 0.1 0.1 0.1 0.1 0.1]]

trans
[[0.53819615 0.5870809  0.02412478 0.0478249  0.05560437]
 [0.08271377 0.08526538 0.0043537  0.03052102 0.03109947]
 [0.3480801  0.16751981 0.9358793  0.42163184 0.12641947]
 [0.02868843 0.08115362 0.0280047  0.29328418 0.5756789 ]
 [0.00232154 0.07898028 0.00763751 0.20673804 0.21119778]]

lengths
[1.3525834 1.1274897 1.1845739 1.2340418 1.3199711]

Loss didn't improve for 1 epochs
Epoch: 51, Loss: 1468.2961
mean
[[-1.02822    -0.4370988  -1.2068872   0.96437365 -1.3169134  -1.3857359
   0.9071989   1.4088666   1.4225626  -0.25989658 -1.1579367  -1.0270345
   0.9635806  -1.3321168   1.0570059   1.1055406 ]
 [-4.2856617  -2.8169618  -3.4494526   3.8559887  -3.1268597  -2.9776244
   3.2535357   3.305248    3.2442675  -3.1824524  -3.189706   -4.1562514
   3.7434092  -3.6842804   2.8874238   3.5456414 ]
 [-0.02834894  0.00272392 -0.0449595   0.07029331 -0.0691675  -0.04569943
   0.08361432  0.04746237  0.04789424 -0.13733271 -0.04095849 -0.06835777
   0.07211561 -0.05221984  0.06773124  0.05624058]
 [ 1.0673887   0.09492971  1.0926588  -1.5088298   1.4275851   1.3152827
  -1.427463   -1.455937   -1.4093958   1.2046232   0.98457325  1.4241036
  -1.2858189   1.4503034  -1.2671717  -1.0919853 ]
 [ 3.2670522   2.3617716   3.3249087  -3.103472    3.5939379   3.5499077
  -3.020641   -3.4564185  -3.575701    3.1804318   3.4732852   3.5310478
  -3.5831943   3.5763037  -2.9641387  -3.7865317 ]]

cov
[[0.1 0.1 0.1 0.1 0.1 0.1 0.1 0.1 0.1 0.1 0.1 0.1 0.1 0.1 0.1 0.1]
 [0.1 0.1 0.1 0.1 0.1 0.1 0.1 0.1 0.1 0.1 0.1 0.1 0.1 0.1 0.1 0.1]
 [0.1 0.1 0.1 0.1 0.1 0.1 0.1 0.1 0.1 0.1 0.1 0.1 0.1 0.1 0.1 0.1]
 [0.1 0.1 0.1 0.1 0.1 0.1 0.1 0.1 0.1 0.1 0.1 0.1 0.1 0.1 0.1 0.1]
 [0.1 0.1 0.1 0.1 0.1 0.1 0.1 0.1 0.1 0.1 0.1 0.1 0.1 0.1 0.1 0.1]]

trans
[[0.5365619  0.5875927  0.02409654 0.04783436 0.05584486]
 [0.0829905  0.08351817 0.00434283 0.03049367 0.03094429]
 [0.3495026  0.16771309 0.9359271  0.42167434 0.12644087]
 [0.02869861 0.08161949 0.02799699 0.2932841  0.57568836]
 [0.0022464  0.07955653 0.00763657 0.20671356 0.2110816 ]]

lengths
[1.3521976 1.1269854 1.1845987 1.234011  1.320024 ]

Epoch: 52, Loss: 1468.3487
mean
[[-1.0284975  -0.43826893 -1.2091384   0.9641574  -1.3179451  -1.3861723
   0.9066406   1.4095592   1.4232442  -0.25960153 -1.158124   -1.0272769
   0.9633064  -1.3328198   1.0567698   1.106282  ]
 [-4.289008   -2.8180327  -3.4498298   3.8561254  -3.1264307  -2.977198
   3.2530775   3.3047826   3.2439141  -3.1783931  -3.191149   -4.158115
   3.74492    -3.6847935   2.8878012   3.5476303 ]
 [-0.01563055  0.002811   -0.04501013  0.07079728 -0.06934833 -0.04416769
   0.08382914  0.04778145  0.04825932 -0.1372696  -0.01345179 -0.06818563
   0.07216318 -0.05255412  0.06781014  0.0561938 ]
 [ 1.0673349   0.09490921  1.0926527  -1.5088421   1.4276078   1.3152312
  -1.427472   -1.4559696  -1.4094002   1.2045918   0.984511    1.4241476
  -1.285802    1.4503385  -1.2671617  -1.0919286 ]
 [ 3.267019    2.3617742   3.3248708  -3.1034877   3.5939884   3.549924
  -3.0206668  -3.456444   -3.57573     3.1804245   3.4732656   3.5310855
  -3.5832255   3.5763433  -2.9641469  -3.786532  ]]

cov
[[0.1 0.1 0.1 0.1 0.1 0.1 0.1 0.1 0.1 0.1 0.1 0.1 0.1 0.1 0.1 0.1]
 [0.1 0.1 0.1 0.1 0.1 0.1 0.1 0.1 0.1 0.1 0.1 0.1 0.1 0.1 0.1 0.1]
 [0.1 0.1 0.1 0.1 0.1 0.1 0.1 0.1 0.1 0.1 0.1 0.1 0.1 0.1 0.1 0.1]
 [0.1 0.1 0.1 0.1 0.1 0.1 0.1 0.1 0.1 0.1 0.1 0.1 0.1 0.1 0.1 0.1]
 [0.1 0.1 0.1 0.1 0.1 0.1 0.1 0.1 0.1 0.1 0.1 0.1 0.1 0.1 0.1 0.1]]

trans
[[0.5349639  0.5881379  0.02409076 0.04783818 0.05605889]
 [0.08314428 0.08193491 0.00433377 0.03046818 0.03079931]
 [0.35100612 0.16780704 0.93594617 0.4217156  0.12648173]
 [0.0287106  0.08203149 0.02799272 0.2932834  0.5756659 ]
 [0.0021751  0.08008862 0.00763657 0.20669468 0.21099417]]

lengths
[1.3519195 1.1265702 1.1846086 1.2340276 1.3200606]

Loss didn't improve for 1 epochs
Epoch: 53, Loss: 1468.3031
mean
[[-1.0284175  -0.43893677 -1.2095932   0.9642259  -1.3179039  -1.3859048
   0.9061028   1.4096004   1.4231683  -0.2593866  -1.1583441  -1.0272096
   0.96333253 -1.3325843   1.0561159   1.106064  ]
 [-4.2910304  -2.8177319  -3.4500775   3.8557465  -3.1261737  -2.9768836
   3.2524292   3.3044455   3.243643   -3.1746302  -3.1918526  -4.159075
   3.7455273  -3.685086    2.8883162   3.5487185 ]
 [-0.02822692  0.00272863 -0.0449896   0.07033433 -0.06923191 -0.04557776
   0.08366461  0.0475273   0.04791356 -0.13737492 -0.04077882 -0.06838889
   0.07222009 -0.05224446  0.06776565  0.0562787 ]
 [ 1.0673009   0.09489579  1.0925983  -1.5087974   1.4275819   1.3152095
  -1.4274343  -1.45595    -1.4093857   1.204471    0.9844944   1.4241128
  -1.2857678   1.4503222  -1.2670734  -1.091911  ]
 [ 3.2669873   2.361766    3.3248441  -3.1034963   3.5940256   3.549931
  -3.0206847  -3.4564588  -3.5757475   3.1804109   3.4732528   3.5311089
  -3.5832431   3.5763698  -2.9641461  -3.786522  ]]

cov
[[0.1 0.1 0.1 0.1 0.1 0.1 0.1 0.1 0.1 0.1 0.1 0.1 0.1 0.1 0.1 0.1]
 [0.1 0.1 0.1 0.1 0.1 0.1 0.1 0.1 0.1 0.1 0.1 0.1 0.1 0.1 0.1 0.1]
 [0.1 0.1 0.1 0.1 0.1 0.1 0.1 0.1 0.1 0.1 0.1 0.1 0.1 0.1 0.1 0.1]
 [0.1 0.1 0.1 0.1 0.1 0.1 0.1 0.1 0.1 0.1 0.1 0.1 0.1 0.1 0.1 0.1]
 [0.1 0.1 0.1 0.1 0.1 0.1 0.1 0.1 0.1 0.1 0.1 0.1 0.1 0.1 0.1 0.1]]

trans
[[0.53449404 0.58868176 0.02409437 0.04784631 0.05624257]
 [0.08320298 0.08050016 0.00432621 0.03044521 0.03066047]
 [0.35147166 0.16784838 0.93594986 0.421736   0.12650123]
 [0.02872351 0.08239305 0.0279924  0.2932852  0.5756871 ]
 [0.0021078  0.08057665 0.00763717 0.2066873  0.21090862]]

lengths
[1.3525057 1.1263353 1.1845963 1.2340533 1.320085 ]

Loss didn't improve for 2 epochs
Epoch: 54, Loss: 1468.3634
mean
[[-1.0287095  -0.43908885 -1.209078    0.9645864  -1.3178505  -1.386243
   0.9061334   1.4097508   1.4233651  -0.25941256 -1.1587081  -1.0275564
   0.9637186  -1.3327475   1.0562799   1.1062747 ]
 [-4.292025   -2.8165457  -3.450219    3.855051   -3.1260483  -2.9766636
   3.251711    3.3042142   3.2434428  -3.1716108  -3.192005   -4.1593537
   3.7454774  -3.685208    2.8888574   3.54912   ]
 [-0.01578852  0.00281045 -0.04501327  0.07082481 -0.06936079 -0.04431463
   0.08384467  0.04779053  0.04828926 -0.13734327 -0.01369988 -0.06827502
   0.07215482 -0.05260665  0.06783112  0.05627766]
 [ 1.0673007   0.09484091  1.0926107  -1.5088764   1.4276266   1.3151933
  -1.4275035  -1.4559839  -1.4094231   1.2044848   0.98445964  1.4241798
  -1.2857732   1.45038    -1.2670456  -1.091906  ]
 [ 3.26696     2.3617527   3.3248298  -3.1035006   3.594052    3.5499334
  -3.020697   -3.4564667  -3.5757573   3.1803956   3.4732478   3.5311217
  -3.5832515   3.5763862  -2.964142   -3.7865076 ]]

cov
[[0.1 0.1 0.1 0.1 0.1 0.1 0.1 0.1 0.1 0.1 0.1 0.1 0.1 0.1 0.1 0.1]
 [0.1 0.1 0.1 0.1 0.1 0.1 0.1 0.1 0.1 0.1 0.1 0.1 0.1 0.1 0.1 0.1]
 [0.1 0.1 0.1 0.1 0.1 0.1 0.1 0.1 0.1 0.1 0.1 0.1 0.1 0.1 0.1 0.1]
 [0.1 0.1 0.1 0.1 0.1 0.1 0.1 0.1 0.1 0.1 0.1 0.1 0.1 0.1 0.1 0.1]
 [0.1 0.1 0.1 0.1 0.1 0.1 0.1 0.1 0.1 0.1 0.1 0.1 0.1 0.1 0.1 0.1]]

trans
[[0.5347834  0.58919257 0.02411333 0.04785025 0.05640468]
 [0.08319572 0.07919989 0.00432011 0.03042418 0.03053075]
 [0.3512368  0.16787694 0.9359326  0.42174536 0.12653433]
 [0.0287399  0.08270884 0.02799544 0.29329205 0.5756842 ]
 [0.00204417 0.08102175 0.00763854 0.2066882  0.21084605]]

lengths
[1.3528081 1.126303  1.1845897 1.2340854 1.3201027]

Loss didn't improve for 3 epochs
Epoch: 55, Loss: 1468.3146
mean
[[-1.0284855  -0.43860927 -1.2077786   0.9646603  -1.3172592  -1.3858745
   0.9064182   1.409234    1.4228363  -0.25953248 -1.1585469  -1.0271562
   0.9638328  -1.3322817   1.05629     1.1058574 ]
 [-4.2922587  -2.814876   -3.450274    3.854201   -3.126014   -2.976517
   3.2510102   3.3040657   3.243299   -3.1695278  -3.1917717  -4.159153
   3.744986   -3.6852033   2.8893442   3.5490265 ]
 [-0.02806187  0.00274207 -0.04498466  0.07032827 -0.06922591 -0.04541323
   0.08365212  0.04753161  0.04789011 -0.13739122 -0.04047325 -0.06839432
   0.0723022  -0.05222473  0.06778464  0.05629919]
 [ 1.0673205   0.09482376  1.0925955  -1.5088712   1.427616    1.3151896
  -1.427487   -1.4559817  -1.4094243   1.2044669   0.9844751   1.4241844
  -1.2857603   1.4503834  -1.2669942  -1.0919268 ]
 [ 3.266938    2.3617394   3.324826   -3.103501    3.5940685   3.5499327
  -3.020705   -3.4564683  -3.5757604   3.180381    3.473249    3.5311258
  -3.583253    3.5763938  -2.9641356  -3.7864916 ]]

cov
[[0.1 0.1 0.1 0.1 0.1 0.1 0.1 0.1 0.1 0.1 0.1 0.1 0.1 0.1 0.1 0.1]
 [0.1 0.1 0.1 0.1 0.1 0.1 0.1 0.1 0.1 0.1 0.1 0.1 0.1 0.1 0.1 0.1]
 [0.1 0.1 0.1 0.1 0.1 0.1 0.1 0.1 0.1 0.1 0.1 0.1 0.1 0.1 0.1 0.1]
 [0.1 0.1 0.1 0.1 0.1 0.1 0.1 0.1 0.1 0.1 0.1 0.1 0.1 0.1 0.1 0.1]
 [0.1 0.1 0.1 0.1 0.1 0.1 0.1 0.1 0.1 0.1 0.1 0.1 0.1 0.1 0.1 0.1]]

trans
[[0.5356561  0.589656   0.02412766 0.04785829 0.05654233]
 [0.08314484 0.0780208  0.00431495 0.03040541 0.03040684]
 [0.35045877 0.16791429 0.93591815 0.42173728 0.12654702]
 [0.02875641 0.08298335 0.02799943 0.29330155 0.5757193 ]
 [0.00198392 0.08142558 0.00763983 0.20669751 0.21078452]]

lengths
[1.3532134 1.126442  1.1845845 1.2340885 1.3201171]

Loss didn't improve for 4 epochs
Epoch: 56, Loss: 1468.3625
mean
[[-1.0284245  -0.43814534 -1.2070357   0.9645631  -1.3174759  -1.3858602
   0.9067094   1.4092075   1.4229133  -0.2596386  -1.158315   -1.0271901
   0.96371955 -1.3324165   1.0565512   1.1060362 ]
 [-4.2919617  -2.8130198  -3.450256    3.8533247  -3.1260378  -2.9764276
   3.2503884   3.303982    3.2432     -3.168357   -3.1912913  -4.1586432
   3.7442331  -3.6851118   2.8897305   3.5486002 ]
 [-0.01593157  0.00279595 -0.04499233  0.07081042 -0.06934768 -0.04442206
   0.08383043  0.04776594  0.04827387 -0.13737737 -0.01401159 -0.06830619
   0.07215212 -0.05261545  0.06780963  0.05629361]
 [ 1.0673503   0.09479444  1.0926362  -1.5089506   1.4276665   1.3151797
  -1.4275454  -1.456038   -1.4094638   1.2045652   0.9844734   1.4242795
  -1.28579     1.4504524  -1.2670221  -1.091941  ]
 [ 3.2669222   2.361732    3.3248308  -3.1035      3.5940776   3.5499306
  -3.0207102  -3.4564657  -3.575759    3.1803715   3.4732556   3.5311248
  -3.5832515   3.5763955  -2.9641294  -3.7864776 ]]

cov
[[0.1 0.1 0.1 0.1 0.1 0.1 0.1 0.1 0.1 0.1 0.1 0.1 0.1 0.1 0.1 0.1]
 [0.1 0.1 0.1 0.1 0.1 0.1 0.1 0.1 0.1 0.1 0.1 0.1 0.1 0.1 0.1 0.1]
 [0.1 0.1 0.1 0.1 0.1 0.1 0.1 0.1 0.1 0.1 0.1 0.1 0.1 0.1 0.1 0.1]
 [0.1 0.1 0.1 0.1 0.1 0.1 0.1 0.1 0.1 0.1 0.1 0.1 0.1 0.1 0.1 0.1]
 [0.1 0.1 0.1 0.1 0.1 0.1 0.1 0.1 0.1 0.1 0.1 0.1 0.1 0.1 0.1 0.1]]

trans
[[0.53621894 0.59006304 0.02414337 0.0478612  0.05666408]
 [0.08306996 0.076951   0.00431066 0.03038807 0.03029172]
 [0.35001057 0.16797419 0.93590176 0.4217292  0.12657514]
 [0.02877394 0.08322143 0.02800308 0.2933125  0.5757232 ]
 [0.00192657 0.08179033 0.00764115 0.20670901 0.21074589]]

lengths
[1.3528863 1.1267025 1.1845918 1.234081  1.3201308]

Loss didn't improve for 5 epochs
Stopping
cached hsmm
