## SLURM PROLOG ###############################################################
##    Job ID : 868814
##  Job Name : hsmm_Apple
##  Nodelist : node1308
##      CPUs : 4
##  Mem/Node : 16384 MB
## Directory : /gpfs/data/epavlick/debert/hsmm
##   Started : Wed Mar 17 23:46:01 EDT 2021
###############################################################################
hsmm_Apple
loaded cached nbc
loaded cached autoencoder
(51, 227, 16)
(8, 165, 16)
(6, 49, 16)
Epoch: 0, Loss: 2892.8506
mean
[[-0.19074622  0.21784976  0.29240426  0.28229272  0.53846174  0.5121878
   0.51493585  0.521355   -0.47989035  0.5161009  -0.5216953   0.2795118
  -0.54544103 -0.53111374 -0.5217318  -0.24770978]
 [ 0.2796333  -0.27567697 -0.43550748 -0.43990296 -0.272755   -0.43334097
  -0.46903253 -0.46502793  0.28167728 -0.44510853  0.27690947 -0.42304575
   0.2698206   0.28048438  0.46733677  0.37588403]
 [-0.11066675  0.13295692  0.29851478  0.27090064  0.52614     0.51272184
   0.50776863  0.51423645 -0.4201035   0.511954   -0.46909606  0.29180747
  -0.5306842  -0.52181417 -0.51318884 -0.28014624]
 [-0.14273988  0.16228063 -0.49945873  0.08462079 -0.27528834 -0.4839072
  -0.48358914 -0.4815119  -0.07687055 -0.48646447 -0.08203337 -0.5090016
   0.26333904  0.25778845  0.29262376  0.5126593 ]
 [ 0.2760028  -0.26056543  0.14015992 -0.490822   -0.23643838  0.2624833
  -0.09766115 -0.19704257  0.26814276  0.0515893   0.24159636  0.12466323
   0.20409696  0.27600366  0.24546964 -0.14721334]]

cov
[[0.1 0.1 0.1 0.1 0.1 0.1 0.1 0.1 0.1 0.1 0.1 0.1 0.1 0.1 0.1 0.1]
 [0.1 0.1 0.1 0.1 0.1 0.1 0.1 0.1 0.1 0.1 0.1 0.1 0.1 0.1 0.1 0.1]
 [0.1 0.1 0.1 0.1 0.1 0.1 0.1 0.1 0.1 0.1 0.1 0.1 0.1 0.1 0.1 0.1]
 [0.1 0.1 0.1 0.1 0.1 0.1 0.1 0.1 0.1 0.1 0.1 0.1 0.1 0.1 0.1 0.1]
 [0.1 0.1 0.1 0.1 0.1 0.1 0.1 0.1 0.1 0.1 0.1 0.1 0.1 0.1 0.1 0.1]]

trans
[[0.27843624 0.1371094  0.27529866 0.1402106  0.13610373]
 [0.18137692 0.2990338  0.18663144 0.28896493 0.30913657]
 [0.2724575  0.13701592 0.2701262  0.13421828 0.13603678]
 [0.12602499 0.27346143 0.12685348 0.29180738 0.22025593]
 [0.1417043  0.15337949 0.14109024 0.14479882 0.19846699]]

lengths
[1.2119108 1.3151534 1.1649711 1.0886705 1.1108863]

Epoch: 1, Loss: 2075.8587
mean
[[-0.7170092   0.74937356  0.6371806   0.80061364  1.0787847   0.84600973
   1.0342815   1.0280052  -1.0279713   0.93303436 -1.0769844   0.5640119
  -1.0930598  -1.0843003  -1.0464994  -0.3465325 ]
 [ 0.50848293 -0.50411636 -0.543861   -0.46960855 -0.5870321  -0.5427623
  -0.7463447  -0.7149011   0.58207935 -0.61174697  0.56517684 -0.4993438
   0.5734311   0.62530696  0.7336219   0.32561976]
 [ 0.15502658 -0.1281942   0.7880119   0.27376425  0.97828126  1.0179974
   0.9173432   0.97578543 -0.14444786  1.0050776  -0.2280567   0.7739253
  -0.95790315 -0.9050308  -0.9510858  -0.75637966]
 [-0.5885301   0.60830146 -1.0052713   0.5017743  -0.7055143  -0.98345923
  -0.7562317  -0.9226814  -0.48263627 -0.98921126 -0.46847558 -1.0243168
   0.64705443  0.49278405  0.75757915  1.0242754 ]
 [ 0.47022888 -0.4713738  -0.03670978 -0.19677937 -0.1315789  -0.10180409
  -0.2810801  -0.10654794  0.46957436 -0.09396192  0.46645865  0.07916361
   0.14340307  0.28123695  0.13107829 -0.20507741]]

cov
[[0.1 0.1 0.1 0.1 0.1 0.1 0.1 0.1 0.1 0.1 0.1 0.1 0.1 0.1 0.1 0.1]
 [0.1 0.1 0.1 0.1 0.1 0.1 0.1 0.1 0.1 0.1 0.1 0.1 0.1 0.1 0.1 0.1]
 [0.1 0.1 0.1 0.1 0.1 0.1 0.1 0.1 0.1 0.1 0.1 0.1 0.1 0.1 0.1 0.1]
 [0.1 0.1 0.1 0.1 0.1 0.1 0.1 0.1 0.1 0.1 0.1 0.1 0.1 0.1 0.1 0.1]
 [0.1 0.1 0.1 0.1 0.1 0.1 0.1 0.1 0.1 0.1 0.1 0.1 0.1 0.1 0.1 0.1]]

trans
[[0.4158759  0.08964331 0.2615078  0.10824781 0.09064163]
 [0.10845845 0.42317566 0.11487649 0.31199226 0.31513092]
 [0.27023283 0.09013165 0.38173392 0.0788258  0.09235045]
 [0.07332767 0.2064787  0.08027516 0.36696136 0.15594491]
 [0.1321051  0.19057068 0.1616066  0.1339728  0.34593207]]

lengths
[1.2437838 1.1855905 1.0577635 1.2480556 1.0916053]

Epoch: 2, Loss: 1583.1631
mean
[[-1.2339463   1.2698138   0.805293    1.2750924   1.5219089   0.9449755
   1.4881756   1.444017   -1.5496676   1.1710653  -1.5976467   0.6588269
  -1.5336423  -1.5793537  -1.5004466  -0.23894885]
 [ 0.7375545  -0.7526753  -0.56258196 -0.6340209  -0.8326681  -0.59386986
  -0.9586558  -0.9058343   0.8485183  -0.7104132   0.8392891  -0.46836194
   0.82265294  0.90409404  0.9434463   0.1846034 ]
 [ 0.5938504  -0.564049    1.2553796  -0.00973691  1.2821085   1.4819189
   1.1971973   1.3538857   0.30255884  1.4501535   0.19651255  1.236252
  -1.1763994  -1.0718794  -1.2778385  -1.2165214 ]
 [-1.0171412   1.0280384  -1.4727488   0.76664466 -0.9939084  -1.4536302
  -0.9616469  -1.2523241  -0.8622202  -1.4531586  -0.80296683 -1.5023701
   0.8724943   0.5666448   1.0992618   1.5032823 ]
 [ 0.10251644 -0.10712954 -0.18540852 -0.18309698 -0.1529187  -0.10400508
  -0.11128731 -0.22834149  0.1105659  -0.10094715  0.11223729 -0.25006035
   0.08852053  0.09191644  0.23654836  0.18125507]]

cov
[[0.1 0.1 0.1 0.1 0.1 0.1 0.1 0.1 0.1 0.1 0.1 0.1 0.1 0.1 0.1 0.1]
 [0.1 0.1 0.1 0.1 0.1 0.1 0.1 0.1 0.1 0.1 0.1 0.1 0.1 0.1 0.1 0.1]
 [0.1 0.1 0.1 0.1 0.1 0.1 0.1 0.1 0.1 0.1 0.1 0.1 0.1 0.1 0.1 0.1]
 [0.1 0.1 0.1 0.1 0.1 0.1 0.1 0.1 0.1 0.1 0.1 0.1 0.1 0.1 0.1 0.1]
 [0.1 0.1 0.1 0.1 0.1 0.1 0.1 0.1 0.1 0.1 0.1 0.1 0.1 0.1 0.1 0.1]]

trans
[[0.54031867 0.06466104 0.19221102 0.11319628 0.05346757]
 [0.06392195 0.47917464 0.06772237 0.28855515 0.19625157]
 [0.2162187  0.06662919 0.46572334 0.05591744 0.05541664]
 [0.04277805 0.13957518 0.05168467 0.37554428 0.09226829]
 [0.1367626  0.24995995 0.22265857 0.16678685 0.6025959 ]]

lengths
[1.1862842 1.0585533 1.0978609 1.2714624 1.1658113]

Epoch: 3, Loss: 1336.5125
mean
[[-1.6537695   1.6900443   0.84483427  1.6487848   1.8247368   0.9129456
   1.8391156   1.7371526  -1.9615941   1.2549078  -1.9979676   0.64185244
  -1.8207006  -1.9735236  -1.8473139  -0.09016244]
 [ 1.0151052  -1.0601453  -0.4882381  -0.85391015 -1.0247644  -0.5766334
  -1.0941907  -1.0276866   1.1182964  -0.7281471   1.1331671  -0.3312382
   1.0336637   1.1356121   1.0877595  -0.03864375]
 [ 0.966318   -0.9409695   1.6573482  -0.30896837  1.4014262   1.8422394
   1.342525    1.6100049   0.6870417   1.7923306   0.56478375  1.6358945
  -1.1889343  -1.0583117  -1.4668305  -1.6107737 ]
 [-1.3479753   1.3393724  -1.8505291   0.8686688  -1.1658247  -1.8396742
  -1.1357385  -1.4759308  -1.1245453  -1.827646   -1.0009952  -1.8910587
   0.9996079   0.6002108   1.3179688   1.8953326 ]
 [-0.06807621  0.09610242 -0.07717153 -0.14767024 -0.10115906 -0.07816209
  -0.24396154 -0.10653114 -0.04880736 -0.14762577 -0.07983465 -0.10514714
   0.0992589   0.22423665  0.11544913  0.17950042]]

cov
[[0.1 0.1 0.1 0.1 0.1 0.1 0.1 0.1 0.1 0.1 0.1 0.1 0.1 0.1 0.1 0.1]
 [0.1 0.1 0.1 0.1 0.1 0.1 0.1 0.1 0.1 0.1 0.1 0.1 0.1 0.1 0.1 0.1]
 [0.1 0.1 0.1 0.1 0.1 0.1 0.1 0.1 0.1 0.1 0.1 0.1 0.1 0.1 0.1 0.1]
 [0.1 0.1 0.1 0.1 0.1 0.1 0.1 0.1 0.1 0.1 0.1 0.1 0.1 0.1 0.1 0.1]
 [0.1 0.1 0.1 0.1 0.1 0.1 0.1 0.1 0.1 0.1 0.1 0.1 0.1 0.1 0.1 0.1]]

trans
[[0.5945212  0.05032495 0.14222288 0.13676935 0.02787243]
 [0.04134282 0.48104444 0.04450617 0.26651445 0.09772785]
 [0.17346874 0.05657583 0.4532156  0.0461349  0.02881297]
 [0.02733091 0.09583397 0.03711301 0.3246934  0.04590474]
 [0.16333632 0.3162208  0.32294235 0.22588786 0.79968196]]

lengths
[1.1472001 1.029442  1.1388314 1.2358419 1.090939 ]

Epoch: 4, Loss: 1275.5147
mean
[[-1.9328929   1.967167    0.8146202   1.8942014   1.98454     0.84720266
   2.069183    1.9029391  -2.2210326   1.241771   -2.239916    0.578515
  -1.9578593  -2.2469342  -2.0717735   0.02397941]
 [ 1.2455807  -1.3191315  -0.3694036  -0.9954289  -1.1588868  -0.51269597
  -1.1514052  -1.0794191   1.3374178  -0.68464595  1.3847829  -0.1573103
   1.1912602   1.3113656   1.1611265  -0.25911823]
 [ 1.1638842  -1.1532708   1.9689398  -0.49068218  1.4027842   2.0766468
   1.3929057   1.751607    0.9042269   2.0134807   0.7737154   1.9457858
  -1.1117684  -0.97725046 -1.5458182  -1.9068698 ]
 [-1.5597397   1.5247512  -2.121166    0.8640655  -1.2562646  -2.1218638
  -1.263204   -1.611853   -1.2588468  -2.096989   -1.0755354  -2.1721826
   1.0664718   0.630502    1.441838    2.180261  ]
 [ 0.09841928 -0.06320958 -0.18554017 -0.12882805 -0.1578894  -0.14384533
  -0.11793631 -0.22558205  0.11881754 -0.10332567  0.08226104 -0.08585987
   0.09617735  0.09527399  0.22069547  0.01988237]]

cov
[[0.1 0.1 0.1 0.1 0.1 0.1 0.1 0.1 0.1 0.1 0.1 0.1 0.1 0.1 0.1 0.1]
 [0.1 0.1 0.1 0.1 0.1 0.1 0.1 0.1 0.1 0.1 0.1 0.1 0.1 0.1 0.1 0.1]
 [0.1 0.1 0.1 0.1 0.1 0.1 0.1 0.1 0.1 0.1 0.1 0.1 0.1 0.1 0.1 0.1]
 [0.1 0.1 0.1 0.1 0.1 0.1 0.1 0.1 0.1 0.1 0.1 0.1 0.1 0.1 0.1 0.1]
 [0.1 0.1 0.1 0.1 0.1 0.1 0.1 0.1 0.1 0.1 0.1 0.1 0.1 0.1 0.1 0.1]]

trans
[[0.58141226 0.0413527  0.11230268 0.16810569 0.01701228]
 [0.03026842 0.4503457  0.03335498 0.24411978 0.0532406 ]
 [0.15423797 0.05302605 0.38526508 0.04015877 0.01775271]
 [0.01985083 0.07040748 0.02934894 0.25485027 0.02609449]
 [0.21423054 0.3848681  0.43972832 0.29276547 0.88589996]]

lengths
[1.1403803 1.0653588 1.107591  1.2226986 1.1067863]

Epoch: 5, Loss: 1265.1528
mean
[[-2.0667908   2.0964463   0.7619123   2.0198448   2.0219176   0.79813045
   2.1835938   1.9586875  -2.3271542   1.1847658  -2.3263881   0.51424193
  -1.9723837  -2.3976045  -2.1793706   0.07740667]
 [ 1.4236462  -1.5205332  -0.25980225 -1.0651132  -1.2546395  -0.44533506
  -1.1678395  -1.0967723   1.5110643  -0.6247168   1.5903107  -0.00285142
   1.3105597   1.4461552   1.1951101  -0.4338046 ]
 [ 1.1803625  -1.1859844   2.176783   -0.52801496  1.3601931   2.18913
   1.3922507   1.8043003   0.93944037  2.1203814   0.80636656  2.1505818
  -1.037786   -0.91017187 -1.5564075  -2.0867186 ]
 [-1.6527449   1.590564   -2.2750084   0.80229825 -1.2821692  -2.2893493
  -1.323115   -1.6655644  -1.2813784  -2.2524261  -1.0624901  -2.3352795
   1.084841    0.65384567  1.4892594   2.3462167 ]
 [ 0.15660727 -0.15537287 -0.09660221 -0.17688665 -0.10302322 -0.07802931
  -0.2229039  -0.11573305  0.16419958 -0.15346077  0.16361375 -0.17950006
   0.10180782  0.20174813  0.13623278  0.09767261]]

cov
[[0.1 0.1 0.1 0.1 0.1 0.1 0.1 0.1 0.1 0.1 0.1 0.1 0.1 0.1 0.1 0.1]
 [0.1 0.1 0.1 0.1 0.1 0.1 0.1 0.1 0.1 0.1 0.1 0.1 0.1 0.1 0.1 0.1]
 [0.1 0.1 0.1 0.1 0.1 0.1 0.1 0.1 0.1 0.1 0.1 0.1 0.1 0.1 0.1 0.1]
 [0.1 0.1 0.1 0.1 0.1 0.1 0.1 0.1 0.1 0.1 0.1 0.1 0.1 0.1 0.1 0.1]
 [0.1 0.1 0.1 0.1 0.1 0.1 0.1 0.1 0.1 0.1 0.1 0.1 0.1 0.1 0.1 0.1]]

trans
[[0.52906364 0.03584854 0.09284469 0.19816115 0.01400665]
 [0.0240469  0.41235396 0.02631885 0.21277717 0.03690372]
 [0.14725822 0.05305116 0.33386245 0.0352088  0.0152443 ]
 [0.01576181 0.05723108 0.02448146 0.19520499 0.01997568]
 [0.28386945 0.44151527 0.5224926  0.3586479  0.9138696 ]]

lengths
[1.1445253 1.1175512 1.0794683 1.2258668 1.1317872]

Epoch: 6, Loss: 1268.3451
mean
[[-2.0949008   2.118378    0.72846574  2.0652897   1.991596    0.7904992
   2.2151732   1.949833   -2.3278859   1.1362091  -2.3112621   0.48122528
  -1.921436   -2.4559479  -2.2051358   0.07317325]
 [ 1.5395759  -1.6531382  -0.17314541 -1.0861286  -1.3190696  -0.3869914
  -1.1582726  -1.0914214   1.6347182  -0.5656404   1.7417257   0.11502206
   1.3955246   1.5439824   1.2023116  -0.55425656]
 [ 1.0924487  -1.1068553   2.2846248  -0.46665755  1.3210742   2.206902
   1.3727065   1.7993414   0.8587501   2.139261    0.72625476  2.253364
  -1.0065455  -0.8894522  -1.5350409  -2.1574824 ]
 [-1.6544397   1.5695039  -2.3321176   0.75209045 -1.2777843  -2.3620248
  -1.328558   -1.6691592  -1.2342947  -2.31429    -1.0051919  -2.39545
   1.0849988   0.6756649   1.4892135   2.4056706 ]
 [ 0.04328668 -0.04282871 -0.16889684 -0.12147482 -0.15362754 -0.13367668
  -0.15042518 -0.21481715  0.05039479 -0.09896282  0.04662067 -0.1133112
   0.08662423  0.1301628   0.20197366  0.1501964 ]]

cov
[[0.1 0.1 0.1 0.1 0.1 0.1 0.1 0.1 0.1 0.1 0.1 0.1 0.1 0.1 0.1 0.1]
 [0.1 0.1 0.1 0.1 0.1 0.1 0.1 0.1 0.1 0.1 0.1 0.1 0.1 0.1 0.1 0.1]
 [0.1 0.1 0.1 0.1 0.1 0.1 0.1 0.1 0.1 0.1 0.1 0.1 0.1 0.1 0.1 0.1]
 [0.1 0.1 0.1 0.1 0.1 0.1 0.1 0.1 0.1 0.1 0.1 0.1 0.1 0.1 0.1 0.1]
 [0.1 0.1 0.1 0.1 0.1 0.1 0.1 0.1 0.1 0.1 0.1 0.1 0.1 0.1 0.1 0.1]]

trans
[[0.47783133 0.03248685 0.08299518 0.22363497 0.01475305]
 [0.01996106 0.38291824 0.02217506 0.18245882 0.03158697]
 [0.14520511 0.05552655 0.32333094 0.03102008 0.01721334]
 [0.01314402 0.05028771 0.02145757 0.15812106 0.01977996]
 [0.34385845 0.47878063 0.5500412  0.40476507 0.9166667 ]]

lengths
[1.1279752 1.1596785 1.1040225 1.2449079 1.1078352]

Loss didn't improve for 1 epochs
Epoch: 7, Loss: 1263.9250
mean
[[-2.075992    2.0929067   0.72860533  2.077911    1.9461234   0.81249166
   2.2028487   1.9202147  -2.2885666   1.1188194  -2.263259    0.48358062
  -1.8571416  -2.4635417  -2.1898167   0.03837365]
 [ 1.6219238  -1.7459304  -0.0904519  -1.0955838  -1.3539791  -0.32316127
  -1.1244524  -1.0607808   1.7248868  -0.49921846  1.8530004   0.21728349
   1.4482845   1.6076185   1.1832597  -0.65510654]
 [ 0.97218907 -0.9824969   2.3090713  -0.3703623   1.3197651   2.1706517
   1.3599504   1.773188    0.729865    2.1077964   0.59548724  2.2689998
  -1.0366743  -0.9261098  -1.5154155  -2.1384103 ]
 [-1.5959674   1.4962071  -2.319386    0.73869616 -1.2695624  -2.366215
  -1.3092542  -1.6527659  -1.1548706  -2.3105032  -0.9331492  -2.3775718
   1.0891317   0.7012261   1.4688516   2.3819067 ]
 [ 0.04321717 -0.01222458 -0.12814583 -0.17846377 -0.10206767 -0.09638181
  -0.18742056 -0.12980871  0.06055412 -0.16555129  0.02570166 -0.13873212
   0.10025521  0.15899034  0.15023673  0.08652458]]

cov
[[0.1 0.1 0.1 0.1 0.1 0.1 0.1 0.1 0.1 0.1 0.1 0.1 0.1 0.1 0.1 0.1]
 [0.1 0.1 0.1 0.1 0.1 0.1 0.1 0.1 0.1 0.1 0.1 0.1 0.1 0.1 0.1 0.1]
 [0.1 0.1 0.1 0.1 0.1 0.1 0.1 0.1 0.1 0.1 0.1 0.1 0.1 0.1 0.1 0.1]
 [0.1 0.1 0.1 0.1 0.1 0.1 0.1 0.1 0.1 0.1 0.1 0.1 0.1 0.1 0.1 0.1]
 [0.1 0.1 0.1 0.1 0.1 0.1 0.1 0.1 0.1 0.1 0.1 0.1 0.1 0.1 0.1 0.1]]

trans
[[0.44875365 0.03054026 0.08066051 0.24436773 0.017928  ]
 [0.01732377 0.36802092 0.0201023  0.16010913 0.0307013 ]
 [0.14956133 0.0601945  0.34587723 0.02743553 0.02247521]
 [0.01145876 0.04702892 0.01984973 0.13933504 0.0228964 ]
 [0.3729025  0.49421537 0.5335102  0.4287526  0.90599906]]

lengths
[1.0922985 1.1707222 1.1165568 1.2719103 1.116647 ]

Epoch: 8, Loss: 1256.0632
mean
[[-2.0338757   2.04661     0.73806465  2.064923    1.9001653   0.83079493
   2.1625545   1.8793592  -2.237385    1.1181023  -2.2113478   0.4968587
  -1.8030735  -2.4331543  -2.1483972   0.00671866]
 [ 1.6875955  -1.8190681  -0.00998845 -1.1024569  -1.3685209  -0.25740156
  -1.0760298  -1.0149729   1.7929375  -0.43009192  1.93692     0.311179
   1.4791715   1.6454833   1.1474724  -0.7514882 ]
 [ 0.866284   -0.86436456  2.2725372  -0.2816688   1.3542002   2.111626
   1.3639331   1.7491474   0.6056117   2.0550563   0.46830893  2.2204256
  -1.1046648  -0.99931794 -1.5123299  -2.0587099 ]
 [-1.5084736   1.4049381  -2.2639034   0.73994243 -1.2631005  -2.3244529
  -1.2861876  -1.630203   -1.0746161  -2.2652848  -0.87129754 -2.3120108
   1.0953991   0.7233456   1.4433616   2.307353  ]
 [ 0.11608392 -0.09506838 -0.15779969 -0.13643181 -0.17969729 -0.13460071
  -0.20185496 -0.22230832  0.13156527 -0.10768008  0.11030262 -0.15568618
   0.11077905  0.18195395  0.21521981  0.10611679]]

cov
[[0.1 0.1 0.1 0.1 0.1 0.1 0.1 0.1 0.1 0.1 0.1 0.1 0.1 0.1 0.1 0.1]
 [0.1 0.1 0.1 0.1 0.1 0.1 0.1 0.1 0.1 0.1 0.1 0.1 0.1 0.1 0.1 0.1]
 [0.1 0.1 0.1 0.1 0.1 0.1 0.1 0.1 0.1 0.1 0.1 0.1 0.1 0.1 0.1 0.1]
 [0.1 0.1 0.1 0.1 0.1 0.1 0.1 0.1 0.1 0.1 0.1 0.1 0.1 0.1 0.1 0.1]
 [0.1 0.1 0.1 0.1 0.1 0.1 0.1 0.1 0.1 0.1 0.1 0.1 0.1 0.1 0.1 0.1]]

trans
[[0.45228577 0.02954812 0.08326869 0.25869533 0.02236018]
 [0.0156427  0.36327195 0.01924299 0.14623232 0.03141724]
 [0.156732   0.0669315  0.38059977 0.02478945 0.03001386]
 [0.01037067 0.0467758  0.01907754 0.13405718 0.0280944 ]
 [0.36496884 0.49347264 0.49781102 0.4362257  0.88811433]]

lengths
[1.0959433 1.1602732 1.0861775 1.2725117 1.1238736]

Epoch: 9, Loss: 1248.5169
mean
[[-1.9663244   1.9797933   0.72285414  2.0084224   1.8470275   0.82000643
   2.0971835   1.8197823  -2.1746957   1.1088175  -2.1548676   0.49235556
  -1.7646316  -2.3607326  -2.0809288   0.00187521]
 [ 1.7576566  -1.8965579   0.0692834  -1.1119804  -1.3750794  -0.19465843
  -1.0241213  -0.966752    1.8565749  -0.36382467  2.0142243   0.40440583
   1.5020895   1.6697928   1.1073536  -0.8568221 ]
 [ 0.80860865 -0.7959982   2.2016232  -0.22656146  1.392179    2.050742
   1.3763711   1.7319553   0.5300359   2.0002186   0.39378846  2.1385796
  -1.1619653  -1.0626581  -1.5189147  -1.9582692 ]
 [-1.4122508   1.316132   -2.188935    0.71468997 -1.2545106  -2.2544148
  -1.2733847  -1.6070693  -1.006273   -2.1974769  -0.82638955 -2.2269337
   1.0940442   0.73715645  1.4209765   2.2131398 ]
 [ 0.10083041 -0.1000815  -0.14301142 -0.19617616 -0.1136374  -0.11300272
  -0.20291719 -0.1650682   0.1167477  -0.18255648  0.11267751 -0.12950794
   0.12051038  0.17278711  0.18373957  0.1243355 ]]

cov
[[0.1 0.1 0.1 0.1 0.1 0.1 0.1 0.1 0.1 0.1 0.1 0.1 0.1 0.1 0.1 0.1]
 [0.1 0.1 0.1 0.1 0.1 0.1 0.1 0.1 0.1 0.1 0.1 0.1 0.1 0.1 0.1 0.1]
 [0.1 0.1 0.1 0.1 0.1 0.1 0.1 0.1 0.1 0.1 0.1 0.1 0.1 0.1 0.1 0.1]
 [0.1 0.1 0.1 0.1 0.1 0.1 0.1 0.1 0.1 0.1 0.1 0.1 0.1 0.1 0.1 0.1]
 [0.1 0.1 0.1 0.1 0.1 0.1 0.1 0.1 0.1 0.1 0.1 0.1 0.1 0.1 0.1 0.1]]

trans
[[0.4796112  0.02898822 0.08832115 0.2627323  0.02665805]
 [0.01448671 0.36352387 0.01928464 0.136719   0.03189454]
 [0.16382521 0.07558686 0.4003152  0.02311236 0.0365152 ]
 [0.00958555 0.04870458 0.01884764 0.13950872 0.03410507]
 [0.33249134 0.4831965  0.4732314  0.4379276  0.87082714]]

lengths
[1.1641109 1.1479999 1.0738674 1.2468909 1.1101719]

Epoch: 10, Loss: 1241.6766
mean
[[-1.8939584   1.9120433   0.6861415   1.9268951   1.8000674   0.790656
   2.0263085   1.757725   -2.117016    1.0913619  -2.1076884   0.4698305
  -1.7469453  -2.2719445  -2.0081785   0.0211297 ]
 [ 1.8233217  -1.9696373   0.14899847 -1.121497   -1.3719257  -0.13104272
  -0.9681566  -0.9145355   1.9107287  -0.29722515  2.0797741   0.49751654
   1.5140191   1.6800367   1.0618358  -0.9651364 ]
 [ 0.7961665  -0.7783657   2.1247876  -0.208895    1.4139841   2.0047643
   1.3860517   1.7223104   0.5098704   1.9585013   0.37635976  2.0543108
  -1.1860759  -1.091983   -1.5263166  -1.8711495 ]
 [-1.320564    1.2368319  -2.1171443   0.66457516 -1.2562896  -2.1813264
  -1.2803291  -1.5970125  -0.9460767  -2.1314197  -0.7796318  -2.1449926
   1.0993948   0.75796247  1.4134195   2.1207817 ]
 [ 0.07962012 -0.06242321 -0.15147923 -0.13540025 -0.18852662 -0.13145201
  -0.21073355 -0.21173881  0.10005462 -0.10356292  0.07767682 -0.15205918
   0.11547288  0.18869944  0.21141121  0.09776118]]

cov
[[0.1 0.1 0.1 0.1 0.1 0.1 0.1 0.1 0.1 0.1 0.1 0.1 0.1 0.1 0.1 0.1]
 [0.1 0.1 0.1 0.1 0.1 0.1 0.1 0.1 0.1 0.1 0.1 0.1 0.1 0.1 0.1 0.1]
 [0.1 0.1 0.1 0.1 0.1 0.1 0.1 0.1 0.1 0.1 0.1 0.1 0.1 0.1 0.1 0.1]
 [0.1 0.1 0.1 0.1 0.1 0.1 0.1 0.1 0.1 0.1 0.1 0.1 0.1 0.1 0.1 0.1]
 [0.1 0.1 0.1 0.1 0.1 0.1 0.1 0.1 0.1 0.1 0.1 0.1 0.1 0.1 0.1 0.1]]

trans
[[0.50929195 0.02855391 0.09489063 0.25527772 0.02913591]
 [0.01359016 0.36667284 0.01973869 0.12820266 0.03143207]
 [0.1716501  0.08532663 0.39832    0.02190933 0.03814694]
 [0.00894371 0.05188372 0.01909584 0.1572098  0.03896879]
 [0.29652408 0.4675629  0.46795484 0.43740046 0.86231625]]

lengths
[1.2131197 1.1394079 1.0984036 1.2298815 1.1139686]

Epoch: 11, Loss: 1237.3559
mean
[[-1.8348079   1.8588202   0.6426251   1.8450905   1.7641883   0.75786734
   1.9635376   1.7047812  -2.0737653   1.06773    -2.0743158   0.43876144
  -1.7395581  -2.1894877  -1.9447434   0.05029684]
 [ 1.8717997  -2.0260513   0.21768343 -1.1226177  -1.3647382  -0.07747033
  -0.91624224 -0.8672385   1.9507228  -0.24022038  2.1305406   0.57834965
   1.5202748   1.6815723   1.0191509  -1.0579742 ]
 [ 0.8064623  -0.78866124  2.0615573  -0.22026     1.4139458   1.9790932
   1.382919    1.7155674   0.52502954  1.9344778   0.39172575  1.9877387
  -1.1793538  -1.0858448  -1.5253303  -1.8143609 ]
 [-1.2574558   1.1857936  -2.0660763   0.6276511  -1.2666057  -2.1260703
  -1.2943168  -1.5985922  -0.9068744  -2.0852578  -0.74168843 -2.0865405
   1.1113263   0.77871686  1.4184567   2.053567  ]
 [ 0.10951944 -0.08717007 -0.1534431  -0.21112525 -0.11462933 -0.12105855
  -0.21478836 -0.18612552  0.12915999 -0.19592744  0.10443773 -0.14561172
   0.1260709   0.18497841  0.20043261  0.11444356]]

cov
[[0.1 0.1 0.1 0.1 0.1 0.1 0.1 0.1 0.1 0.1 0.1 0.1 0.1 0.1 0.1 0.1]
 [0.1 0.1 0.1 0.1 0.1 0.1 0.1 0.1 0.1 0.1 0.1 0.1 0.1 0.1 0.1 0.1]
 [0.1 0.1 0.1 0.1 0.1 0.1 0.1 0.1 0.1 0.1 0.1 0.1 0.1 0.1 0.1 0.1]
 [0.1 0.1 0.1 0.1 0.1 0.1 0.1 0.1 0.1 0.1 0.1 0.1 0.1 0.1 0.1 0.1]
 [0.1 0.1 0.1 0.1 0.1 0.1 0.1 0.1 0.1 0.1 0.1 0.1 0.1 0.1 0.1 0.1]]

trans
[[0.5322985  0.02795881 0.10035757 0.24322249 0.02918146]
 [0.01286437 0.3706226  0.02001431 0.12038456 0.03009828]
 [0.1789851  0.0953055  0.39049622 0.02067678 0.03560149]
 [0.00839905 0.05572199 0.01957364 0.1786222  0.04124914]
 [0.26745299 0.4503911  0.46955827 0.43709397 0.8638696 ]]

lengths
[1.1958877 1.1364563 1.1052605 1.2380781 1.1188043]

Epoch: 12, Loss: 1235.8086
mean
[[-1.8004549   1.8283553   0.6090112   1.786333    1.7377921   0.73277086
   1.9185997   1.6681517  -2.0487583   1.04289    -2.0529463   0.41286716
  -1.72816    -2.1289687  -1.899552    0.07225806]
 [ 1.9063084  -2.0689232   0.26870412 -1.1176277  -1.3606485  -0.04079177
  -0.8750054  -0.83262193  1.9812442  -0.19926047  2.1725826   0.64153856
   1.52796     1.6820021   0.98687273 -1.1293573 ]
 [ 0.82560503 -0.809803    2.0236878  -0.24878968  1.3978368   1.9727921
   1.3658583   1.7077748   0.5547969   1.926888    0.41814533  1.9503878
  -1.1567434  -1.057621   -1.5130571  -1.7934821 ]
 [-1.231789    1.1681192  -2.0388854   0.6251633  -1.2769601  -2.094959
  -1.2976252  -1.6016904  -0.8933082  -2.0618703  -0.7224627  -2.055967
   1.1227932   0.78870547  1.4254284   2.0180159 ]
 [ 0.11128084 -0.10327653 -0.1508618  -0.1395746  -0.1986253  -0.1309929
  -0.2186229  -0.21037427  0.12891676 -0.09918737  0.11686794 -0.14543247
   0.11987054  0.19453214  0.21456854  0.11474039]]

cov
[[0.1 0.1 0.1 0.1 0.1 0.1 0.1 0.1 0.1 0.1 0.1 0.1 0.1 0.1 0.1 0.1]
 [0.1 0.1 0.1 0.1 0.1 0.1 0.1 0.1 0.1 0.1 0.1 0.1 0.1 0.1 0.1 0.1]
 [0.1 0.1 0.1 0.1 0.1 0.1 0.1 0.1 0.1 0.1 0.1 0.1 0.1 0.1 0.1 0.1]
 [0.1 0.1 0.1 0.1 0.1 0.1 0.1 0.1 0.1 0.1 0.1 0.1 0.1 0.1 0.1 0.1]
 [0.1 0.1 0.1 0.1 0.1 0.1 0.1 0.1 0.1 0.1 0.1 0.1 0.1 0.1 0.1 0.1]]

trans
[[0.54030704 0.02713796 0.10332847 0.23261097 0.0281833 ]
 [0.01233372 0.373566   0.01999714 0.11388323 0.0283072 ]
 [0.18546332 0.10532284 0.39223015 0.01934778 0.03182322]
 [0.00797538 0.05990246 0.02021239 0.19756915 0.04114595]
 [0.25392058 0.43407077 0.46423188 0.43658885 0.8705403 ]]

lengths
[1.1584152 1.1389372 1.0935172 1.2526066 1.1129984]

Epoch: 13, Loss: 1235.5573
mean
[[-1.789642    1.818644    0.5889256   1.7555101   1.7208517   0.72001135
   1.8926319   1.6475714  -2.0396292   1.023402   -2.0424018   0.39580706
  -1.7128186  -2.09517    -1.8741442   0.0839159 ]
 [ 1.9384052  -2.1075766   0.30341753 -1.1239414  -1.3610426  -0.01746981
  -0.84878004 -0.81210786  2.0107763  -0.17271928  2.2115662   0.6872954
   1.5379269   1.6854328   0.9679663  -1.1801032 ]
 [ 0.8456625  -0.831303    2.0115054  -0.28002998  1.3754032   1.9779382
   1.3416866   1.6968961   0.5832006   1.928547    0.44245282  1.9414654
  -1.1326271  -1.0246985  -1.4929479  -1.8008467 ]
 [-1.2258748   1.1627626  -2.031378    0.63332105 -1.291675   -2.0875938
  -1.3003184  -1.6091075  -0.88451743 -2.0602186  -0.7039369  -2.046967
   1.1400312   0.80019367  1.436599    2.0052218 ]
 [ 0.09851827 -0.08450742 -0.15648474 -0.21640015 -0.10979325 -0.12340233
  -0.21820739 -0.19308919  0.11920002 -0.20468199  0.10002332 -0.15119955
   0.12652028  0.18920992  0.20490226  0.10599761]]

cov
[[0.1 0.1 0.1 0.1 0.1 0.1 0.1 0.1 0.1 0.1 0.1 0.1 0.1 0.1 0.1 0.1]
 [0.1 0.1 0.1 0.1 0.1 0.1 0.1 0.1 0.1 0.1 0.1 0.1 0.1 0.1 0.1 0.1]
 [0.1 0.1 0.1 0.1 0.1 0.1 0.1 0.1 0.1 0.1 0.1 0.1 0.1 0.1 0.1 0.1]
 [0.1 0.1 0.1 0.1 0.1 0.1 0.1 0.1 0.1 0.1 0.1 0.1 0.1 0.1 0.1 0.1]
 [0.1 0.1 0.1 0.1 0.1 0.1 0.1 0.1 0.1 0.1 0.1 0.1 0.1 0.1 0.1 0.1]]

trans
[[0.54134434 0.02620574 0.10480919 0.22850537 0.02685707]
 [0.01195709 0.3746099  0.01979715 0.10960773 0.02645651]
 [0.18732455 0.11554994 0.40065083 0.0181597  0.02899604]
 [0.00764909 0.06429236 0.02092534 0.20970051 0.03995427]
 [0.25172493 0.41934207 0.4538175  0.43402672 0.8777361 ]]

lengths
[1.1600798 1.145362  1.0951518 1.240928  1.1137409]

Epoch: 14, Loss: 1235.1064
mean
[[-1.7967845   1.8248096   0.5818293   1.7502686   1.7149315   0.7183672
   1.8842016   1.6415547  -2.0434022   1.014434   -2.042834    0.3880131
  -1.7007811  -2.0872018  -1.8670516   0.08758053]
 [ 1.964556   -2.1372058   0.32580844 -1.1399392  -1.3622775  -0.0016912
  -0.83441955 -0.80067784  2.035861   -0.15563022  2.2423747   0.7171632
   1.5459155   1.6895136   0.95825374 -1.2110136 ]
 [ 0.85755783 -0.84411514  2.0174558  -0.2974313   1.3565648   1.985137
   1.3233721   1.6860163   0.598147    1.9323177   0.45655674  1.9518484
  -1.1158116  -1.0027522  -1.4748694  -1.8218567 ]
 [-1.2193311   1.149839   -2.0361538   0.62856114 -1.3145128  -2.0978332
  -1.3142685  -1.6245196  -0.86366177 -2.0743382  -0.67324096 -2.0495672
   1.1675624   0.8235084   1.4550014   2.0026317 ]
 [ 0.10804865 -0.08871288 -0.1503765  -0.13585396 -0.20566022 -0.13121597
  -0.21884461 -0.20864336  0.12796077 -0.09314616  0.1055104  -0.14522052
   0.12078272  0.1936519   0.21427599  0.11590356]]

cov
[[0.1 0.1 0.1 0.1 0.1 0.1 0.1 0.1 0.1 0.1 0.1 0.1 0.1 0.1 0.1 0.1]
 [0.1 0.1 0.1 0.1 0.1 0.1 0.1 0.1 0.1 0.1 0.1 0.1 0.1 0.1 0.1 0.1]
 [0.1 0.1 0.1 0.1 0.1 0.1 0.1 0.1 0.1 0.1 0.1 0.1 0.1 0.1 0.1 0.1]
 [0.1 0.1 0.1 0.1 0.1 0.1 0.1 0.1 0.1 0.1 0.1 0.1 0.1 0.1 0.1 0.1]
 [0.1 0.1 0.1 0.1 0.1 0.1 0.1 0.1 0.1 0.1 0.1 0.1 0.1 0.1 0.1 0.1]]

trans
[[0.5409339  0.02521547 0.10530305 0.2294351  0.02595387]
 [0.01168788 0.37380463 0.01952752 0.10665005 0.0249801 ]
 [0.1830806  0.12594056 0.40883443 0.01713444 0.02774701]
 [0.00738977 0.06861038 0.0216094  0.21139798 0.03898472]
 [0.25690782 0.40642896 0.44472563 0.43538243 0.8823343 ]]

lengths
[1.183277  1.1515815 1.1035094 1.2278113 1.1154996]

Epoch: 15, Loss: 1234.9761
mean
[[-1.8113966   1.8378402   0.58330137  1.7607244   1.7177438   0.72207487
   1.8874844   1.6449922  -2.0530977   1.0148813  -2.0501134   0.38683861
  -1.6965961  -2.096499   -1.8719542   0.08736987]
 [ 1.9841151  -2.1573207   0.33835045 -1.1608199  -1.3633444   0.00900801
  -0.8300935  -0.7959825   2.055742   -0.1455573   2.2639968   0.7331552
   1.5509582   1.6939183   0.95562303 -1.2253368 ]
 [ 0.8587532  -0.8454567   2.0310438  -0.2986358   1.3486077   1.9894907
   1.3175298   1.6794188   0.5981036   1.9346803   0.45828068  1.9688212
  -1.1109519  -0.9981969  -1.4663386  -1.8412993 ]
 [-1.2073002   1.1292965  -2.0464616   0.6130208  -1.3401225  -2.1162996
  -1.3335418  -1.6431996  -0.83686894 -2.0947769  -0.64123756 -2.0563881
   1.1977814   0.8516537   1.4757568   2.003435  ]
 [ 0.10707727 -0.09598132 -0.15684113 -0.21984303 -0.10295787 -0.12310517
  -0.21837379 -0.1939228   0.12594923 -0.21014357  0.11100656 -0.15008491
   0.12623715  0.18995988  0.20504852  0.10974345]]

cov
[[0.1 0.1 0.1 0.1 0.1 0.1 0.1 0.1 0.1 0.1 0.1 0.1 0.1 0.1 0.1 0.1]
 [0.1 0.1 0.1 0.1 0.1 0.1 0.1 0.1 0.1 0.1 0.1 0.1 0.1 0.1 0.1 0.1]
 [0.1 0.1 0.1 0.1 0.1 0.1 0.1 0.1 0.1 0.1 0.1 0.1 0.1 0.1 0.1 0.1]
 [0.1 0.1 0.1 0.1 0.1 0.1 0.1 0.1 0.1 0.1 0.1 0.1 0.1 0.1 0.1 0.1]
 [0.1 0.1 0.1 0.1 0.1 0.1 0.1 0.1 0.1 0.1 0.1 0.1 0.1 0.1 0.1 0.1]]

trans
[[0.5396724  0.02419072 0.10537121 0.2333463  0.02573309]
 [0.01147908 0.37157467 0.01928427 0.10505727 0.02394702]
 [0.1772528  0.1358492  0.4094132  0.01627383 0.02786484]
 [0.00716779 0.07256878 0.02208195 0.20500614 0.03881854]
 [0.26442793 0.39581662 0.4438494  0.44031647 0.88363653]]

lengths
[1.1899076 1.1529958 1.0999966 1.2262546 1.1133085]

Epoch: 16, Loss: 1234.8455
mean
[[-1.8230596   1.848205    0.58904666  1.7757634   1.724233    0.72667223
   1.896154    1.6523865  -2.0610104   1.020666   -2.0572898   0.39013824
  -1.6991655  -2.1117496  -1.881727    0.08487051]
 [ 1.996571   -2.1685169   0.3452168  -1.1796012  -1.3628799   0.01747119
  -0.83178085 -0.79436076  2.069476   -0.13926789  2.2763634   0.73981076
   1.5522165   1.6973495   0.9564892  -1.229144  ]
 [ 0.8536268  -0.84008914  2.0435958  -0.29019094  1.3506508   1.989905
   1.322182    1.6785585   0.5903014   1.9349091   0.4527173   1.982665
  -1.1147853  -1.0056512  -1.467858   -1.8511147 ]
 [-1.1933533   1.108595   -2.060622    0.6010901  -1.3659406  -2.1378982
  -1.351526   -1.6631509  -0.8156262  -2.1164699  -0.618734   -2.0653052
   1.2259992   0.87897533  1.4959307   2.0063524 ]
 [ 0.09977999 -0.08511993 -0.15152086 -0.1291143  -0.21289615 -0.13393515
  -0.21915859 -0.20942898  0.12048447 -0.09171325  0.1013137  -0.148878
   0.12189785  0.192316    0.21504891  0.11391324]]

cov
[[0.1 0.1 0.1 0.1 0.1 0.1 0.1 0.1 0.1 0.1 0.1 0.1 0.1 0.1 0.1 0.1]
 [0.1 0.1 0.1 0.1 0.1 0.1 0.1 0.1 0.1 0.1 0.1 0.1 0.1 0.1 0.1 0.1]
 [0.1 0.1 0.1 0.1 0.1 0.1 0.1 0.1 0.1 0.1 0.1 0.1 0.1 0.1 0.1 0.1]
 [0.1 0.1 0.1 0.1 0.1 0.1 0.1 0.1 0.1 0.1 0.1 0.1 0.1 0.1 0.1 0.1]
 [0.1 0.1 0.1 0.1 0.1 0.1 0.1 0.1 0.1 0.1 0.1 0.1 0.1 0.1 0.1 0.1]]

trans
[[0.5380036  0.02314115 0.10496204 0.23903278 0.02599995]
 [0.01129544 0.36800084 0.01903239 0.10556506 0.02324014]
 [0.17396915 0.14459755 0.4046968  0.0155901  0.02870559]
 [0.00696499 0.07589146 0.02196753 0.19507161 0.03938155]
 [0.2697668  0.38836902 0.44934127 0.44474047 0.8826728 ]]

lengths
[1.1795232 1.1483378 1.096697  1.2278582 1.1134263]

Epoch: 17, Loss: 1234.8803
mean
[[-1.8284112   1.8530854   0.59404904  1.7878556   1.7298436   0.7283471
   1.904575    1.6588262  -2.0648527   1.0256346  -2.0617037   0.39375195
  -1.7047527  -2.1245217  -1.8903089   0.08311884]
 [ 2.0016842  -2.1720014   0.3481913  -1.1901302  -1.3611538   0.02357308
  -0.83618796 -0.7941699   2.076545   -0.13573916  2.2807457   0.7404391
   1.5506426   1.699488    0.95869696 -1.2271512 ]
 [ 0.8481665  -0.83427244  2.050638   -0.28107366  1.3576331   1.9881312
   1.3305237   1.6819783   0.5828851   1.9341725   0.44610497  1.9890189
  -1.1216968  -1.0157855  -1.4748375  -1.8508381 ]
 [-1.1837851   1.0965858  -2.0741842   0.5993753  -1.3851445  -2.1563017
  -1.3617834  -1.6783589  -0.80738366 -2.1338387  -0.61192244 -2.0738983
   1.2449529   0.89598274  1.5105116   2.0106473 ]
 [ 0.10491998 -0.08807908 -0.1577079  -0.22267103 -0.09637822 -0.12277927
  -0.21828735 -0.19338828  0.12484442 -0.21143764  0.10482673 -0.14943722
   0.12591068  0.18985392  0.2044452   0.11385849]]

cov
[[0.1 0.1 0.1 0.1 0.1 0.1 0.1 0.1 0.1 0.1 0.1 0.1 0.1 0.1 0.1 0.1]
 [0.1 0.1 0.1 0.1 0.1 0.1 0.1 0.1 0.1 0.1 0.1 0.1 0.1 0.1 0.1 0.1]
 [0.1 0.1 0.1 0.1 0.1 0.1 0.1 0.1 0.1 0.1 0.1 0.1 0.1 0.1 0.1 0.1]
 [0.1 0.1 0.1 0.1 0.1 0.1 0.1 0.1 0.1 0.1 0.1 0.1 0.1 0.1 0.1 0.1]
 [0.1 0.1 0.1 0.1 0.1 0.1 0.1 0.1 0.1 0.1 0.1 0.1 0.1 0.1 0.1 0.1]]

trans
[[0.53641546 0.02208944 0.10417469 0.24463558 0.02644479]
 [0.01112591 0.36374792 0.018759   0.10766534 0.02271872]
 [0.17413527 0.15173532 0.40107    0.01503516 0.02962965]
 [0.00677694 0.07844645 0.02143196 0.18691844 0.04011259]
 [0.2715464  0.3839809  0.45456433 0.44574547 0.8810942 ]]

lengths
[1.172339  1.1418166 1.0998043 1.2261406 1.1143199]

Loss didn't improve for 1 epochs
Epoch: 18, Loss: 1234.9815
mean
[[-1.8282896   1.853217    0.59512895  1.7937617   1.7315129   0.72607857
   1.9091892   1.6611817  -2.065103    1.0260808  -2.0628555   0.39475122
  -1.7088417  -2.130247   -1.8941885   0.08370769]
 [ 2.0006695  -2.169959    0.34814698 -1.1909429  -1.3590314   0.02651038
  -0.8409591  -0.7948006   2.0776405  -0.13471137  2.2794335   0.737598
   1.5477848   1.7005249   0.96107817 -1.2227528 ]
 [ 0.8447959  -0.8309595   2.0522602  -0.27502996  1.3643068   1.9865355
   1.3374783   1.687265    0.5791051   1.9340714   0.44193247  1.9890397
  -1.1269815  -1.0225412  -1.4823458  -1.845466  ]
 [-1.1819654   1.0962999  -2.0832918   0.60484254 -1.3933474  -2.1673605
  -1.3625743  -1.6847061  -0.8114885  -2.1434774  -0.61815643 -2.0800974
   1.2512336   0.89875257  1.5163733   2.0152097 ]
 [ 0.10353103 -0.09102287 -0.15113476 -0.12549798 -0.2187292  -0.13524151
  -0.21938662 -0.2107325   0.12321142 -0.09449033  0.10672994 -0.14964691
   0.12307329  0.192555    0.21613283  0.11212293]]

cov
[[0.1 0.1 0.1 0.1 0.1 0.1 0.1 0.1 0.1 0.1 0.1 0.1 0.1 0.1 0.1 0.1]
 [0.1 0.1 0.1 0.1 0.1 0.1 0.1 0.1 0.1 0.1 0.1 0.1 0.1 0.1 0.1 0.1]
 [0.1 0.1 0.1 0.1 0.1 0.1 0.1 0.1 0.1 0.1 0.1 0.1 0.1 0.1 0.1 0.1]
 [0.1 0.1 0.1 0.1 0.1 0.1 0.1 0.1 0.1 0.1 0.1 0.1 0.1 0.1 0.1 0.1]
 [0.1 0.1 0.1 0.1 0.1 0.1 0.1 0.1 0.1 0.1 0.1 0.1 0.1 0.1 0.1 0.1]]

trans
[[0.5359999  0.02105866 0.1033412  0.24857453 0.02675528]
 [0.01096738 0.35950813 0.01849194 0.11038433 0.02229246]
 [0.1766005  0.15707807 0.40146098 0.01455165 0.03014418]
 [0.00660132 0.08022754 0.02072672 0.18274508 0.04054854]
 [0.2698309  0.3821276  0.45597917 0.4437444  0.8802596 ]]

lengths
[1.1762708 1.1377081 1.1003939 1.2247865 1.1138494]

Loss didn't improve for 2 epochs
Epoch: 19, Loss: 1235.2115
mean
[[-1.8268512   1.852496    0.59288704  1.7945313   1.7306582   0.7224846
   1.9099721   1.6602961  -2.0649061   1.0231612  -2.0633323   0.3928377
  -1.7106295  -2.1303701  -1.8939229   0.08656326]
 [ 1.9968029  -2.1657827   0.3464608  -1.1860967  -1.3570943   0.02676399
  -0.8446713  -0.7957224   2.075111   -0.13536131  2.275427    0.7337669
   1.5447803   1.7007717   0.96293896 -1.2186548 ]
 [ 0.8432567  -0.82958543  2.0500906  -0.27331156  1.3678887   1.9859596
   1.3399645   1.6912522   0.5781736   1.9346201   0.4400738   1.9852715
  -1.1293341  -1.0244031  -1.4864296  -1.8393742 ]
 [-1.185784    1.103059   -2.0867996   0.6098825  -1.3922261  -2.1707556
  -1.3582929  -1.6834984  -0.82030773 -2.1456573  -0.6278332  -2.0829608
   1.2480488   0.89244205  1.5150527   2.0185735 ]
 [ 0.10188168 -0.08662421 -0.15804127 -0.22506668 -0.09278686 -0.12158701
  -0.21825828 -0.19201247  0.12226392 -0.20570053  0.10295966 -0.14902437
   0.12522548  0.18969186  0.20350482  0.11422093]]

cov
[[0.1 0.1 0.1 0.1 0.1 0.1 0.1 0.1 0.1 0.1 0.1 0.1 0.1 0.1 0.1 0.1]
 [0.1 0.1 0.1 0.1 0.1 0.1 0.1 0.1 0.1 0.1 0.1 0.1 0.1 0.1 0.1 0.1]
 [0.1 0.1 0.1 0.1 0.1 0.1 0.1 0.1 0.1 0.1 0.1 0.1 0.1 0.1 0.1 0.1]
 [0.1 0.1 0.1 0.1 0.1 0.1 0.1 0.1 0.1 0.1 0.1 0.1 0.1 0.1 0.1 0.1]
 [0.1 0.1 0.1 0.1 0.1 0.1 0.1 0.1 0.1 0.1 0.1 0.1 0.1 0.1 0.1 0.1]]

trans
[[0.53578603 0.02006706 0.10282665 0.25019026 0.02688401]
 [0.01083294 0.35578728 0.01828262 0.11297934 0.02194152]
 [0.17941996 0.16071118 0.40270334 0.01410023 0.03026252]
 [0.00644419 0.08132988 0.02004813 0.182099   0.04059697]
 [0.26751685 0.3821046  0.45613927 0.44063115 0.880315  ]]

lengths
[1.1804969 1.1372483 1.0978817 1.2258875 1.1136789]

Loss didn't improve for 3 epochs
Epoch: 20, Loss: 1235.2133
mean
[[-1.8255432   1.8517661   0.58896154  1.7921836   1.7280864   0.7195463
   1.9079175   1.6572809  -2.0646813   1.0192938  -2.063151    0.38951382
  -1.70955    -2.1267252  -1.8909642   0.08984766]
 [ 1.9928604  -2.161943    0.34437272 -1.1804483  -1.3556021   0.0253959
  -0.8467295  -0.7965229   2.0712812  -0.13677461  2.2710514   0.73057365
   1.5422653   1.7004678   0.96396613 -1.2161268 ]
 [ 0.842327   -0.8290538   2.047267   -0.27287748  1.3682746   1.986529
   1.3398802   1.6932065   0.57797617  1.9357653   0.43971115  1.9816935
  -1.1290274  -1.0236299  -1.4873289  -1.836459  ]
 [-1.1914945   1.110708   -2.0862954   0.6113388  -1.3867903  -2.1691804
  -1.3544016  -1.6791345  -0.8271535  -2.1433744  -0.6337962  -2.083277
   1.241433    0.8848794   1.5106659   2.0203593 ]
 [ 0.10447422 -0.08921839 -0.15089157 -0.12411468 -0.21961376 -0.13664754
  -0.21985102 -0.2127235   0.12437811 -0.10348157  0.10567348 -0.15004644
   0.12439968  0.19315416  0.21762916  0.11273751]]

cov
[[0.1 0.1 0.1 0.1 0.1 0.1 0.1 0.1 0.1 0.1 0.1 0.1 0.1 0.1 0.1 0.1]
 [0.1 0.1 0.1 0.1 0.1 0.1 0.1 0.1 0.1 0.1 0.1 0.1 0.1 0.1 0.1 0.1]
 [0.1 0.1 0.1 0.1 0.1 0.1 0.1 0.1 0.1 0.1 0.1 0.1 0.1 0.1 0.1 0.1]
 [0.1 0.1 0.1 0.1 0.1 0.1 0.1 0.1 0.1 0.1 0.1 0.1 0.1 0.1 0.1 0.1]
 [0.1 0.1 0.1 0.1 0.1 0.1 0.1 0.1 0.1 0.1 0.1 0.1 0.1 0.1 0.1 0.1]]

trans
[[0.53653556 0.01912633 0.1027694  0.24976833 0.02680898]
 [0.01072183 0.35286093 0.01815156 0.11488651 0.02167085]
 [0.18131953 0.16292718 0.40336958 0.01366028 0.03007253]
 [0.00630407 0.08190804 0.01948952 0.18342222 0.04037835]
 [0.265119   0.38317758 0.4562199  0.43826267 0.8810693 ]]

lengths
[1.1808574 1.1393464 1.09802   1.227094  1.1142156]

Loss didn't improve for 4 epochs
Epoch: 21, Loss: 1235.2728
mean
[[-1.8255885   1.8520766   0.58562356  1.7892437   1.7261266   0.7185558
   1.9051265   1.6544374  -2.0651774   1.0169772  -2.0633469   0.38652
  -1.7077032  -2.1228385  -1.8877876   0.09231739]
 [ 1.9907364  -2.159966    0.34274754 -1.1773847  -1.3546838   0.02357664
  -0.84732765 -0.7970651   2.0681567  -0.13819279  2.2679503   0.72879434
   1.5405747   1.6999518   0.96428335 -1.2154199 ]
 [ 0.84154594 -0.82830334  2.0448632  -0.27334788  1.3669962   1.9870592
   1.3382136   1.6926851   0.5774338   1.9362478   0.4393487   1.979238
  -1.1279685  -1.0223582  -1.4857842  -1.8359687 ]
 [-1.1955796   1.1149323  -2.0839522   0.6098227  -1.3814017  -2.165597
  -1.3534445  -1.6753429  -0.82907856 -2.1396577  -0.63426465 -2.0822508
   1.2359217   0.8809186   1.506783    2.0207279 ]
 [ 0.10267885 -0.08917689 -0.1580884  -0.22515847 -0.09578174 -0.12021374
  -0.21816537 -0.19004934  0.12272832 -0.19513734  0.10520738 -0.14874324
   0.12418942  0.18932922  0.20220502  0.11339214]]

cov
[[0.1 0.1 0.1 0.1 0.1 0.1 0.1 0.1 0.1 0.1 0.1 0.1 0.1 0.1 0.1 0.1]
 [0.1 0.1 0.1 0.1 0.1 0.1 0.1 0.1 0.1 0.1 0.1 0.1 0.1 0.1 0.1 0.1]
 [0.1 0.1 0.1 0.1 0.1 0.1 0.1 0.1 0.1 0.1 0.1 0.1 0.1 0.1 0.1 0.1]
 [0.1 0.1 0.1 0.1 0.1 0.1 0.1 0.1 0.1 0.1 0.1 0.1 0.1 0.1 0.1 0.1]
 [0.1 0.1 0.1 0.1 0.1 0.1 0.1 0.1 0.1 0.1 0.1 0.1 0.1 0.1 0.1 0.1]]

trans
[[0.5374697  0.0182428  0.10303668 0.2482075  0.02667667]
 [0.01063877 0.35082793 0.01809049 0.11601798 0.0215038 ]
 [0.18183663 0.16407798 0.40242556 0.013237   0.02992144]
 [0.00618306 0.08215262 0.01906967 0.18519741 0.04015088]
 [0.26387185 0.38469863 0.45737764 0.4373401  0.8817472 ]]

lengths
[1.1787996 1.1418165 1.0988299 1.2265376 1.113752 ]

Loss didn't improve for 5 epochs
Stopping
cached hsmm
