## SLURM PROLOG ###############################################################
##    Job ID : 868818
##  Job Name : hsmm_Book
##  Nodelist : node1327
##      CPUs : 4
##  Mem/Node : 16384 MB
## Directory : /gpfs/data/epavlick/debert/hsmm
##   Started : Wed Mar 17 23:45:39 EDT 2021
###############################################################################
hsmm_Book
loaded cached nbc
loaded cached autoencoder
(22, 53, 16)
(4, 73, 16)
(5, 45, 16)
Epoch: 0, Loss: 2597.2941
mean
[[-0.01965263 -0.04632537  0.03390676 -0.01143453  0.02201587 -0.0404789
   0.00261702 -0.0413385  -0.06927136 -0.04649602 -0.03838797 -0.06549907
   0.03625821 -0.03637353 -0.00498854 -0.0239857 ]
 [ 0.08476416  0.06743464  0.00830911  0.02259802 -0.05061861 -0.05105808
  -0.05491192  0.04762255 -0.01878056 -0.04453236  0.06382003 -0.06874084
  -0.06424341  0.07699749  0.06042094  0.06576426]
 [ 0.13828114  0.11619167 -0.11710583  0.12743327 -0.12502031  0.08447157
  -0.12112045  0.11947476 -0.00095692 -0.00950643  0.12362498 -0.00068372
  -0.1254132   0.1256235   0.12322678  0.13615367]
 [-0.02378348 -0.04030934  0.03130531 -0.00943168  0.0289363  -0.02945164
   0.02330665 -0.03771559 -0.08909862 -0.00055826 -0.03497217  0.00025288
   0.03360912 -0.03358869 -0.0320062  -0.02450799]
 [-0.02323126 -0.03917963  0.03086977 -0.0084327   0.02696668 -0.02456042
   0.02125207 -0.03775126 -0.09791456 -0.00063074 -0.03450765  0.0164105
   0.03392021 -0.03291942 -0.02873774 -0.02470692]]

cov
[[0.1 0.1 0.1 0.1 0.1 0.1 0.1 0.1 0.1 0.1 0.1 0.1 0.1 0.1 0.1 0.1]
 [0.1 0.1 0.1 0.1 0.1 0.1 0.1 0.1 0.1 0.1 0.1 0.1 0.1 0.1 0.1 0.1]
 [0.1 0.1 0.1 0.1 0.1 0.1 0.1 0.1 0.1 0.1 0.1 0.1 0.1 0.1 0.1 0.1]
 [0.1 0.1 0.1 0.1 0.1 0.1 0.1 0.1 0.1 0.1 0.1 0.1 0.1 0.1 0.1 0.1]
 [0.1 0.1 0.1 0.1 0.1 0.1 0.1 0.1 0.1 0.1 0.1 0.1 0.1 0.1 0.1 0.1]]

trans
[[0.1741771  0.16833088 0.17400667 0.17000416 0.17809881]
 [0.19180652 0.1947072  0.19983289 0.19498812 0.1933807 ]
 [0.19180654 0.2213909  0.22696763 0.1921739  0.18896045]
 [0.22110502 0.19432843 0.19944717 0.22113104 0.21982482]
 [0.22110482 0.22124259 0.19974564 0.22170278 0.21973525]]

lengths
[1.2837112 1.2931237 1.3182123 1.2906668 1.3148637]

Epoch: 1, Loss: 2304.8094
mean
[[-0.24469878 -0.29802197  0.27251765 -0.23631364  0.09689147 -0.27494687
  -0.05371695 -0.28674334 -0.25953546 -0.20340917 -0.28613693 -0.21154715
   0.28164288 -0.28079557 -0.06767924 -0.2626853 ]
 [ 0.2374009   0.11009063  0.0583554   0.0027249  -0.22651656 -0.2527659
  -0.24596913  0.01589418 -0.18474148 -0.20907925  0.14541818 -0.24383646
  -0.08857445  0.15462366  0.25491136  0.07898879]
 [ 0.38880262  0.36507034 -0.35861957  0.37092867 -0.3622264   0.24220932
  -0.32058552  0.36843807  0.21274239 -0.05866185  0.37422395 -0.04087894
  -0.37502697  0.3750198   0.34253418  0.38627505]
 [-0.28053376 -0.29812518  0.27944347 -0.25702322  0.28389403 -0.15081327
   0.27679294 -0.2931762  -0.01147316  0.24434666 -0.2917802   0.23582228
   0.28730386 -0.29066    -0.28854978 -0.27939287]
 [-0.20759167 -0.22593684  0.18897656 -0.16765454  0.23438483 -0.1218904
   0.23372316 -0.21501695 -0.14495212  0.2011882  -0.22158295  0.24218842
   0.21458237 -0.21499556 -0.23918298 -0.20021518]]

cov
[[0.1 0.1 0.1 0.1 0.1 0.1 0.1 0.1 0.1 0.1 0.1 0.1 0.1 0.1 0.1 0.1]
 [0.1 0.1 0.1 0.1 0.1 0.1 0.1 0.1 0.1 0.1 0.1 0.1 0.1 0.1 0.1 0.1]
 [0.1 0.1 0.1 0.1 0.1 0.1 0.1 0.1 0.1 0.1 0.1 0.1 0.1 0.1 0.1 0.1]
 [0.1 0.1 0.1 0.1 0.1 0.1 0.1 0.1 0.1 0.1 0.1 0.1 0.1 0.1 0.1 0.1]
 [0.1 0.1 0.1 0.1 0.1 0.1 0.1 0.1 0.1 0.1 0.1 0.1 0.1 0.1 0.1 0.1]]

trans
[[0.18107592 0.14880177 0.15088789 0.1384914  0.14962423]
 [0.21580598 0.23934314 0.1847277  0.16157244 0.16964747]
 [0.18308637 0.26445475 0.31747487 0.15977196 0.15324843]
 [0.22173429 0.1614537  0.17320906 0.28641912 0.27369395]
 [0.19829744 0.18594666 0.17370054 0.25374505 0.25378594]]

lengths
[1.2830856 1.411201  1.6783639 1.3238676 1.3641675]

Epoch: 2, Loss: 1918.3095
mean
[[-0.40358192 -0.4872132   0.46253932 -0.42059386  0.00825192 -0.46226853
  -0.22113955 -0.47911298 -0.50130355 -0.41232222 -0.47060493 -0.4006939
   0.47317246 -0.45927235 -0.03152226 -0.44641662]
 [ 0.1270456   0.02116373  0.00540093  0.08070676 -0.187752   -0.17534861
  -0.3251552   0.07467903 -0.39995763 -0.37278265  0.03249143 -0.3387473
  -0.05264153  0.04760055  0.27803254  0.0740492 ]
 [ 0.66175336  0.63947845 -0.6249729   0.6376854  -0.61465234  0.43458462
  -0.51243764  0.64300734  0.45240003 -0.07508416  0.6500504  -0.03238441
  -0.6495205   0.64906186  0.561953    0.6612394 ]
 [-0.5619544  -0.5751724   0.5444059  -0.52000934  0.5643933  -0.16905627
   0.5567716  -0.5691177   0.08230008  0.517339   -0.57059157  0.50662106
   0.5594685  -0.5695133  -0.57150924 -0.5565313 ]
 [-0.3290081  -0.35264146  0.28450915 -0.2638696   0.38049814 -0.15527599
   0.38425294 -0.33156356 -0.1830529   0.328148   -0.34803298  0.40297675
   0.33533645 -0.33526167 -0.38557047 -0.31452495]]

cov
[[0.1 0.1 0.1 0.1 0.1 0.1 0.1 0.1 0.1 0.1 0.1 0.1 0.1 0.1 0.1 0.1]
 [0.1 0.1 0.1 0.1 0.1 0.1 0.1 0.1 0.1 0.1 0.1 0.1 0.1 0.1 0.1 0.1]
 [0.1 0.1 0.1 0.1 0.1 0.1 0.1 0.1 0.1 0.1 0.1 0.1 0.1 0.1 0.1 0.1]
 [0.1 0.1 0.1 0.1 0.1 0.1 0.1 0.1 0.1 0.1 0.1 0.1 0.1 0.1 0.1 0.1]
 [0.1 0.1 0.1 0.1 0.1 0.1 0.1 0.1 0.1 0.1 0.1 0.1 0.1 0.1 0.1 0.1]]

trans
[[0.20414853 0.1392578  0.11870722 0.11175796 0.126836  ]
 [0.25464875 0.3145279  0.18747072 0.13042443 0.19489907]
 [0.143282   0.24486363 0.41825923 0.12953438 0.12698624]
 [0.24226649 0.14015964 0.13829766 0.39661145 0.2835966 ]
 [0.15565425 0.16119105 0.13726519 0.23167174 0.26768208]]

lengths
[1.1756413 1.2247863 1.9118419 1.305239  1.2724032]

Epoch: 3, Loss: 1598.9159
mean
[[-0.51879585 -0.6392851   0.65246594 -0.5931751  -0.14398387 -0.65384996
  -0.40693486 -0.6589316  -0.7533267  -0.6273165  -0.61522174 -0.6011917
   0.6461991  -0.60580564  0.11852754 -0.61685884]
 [ 0.08426362  0.09360781 -0.03213096  0.05208195 -0.08689957 -0.05944709
  -0.20638044  0.02270768 -0.4176705  -0.29154027  0.10289057 -0.2613198
  -0.11872099  0.10124572  0.1635408   0.10146917]
 [ 0.928868    0.91365147 -0.89011097  0.89748657 -0.85292035  0.60956216
  -0.6706976   0.91784936  0.6893398  -0.07053628  0.9248868  -0.00679082
  -0.9231263   0.9215518   0.7499393   0.9349298 ]
 [-0.8470949  -0.8511618   0.7935837  -0.78019786  0.8512257  -0.21608278
   0.84270644 -0.84167486  0.16876349  0.7969231  -0.8514283   0.7779177
   0.83135694 -0.84899056 -0.8604568  -0.83272797]
 [-0.40816745 -0.43869048  0.33628976 -0.32029954  0.48945913 -0.14468157
   0.49821895 -0.40881076 -0.16157028  0.39546365 -0.43615267  0.4916681
   0.41590527 -0.41398793 -0.4873932  -0.38824657]]

cov
[[0.1 0.1 0.1 0.1 0.1 0.1 0.1 0.1 0.1 0.1 0.1 0.1 0.1 0.1 0.1 0.1]
 [0.1 0.1 0.1 0.1 0.1 0.1 0.1 0.1 0.1 0.1 0.1 0.1 0.1 0.1 0.1 0.1]
 [0.1 0.1 0.1 0.1 0.1 0.1 0.1 0.1 0.1 0.1 0.1 0.1 0.1 0.1 0.1 0.1]
 [0.1 0.1 0.1 0.1 0.1 0.1 0.1 0.1 0.1 0.1 0.1 0.1 0.1 0.1 0.1 0.1]
 [0.1 0.1 0.1 0.1 0.1 0.1 0.1 0.1 0.1 0.1 0.1 0.1 0.1 0.1 0.1 0.1]]

trans
[[0.21732378 0.12190704 0.09126072 0.08309282 0.10504863]
 [0.2801068  0.41800988 0.18976493 0.09637354 0.25507313]
 [0.11126696 0.20996268 0.5078711  0.09687136 0.10510367]
 [0.2694025  0.1163684  0.10529434 0.5161522  0.2653527 ]
 [0.12189998 0.133752   0.10580897 0.20751008 0.26942188]]

lengths
[1.0660862 1.1023768 1.9910603 1.277868  1.1415946]

Epoch: 4, Loss: 1352.6000
mean
[[-0.5781821  -0.73980975  0.8390056  -0.7492809  -0.31641763 -0.8481193
  -0.5983683  -0.8193238  -0.99876875 -0.8393113  -0.7052086  -0.8047115
   0.79297024 -0.7083908   0.2990885  -0.7681735 ]
 [ 0.15761767  0.07319105 -0.0495776   0.06819231 -0.0986668   0.02900215
  -0.09334034  0.0885205  -0.3025742  -0.14741363  0.12111752 -0.12569803
  -0.06588548  0.13110106  0.09597725  0.09089737]
 [ 1.1761931   1.1764286  -1.1421322   1.1372852  -1.0633605   0.7505909
  -0.7892658   1.1820548   0.9127537  -0.0567001   1.1872449   0.02196449
  -1.1843818   1.1809086   0.8930154   1.1955558 ]
 [-1.1252663  -1.1162645   1.0264989  -1.0285403   1.1283567  -0.2727192
   1.1175638  -1.1027411   0.24831745  1.0632849  -1.123181    1.025844
   1.0937515  -1.1197067  -1.1387408  -1.0997964 ]
 [-0.45918804 -0.49868688  0.35692918 -0.35514975  0.5799041  -0.10553896
   0.5923258  -0.46301153 -0.14933623  0.4147685  -0.5029199   0.493235
   0.47274137 -0.46544006 -0.5552416  -0.43636712]]

cov
[[0.1 0.1 0.1 0.1 0.1 0.1 0.1 0.1 0.1 0.1 0.1 0.1 0.1 0.1 0.1 0.1]
 [0.1 0.1 0.1 0.1 0.1 0.1 0.1 0.1 0.1 0.1 0.1 0.1 0.1 0.1 0.1 0.1]
 [0.1 0.1 0.1 0.1 0.1 0.1 0.1 0.1 0.1 0.1 0.1 0.1 0.1 0.1 0.1 0.1]
 [0.1 0.1 0.1 0.1 0.1 0.1 0.1 0.1 0.1 0.1 0.1 0.1 0.1 0.1 0.1 0.1]
 [0.1 0.1 0.1 0.1 0.1 0.1 0.1 0.1 0.1 0.1 0.1 0.1 0.1 0.1 0.1 0.1]]

trans
[[0.24080218 0.09818947 0.07509768 0.05702768 0.08424274]
 [0.27095667 0.536256   0.18169406 0.06626727 0.34279954]
 [0.08903589 0.16888978 0.57760125 0.06820222 0.08351576]
 [0.30264926 0.09129466 0.08087586 0.6087284  0.22369845]
 [0.09655599 0.10537008 0.08473115 0.19977441 0.26574355]]

lengths
[0.9893846 1.1518642 1.963908  1.253367  1.0342343]

Epoch: 5, Loss: 1179.0401
mean
[[-0.5903931  -0.79531235  1.0199275  -0.8843457  -0.50144804 -1.0414832
  -0.7952046  -0.95977485 -1.2256535  -1.0487556  -0.74679863 -1.0094489
   0.9139528  -0.77103406  0.4891734  -0.8996568 ]
 [ 0.1734446   0.07327481 -0.03804981  0.08449095 -0.14775868  0.02363337
  -0.11453995  0.08785963 -0.15991923 -0.08122978  0.07348662 -0.0478479
  -0.13246967  0.08785462  0.1442982   0.12930286]
 [ 1.3952124   1.4199548  -1.3744187   1.3495256  -1.2400286   0.85532445
  -0.87245184  1.4284868   1.1158764  -0.04347599  1.4294091   0.04768538
  -1.4256579   1.4193814   0.9926812   1.4356737 ]
 [-1.3889273  -1.3639034   1.2396141  -1.2596105   1.3862914  -0.32956925
   1.371462   -1.3463843   0.30875167  1.3045341  -1.3787057   1.2341373
   1.3409677  -1.3749237  -1.3953183  -1.3516712 ]
 [-0.49319214 -0.542779    0.35853398 -0.37830743  0.6560523  -0.05152738
   0.6679278  -0.50406474 -0.16850257  0.39840096 -0.5572269   0.43430588
   0.51547205 -0.5008538  -0.5962921  -0.46942478]]

cov
[[0.1 0.1 0.1 0.1 0.1 0.1 0.1 0.1 0.1 0.1 0.1 0.1 0.1 0.1 0.1 0.1]
 [0.1 0.1 0.1 0.1 0.1 0.1 0.1 0.1 0.1 0.1 0.1 0.1 0.1 0.1 0.1 0.1]
 [0.1 0.1 0.1 0.1 0.1 0.1 0.1 0.1 0.1 0.1 0.1 0.1 0.1 0.1 0.1 0.1]
 [0.1 0.1 0.1 0.1 0.1 0.1 0.1 0.1 0.1 0.1 0.1 0.1 0.1 0.1 0.1 0.1]
 [0.1 0.1 0.1 0.1 0.1 0.1 0.1 0.1 0.1 0.1 0.1 0.1 0.1 0.1 0.1 0.1]]

trans
[[0.26621926 0.07389484 0.06614374 0.03795053 0.06375799]
 [0.23968852 0.64983124 0.17747146 0.04500804 0.4382839 ]
 [0.07372804 0.12890948 0.62205774 0.0476629  0.06287204]
 [0.34363744 0.06789315 0.06314141 0.66322017 0.17458177]
 [0.07672679 0.0794713  0.07118566 0.20615837 0.2605043 ]]

lengths
[0.95145255 1.2441392  1.8662672  1.2417876  0.97809714]

Epoch: 6, Loss: 1060.7824
mean
[[-0.5693365  -0.8159086   1.1938139  -1.000434   -0.68501747 -1.2316201
  -0.9881677  -1.0819523  -1.4242235  -1.2521176  -0.75244004 -1.2129526
   1.011852   -0.8019053   0.67506963 -1.0130762 ]
 [ 0.13954984  0.1427924  -0.06334075  0.08329461 -0.14632696 -0.04363621
  -0.19240694  0.0906665  -0.07661512 -0.12054785  0.12555522 -0.08024354
  -0.14459419  0.13086197  0.20563413  0.11808541]
 [ 1.5825089   1.6399037  -1.5854696   1.5331749  -1.3844129   0.9352223
  -0.9308001   1.6539115   1.2955029  -0.03489984  1.6475766   0.07088172
  -1.6431091   1.6330309   1.0594012   1.6520313 ]
 [-1.633474   -1.5894318   1.4303229  -1.4700658   1.6179819  -0.37904847
   1.5962209  -1.5684054   0.3471954   1.5117649  -1.6129656   1.390533
   1.5686247  -1.610425   -1.6214437  -1.5843011 ]
 [-0.517128   -0.5779685   0.3518529  -0.39623934  0.71851534  0.00029759
   0.7240804  -0.5386874  -0.2277618   0.36251086 -0.6043812   0.34824824
   0.55183905 -0.5271894  -0.6158518  -0.49504066]]

cov
[[0.1 0.1 0.1 0.1 0.1 0.1 0.1 0.1 0.1 0.1 0.1 0.1 0.1 0.1 0.1 0.1]
 [0.1 0.1 0.1 0.1 0.1 0.1 0.1 0.1 0.1 0.1 0.1 0.1 0.1 0.1 0.1 0.1]
 [0.1 0.1 0.1 0.1 0.1 0.1 0.1 0.1 0.1 0.1 0.1 0.1 0.1 0.1 0.1 0.1]
 [0.1 0.1 0.1 0.1 0.1 0.1 0.1 0.1 0.1 0.1 0.1 0.1 0.1 0.1 0.1 0.1]
 [0.1 0.1 0.1 0.1 0.1 0.1 0.1 0.1 0.1 0.1 0.1 0.1 0.1 0.1 0.1 0.1]]

trans
[[0.28837854 0.05337765 0.06188587 0.02574671 0.04582148]
 [0.20040663 0.74202156 0.19342065 0.03143246 0.51844466]
 [0.06195219 0.09647794 0.6319265  0.03426125 0.04560157]
 [0.38828132 0.04904766 0.04997635 0.68433833 0.13159646]
 [0.06098134 0.05907517 0.06279062 0.22422129 0.25853583]]

lengths
[0.94244677 1.2354419  1.7365521  1.2405772  0.9867465 ]

Epoch: 7, Loss: 982.7824
mean
[[-0.5266486  -0.81032914  1.3601161  -1.1006043  -0.85612094 -1.4176353
  -1.1694665  -1.1871898  -1.5866032  -1.4424592  -0.7327728  -1.412474
   1.0891777  -0.80837417  0.84775174 -1.1102937 ]
 [ 0.14728393  0.11051268 -0.06825763  0.08741967 -0.13012695 -0.095048
  -0.2333517   0.11279152 -0.09978257 -0.19239269  0.15309404 -0.16281982
  -0.11285588  0.15713815  0.1979568   0.13967098]
 [ 1.7328389   1.8324635  -1.7734215   1.686935   -1.4921856   0.9976972
  -0.96439886  1.8550895   1.4531671  -0.02850101  1.8373308   0.09363227
  -1.8335367   1.8177093   1.0945259   1.8409787 ]
 [-1.8559535  -1.7908399   1.59918    -1.6584573   1.8192713  -0.42289
   1.7880486  -1.767521    0.3699533   1.6798033  -1.8235438   1.4923713
   1.775274   -1.8238482  -1.8129239  -1.7959864 ]
 [-0.5386633  -0.609224    0.34388813 -0.4143988   0.768955    0.04333295
   0.76130325 -0.5706363  -0.29180682  0.33267456 -0.64786226  0.27559242
   0.585791   -0.55107266 -0.6216208  -0.51883274]]

cov
[[0.1 0.1 0.1 0.1 0.1 0.1 0.1 0.1 0.1 0.1 0.1 0.1 0.1 0.1 0.1 0.1]
 [0.1 0.1 0.1 0.1 0.1 0.1 0.1 0.1 0.1 0.1 0.1 0.1 0.1 0.1 0.1 0.1]
 [0.1 0.1 0.1 0.1 0.1 0.1 0.1 0.1 0.1 0.1 0.1 0.1 0.1 0.1 0.1 0.1]
 [0.1 0.1 0.1 0.1 0.1 0.1 0.1 0.1 0.1 0.1 0.1 0.1 0.1 0.1 0.1 0.1]
 [0.1 0.1 0.1 0.1 0.1 0.1 0.1 0.1 0.1 0.1 0.1 0.1 0.1 0.1 0.1 0.1]]

trans
[[0.30439672 0.03830399 0.06098391 0.01820852 0.03275754]
 [0.1632831  0.80818236 0.22465886 0.0229267  0.5597192 ]
 [0.05146387 0.07316812 0.6162797  0.02566116 0.03325678]
 [0.43136382 0.03549267 0.04040753 0.68081886 0.10143477]
 [0.04949248 0.04485286 0.05766998 0.25238475 0.2728317 ]]

lengths
[0.9540445 1.1551241 1.628422  1.2385858 1.0515125]

Epoch: 8, Loss: 935.2041
mean
[[-0.47034827 -0.7851232   1.5176985  -1.1838992  -1.0014529  -1.5971603
  -1.3278509  -1.2752417  -1.7035949  -1.6140708  -0.6951209  -1.6043768
   1.1463331  -0.7955994   0.9951527  -1.1911416 ]
 [ 0.1823212   0.09193707 -0.05254513  0.097174   -0.14525416 -0.08229952
  -0.20576504  0.10111025 -0.17575733 -0.2326197   0.11306211 -0.2148999
  -0.14354913  0.12318844  0.15889524  0.12398786]
 [ 1.8424526   1.9944154  -1.9361686   1.808241   -1.561098    1.0449271
  -0.9744642   2.0290759   1.5896392  -0.01943344  1.994793    0.11753628
  -1.994118    1.9698805   1.1012913   1.9990126 ]
 [-2.054546   -1.9671712   1.746625   -1.824849    1.9882457  -0.46184957
   1.9452115  -1.9432237   0.38245744  1.8066914  -2.0092864   1.5447651
   1.9601296  -2.0139034  -1.9677372  -1.9856744 ]
 [-0.56294066 -0.63898206  0.33989692 -0.4350135   0.8083827   0.07170187
   0.78349    -0.60158545 -0.315424    0.33208022 -0.68876505  0.24575555
   0.61923563 -0.5763419  -0.62311196 -0.54441327]]

cov
[[0.1 0.1 0.1 0.1 0.1 0.1 0.1 0.1 0.1 0.1 0.1 0.1 0.1 0.1 0.1 0.1]
 [0.1 0.1 0.1 0.1 0.1 0.1 0.1 0.1 0.1 0.1 0.1 0.1 0.1 0.1 0.1 0.1]
 [0.1 0.1 0.1 0.1 0.1 0.1 0.1 0.1 0.1 0.1 0.1 0.1 0.1 0.1 0.1 0.1]
 [0.1 0.1 0.1 0.1 0.1 0.1 0.1 0.1 0.1 0.1 0.1 0.1 0.1 0.1 0.1 0.1]
 [0.1 0.1 0.1 0.1 0.1 0.1 0.1 0.1 0.1 0.1 0.1 0.1 0.1 0.1 0.1 0.1]]

trans
[[0.31468493 0.02825522 0.06140365 0.01346958 0.02415803]
 [0.1326406  0.8519433  0.26782793 0.01746455 0.55840683]
 [0.04282711 0.05764448 0.5834141  0.02000465 0.02514359]
 [0.46750993 0.026336   0.03323095 0.66019714 0.08621842]
 [0.04233743 0.03582096 0.05412338 0.28886405 0.30607313]]

lengths
[0.9798248 1.1186695 1.5659757 1.2302442 1.1381718]

Epoch: 9, Loss: 903.2571
mean
[[-0.40758798 -0.74658644  1.6655691  -1.2499795  -1.1114098  -1.7683821
  -1.4548463  -1.346219   -1.7725546  -1.762443   -0.6464268  -1.7859439
   1.1844465  -0.76872605  1.1085376  -1.2558022 ]
 [ 0.18300416  0.1421437  -0.0702096   0.0823997  -0.16525564 -0.03777982
  -0.1663276   0.11310606 -0.23352684 -0.21035458  0.12773363 -0.1975315
  -0.15615304  0.13596725  0.16859418  0.15809847]
 [ 1.9126505   2.1244915  -2.0735426   1.9012643  -1.5957434   1.0833988
  -0.9658391   2.1748788   1.7067199  -0.00994216  2.1191869   0.14345565
  -2.1242511   2.0887957   1.08493     2.1255867 ]
 [-2.231191   -2.1227252   1.8782756  -1.9682754   2.124841   -0.49664667
   2.0692925  -2.099032    0.3944604   1.8907049  -2.1723542   1.5662895
   2.1260536  -2.1834762  -2.092386   -2.1559563 ]
 [-0.59809947 -0.66968644  0.34415382 -0.47337914  0.8519993   0.07638554
   0.80825263 -0.63532066 -0.28961655  0.40187857 -0.7328386   0.26807573
   0.6562672  -0.6084628  -0.631201   -0.5775357 ]]

cov
[[0.1 0.1 0.1 0.1 0.1 0.1 0.1 0.1 0.1 0.1 0.1 0.1 0.1 0.1 0.1 0.1]
 [0.1 0.1 0.1 0.1 0.1 0.1 0.1 0.1 0.1 0.1 0.1 0.1 0.1 0.1 0.1 0.1]
 [0.1 0.1 0.1 0.1 0.1 0.1 0.1 0.1 0.1 0.1 0.1 0.1 0.1 0.1 0.1 0.1]
 [0.1 0.1 0.1 0.1 0.1 0.1 0.1 0.1 0.1 0.1 0.1 0.1 0.1 0.1 0.1 0.1]
 [0.1 0.1 0.1 0.1 0.1 0.1 0.1 0.1 0.1 0.1 0.1 0.1 0.1 0.1 0.1 0.1]]

trans
[[0.32049128 0.02179896 0.06271923 0.01038818 0.01843345]
 [0.10906874 0.87954605 0.31456068 0.01382513 0.5224505 ]
 [0.03603588 0.04789523 0.5433589  0.01614726 0.01969443]
 [0.49615225 0.02030056 0.02776642 0.6282043  0.07971566]
 [0.03825184 0.0304592  0.05159477 0.33143508 0.35970598]]

lengths
[1.0121576 1.1524508 1.5550547 1.2125177 1.2183377]

Epoch: 10, Loss: 878.7853
mean
[[-0.34452614 -0.70051885  1.8029026  -1.2991853  -1.1810871  -1.9299021
  -1.5453653  -1.40068    -1.7973499  -1.8844316  -0.59298605 -1.9551196
   1.2053585  -0.73268837  1.1833097  -1.3048865 ]
 [ 0.15915744  0.1351211  -0.07628927  0.08786386 -0.15239732 -0.01550738
  -0.16666828  0.11648783 -0.23177935 -0.15888451  0.15314603 -0.14204472
  -0.12769781  0.1581801   0.20108011  0.12164546]
 [ 1.9468837   2.2225046  -2.1846774   1.967835   -1.6025391   1.1142132
  -0.94478434  2.2916627   1.8047959  -0.002387    2.210618    0.16938537
  -2.2238116   2.174685    1.0531298   2.2205632 ]
 [-2.388811   -2.2621996   1.999108   -2.0894856   2.2320502  -0.5282536
   2.1652026  -2.2388675   0.41329783  1.9358983  -2.3159785   1.5753223
   2.2764947  -2.3360727  -2.1953743  -2.3100028 ]
 [-0.649294   -0.70357037  0.36052448 -0.5385637   0.9092143   0.0543596
   0.84699863 -0.6749018  -0.24071099  0.54259765 -0.78398794  0.33063614
   0.69964284 -0.6512522  -0.6525434  -0.62218827]]

cov
[[0.1 0.1 0.1 0.1 0.1 0.1 0.1 0.1 0.1 0.1 0.1 0.1 0.1 0.1 0.1 0.1]
 [0.1 0.1 0.1 0.1 0.1 0.1 0.1 0.1 0.1 0.1 0.1 0.1 0.1 0.1 0.1 0.1]
 [0.1 0.1 0.1 0.1 0.1 0.1 0.1 0.1 0.1 0.1 0.1 0.1 0.1 0.1 0.1 0.1]
 [0.1 0.1 0.1 0.1 0.1 0.1 0.1 0.1 0.1 0.1 0.1 0.1 0.1 0.1 0.1 0.1]
 [0.1 0.1 0.1 0.1 0.1 0.1 0.1 0.1 0.1 0.1 0.1 0.1 0.1 0.1 0.1 0.1]]

trans
[[0.32432386 0.01769875 0.06504222 0.00830952 0.01435028]
 [0.09187483 0.89628667 0.35384664 0.01130771 0.46404377]
 [0.03092174 0.04212188 0.5073183  0.01342021 0.01572547]
 [0.51593626 0.01634547 0.02367728 0.5917714  0.0765195 ]
 [0.03694331 0.02754725 0.05011551 0.3751911  0.429361  ]]

lengths
[1.0429174 1.1937279 1.5904803 1.1886808 1.2558603]

Epoch: 11, Loss: 860.9954
mean
[[-0.28618935 -0.6520274   1.9290606  -1.3325183  -1.2108841  -2.0806615
  -1.598273   -1.4396492  -1.7863773  -1.9784659  -0.54021686 -2.1103845
   1.211501   -0.692016    1.2195392  -1.3394432 ]
 [ 0.15801671  0.09508671 -0.05543457  0.09300102 -0.13273247 -0.03246127
  -0.1916292   0.09729102 -0.185624   -0.1342926   0.12201439 -0.10784643
  -0.13189577  0.12965213  0.19102566  0.1379775 ]
 [ 1.9509698   2.2899618  -2.2697268   2.008868   -1.5884492   1.1366496
  -0.91736394  2.3797626   1.8834014   0.00319861  2.2707374   0.19304344
  -2.2940016   2.2295246   1.0145937   2.2852757 ]
 [-2.529315   -2.387995    2.1127832  -2.1936114   2.3124776  -0.5624623
   2.2347999  -2.3654616   0.43060794  1.9501984  -2.4424512   1.5765018
   2.4137404  -2.4739408  -2.277493   -2.4503207 ]
 [-0.71504474 -0.7413786   0.38634604 -0.6198672   0.98226494  0.02275143
   0.9088412  -0.7192472  -0.17391743  0.717616   -0.8416183   0.4177082
   0.7483872  -0.70348865 -0.6976544  -0.676323  ]]

cov
[[0.1 0.1 0.1 0.1 0.1 0.1 0.1 0.1 0.1 0.1 0.1 0.1 0.1 0.1 0.1 0.1]
 [0.1 0.1 0.1 0.1 0.1 0.1 0.1 0.1 0.1 0.1 0.1 0.1 0.1 0.1 0.1 0.1]
 [0.1 0.1 0.1 0.1 0.1 0.1 0.1 0.1 0.1 0.1 0.1 0.1 0.1 0.1 0.1 0.1]
 [0.1 0.1 0.1 0.1 0.1 0.1 0.1 0.1 0.1 0.1 0.1 0.1 0.1 0.1 0.1 0.1]
 [0.1 0.1 0.1 0.1 0.1 0.1 0.1 0.1 0.1 0.1 0.1 0.1 0.1 0.1 0.1 0.1]]

trans
[[0.32759243 0.0150952  0.0686707  0.00686007 0.01130951]
 [0.07964144 0.90590924 0.37977025 0.00951084 0.40306547]
 [0.02713663 0.03906464 0.48104763 0.01143555 0.01268298]
 [0.52772766 0.01374786 0.02070947 0.55553746 0.07461625]
 [0.03790186 0.02618303 0.04980196 0.4166561  0.4983258 ]]

lengths
[1.0650477 1.1802014 1.6583152 1.1630095 1.2474812]

Epoch: 12, Loss: 845.9954
mean
[[-0.23634148 -0.60536915  2.043605   -1.35156    -1.2060006  -2.2198975
  -1.6163288  -1.4645766  -1.7500949  -2.0446517  -0.49246538 -2.2506926
   1.2057133  -0.65066355  1.2216111  -1.3609138 ]
 [ 0.16920677  0.10358198 -0.06167245  0.08524127 -0.13781707 -0.05572124
  -0.19832273  0.10117351 -0.1431955  -0.15286262  0.11001501 -0.12075841
  -0.14148618  0.11818025  0.15739018  0.13331008]
 [ 1.9318583   2.3294916  -2.329759    2.0268543  -1.5605125   1.1505951
  -0.88854396  2.440542    1.9428465   0.00691355  2.3025317   0.21298534
  -2.3370721   2.2565835   0.9762188   2.3222797 ]
 [-2.6552675  -2.5033875   2.221216   -2.2827883   2.3707368  -0.597904
   2.2833126  -2.4816499   0.44368994  1.9386228  -2.5548358   1.5759948
   2.5403342  -2.5997703  -2.3437207  -2.579168  ]
 [-0.79039174 -0.78086895  0.42142466 -0.7126618   1.0646073  -0.01482976
   0.98647255 -0.76636523 -0.11037759  0.8971858  -0.9023413   0.5057588
   0.80038166 -0.7616869  -0.7595442  -0.7375243 ]]

cov
[[0.1 0.1 0.1 0.1 0.1 0.1 0.1 0.1 0.1 0.1 0.1 0.1 0.1 0.1 0.1 0.1]
 [0.1 0.1 0.1 0.1 0.1 0.1 0.1 0.1 0.1 0.1 0.1 0.1 0.1 0.1 0.1 0.1]
 [0.1 0.1 0.1 0.1 0.1 0.1 0.1 0.1 0.1 0.1 0.1 0.1 0.1 0.1 0.1 0.1]
 [0.1 0.1 0.1 0.1 0.1 0.1 0.1 0.1 0.1 0.1 0.1 0.1 0.1 0.1 0.1 0.1]
 [0.1 0.1 0.1 0.1 0.1 0.1 0.1 0.1 0.1 0.1 0.1 0.1 0.1 0.1 0.1 0.1]]

trans
[[0.331427   0.01345087 0.07379075 0.00584416 0.00902669]
 [0.07118627 0.9107271  0.39095742 0.00822774 0.3520252 ]
 [0.0243922  0.03792229 0.4660116  0.00999696 0.01033056]
 [0.53175205 0.01201886 0.01860219 0.5283457  0.07121927]
 [0.04124249 0.02588089 0.05063804 0.44758546 0.55739826]]

lengths
[1.0745194 1.1414641 1.740393  1.1511595 1.211632 ]

Epoch: 13, Loss: 832.6502
mean
[[-0.19740106 -0.56383824  2.1463077  -1.3583459  -1.1750127  -2.3471165
  -1.6054274  -1.477257   -1.6991199  -2.0846932  -0.4528635  -2.3754346
   1.191034   -0.61187714  1.1970801  -1.3710526 ]
 [ 0.14833294  0.10713472 -0.06046183  0.07367364 -0.13104115 -0.05395604
  -0.16643786  0.08464726 -0.14306384 -0.18745019  0.11298474 -0.1528936
  -0.10343656  0.12429957  0.14710425  0.09953435]
 [ 1.8969556   2.344958   -2.366918    2.0254378  -1.5251069   1.1566237
  -0.86180574  2.476533    1.9846807   0.00939552  2.310225    0.22854446
  -2.3564506   2.2603335   0.9428185   2.3353333 ]
 [-2.7689478  -2.6098962   2.3258612  -2.3605485   2.4110155  -0.634707
   2.3146799  -2.5892775   0.45685902  1.9075938  -2.6553283   1.5751417
   2.656931   -2.715682   -2.397162   -2.6982214 ]
 [-0.87202215 -0.8230727   0.4633936  -0.80861616  1.1520011  -0.0480895
   1.0738344  -0.8150342  -0.06848077  1.064855   -0.96465236  0.5892611
   0.8573989  -0.82364786 -0.83372176 -0.8041763 ]]

cov
[[0.1 0.1 0.1 0.1 0.1 0.1 0.1 0.1 0.1 0.1 0.1 0.1 0.1 0.1 0.1 0.1]
 [0.1 0.1 0.1 0.1 0.1 0.1 0.1 0.1 0.1 0.1 0.1 0.1 0.1 0.1 0.1 0.1]
 [0.1 0.1 0.1 0.1 0.1 0.1 0.1 0.1 0.1 0.1 0.1 0.1 0.1 0.1 0.1 0.1]
 [0.1 0.1 0.1 0.1 0.1 0.1 0.1 0.1 0.1 0.1 0.1 0.1 0.1 0.1 0.1 0.1]
 [0.1 0.1 0.1 0.1 0.1 0.1 0.1 0.1 0.1 0.1 0.1 0.1 0.1 0.1 0.1 0.1]]

trans
[[0.33553392 0.01242859 0.08026563 0.00513446 0.00739611]
 [0.06543405 0.91227484 0.39038983 0.00731991 0.32251096]
 [0.02240098 0.03818844 0.45981246 0.00896888 0.00861194]
 [0.52963513 0.01087053 0.01708913 0.51267356 0.06661131]
 [0.04699591 0.0262376  0.05244294 0.46590322 0.5948697 ]]

lengths
[1.0714563 1.1357483 1.8128973 1.152192  1.1936847]

Epoch: 14, Loss: 821.6625
mean
[[-0.17043875 -0.529702    2.23715    -1.3552082  -1.1281385  -2.4620726
  -1.5734326  -1.479723   -1.6430544  -2.1016343  -0.42326084 -2.48441
   1.1704937  -0.5781009   1.1551921  -1.3718226 ]
 [ 0.13388443  0.07921641 -0.0417146   0.06329975 -0.10485229 -0.04013947
  -0.13154356  0.06656171 -0.1785435  -0.19982192  0.09303027 -0.16548903
  -0.1004587   0.11057362  0.15928623  0.12163328]
 [ 1.8534362   2.3407679  -2.3841262   2.009248   -1.4877774   1.1561005
  -0.8394945   2.4910395   2.0107582   0.01091143  2.2987256   0.23964962
  -2.3561957   2.2458224   0.9172359   2.3289366 ]
 [-2.8698847  -2.7061768   2.4245355  -2.4274087   2.435727   -0.6709017
   2.3314648  -2.6872094   0.4695      1.8635585  -2.743571    1.5737138
   2.7627122  -2.820656   -2.43798    -2.8066628 ]
 [-0.95342326 -0.8659529   0.5060764  -0.8948633   1.2340102  -0.06323174
   1.1575677  -0.8608131  -0.04649537  1.1985064  -1.0233263   0.6646336
   0.91463387 -0.8848885  -0.9110372  -0.8703252 ]]

cov
[[0.1 0.1 0.1 0.1 0.1 0.1 0.1 0.1 0.1 0.1 0.1 0.1 0.1 0.1 0.1 0.1]
 [0.1 0.1 0.1 0.1 0.1 0.1 0.1 0.1 0.1 0.1 0.1 0.1 0.1 0.1 0.1 0.1]
 [0.1 0.1 0.1 0.1 0.1 0.1 0.1 0.1 0.1 0.1 0.1 0.1 0.1 0.1 0.1 0.1]
 [0.1 0.1 0.1 0.1 0.1 0.1 0.1 0.1 0.1 0.1 0.1 0.1 0.1 0.1 0.1 0.1]
 [0.1 0.1 0.1 0.1 0.1 0.1 0.1 0.1 0.1 0.1 0.1 0.1 0.1 0.1 0.1 0.1]]

trans
[[0.338896   0.01182208 0.08773729 0.00463982 0.00632985]
 [0.06155232 0.91149336 0.3820306  0.00668306 0.321996  ]
 [0.02092867 0.03952567 0.45933512 0.0082439  0.00747666]
 [0.5233999  0.01011537 0.01595671 0.5093613  0.06277637]
 [0.05522312 0.02704351 0.0549403  0.4710719  0.6014211 ]]

lengths
[1.0595711 1.1589333 1.8568983 1.1636623 1.2117801]

Epoch: 15, Loss: 814.5281
mean
[[-0.15527023 -0.50418735  2.3163338  -1.3446378  -1.0756577  -2.5647762
  -1.5289874  -1.474146   -1.5898024  -2.0995202  -0.40425676 -2.5778363
   1.1469487  -0.5509255   1.1055019  -1.3653011 ]
 [ 0.14641921  0.07638861 -0.04835291  0.06609854 -0.10129549 -0.0368384
  -0.13406004  0.07941613 -0.2122208  -0.17986144  0.08822526 -0.14662482
  -0.11530314  0.10241421  0.1588652   0.09699726]
 [ 1.8075044   2.3212214  -2.3846638   1.9833983  -1.4528527   1.1509706
  -0.8228636   2.4876494   2.0227873   0.01115213  2.2729745   0.2467399
  -2.3404188   2.2180068   0.90035343  2.3077369 ]
 [-2.9577851  -2.7912786   2.515317   -2.4836059   2.4473035  -0.70424426
   2.3362222  -2.7745204   0.48060417  1.8120365  -2.8193865   1.5719694
   2.8571131  -2.913928   -2.4668477  -2.9038188 ]
 [-1.0252376  -0.90461075  0.54409415 -0.96317697  1.2995783  -0.06026777
   1.225094   -0.89944637 -0.0380789   1.2770448  -1.0725265   0.72003376
   0.96561    -0.93875515 -0.9785646  -0.9288998 ]]

cov
[[0.1 0.1 0.1 0.1 0.1 0.1 0.1 0.1 0.1 0.1 0.1 0.1 0.1 0.1 0.1 0.1]
 [0.1 0.1 0.1 0.1 0.1 0.1 0.1 0.1 0.1 0.1 0.1 0.1 0.1 0.1 0.1 0.1]
 [0.1 0.1 0.1 0.1 0.1 0.1 0.1 0.1 0.1 0.1 0.1 0.1 0.1 0.1 0.1 0.1]
 [0.1 0.1 0.1 0.1 0.1 0.1 0.1 0.1 0.1 0.1 0.1 0.1 0.1 0.1 0.1 0.1]
 [0.1 0.1 0.1 0.1 0.1 0.1 0.1 0.1 0.1 0.1 0.1 0.1 0.1 0.1 0.1 0.1]]

trans
[[0.34049168 0.01150123 0.09564036 0.00428953 0.00564557]
 [0.05896368 0.909014   0.3699379  0.00623093 0.34737718]
 [0.01980568 0.04166932 0.4618114  0.007728   0.00674695]
 [0.51469374 0.00962417 0.01504072 0.5162285  0.06037365]
 [0.06604522 0.02819127 0.05756964 0.46552306 0.57985663]]

lengths
[1.0442944 1.1663835 1.8682886 1.1792803 1.2541214]

Epoch: 16, Loss: 809.4008
mean
[[-0.15061927 -0.48746657  2.3844533  -1.3294443  -1.0268018  -2.6557498
  -1.4806715  -1.4629421  -1.5451556  -2.0832987  -0.39537376 -2.65668
   1.1231308  -0.5310595   1.0569959  -1.3537873 ]
 [ 0.13872467  0.08746649 -0.05160046  0.0651111  -0.1101371  -0.0428138
  -0.15297528  0.07062427 -0.2150042  -0.1500474   0.09469882 -0.1170385
  -0.08902924  0.10751495  0.13907959  0.1022731 ]
 [ 1.7645248   2.291143   -2.3723245   1.9526954  -1.4234884   1.1430591
  -0.81226593  2.470571    2.0232322   0.01027041  2.2382088   0.25036967
  -2.3137271   2.1821027   0.89195204  2.27672   ]
 [-3.033876   -2.8666713   2.5980978  -2.5290134   2.4490993  -0.73250014
   2.3327217  -2.8521726   0.48696625  1.7558075  -2.8842993   1.5717608
   2.9415941  -2.9964151  -2.4872472  -2.9905176 ]
 [-1.0845077  -0.9371044   0.5784404  -1.0189078   1.346395   -0.05259252
   1.2718526  -0.93215895 -0.03032135  1.3055546  -1.1123544   0.7456909
   1.0077771  -0.9842909  -1.0272464  -0.9788582 ]]

cov
[[0.1 0.1 0.1 0.1 0.1 0.1 0.1 0.1 0.1 0.1 0.1 0.1 0.1 0.1 0.1 0.1]
 [0.1 0.1 0.1 0.1 0.1 0.1 0.1 0.1 0.1 0.1 0.1 0.1 0.1 0.1 0.1 0.1]
 [0.1 0.1 0.1 0.1 0.1 0.1 0.1 0.1 0.1 0.1 0.1 0.1 0.1 0.1 0.1 0.1]
 [0.1 0.1 0.1 0.1 0.1 0.1 0.1 0.1 0.1 0.1 0.1 0.1 0.1 0.1 0.1 0.1]
 [0.1 0.1 0.1 0.1 0.1 0.1 0.1 0.1 0.1 0.1 0.1 0.1 0.1 0.1 0.1 0.1]]

trans
[[0.33910862 0.01137261 0.10306048 0.00402164 0.00516717]
 [0.05738138 0.9054061  0.35990572 0.00588268 0.38952687]
 [0.01891543 0.04437855 0.46360514 0.00732818 0.00623426]
 [0.5052228  0.00930636 0.01419848 0.5246966  0.05959667]
 [0.07937179 0.02953635 0.05923019 0.45807093 0.539475  ]]

lengths
[1.0307658 1.1476889 1.8517901 1.1947374 1.2989739]

Epoch: 17, Loss: 805.1651
mean
[[-0.15467754 -0.4788244   2.443001   -1.3135002  -0.9886754  -2.7366607
  -1.436224   -1.4492424  -1.5120281  -2.0586078  -0.39561614 -2.7232463
   1.1020249  -0.5185852   1.0173465  -1.3403218 ]
 [ 0.1282972   0.07697522 -0.03770179  0.05884486 -0.10767289 -0.04796094
  -0.15598017  0.06178234 -0.19371438 -0.141262    0.08662912 -0.11224977
  -0.09499377  0.1032133   0.13870819  0.10226561]
 [ 1.728379    2.2551117  -2.3508496   1.9212568  -1.4014385   1.1338992
  -0.8072516   2.4439943   2.0147467   0.00855658  2.1992428   0.2512152
  -2.2805142   2.1428516   0.890746    2.2405162 ]
 [-3.099583   -2.9340525   2.6737146  -2.5649543   2.4437392  -0.7558489
   2.3234737  -2.9215975   0.48502025  1.6966364  -2.9400508   1.5728127
   3.0176883  -3.0694582  -2.5012534  -3.0679693 ]
 [-1.1293557  -0.96192163  0.60832006 -1.0624822   1.3744259  -0.04643044
   1.2977526  -0.95861435 -0.01429291  1.29999    -1.1422441   0.7458763
   1.0394207  -1.0202615  -1.055692   -1.0188501 ]]

cov
[[0.1 0.1 0.1 0.1 0.1 0.1 0.1 0.1 0.1 0.1 0.1 0.1 0.1 0.1 0.1 0.1]
 [0.1 0.1 0.1 0.1 0.1 0.1 0.1 0.1 0.1 0.1 0.1 0.1 0.1 0.1 0.1 0.1]
 [0.1 0.1 0.1 0.1 0.1 0.1 0.1 0.1 0.1 0.1 0.1 0.1 0.1 0.1 0.1 0.1]
 [0.1 0.1 0.1 0.1 0.1 0.1 0.1 0.1 0.1 0.1 0.1 0.1 0.1 0.1 0.1 0.1]
 [0.1 0.1 0.1 0.1 0.1 0.1 0.1 0.1 0.1 0.1 0.1 0.1 0.1 0.1 0.1 0.1]]

trans
[[0.33306554 0.01136175 0.10956059 0.003809   0.00476944]
 [0.05692657 0.90121067 0.35287303 0.00560398 0.4356008 ]
 [0.01819011 0.04741059 0.46422738 0.00700596 0.00579898]
 [0.4974713  0.0090965  0.0134033  0.5328959  0.05875788]
 [0.09434649 0.03092045 0.05993566 0.45068514 0.4950729 ]]

lengths
[1.02248   1.1390601 1.819689  1.2070264 1.3363546]

Epoch: 18, Loss: 802.0526
mean
[[-0.16722256 -0.47805408  2.4945173  -1.3022412  -0.96334404 -2.8100374
  -1.4001697  -1.4370489  -1.4884608  -2.0287848  -0.40496746 -2.7797394
   1.0869538  -0.5145689   0.98999095 -1.3290925 ]
 [ 0.13790591  0.06881697 -0.03871119  0.05896207 -0.10163065 -0.04847506
  -0.14447363  0.0687519  -0.17985813 -0.15897246  0.0824169  -0.13540979
  -0.10046967  0.09680054  0.15491483  0.08891062]
 [ 1.7008936   2.2166364  -2.3232412   1.8921765  -1.3868927   1.1244864
  -0.8066407   2.4113545   1.9996212   0.00617466  2.1597145   0.25010708
  -2.2441714   2.1037621   0.89435476  2.202638  ]
 [-3.1556637  -2.9930708   2.7420163  -2.593868    2.4336379  -0.7757355
   2.3107297  -2.9828575   0.47903252  1.6401441  -2.9872532   1.5747104
   3.085322   -3.1333258  -2.5097141  -3.1365328 ]
 [-1.1573071  -0.97907126  0.6311425  -1.0891018   1.3831269  -0.04085555
   1.303147   -0.97765094  0.00104654  1.2687917  -1.1610568   0.72955096
   1.0600481  -1.044817   -1.0652466  -1.046512  ]]

cov
[[0.1 0.1 0.1 0.1 0.1 0.1 0.1 0.1 0.1 0.1 0.1 0.1 0.1 0.1 0.1 0.1]
 [0.1 0.1 0.1 0.1 0.1 0.1 0.1 0.1 0.1 0.1 0.1 0.1 0.1 0.1 0.1 0.1]
 [0.1 0.1 0.1 0.1 0.1 0.1 0.1 0.1 0.1 0.1 0.1 0.1 0.1 0.1 0.1 0.1]
 [0.1 0.1 0.1 0.1 0.1 0.1 0.1 0.1 0.1 0.1 0.1 0.1 0.1 0.1 0.1 0.1]
 [0.1 0.1 0.1 0.1 0.1 0.1 0.1 0.1 0.1 0.1 0.1 0.1 0.1 0.1 0.1 0.1]]

trans
[[0.32333246 0.01140105 0.11481486 0.00363675 0.00441647]
 [0.05755669 0.89668995 0.34864232 0.00537653 0.47450495]
 [0.01754961 0.05054727 0.46409968 0.00674134 0.00540356]
 [0.49266896 0.00893055 0.01264563 0.54121643 0.05773162]
 [0.10889229 0.03243119 0.05979755 0.44302896 0.45794338]]

lengths
[1.0206809 1.1533513 1.7874146 1.2135137 1.3467913]

Epoch: 19, Loss: 799.7512
mean
[[-0.18752064 -0.48456192  2.540838   -1.2989405  -0.9496602  -2.8774667
  -1.3741864  -1.4289304  -1.4715753  -1.9958262  -0.42253956 -2.8273509
   1.0795944  -0.51933473  0.97482914 -1.3228011 ]
 [ 0.1380233   0.07914438 -0.04401892  0.06137059 -0.10489619 -0.04638601
  -0.13940173  0.06397449 -0.18879566 -0.18102461  0.08960918 -0.15348898
  -0.08637436  0.10302912  0.15336215  0.10557894]
 [ 1.6829199   2.1791391  -2.2926753   1.8677714  -1.379403    1.1157709
  -0.8091986   2.3762002   1.9802978   0.00342005  2.1229582   0.24773714
  -2.208062    2.0680106   0.90070474  2.1664228 ]
 [-3.2026818  -3.0436075   2.8026943  -2.6170127   2.4205873  -0.7924836
   2.2961361  -3.0359707   0.4714154   1.5896729  -3.0263903   1.577067
   3.1445045  -3.1882257  -2.5135143  -3.1964154 ]
 [-1.1683286  -0.98837495  0.6454179  -1.0982451   1.3756094  -0.03629865
   1.2921826  -0.9885281   0.01070726  1.227541   -1.1687467   0.7064171
   1.0697635  -1.0572927  -1.0595949  -1.0610169 ]]

cov
[[0.1 0.1 0.1 0.1 0.1 0.1 0.1 0.1 0.1 0.1 0.1 0.1 0.1 0.1 0.1 0.1]
 [0.1 0.1 0.1 0.1 0.1 0.1 0.1 0.1 0.1 0.1 0.1 0.1 0.1 0.1 0.1 0.1]
 [0.1 0.1 0.1 0.1 0.1 0.1 0.1 0.1 0.1 0.1 0.1 0.1 0.1 0.1 0.1 0.1]
 [0.1 0.1 0.1 0.1 0.1 0.1 0.1 0.1 0.1 0.1 0.1 0.1 0.1 0.1 0.1 0.1]
 [0.1 0.1 0.1 0.1 0.1 0.1 0.1 0.1 0.1 0.1 0.1 0.1 0.1 0.1 0.1 0.1]]

trans
[[0.31293827 0.01143716 0.11866307 0.00349293 0.00411008]
 [0.05898498 0.89217204 0.3467793  0.00518514 0.4993151 ]
 [0.01692614 0.0535573  0.46364596 0.00651721 0.00505437]
 [0.49037325 0.00877561 0.01192379 0.5491143  0.05678014]
 [0.12077735 0.03405792 0.05898786 0.43569046 0.4347403 ]]

lengths
[1.0245122 1.1623018 1.7658064 1.2134948 1.3326439]

Epoch: 20, Loss: 798.1458
mean
[[-0.21178758 -0.49604136  2.5818481  -1.3021005  -0.9467448  -2.9386313
  -1.3590693  -1.4245158  -1.4617445  -1.963016   -0.4446557  -2.866626
   1.0788     -0.53044164  0.9709665  -1.3207765 ]
 [ 0.13096625  0.0788827  -0.03865634  0.06006952 -0.1091812  -0.04530539
  -0.14623246  0.06416342 -0.20593487 -0.18487349  0.08687888 -0.1446898
  -0.09796447  0.1029024   0.14175934  0.09125774]
 [ 1.6743648   2.1456542  -2.2622087   1.8494861  -1.3780444   1.1085515
  -0.81377625  2.3418849   1.9591601   0.00065093  2.0917337   0.24464792
  -2.1752207   2.038182    0.9082001   2.134749  ]
 [-3.2411165  -3.0857663   2.8554425  -2.6349187   2.405901   -0.80582166
   2.280867   -3.080998    0.46323475  1.5468394  -3.0579093   1.5795466
   3.1953604  -3.2343867  -2.5135443  -3.2477846 ]
 [-1.1642592  -0.9897919   0.650737   -1.092555    1.3572332  -0.03390155
   1.271257   -0.99114466  0.01354551  1.191552   -1.1663219   0.6841132
   1.069334   -1.0581642  -1.0436361  -1.0629188 ]]

cov
[[0.1 0.1 0.1 0.1 0.1 0.1 0.1 0.1 0.1 0.1 0.1 0.1 0.1 0.1 0.1 0.1]
 [0.1 0.1 0.1 0.1 0.1 0.1 0.1 0.1 0.1 0.1 0.1 0.1 0.1 0.1 0.1 0.1]
 [0.1 0.1 0.1 0.1 0.1 0.1 0.1 0.1 0.1 0.1 0.1 0.1 0.1 0.1 0.1 0.1]
 [0.1 0.1 0.1 0.1 0.1 0.1 0.1 0.1 0.1 0.1 0.1 0.1 0.1 0.1 0.1 0.1]
 [0.1 0.1 0.1 0.1 0.1 0.1 0.1 0.1 0.1 0.1 0.1 0.1 0.1 0.1 0.1 0.1]]

trans
[[0.3039609  0.01145367 0.12112227 0.00336854 0.00385411]
 [0.06097538 0.8880351  0.3468183  0.00501813 0.5083199 ]
 [0.016301   0.05622337 0.46311444 0.00632022 0.00475932]
 [0.4895621  0.00861876 0.01123981 0.5555877  0.05615722]
 [0.12920062 0.03566911 0.05770516 0.42970535 0.42690948]]

lengths
[1.0317066 1.1521405 1.7590144 1.2082653 1.3128586]

Epoch: 21, Loss: 797.0639
mean
[[-0.23661107 -0.5102307   2.6175134  -1.3099782  -0.95236653 -2.9933243
  -1.3540817  -1.4232146  -1.4584992  -1.9329166  -0.46791515 -2.8981605
   1.0830917  -0.5454017   0.97615397 -1.3221482 ]
 [ 0.13703653  0.07196598 -0.04017215  0.0605328  -0.10704513 -0.04642471
  -0.15278496  0.06820507 -0.21160907 -0.17165358  0.08457297 -0.12712257
  -0.09611     0.09895888  0.14636086  0.10099053]
 [ 1.6740615   2.118279   -2.2342522   1.8378087  -1.381425    1.1032728
  -0.8193029   2.311025    1.9381782  -0.00185478  2.0677547   0.24128786
  -2.1478055   2.0158064   0.9155362   2.1095202 ]
 [-3.2716556  -3.1200259   2.900345   -2.648223    2.3907428  -0.81579006
   2.2659152  -3.1183338   0.4548544   1.5123777  -3.0825062   1.5818809
   3.23834    -3.2723217  -2.5107532  -3.2910676 ]
 [-1.1494011  -0.9848339   0.64837676 -1.0765642   1.3348819  -0.03406506
   1.2480651  -0.98695034  0.01151653  1.1711218  -1.1565576   0.66821194
   1.0610938  -1.049996   -1.0238565  -1.0548447 ]]

cov
[[0.1 0.1 0.1 0.1 0.1 0.1 0.1 0.1 0.1 0.1 0.1 0.1 0.1 0.1 0.1 0.1]
 [0.1 0.1 0.1 0.1 0.1 0.1 0.1 0.1 0.1 0.1 0.1 0.1 0.1 0.1 0.1 0.1]
 [0.1 0.1 0.1 0.1 0.1 0.1 0.1 0.1 0.1 0.1 0.1 0.1 0.1 0.1 0.1 0.1]
 [0.1 0.1 0.1 0.1 0.1 0.1 0.1 0.1 0.1 0.1 0.1 0.1 0.1 0.1 0.1 0.1]
 [0.1 0.1 0.1 0.1 0.1 0.1 0.1 0.1 0.1 0.1 0.1 0.1 0.1 0.1 0.1 0.1]]

trans
[[0.29766282 0.01144026 0.12235506 0.00325767 0.00364156]
 [0.06333362 0.8846008  0.3482183  0.00486789 0.50351244]
 [0.01566677 0.05836749 0.46268553 0.00614172 0.00451217]
 [0.48937914 0.00845202 0.01059718 0.55991375 0.05590151]
 [0.13395765 0.03713941 0.05614392 0.42581895 0.43243232]]

lengths
[1.0395387 1.1455362 1.765668  1.2009969 1.3029418]

Epoch: 22, Loss: 796.4454
mean
[[-0.25926453 -0.525121    2.647941   -1.3208795  -0.96356255 -3.0415215
  -1.3573802  -1.4243739  -1.4606586  -1.9073261  -0.48953903 -2.92265
   1.0909061  -0.56193614  0.98742247 -1.3260252 ]
 [ 0.13746668  0.07743929 -0.04295003  0.06192441 -0.10459952 -0.0475397
  -0.15044658  0.06381209 -0.2026704  -0.1591315   0.08913945 -0.12642033
  -0.09009201  0.10289261  0.15402935  0.09802081]
 [ 1.6800793   2.098123   -2.2104757   1.8324065  -1.3879304   1.1000406
  -0.82487595  2.2853973   1.9188408  -0.0039187   2.051687    0.23800722
  -2.1270366   2.0013723   0.9217639   2.0916376 ]
 [-3.2952702  -3.1474264   2.9379902  -2.6577706   2.3762267  -0.82277393
   2.2521622  -3.1488695   0.44512564  1.4860445  -3.1012783   1.5838866
   3.274439   -3.3029485  -2.506174   -3.327071  ]
 [-1.130053   -0.97639084  0.64133173 -1.0559869   1.3154218  -0.03668212
   1.2297944  -0.9788151   0.00986194  1.1703568  -1.1435682   0.6619432
   1.0484991  -1.0372164  -1.007124   -1.0412589 ]]

cov
[[0.1 0.1 0.1 0.1 0.1 0.1 0.1 0.1 0.1 0.1 0.1 0.1 0.1 0.1 0.1 0.1]
 [0.1 0.1 0.1 0.1 0.1 0.1 0.1 0.1 0.1 0.1 0.1 0.1 0.1 0.1 0.1 0.1]
 [0.1 0.1 0.1 0.1 0.1 0.1 0.1 0.1 0.1 0.1 0.1 0.1 0.1 0.1 0.1 0.1]
 [0.1 0.1 0.1 0.1 0.1 0.1 0.1 0.1 0.1 0.1 0.1 0.1 0.1 0.1 0.1 0.1]
 [0.1 0.1 0.1 0.1 0.1 0.1 0.1 0.1 0.1 0.1 0.1 0.1 0.1 0.1 0.1 0.1]]

trans
[[0.29444152 0.01139266 0.12261859 0.00315622 0.00345903]
 [0.06590988 0.8820814  0.35044202 0.00472909 0.48882714]
 [0.01502457 0.05988354 0.46246725 0.00597566 0.00429804]
 [0.48926446 0.00827212 0.00999919 0.56137264 0.05587579]
 [0.13535956 0.03837028 0.054473   0.4247664  0.44754001]]

lengths
[1.0456313 1.1533711 1.7805539 1.1954418 1.3054094]

Epoch: 23, Loss: 796.1739
mean
[[-0.2778415  -0.53908414  2.6733592  -1.3332667  -0.9772507  -3.0833561
  -1.3664963  -1.4273322  -1.4666222  -1.8872983  -0.5075335  -2.9408662
   1.1007344  -0.5781259   1.0016652  -1.3315542 ]
 [ 0.13266051  0.07880086 -0.03935936  0.06112669 -0.10659079 -0.04703964
  -0.1450554   0.06619798 -0.19221495 -0.15961614  0.08684017 -0.13941696
  -0.0987866   0.10239337  0.14844835  0.09540515]
 [ 1.6901121   2.0853975  -2.1918344   1.8323381  -1.3959634   1.0986965
  -0.8298201   2.2659626   1.902161   -0.00545148  2.0432825   0.2350578
  -2.1132727   1.9944779   0.9263239   2.0811107 ]
 [-3.3129716  -3.1690607   2.9691079  -2.6643665   2.3631916  -0.8272704
   2.2402303  -3.173559    0.43320578  1.4671199  -3.1153173   1.5854563
   3.304676   -3.327249   -2.5007153  -3.3566656 ]
 [-1.1122092  -0.96755046  0.6329061  -1.0361494   1.3036349  -0.04096422
   1.2208115  -0.9698361   0.01233327  1.1860104  -1.1313523   0.66527885
   1.0351628  -1.0243323  -0.9980741  -1.0267913 ]]

cov
[[0.1 0.1 0.1 0.1 0.1 0.1 0.1 0.1 0.1 0.1 0.1 0.1 0.1 0.1 0.1 0.1]
 [0.1 0.1 0.1 0.1 0.1 0.1 0.1 0.1 0.1 0.1 0.1 0.1 0.1 0.1 0.1 0.1]
 [0.1 0.1 0.1 0.1 0.1 0.1 0.1 0.1 0.1 0.1 0.1 0.1 0.1 0.1 0.1 0.1]
 [0.1 0.1 0.1 0.1 0.1 0.1 0.1 0.1 0.1 0.1 0.1 0.1 0.1 0.1 0.1 0.1]
 [0.1 0.1 0.1 0.1 0.1 0.1 0.1 0.1 0.1 0.1 0.1 0.1 0.1 0.1 0.1 0.1]]

trans
[[0.29402143 0.01131235 0.12220678 0.00306165 0.00329487]
 [0.06859091 0.88055146 0.35300443 0.00459851 0.46933532]
 [0.01438093 0.06075317 0.46251556 0.00581841 0.00410362]
 [0.4889406  0.00807988 0.00944806 0.5598041  0.05591675]
 [0.13406613 0.03930316 0.05282518 0.42671737 0.46734944]]

lengths
[1.0485868 1.15843   1.7968552 1.193894  1.3128355]

Epoch: 24, Loss: 796.0908
mean
[[-0.2912876  -0.5509475   2.6940904  -1.3458343  -0.9907147  -3.1190894
  -1.3787926  -1.4314593  -1.4746608  -1.873208   -0.52074385 -2.9536211
   1.1112324  -0.59250784  1.0161006  -1.3379632 ]
 [ 0.13667859  0.07384115 -0.04067457  0.06099756 -0.10842691 -0.04612174
  -0.14510989  0.0666111  -0.19188106 -0.1691449   0.08573397 -0.14492749
  -0.09281487  0.10003506  0.14466088  0.10160231]
 [ 1.7018476   2.0795708  -2.178645    1.8362901  -1.4041328   1.0989046
  -0.833709    2.2529476   1.8887132  -0.00643927  2.0415823   0.23259883
  -2.106148    1.994045    0.9290247   2.0772336 ]
 [-3.3256102  -3.185681    2.9942791  -2.6685886   2.3520665  -0.82970864
   2.2303998  -3.1930783   0.4197802   1.4548433  -3.125394    1.5865417
   3.329685   -3.345994   -2.495015   -3.3805294 ]
 [-1.0996227  -0.9605212   0.62543726 -1.0207078   1.3009771  -0.04552775
   1.2215661  -0.9622636   0.01858267  1.2090877  -1.1225572   0.67513835
   1.0239394  -1.0143712  -0.9976073  -1.0147523 ]]

cov
[[0.1 0.1 0.1 0.1 0.1 0.1 0.1 0.1 0.1 0.1 0.1 0.1 0.1 0.1 0.1 0.1]
 [0.1 0.1 0.1 0.1 0.1 0.1 0.1 0.1 0.1 0.1 0.1 0.1 0.1 0.1 0.1 0.1]
 [0.1 0.1 0.1 0.1 0.1 0.1 0.1 0.1 0.1 0.1 0.1 0.1 0.1 0.1 0.1 0.1]
 [0.1 0.1 0.1 0.1 0.1 0.1 0.1 0.1 0.1 0.1 0.1 0.1 0.1 0.1 0.1 0.1]
 [0.1 0.1 0.1 0.1 0.1 0.1 0.1 0.1 0.1 0.1 0.1 0.1 0.1 0.1 0.1 0.1]]

trans
[[0.29570615 0.01120484 0.12139972 0.00297275 0.00314394]
 [0.07129513 0.8799601  0.35549146 0.00447477 0.45027775]
 [0.01374516 0.06103478 0.46286973 0.00566857 0.00392331]
 [0.48837048 0.00787875 0.00894445 0.55591446 0.05595247]
 [0.13088305 0.03992151 0.05129462 0.43096945 0.48670253]]

lengths
[1.0482483 1.1524545 1.8085942 1.1963037 1.3162692]

Epoch: 25, Loss: 796.0377
mean
[[-0.29934    -0.560012    2.7105274  -1.3575535  -1.0019246  -3.1490824
  -1.3918387  -1.4361892  -1.4831668  -1.8648543  -0.5288098  -2.9617362
   1.1212982  -0.604116    1.0285844  -1.3445938 ]
 [ 0.1365844   0.07687106 -0.04210988  0.06192005 -0.1070178  -0.046323
  -0.14916457  0.06434093 -0.19945091 -0.17593087  0.08856334 -0.13714723
  -0.09382164  0.10273767  0.15018718  0.09481239]
 [ 1.7132702   2.0795667  -2.1706939   1.8428036  -1.4113784   1.1002297
  -0.83635706  2.2459745   1.8786894  -0.00693023  2.045155    0.23070231
  -2.104754    1.9985647   0.9299818   2.078798  ]
 [-3.3339312  -3.1978557   3.0140204  -2.6708732   2.3429976  -0.830477
   2.2227128  -3.207958    0.4062147   1.4483776  -3.1320908   1.5871485
   3.3498993  -3.3598368  -2.4895077  -3.3992372 ]
 [-1.0937095  -0.956436    0.6202222  -1.0114546   1.305947   -0.04903236
   1.2294431  -0.95734215  0.02619865  1.2295971  -1.1182977   0.68720233
   1.0165559  -1.0087482  -1.0037333  -1.00694   ]]

cov
[[0.1 0.1 0.1 0.1 0.1 0.1 0.1 0.1 0.1 0.1 0.1 0.1 0.1 0.1 0.1 0.1]
 [0.1 0.1 0.1 0.1 0.1 0.1 0.1 0.1 0.1 0.1 0.1 0.1 0.1 0.1 0.1 0.1]
 [0.1 0.1 0.1 0.1 0.1 0.1 0.1 0.1 0.1 0.1 0.1 0.1 0.1 0.1 0.1 0.1]
 [0.1 0.1 0.1 0.1 0.1 0.1 0.1 0.1 0.1 0.1 0.1 0.1 0.1 0.1 0.1 0.1]
 [0.1 0.1 0.1 0.1 0.1 0.1 0.1 0.1 0.1 0.1 0.1 0.1 0.1 0.1 0.1 0.1]]

trans
[[0.29861233 0.011078   0.12043023 0.0028891  0.00300663]
 [0.07396954 0.8801626  0.35756877 0.0043576  0.4356809 ]
 [0.01312759 0.0608402  0.46357378 0.00552607 0.00375817]
 [0.487697   0.00767357 0.00848746 0.55084085 0.05600895]
 [0.12659356 0.0402456  0.04993976 0.43638638 0.5015453 ]]

lengths
[1.0455112 1.1491297 1.8125763 1.2010082 1.3119127]

Epoch: 26, Loss: 795.9627
mean
[[-0.30239046 -0.56602025  2.7231097  -1.3676907  -1.009687   -3.1737695
  -1.4036803  -1.4410415  -1.4908444  -1.8615944  -0.5320385  -2.9660156
   1.1301137  -0.6124677   1.0377684  -1.3509184 ]
 [ 0.13363299  0.07808946 -0.0397761   0.06164191 -0.10580608 -0.04711825
  -0.15049152  0.06682505 -0.20453405 -0.17400871  0.08651506 -0.13044715
  -0.0968858   0.10178993  0.15097839  0.10001453]
 [ 1.7228645   2.0839775  -2.167377    1.8504752  -1.4170179   1.1022221
  -0.8377728   2.2442186   1.8719819  -0.00700769  2.0523381   0.22937725
  -2.1078372   2.0063412   0.92951757  2.0843182 ]
 [-3.3386436  -3.2061422   3.028886   -2.6716037   2.335973   -0.8299592
   2.2170734  -3.2187276   0.39373344  1.4467472  -3.1359453   1.5873269
   3.3657484  -3.3694186  -2.484498   -3.4133627 ]
 [-1.0940876  -0.95549566  0.6177506  -1.0085886   1.3152843  -0.05071079
   1.2404003  -0.95545876  0.03285366  1.2407824  -1.1184196   0.69765013
   1.0135843  -1.0075945  -1.0131209  -1.0038706 ]]

cov
[[0.1 0.1 0.1 0.1 0.1 0.1 0.1 0.1 0.1 0.1 0.1 0.1 0.1 0.1 0.1 0.1]
 [0.1 0.1 0.1 0.1 0.1 0.1 0.1 0.1 0.1 0.1 0.1 0.1 0.1 0.1 0.1 0.1]
 [0.1 0.1 0.1 0.1 0.1 0.1 0.1 0.1 0.1 0.1 0.1 0.1 0.1 0.1 0.1 0.1]
 [0.1 0.1 0.1 0.1 0.1 0.1 0.1 0.1 0.1 0.1 0.1 0.1 0.1 0.1 0.1 0.1]
 [0.1 0.1 0.1 0.1 0.1 0.1 0.1 0.1 0.1 0.1 0.1 0.1 0.1 0.1 0.1 0.1]]

trans
[[0.30186275 0.01094109 0.11946828 0.00281071 0.00288452]
 [0.07658551 0.880953   0.358998   0.00424726 0.42755595]
 [0.01253791 0.06031151 0.46466988 0.00539146 0.00361064]
 [0.48716024 0.00746981 0.00807467 0.54570264 0.05614197]
 [0.1218536  0.0403246  0.04878919 0.44184792 0.50980693]]

lengths
[1.0418125 1.1537703 1.8090817 1.2058647 1.302713 ]

Epoch: 27, Loss: 795.8921
mean
[[-0.30130532 -0.56908804  2.7323034  -1.3758006  -1.0136361  -3.1936355
  -1.4129893  -1.4456352  -1.4968139  -1.862487   -0.53122824 -2.9672234
   1.1371578  -0.6175093   1.0431114  -1.3565493 ]
 [ 0.13638896  0.07472277 -0.04083126  0.06122165 -0.10683062 -0.04719611
  -0.14789325  0.06509133 -0.20203364 -0.16757311  0.08632088 -0.13416454
  -0.0919699   0.10062899  0.14645955  0.09752709]
 [ 1.7297148   2.091271   -2.167834    1.858103   -1.420742    1.104471
  -0.8381095   2.2465734   1.868261   -0.00677213  2.061458    0.2285833
  -2.1139913   2.01571     0.9280665   2.0922377 ]
 [-3.3404267  -3.2111192   3.039476   -2.671133    2.330877   -0.8285274
   2.213296   -3.2259424   0.38318583  1.4488866  -3.1374784   1.5871577
   3.3776994  -3.3753848  -2.4801862  -3.4234953 ]
 [-1.0991591  -0.95717555  0.61787105 -1.0111029   1.3253146  -0.05052623
   1.25052    -0.956308    0.0371353   1.2409734  -1.1218646   0.7041105
   1.0145974  -1.0100962  -1.0224146  -1.0050347 ]]

cov
[[0.1 0.1 0.1 0.1 0.1 0.1 0.1 0.1 0.1 0.1 0.1 0.1 0.1 0.1 0.1 0.1]
 [0.1 0.1 0.1 0.1 0.1 0.1 0.1 0.1 0.1 0.1 0.1 0.1 0.1 0.1 0.1 0.1]
 [0.1 0.1 0.1 0.1 0.1 0.1 0.1 0.1 0.1 0.1 0.1 0.1 0.1 0.1 0.1 0.1]
 [0.1 0.1 0.1 0.1 0.1 0.1 0.1 0.1 0.1 0.1 0.1 0.1 0.1 0.1 0.1 0.1]
 [0.1 0.1 0.1 0.1 0.1 0.1 0.1 0.1 0.1 0.1 0.1 0.1 0.1 0.1 0.1 0.1]]

trans
[[0.30473757 0.0108034  0.11862092 0.00273771 0.0027772 ]
 [0.07912958 0.8821055  0.35966334 0.00414414 0.42594472]
 [0.01198354 0.0595953  0.46616477 0.00526537 0.00348055]
 [0.4870016  0.00727277 0.0077025  0.54137915 0.05637174]
 [0.1171477  0.04022299 0.04784845 0.44647363 0.5114258 ]]

lengths
[1.0385482 1.1555959 1.8010502 1.2091756 1.2948517]

Epoch: 28, Loss: 795.8492
mean
[[-0.29722652 -0.5696112   2.7385833  -1.3817011  -1.0141025  -3.209194
  -1.4191005  -1.4496943  -1.500643   -1.8664362  -0.5274699  -2.9660664
   1.1421906  -0.6195304   1.0447756  -1.3612355 ]
 [ 0.1356391   0.076638   -0.04147651  0.06170372 -0.1075805  -0.04666452
  -0.14599244  0.06529415 -0.19668326 -0.16418917  0.0878076  -0.14015318
  -0.0958905   0.10237189  0.14755207  0.0970981 ]
 [ 1.733505    2.0999672  -2.1710784   1.8647794  -1.4225657   1.1066397
  -0.8376132   2.251807    1.8670489  -0.00633181  2.0710104   0.22824389
  -2.1218245   2.0252092   0.9260906   2.1011043 ]
 [-3.3399181  -3.2133687   3.0464108  -2.6697795   2.32752    -0.82652014
   2.2111366  -3.230166    0.375038    1.4537199  -3.1371872   1.5867422
   3.386245   -3.3783686  -2.476683   -3.4302237 ]
 [-1.1067022  -0.9604818   0.61994976 -1.0172167   1.3330449  -0.04901046
   1.2570913  -0.95908177  0.03865305  1.2329928  -1.1270751   0.7059253
   1.0184478  -1.0148531  -1.0291369  -1.0092012 ]]

cov
[[0.1 0.1 0.1 0.1 0.1 0.1 0.1 0.1 0.1 0.1 0.1 0.1 0.1 0.1 0.1 0.1]
 [0.1 0.1 0.1 0.1 0.1 0.1 0.1 0.1 0.1 0.1 0.1 0.1 0.1 0.1 0.1 0.1]
 [0.1 0.1 0.1 0.1 0.1 0.1 0.1 0.1 0.1 0.1 0.1 0.1 0.1 0.1 0.1 0.1]
 [0.1 0.1 0.1 0.1 0.1 0.1 0.1 0.1 0.1 0.1 0.1 0.1 0.1 0.1 0.1 0.1]
 [0.1 0.1 0.1 0.1 0.1 0.1 0.1 0.1 0.1 0.1 0.1 0.1 0.1 0.1 0.1 0.1]]

trans
[[0.30677214 0.01067301 0.11794136 0.00267005 0.0026819 ]
 [0.08159225 0.88341254 0.35959342 0.00404836 0.4294656 ]
 [0.01146866 0.05881973 0.4679918  0.00514808 0.00336471]
 [0.48737785 0.00708681 0.00736653 0.53841496 0.05666596]
 [0.11278914 0.04000792 0.04710687 0.44971856 0.50782186]]

lengths
[1.036639  1.1516892 1.7923548 1.2102164 1.2927957]

Epoch: 29, Loss: 795.8319
mean
[[-0.2913801  -0.56816185  2.7424166  -1.3854313  -1.0118998  -3.22097
  -1.4219536  -1.4530431  -1.5023085  -1.8723209  -0.5219533  -2.963181
   1.1452146  -0.61906046  1.0434412  -1.3648511 ]
 [ 0.13420139  0.07732504 -0.04004475  0.06182644 -0.10675683 -0.0465437
  -0.1472274   0.06611769 -0.19533837 -0.16636941  0.08621027 -0.13888416
  -0.09408218  0.10127402  0.15032418  0.09947611]
 [ 1.7344321   2.1087778  -2.176113    1.8699318  -1.4227427   1.1084912
  -0.8365644   2.2587018   1.867794   -0.00578619  2.0797863   0.2282664
  -2.130096    2.0336971   0.9240033   2.1096988 ]
 [-3.3377004  -3.2134545   3.0503073  -2.6678233   2.3256638  -0.8242305
   2.2103186  -3.2319496   0.3694223   1.4602338  -3.1355317   1.5861835
   3.3918834  -3.3789735  -2.4740207  -3.434121  ]
 [-1.1144534  -0.964253    0.6230846  -1.0248586   1.3368193  -0.04697081
   1.2590799  -0.96271926  0.03782488  1.2219841  -1.1324204   0.703862
   1.0236304  -1.0202779  -1.0321151  -1.01479   ]]

cov
[[0.1 0.1 0.1 0.1 0.1 0.1 0.1 0.1 0.1 0.1 0.1 0.1 0.1 0.1 0.1 0.1]
 [0.1 0.1 0.1 0.1 0.1 0.1 0.1 0.1 0.1 0.1 0.1 0.1 0.1 0.1 0.1 0.1]
 [0.1 0.1 0.1 0.1 0.1 0.1 0.1 0.1 0.1 0.1 0.1 0.1 0.1 0.1 0.1 0.1]
 [0.1 0.1 0.1 0.1 0.1 0.1 0.1 0.1 0.1 0.1 0.1 0.1 0.1 0.1 0.1 0.1]
 [0.1 0.1 0.1 0.1 0.1 0.1 0.1 0.1 0.1 0.1 0.1 0.1 0.1 0.1 0.1 0.1]]

trans
[[0.30778918 0.01055613 0.11744251 0.00260741 0.00259502]
 [0.08395925 0.8847036  0.35895523 0.00395954 0.43599597]
 [0.01099396 0.05808388 0.46999648 0.0050392  0.00325876]
 [0.4883112  0.00691505 0.00706204 0.5370027  0.05696517]
 [0.10894638 0.03974136 0.04654375 0.45139116 0.50118506]]

lengths
[1.0363511 1.1506721 1.7861146 1.2092763 1.296778 ]

Epoch: 30, Loss: 795.8140
mean
[[-0.28491575 -0.56538934  2.7442508  -1.3872012  -1.0080811  -3.229484
  -1.421963   -1.4555981  -1.5021056  -1.8790994  -0.5158037  -2.959126
   1.1464231  -0.6167633   1.0400844  -1.3673774 ]
 [ 0.13611037  0.07521411 -0.04089114  0.06148958 -0.10619428 -0.04694941
  -0.14895925  0.06469746 -0.19851343 -0.17041731  0.08668821 -0.13402674
  -0.09346791  0.10108317  0.1482048   0.09638572]
 [ 1.7330648   2.1166995  -2.182021    1.8733128  -1.4216747   1.1098899
  -0.8352353   2.2661655   1.8699327  -0.00521703  2.0869436   0.22855353
  -2.1378088   2.040413    0.922125    2.1171165 ]
 [-3.3342915  -3.211905    3.0517573  -2.6655047   2.3250444  -0.8218967
   2.2105544  -3.231816    0.36620316  1.4675297  -3.1329238   1.5855763
   3.3951042  -3.3777578  -2.4721696  -3.4357293 ]
 [-1.1206326  -0.9674814   0.6263635  -1.0321498   1.3365234  -0.04518176
   1.2570611  -0.9662067   0.03553478  1.2129546  -1.1366069   0.6995305
   1.0286942  -1.0250007  -1.0314993  -1.020288  ]]

cov
[[0.1 0.1 0.1 0.1 0.1 0.1 0.1 0.1 0.1 0.1 0.1 0.1 0.1 0.1 0.1 0.1]
 [0.1 0.1 0.1 0.1 0.1 0.1 0.1 0.1 0.1 0.1 0.1 0.1 0.1 0.1 0.1 0.1]
 [0.1 0.1 0.1 0.1 0.1 0.1 0.1 0.1 0.1 0.1 0.1 0.1 0.1 0.1 0.1 0.1]
 [0.1 0.1 0.1 0.1 0.1 0.1 0.1 0.1 0.1 0.1 0.1 0.1 0.1 0.1 0.1 0.1]
 [0.1 0.1 0.1 0.1 0.1 0.1 0.1 0.1 0.1 0.1 0.1 0.1 0.1 0.1 0.1 0.1]]

trans
[[0.30786732 0.01045716 0.11711203 0.00254913 0.00251357]
 [0.08620705 0.8858519  0.358015   0.00387681 0.44331366]
 [0.01055718 0.05745682 0.4719549  0.00493772 0.00315914]
 [0.48968828 0.00675945 0.00678439 0.53702915 0.05721778]
 [0.10568021 0.03947464 0.04613366 0.4516072  0.49379584]]

lengths
[1.0373641 1.1534998 1.7837255 1.2072849 1.3034762]

Epoch: 31, Loss: 795.8104
mean
[[-0.27878895 -0.5619333   2.7445035  -1.3873392  -1.0037084  -3.2352395
  -1.4198512  -1.4573545  -1.5005307  -1.885887   -0.50995994 -2.9543772
   1.1461413  -0.61334014  1.0357572  -1.3688827 ]
 [ 0.13506842  0.07667901 -0.04113958  0.06164791 -0.10678312 -0.04713495
  -0.14856327  0.06592677 -0.2012956  -0.17178422  0.08723584 -0.13384552
  -0.09551373  0.10204596  0.1470419   0.0990089 ]
 [ 1.7301807   2.1230588  -2.1880267   1.8749523  -1.4198258   1.1107867
  -0.83386314  2.2733047   1.872932   -0.00468858  2.0920238   0.22900902
  -2.1442575   2.0449808   0.9206659   2.1227953 ]
 [-3.3301394  -3.2091987   3.051312   -2.6630223   2.3253906  -0.819698
   2.211563   -3.230246    0.3650594   1.474862   -3.1297233   1.5849991
   3.3963718  -3.3752248  -2.4710538  -3.4355495 ]
 [-1.1242332  -0.9695199   0.6290576  -1.0377285   1.333275   -0.04415158
   1.252672   -0.9687929   0.03277364  1.208906   -1.1389122   0.69472384
   1.0325451  -1.0281283  -1.0283997  -1.0245497 ]]

cov
[[0.1 0.1 0.1 0.1 0.1 0.1 0.1 0.1 0.1 0.1 0.1 0.1 0.1 0.1 0.1 0.1]
 [0.1 0.1 0.1 0.1 0.1 0.1 0.1 0.1 0.1 0.1 0.1 0.1 0.1 0.1 0.1 0.1]
 [0.1 0.1 0.1 0.1 0.1 0.1 0.1 0.1 0.1 0.1 0.1 0.1 0.1 0.1 0.1 0.1]
 [0.1 0.1 0.1 0.1 0.1 0.1 0.1 0.1 0.1 0.1 0.1 0.1 0.1 0.1 0.1 0.1]
 [0.1 0.1 0.1 0.1 0.1 0.1 0.1 0.1 0.1 0.1 0.1 0.1 0.1 0.1 0.1 0.1]]

trans
[[0.30726305 0.01037849 0.11692581 0.0024944  0.00243586]
 [0.08830329 0.8867763  0.35706925 0.003799   0.44959563]
 [0.01015424 0.0569791  0.47362483 0.00484219 0.00306377]
 [0.49129853 0.00662078 0.00652942 0.5381643  0.05739704]
 [0.10298088 0.03924532 0.04585069 0.4507001  0.4875077 ]]

lengths
[1.0390077 1.1535333 1.78478   1.2052913 1.3087335]

Epoch: 32, Loss: 795.8147
mean
[[-0.27368742 -0.5583556   2.743555   -1.3862377  -0.99967515 -3.238711
  -1.4164746  -1.4583688  -1.4981639  -1.8920053  -0.50509894 -2.9493275
   1.1447651  -0.6094464   1.0314068  -1.3694973 ]
 [ 0.13470483  0.07681384 -0.04029293  0.06190734 -0.10717723 -0.04689174
  -0.1471523   0.06517757 -0.20045349 -0.16981834  0.08620133 -0.13739818
  -0.09302031  0.10108194  0.14910233  0.09761293]
 [ 1.7266035   2.1275136  -2.193535    1.8750895  -1.4176438   1.1112059
  -0.83262765  2.279469    1.8763272  -0.00424243  2.0949214   0.22954828
  -2.1490412   2.0473707   0.91972226  2.1265047 ]
 [-3.32562    -3.2057545   3.0494685  -2.6605358   2.3264399  -0.8177596
   2.2130852  -3.2276683   0.36555636  1.4816574  -3.1262317   1.584506
   3.396117   -3.371815   -2.4705644  -3.4340324 ]
 [-1.125066   -0.97015524  0.63073266 -1.0409012   1.3288007  -0.04403304
   1.2478553  -0.9700993   0.03035983  1.21014    -1.1392293   0.6908739
   1.0346053  -1.0293334  -1.0243307  -1.026955  ]]

cov
[[0.1 0.1 0.1 0.1 0.1 0.1 0.1 0.1 0.1 0.1 0.1 0.1 0.1 0.1 0.1 0.1]
 [0.1 0.1 0.1 0.1 0.1 0.1 0.1 0.1 0.1 0.1 0.1 0.1 0.1 0.1 0.1 0.1]
 [0.1 0.1 0.1 0.1 0.1 0.1 0.1 0.1 0.1 0.1 0.1 0.1 0.1 0.1 0.1 0.1]
 [0.1 0.1 0.1 0.1 0.1 0.1 0.1 0.1 0.1 0.1 0.1 0.1 0.1 0.1 0.1 0.1]
 [0.1 0.1 0.1 0.1 0.1 0.1 0.1 0.1 0.1 0.1 0.1 0.1 0.1 0.1 0.1 0.1]]

trans
[[0.30631027 0.01032057 0.11685655 0.00244236 0.00236116]
 [0.09021363 0.8874411  0.3563676  0.00372488 0.45371133]
 [0.0097804  0.0566644  0.47481123 0.00475109 0.00297185]
 [0.4928963  0.00649873 0.00629371 0.5399659  0.05749978]
 [0.10079942 0.03907521 0.04567095 0.4491157  0.48345587]]

lengths
[1.04056   1.1512407 1.7876823 1.2040216 1.3102621]

Loss didn't improve for 1 epochs
Epoch: 33, Loss: 795.8330
mean
[[-0.27000773 -0.55509704  2.7417436  -1.3843067  -0.9965953  -3.2403398
  -1.4126681  -1.4587417  -1.4955631  -1.8970001  -0.5016105  -2.94429
   1.1427076  -0.60563374  1.0277498  -1.3693908 ]
 [ 0.13580489  0.07559782 -0.0409207   0.06175509 -0.10674228 -0.04674765
  -0.14698826  0.06524614 -0.19789717 -0.16737518  0.0868927  -0.13815162
  -0.09494633  0.10143805  0.14891659  0.09767587]
 [ 1.7230644   2.1300151  -2.198146    1.8740978  -1.415502    1.11123
  -0.83163935  2.28426     1.8797406  -0.00390015  2.0958166   0.23010747
  -2.152035    2.0478237   0.91928566  2.1282957 ]
 [-3.3210366  -3.2019274   3.046663   -2.658166    2.327952   -0.81615335
   2.2148943  -3.2244537   0.3672178   1.4875183  -3.1226933   1.5841308
   3.394728   -3.3679023  -2.4705763  -3.4315743 ]
 [-1.1236349  -0.9695758   0.6312809  -1.0416327   1.3247947  -0.04464727
   1.2442132  -0.9701353   0.02879632  1.2148235  -1.1379714   0.68877214
   1.0348412  -1.0288167  -1.0207039  -1.027437  ]]

cov
[[0.1 0.1 0.1 0.1 0.1 0.1 0.1 0.1 0.1 0.1 0.1 0.1 0.1 0.1 0.1 0.1]
 [0.1 0.1 0.1 0.1 0.1 0.1 0.1 0.1 0.1 0.1 0.1 0.1 0.1 0.1 0.1 0.1]
 [0.1 0.1 0.1 0.1 0.1 0.1 0.1 0.1 0.1 0.1 0.1 0.1 0.1 0.1 0.1 0.1]
 [0.1 0.1 0.1 0.1 0.1 0.1 0.1 0.1 0.1 0.1 0.1 0.1 0.1 0.1 0.1 0.1]
 [0.1 0.1 0.1 0.1 0.1 0.1 0.1 0.1 0.1 0.1 0.1 0.1 0.1 0.1 0.1 0.1]]

trans
[[0.3053285  0.01028219 0.1168792  0.00239229 0.0022893 ]
 [0.09190787 0.887848   0.35605305 0.00365339 0.45529857]
 [0.00943119 0.05650572 0.475419   0.00466312 0.00288322]
 [0.4942619  0.00639206 0.00607452 0.54198    0.05753635]
 [0.09907056 0.03897201 0.04557416 0.44731122 0.48199254]]

lengths
[1.0415046 1.1515515 1.790576  1.2036974 1.3085479]

Loss didn't improve for 2 epochs
Epoch: 34, Loss: 795.8653
mean
[[-0.2678721  -0.55245566  2.739362   -1.381934   -0.99476475 -3.2405245
  -1.4091252  -1.4586014  -1.493184   -1.9006356  -0.4996128  -2.939502
   1.1403545  -0.6023138   1.025212   -1.3687512 ]
 [ 0.134801    0.07674316 -0.04095346  0.06171507 -0.10647655 -0.04693528
  -0.14796847  0.06563342 -0.19713458 -0.16702528  0.08681355 -0.13559975
  -0.09395684  0.1017191   0.14745648  0.09865219]
 [ 1.7201163   2.1307518  -2.2016408   1.872399   -1.4136754   1.1109625
  -0.8309531   2.2875142   1.882887   -0.00366876  2.0950935   0.23063399
  -2.1533437   2.0467646   0.91928226  2.1284328 ]
 [-3.3166256  -3.198009    3.0432699  -2.6559997   2.3297153  -0.8149098
   2.2167997  -3.2209156   0.3695756   1.4922098  -3.1192992   1.5838851
   3.3925476  -3.3637962  -2.4709604  -3.4285164 ]
 [-1.1208481  -0.968229    0.6308631  -1.0403941   1.3223939  -0.04562094
   1.242582   -0.969205    0.02822655  1.2202083  -1.1358477   0.6885162
   1.0336457  -1.0271307  -1.0184398  -1.0263644 ]]

cov
[[0.1 0.1 0.1 0.1 0.1 0.1 0.1 0.1 0.1 0.1 0.1 0.1 0.1 0.1 0.1 0.1]
 [0.1 0.1 0.1 0.1 0.1 0.1 0.1 0.1 0.1 0.1 0.1 0.1 0.1 0.1 0.1 0.1]
 [0.1 0.1 0.1 0.1 0.1 0.1 0.1 0.1 0.1 0.1 0.1 0.1 0.1 0.1 0.1 0.1]
 [0.1 0.1 0.1 0.1 0.1 0.1 0.1 0.1 0.1 0.1 0.1 0.1 0.1 0.1 0.1 0.1]
 [0.1 0.1 0.1 0.1 0.1 0.1 0.1 0.1 0.1 0.1 0.1 0.1 0.1 0.1 0.1 0.1]]

trans
[[0.3045575  0.01026106 0.1169724  0.00234364 0.00222026]
 [0.09336578 0.88802356 0.35613927 0.00358374 0.4546562 ]
 [0.00910291 0.05648296 0.47547504 0.00457728 0.00279787]
 [0.49524704 0.0062991  0.0058698  0.543823   0.05752084]
 [0.09772678 0.03893331 0.04554346 0.4456723  0.48280486]]

lengths
[1.0416627 1.1530659 1.7921591 1.2040915 1.3058019]

Loss didn't improve for 3 epochs
Epoch: 35, Loss: 795.8976
mean
[[-0.2671728  -0.55058527  2.7366576  -1.3794564  -0.9941889  -3.2396207
  -1.4063294  -1.4580865  -1.4913381  -1.9028705  -0.49899763 -2.9351332
   1.1380303  -0.5997438   1.0239313  -1.3677647 ]
 [ 0.13506162  0.07646803 -0.04046117  0.06191498 -0.10681752 -0.0470969
  -0.14839765  0.06495765 -0.19861019 -0.16855687  0.08634776 -0.13465062
  -0.09390022  0.10110907  0.14831947  0.09726364]
 [ 1.718086    2.1300755  -2.2039633   1.8704022  -1.4123262   1.1105162
  -0.8305714   2.2892692   1.8855783  -0.00354126  2.0932486   0.23109299
  -2.1532395   2.0447094   0.9195951   2.1273167 ]
 [-3.31256    -3.1942253   3.0395973  -2.6540933   2.331555   -0.8140248
   2.2186518  -3.2173066   0.37221617  1.495645   -3.1161878   1.5837628
   3.3898702  -3.359742   -2.4715924  -3.4251428 ]
 [-1.1177185  -0.96665317  0.6298192  -1.0379523   1.3219515  -0.04655816
   1.2429532  -0.96777457  0.02851443  1.2239537  -1.1336218   0.6896737
   1.0316554  -1.0249763  -1.0178301  -1.0243692 ]]

cov
[[0.1 0.1 0.1 0.1 0.1 0.1 0.1 0.1 0.1 0.1 0.1 0.1 0.1 0.1 0.1 0.1]
 [0.1 0.1 0.1 0.1 0.1 0.1 0.1 0.1 0.1 0.1 0.1 0.1 0.1 0.1 0.1 0.1]
 [0.1 0.1 0.1 0.1 0.1 0.1 0.1 0.1 0.1 0.1 0.1 0.1 0.1 0.1 0.1 0.1]
 [0.1 0.1 0.1 0.1 0.1 0.1 0.1 0.1 0.1 0.1 0.1 0.1 0.1 0.1 0.1 0.1]
 [0.1 0.1 0.1 0.1 0.1 0.1 0.1 0.1 0.1 0.1 0.1 0.1 0.1 0.1 0.1 0.1]]

trans
[[0.3041254  0.01025422 0.11711767 0.00229609 0.00215406]
 [0.09458124 0.888011   0.35652733 0.00351546 0.45251727]
 [0.00879289 0.05656755 0.47511226 0.004493   0.00271591]
 [0.49579397 0.00621785 0.00567794 0.54523325 0.05746972]
 [0.09670646 0.0389494  0.04556478 0.4444622  0.48514304]]

lengths
[1.0411783 1.152391  1.7920958 1.204751  1.3040358]

Loss didn't improve for 4 epochs
Epoch: 36, Loss: 795.9119
mean
[[-0.26763955 -0.5495116   2.7338321  -1.3771398  -0.9946519  -3.2379382
  -1.4045303  -1.4573338  -1.4901775  -1.9038178  -0.49949715 -2.9312937
   1.1359792  -0.5980334   1.0238031  -1.3666025 ]
 [ 0.13545103  0.07592729 -0.04090165  0.06192588 -0.10703287 -0.04700943
  -0.14782536  0.06559177 -0.19990438 -0.16993622  0.0869074  -0.13641448
  -0.094644    0.10160478  0.14892463  0.09852327]
 [ 1.7170742   2.128422   -2.2051854   1.8684523  -1.41151     1.1099951
  -0.8304587   2.2897117   1.8877105  -0.0035021   2.0908017   0.2314642
  -2.1520917   2.042179    0.92009276  2.1254036 ]
 [-3.308956   -3.1907425   3.035892   -2.652478    2.3333318  -0.8134702
   2.22034    -3.2138238   0.37480366  1.4978561  -3.1134515   1.5837439
   3.386941   -3.355924   -2.4723597  -3.4216838 ]
 [-1.1150893  -0.9653145   0.6285431  -1.0351335   1.3231039  -0.04716813
   1.244679   -0.9663181   0.02935087  1.2249564  -1.1318989   0.6915419
   1.0295424  -1.0229934  -1.0186081  -1.0221369 ]]

cov
[[0.1 0.1 0.1 0.1 0.1 0.1 0.1 0.1 0.1 0.1 0.1 0.1 0.1 0.1 0.1 0.1]
 [0.1 0.1 0.1 0.1 0.1 0.1 0.1 0.1 0.1 0.1 0.1 0.1 0.1 0.1 0.1 0.1]
 [0.1 0.1 0.1 0.1 0.1 0.1 0.1 0.1 0.1 0.1 0.1 0.1 0.1 0.1 0.1 0.1]
 [0.1 0.1 0.1 0.1 0.1 0.1 0.1 0.1 0.1 0.1 0.1 0.1 0.1 0.1 0.1 0.1]
 [0.1 0.1 0.1 0.1 0.1 0.1 0.1 0.1 0.1 0.1 0.1 0.1 0.1 0.1 0.1 0.1]]

trans
[[0.30405    0.01025826 0.11729906 0.00224948 0.00209081]
 [0.09556184 0.8878639  0.35705337 0.00344834 0.44978246]
 [0.00849932 0.05672608 0.47452357 0.00441001 0.00263748]
 [0.49593216 0.00614621 0.00549767 0.5460906  0.05740084]
 [0.09595668 0.03900556 0.04562633 0.44380155 0.4880884 ]]

lengths
[1.0403912 1.151395  1.7909077 1.2052499 1.3038746]

Loss didn't improve for 5 epochs
Stopping
cached hsmm
