## SLURM PROLOG ###############################################################
##    Job ID : 868823
##  Job Name : hsmm_Fork
##  Nodelist : node[1304,1311]
##      CPUs : 4
##  Mem/Node : 16384 MB
## Directory : /gpfs/data/epavlick/debert/hsmm
##   Started : Wed Mar 17 23:48:18 EDT 2021
###############################################################################
hsmm_Fork
loaded cached nbc
loaded cached autoencoder
(35, 103, 16)
(6, 75, 16)
(8, 108, 16)
Epoch: 0, Loss: 2854.5757
mean
[[ 0.35023993 -0.37315333  0.37101722 -0.05969154  0.3502055   0.33011594
   0.26947713 -0.00899008  0.36133143 -0.3956339   0.06593119 -0.22347355
   0.38183594  0.34336272  0.02172348 -0.38642406]
 [-0.13520947  0.13809958 -0.14645293 -0.12974405 -0.14763169 -0.33521298
  -0.13180046 -0.20530307 -0.14733493  0.1406182   0.1273736   0.11475975
  -0.14516518 -0.14653134 -0.21341005  0.14550455]
 [ 0.29983133 -0.34149277  0.3691506   0.07126728  0.36959746  0.35744432
   0.22401558  0.09935402  0.36874205 -0.3679586  -0.06755275 -0.10929386
   0.3746497   0.37070745  0.12435474 -0.3627869 ]
 [ 0.2603355  -0.31271493  0.37358987  0.08844118  0.3732873   0.36111048
   0.18964647  0.10753775  0.37251344 -0.34413552 -0.07943565 -0.06182597
   0.3779471   0.37396246  0.13110079 -0.35661688]
 [ 0.29587397 -0.33926368  0.37001988  0.07338777  0.3701222   0.35804078
   0.22099113  0.10036064  0.36933184 -0.3662163  -0.0691451  -0.10329549
   0.37535858  0.37151277  0.12514625 -0.3625865 ]]

cov
[[0.1 0.1 0.1 0.1 0.1 0.1 0.1 0.1 0.1 0.1 0.1 0.1 0.1 0.1 0.1 0.1]
 [0.1 0.1 0.1 0.1 0.1 0.1 0.1 0.1 0.1 0.1 0.1 0.1 0.1 0.1 0.1 0.1]
 [0.1 0.1 0.1 0.1 0.1 0.1 0.1 0.1 0.1 0.1 0.1 0.1 0.1 0.1 0.1 0.1]
 [0.1 0.1 0.1 0.1 0.1 0.1 0.1 0.1 0.1 0.1 0.1 0.1 0.1 0.1 0.1 0.1]
 [0.1 0.1 0.1 0.1 0.1 0.1 0.1 0.1 0.1 0.1 0.1 0.1 0.1 0.1 0.1 0.1]]

trans
[[0.17918333 0.17927854 0.1808311  0.17848608 0.1809697 ]
 [0.2802035  0.28239754 0.28236353 0.27862978 0.28222537]
 [0.18027572 0.17947176 0.17971271 0.17644718 0.17981869]
 [0.18005945 0.17938474 0.17749134 0.19025074 0.17728806]
 [0.18027805 0.17946744 0.17960127 0.17618622 0.17969818]]

lengths
[1.1326665 1.2032328 1.1033962 1.0989459 1.1012529]

Epoch: 1, Loss: 2460.8673
mean
[[ 0.69898415 -0.7353813   0.72590214 -0.34531856  0.6241593   0.51226455
   0.60873604 -0.26570413  0.61946917 -0.7555065   0.35464093 -0.5547308
   0.7499777   0.6274909  -0.22029191 -0.77050924]
 [-0.38398457  0.40957284 -0.461317    0.07310149 -0.45989212 -0.5059386
  -0.36268055 -0.04456493 -0.4556777   0.41663015 -0.05355815  0.26507807
  -0.45388538 -0.4626756  -0.08379185  0.4019681 ]
 [ 0.3393612  -0.42712682  0.5970901   0.2830698   0.6637873   0.6337317
   0.25972453  0.35087585  0.6427011  -0.54025304 -0.28211734 -0.03695456
   0.58190393  0.6409356   0.44424814 -0.41198274]
 [ 0.02703738 -0.16434503  0.72867745  0.44604698  0.7549294   0.7459851
  -0.04522447  0.47734106  0.75580037 -0.2823914  -0.441501    0.25160137
   0.6717113   0.7439598   0.50652283 -0.4403176 ]
 [ 0.32571867 -0.42193684  0.61066526  0.3032659   0.67829037  0.64979595
   0.24574435  0.3664517   0.6592076  -0.54187196 -0.3010779  -0.01205954
   0.5943045   0.65671915  0.45338315 -0.4131325 ]]

cov
[[0.1 0.1 0.1 0.1 0.1 0.1 0.1 0.1 0.1 0.1 0.1 0.1 0.1 0.1 0.1 0.1]
 [0.1 0.1 0.1 0.1 0.1 0.1 0.1 0.1 0.1 0.1 0.1 0.1 0.1 0.1 0.1 0.1]
 [0.1 0.1 0.1 0.1 0.1 0.1 0.1 0.1 0.1 0.1 0.1 0.1 0.1 0.1 0.1 0.1]
 [0.1 0.1 0.1 0.1 0.1 0.1 0.1 0.1 0.1 0.1 0.1 0.1 0.1 0.1 0.1 0.1]
 [0.1 0.1 0.1 0.1 0.1 0.1 0.1 0.1 0.1 0.1 0.1 0.1 0.1 0.1 0.1 0.1]]

trans
[[0.22731636 0.13994631 0.13417658 0.13972731 0.13266818]
 [0.3701761  0.44406012 0.39561203 0.28741765 0.38503674]
 [0.13221417 0.13832651 0.1398119  0.14319803 0.14122382]
 [0.13828567 0.13934967 0.19298418 0.2806616  0.20205653]
 [0.1320077  0.13831739 0.13741532 0.14899538 0.13901472]]

lengths
[1.0396806  1.0675493  0.9166921  0.9283447  0.91322505]

Epoch: 2, Loss: 2276.1034
mean
[[ 1.0505388  -1.0986048   1.0426036  -0.6797418   0.70512885  0.46997896
   0.95736635 -0.5933063   0.6465542  -1.0947795   0.69394344 -0.9064534
   1.0939003   0.8255282  -0.5603798  -1.1276278 ]
 [-0.3674235   0.42572173 -0.5581812   0.10334037 -0.55485797 -0.41164145
  -0.32741857  0.01292448 -0.53947955  0.43065405 -0.06038774  0.19237119
  -0.53814363 -0.5577633   0.0000837   0.38717508]
 [ 0.21701872 -0.24857669  0.47209677  0.19597743  0.6272249   0.56490993
   0.13183649  0.29751137  0.55544937 -0.41190106 -0.17759901 -0.10446991
   0.43308976  0.5576746   0.55338013 -0.18014894]
 [-0.28750098  0.08823915  0.991388    0.82825965  1.1000786   1.1349522
  -0.34761047  0.870029    1.1262406  -0.04681316 -0.8319571   0.61198163
   0.7801959   1.0464388   0.87467664 -0.41483602]
 [ 0.33238372 -0.3893953   0.6764519   0.38660002  0.87188774  0.8038786
   0.20914857  0.48473024  0.7953968  -0.6422864  -0.36250883 -0.01873746
   0.6251935   0.8096015   0.72120756 -0.27311605]]

cov
[[0.1 0.1 0.1 0.1 0.1 0.1 0.1 0.1 0.1 0.1 0.1 0.1 0.1 0.1 0.1 0.1]
 [0.1 0.1 0.1 0.1 0.1 0.1 0.1 0.1 0.1 0.1 0.1 0.1 0.1 0.1 0.1 0.1]
 [0.1 0.1 0.1 0.1 0.1 0.1 0.1 0.1 0.1 0.1 0.1 0.1 0.1 0.1 0.1 0.1]
 [0.1 0.1 0.1 0.1 0.1 0.1 0.1 0.1 0.1 0.1 0.1 0.1 0.1 0.1 0.1 0.1]
 [0.1 0.1 0.1 0.1 0.1 0.1 0.1 0.1 0.1 0.1 0.1 0.1 0.1 0.1 0.1 0.1]]

trans
[[0.3067323  0.0954057  0.08764055 0.10089938 0.09370705]
 [0.3903612  0.6231382  0.52232164 0.21917231 0.42737904]
 [0.10182983 0.09486105 0.15798381 0.12932044 0.17416053]
 [0.10818792 0.09410894 0.13722247 0.4218351  0.17166816]
 [0.09288872 0.09248618 0.09483151 0.1287728  0.13308522]]

lengths
[1.1161599  1.0913856  0.95995444 0.9845829  0.8794268 ]

Epoch: 3, Loss: 2044.5802
mean
[[ 1.3873897  -1.4398917   1.2989637  -1.016051    0.6869052   0.3787065
   1.296437   -0.9254232   0.58416164 -1.3961937   1.033005   -1.2521739
   1.3889298   0.9679269  -0.91012686 -1.3961328 ]
 [-0.3552144   0.42214411 -0.58034164  0.05414428 -0.581795   -0.3915136
  -0.30446157 -0.02693009 -0.5522945   0.42866653 -0.01895353  0.185066
  -0.5592785  -0.57224566 -0.03583566  0.36618152]
 [ 0.06683005 -0.0269594   0.14475298 -0.11384214  0.32020018  0.2508051
   0.0530171  -0.0098541   0.23570764 -0.08697603  0.14088273 -0.10675448
   0.09856843  0.2406989   0.2834145   0.01816502]
 [-0.56223774  0.2845848   1.0687703   1.1895285   1.3313082   1.4749833
  -0.59695494  1.2491442   1.4135159   0.18411613 -1.212136    0.94486976
   0.7389862   1.2028147   1.1714408  -0.4283415 ]
 [ 0.37600496 -0.4028643   0.76139194  0.45180446  1.0713191   0.9757735
   0.21186908  0.58913636  0.9451608  -0.73846656 -0.41807023 -0.02653566
   0.6752237   0.99064785  0.9569543  -0.1919148 ]]

cov
[[0.1 0.1 0.1 0.1 0.1 0.1 0.1 0.1 0.1 0.1 0.1 0.1 0.1 0.1 0.1 0.1]
 [0.1 0.1 0.1 0.1 0.1 0.1 0.1 0.1 0.1 0.1 0.1 0.1 0.1 0.1 0.1 0.1]
 [0.1 0.1 0.1 0.1 0.1 0.1 0.1 0.1 0.1 0.1 0.1 0.1 0.1 0.1 0.1 0.1]
 [0.1 0.1 0.1 0.1 0.1 0.1 0.1 0.1 0.1 0.1 0.1 0.1 0.1 0.1 0.1 0.1]
 [0.1 0.1 0.1 0.1 0.1 0.1 0.1 0.1 0.1 0.1 0.1 0.1 0.1 0.1 0.1 0.1]]

trans
[[0.39904577 0.06431283 0.06748215 0.06623281 0.07108536]
 [0.3462964  0.7423475  0.50384146 0.14517885 0.3540338 ]
 [0.10000164 0.07180829 0.24488923 0.11682022 0.25618413]
 [0.08687568 0.06209126 0.10880709 0.5399189  0.16159399]
 [0.06778054 0.05944015 0.07498004 0.13184918 0.15710273]]

lengths
[1.1979617 1.1383224 1.1602176 1.0911216 0.9337328]

Epoch: 4, Loss: 1778.0233
mean
[[ 1.6947826  -1.7420422   1.4868565  -1.3333975   0.65676177  0.33441997
   1.6120182  -1.2340924   0.5380558  -1.644489    1.3479348  -1.575529
   1.6208432   1.0746877  -1.2340624  -1.5550396 ]
 [-0.5281304   0.5914795  -0.72661346  0.0874147  -0.72849834 -0.5553349
  -0.4684744  -0.0280323  -0.68049645  0.6017847  -0.08366769  0.36647397
  -0.71680254 -0.70366585 -0.09090035  0.5179539 ]
 [ 0.1767658  -0.15198204 -0.15740556 -0.2329132  -0.03588425 -0.10545893
   0.14285317 -0.29186144 -0.11124118 -0.01304949  0.30649668 -0.14588332
  -0.14021969 -0.1079167  -0.06506803 -0.12103061]
 [-0.7662887   0.42429206  0.9978496   1.503583    1.4260309   1.7218407
  -0.7784503   1.5888186   1.5689782   0.37654114 -1.5566168   1.2232107
   0.63958275  1.2082608   1.35917    -0.48163897]
 [ 0.32280335 -0.40934134  0.8537514   0.50800735  1.2032434   1.1342787
   0.209872    0.69086176  1.0753853  -0.6721853  -0.50116247  0.03168626
   0.71707857  1.1730874   1.121765   -0.15180989]]

cov
[[0.1 0.1 0.1 0.1 0.1 0.1 0.1 0.1 0.1 0.1 0.1 0.1 0.1 0.1 0.1 0.1]
 [0.1 0.1 0.1 0.1 0.1 0.1 0.1 0.1 0.1 0.1 0.1 0.1 0.1 0.1 0.1 0.1]
 [0.1 0.1 0.1 0.1 0.1 0.1 0.1 0.1 0.1 0.1 0.1 0.1 0.1 0.1 0.1 0.1]
 [0.1 0.1 0.1 0.1 0.1 0.1 0.1 0.1 0.1 0.1 0.1 0.1 0.1 0.1 0.1 0.1]
 [0.1 0.1 0.1 0.1 0.1 0.1 0.1 0.1 0.1 0.1 0.1 0.1 0.1 0.1 0.1 0.1]]

trans
[[0.48298803 0.04904933 0.05064557 0.04414605 0.0512835 ]
 [0.27869558 0.7983492  0.40152895 0.09812925 0.2386668 ]
 [0.11596016 0.06382272 0.40800756 0.09331613 0.35699004]
 [0.06855452 0.04648187 0.08287892 0.60229963 0.1418081 ]
 [0.05380172 0.04229683 0.05693901 0.16210891 0.21125162]]

lengths
[1.199616  1.1634091 1.0778829 1.1099254 1.0454423]

Epoch: 5, Loss: 1626.0644
mean
[[ 1.9630848  -1.9968835   1.6177434  -1.6153054   0.6695542   0.3688495
   1.8940252  -1.4988267   0.56167877 -1.8385701   1.6212344  -1.8645806
   1.7939986   1.1578102  -1.5107343  -1.6394274 ]
 [-0.7926758   0.8495012  -0.94309556  0.20865864 -0.9355677  -0.787749
  -0.72757334  0.04475871 -0.86613256  0.86185634 -0.23765807  0.6353935
  -0.9485851  -0.9043308  -0.09773193  0.7526965 ]
 [ 0.10222104 -0.13601696 -0.16669565 -0.11752571 -0.23815937 -0.30111787
   0.07765312 -0.29863897 -0.25837168 -0.17257068  0.1970775  -0.14945334
  -0.05308717 -0.26339293 -0.30454436 -0.09417661]
 [-0.9100038   0.53048706  0.86205465  1.7600695   1.4181626   1.8646128
  -0.90753907  1.8752292   1.6055195   0.5281335  -1.851832    1.4399552
   0.5301246   1.1230417   1.4471835  -0.5238087 ]
 [ 0.16780044 -0.3155671   0.86353564  0.5293437   1.1403565   1.1610383
   0.14118542  0.7525735   1.0644886  -0.46232828 -0.59276974  0.1420212
   0.67928225  1.1883422   1.1058694  -0.16103591]]

cov
[[0.1 0.1 0.1 0.1 0.1 0.1 0.1 0.1 0.1 0.1 0.1 0.1 0.1 0.1 0.1 0.1]
 [0.1 0.1 0.1 0.1 0.1 0.1 0.1 0.1 0.1 0.1 0.1 0.1 0.1 0.1 0.1 0.1]
 [0.1 0.1 0.1 0.1 0.1 0.1 0.1 0.1 0.1 0.1 0.1 0.1 0.1 0.1 0.1 0.1]
 [0.1 0.1 0.1 0.1 0.1 0.1 0.1 0.1 0.1 0.1 0.1 0.1 0.1 0.1 0.1 0.1]
 [0.1 0.1 0.1 0.1 0.1 0.1 0.1 0.1 0.1 0.1 0.1 0.1 0.1 0.1 0.1 0.1]]

trans
[[0.5345142  0.04089051 0.0347155  0.03157953 0.0356253 ]
 [0.218137   0.8214827  0.26499543 0.07201692 0.14672947]
 [0.1452592  0.06435978 0.60880286 0.06793051 0.40690744]
 [0.05371619 0.03962564 0.05383164 0.6063459  0.11536372]
 [0.04837343 0.03364136 0.03765457 0.22212711 0.2953741 ]]

lengths
[1.1590393 1.152804  1.0490651 1.066663  1.0544797]

Epoch: 6, Loss: 1484.9381
mean
[[ 2.1863358  -2.199183    1.7019068  -1.8552362   0.7184792   0.44672385
   2.137161   -1.711084    0.63244504 -1.9766862   1.8454473  -2.1134622
   1.91199     1.2237805  -1.7290115  -1.6702248 ]
 [-1.0928824   1.1428983  -1.1866679   0.38394818 -1.1618084  -1.0294718
  -1.0231823   0.17410773 -1.0693969   1.1546917  -0.44024616  0.9347544
  -1.2090986  -1.1315355  -0.04516955  1.0157812 ]
 [ 0.11307409 -0.04677655 -0.01469841 -0.10155974 -0.18695545 -0.24329501
   0.11111437 -0.15978852 -0.16338123 -0.16591768  0.12845224 -0.12725809
   0.08712669 -0.17282973 -0.29699007  0.00881359]
 [-0.991231    0.59226966  0.7326647   1.9573154   1.3595905   1.925953
  -0.9953025   2.103861    1.5769397   0.62705934 -2.0898805   1.5908949
   0.45596507  0.9944139   1.4602807  -0.5695745 ]
 [ 0.1197264  -0.22801326  0.7869097   0.51866007  0.9680772   1.0538832
   0.09329395  0.74669915  0.9365035  -0.31088704 -0.62987024  0.16490479
   0.59812444  1.0578694   0.9805073  -0.1945992 ]]

cov
[[0.1 0.1 0.1 0.1 0.1 0.1 0.1 0.1 0.1 0.1 0.1 0.1 0.1 0.1 0.1 0.1]
 [0.1 0.1 0.1 0.1 0.1 0.1 0.1 0.1 0.1 0.1 0.1 0.1 0.1 0.1 0.1 0.1]
 [0.1 0.1 0.1 0.1 0.1 0.1 0.1 0.1 0.1 0.1 0.1 0.1 0.1 0.1 0.1 0.1]
 [0.1 0.1 0.1 0.1 0.1 0.1 0.1 0.1 0.1 0.1 0.1 0.1 0.1 0.1 0.1 0.1]
 [0.1 0.1 0.1 0.1 0.1 0.1 0.1 0.1 0.1 0.1 0.1 0.1 0.1 0.1 0.1 0.1]]

trans
[[0.5431343  0.03633866 0.0230747  0.0239327  0.02542142]
 [0.17496344 0.82671505 0.1536504  0.05655043 0.08991989]
 [0.1891117  0.0703427  0.7693712  0.04968322 0.3605138 ]
 [0.04306328 0.03733425 0.03110851 0.5547577  0.09559976]
 [0.0497273  0.02926933 0.02279515 0.31507596 0.42854512]]

lengths
[1.1353171 1.1311796 1.105641  1.019817  0.9793222]

Epoch: 7, Loss: 1351.9529
mean
[[ 2.368695   -2.3552446   1.7529565  -2.0554152   0.7833058   0.5262184
   2.3437088  -1.8775675   0.7111226  -2.0748148   2.0254362  -2.3243713
   1.9891082   1.2773451  -1.8973688  -1.680217  ]
 [-1.3957089   1.4392765  -1.4331555   0.57516384 -1.386892   -1.2536834
  -1.3206532   0.32557753 -1.2679994   1.4506913  -0.6522728   1.2289883
  -1.4712018  -1.3648869   0.03437207  1.2728992 ]
 [ 0.13623635 -0.11354864  0.07062579 -0.18842453 -0.03055465 -0.08692639
   0.10389611 -0.1066222  -0.01530115 -0.05109461  0.20360859 -0.17459413
   0.07034765 -0.00929971 -0.14475916 -0.03847256]
 [-1.0088235   0.59436876  0.6633777   2.101611    1.2949826   1.9423678
  -1.0443729   2.2798305   1.5335879   0.6656326  -2.2719421   1.6790951
   0.45035425  0.8635541   1.4300776  -0.64634854]
 [ 0.12129311 -0.1986727   0.6979448   0.543611    0.83522266  0.9353567
   0.06497452  0.7330906   0.82684153 -0.30604452 -0.63992333  0.18447657
   0.542553    0.9272991   0.85678685 -0.18656081]]

cov
[[0.1 0.1 0.1 0.1 0.1 0.1 0.1 0.1 0.1 0.1 0.1 0.1 0.1 0.1 0.1 0.1]
 [0.1 0.1 0.1 0.1 0.1 0.1 0.1 0.1 0.1 0.1 0.1 0.1 0.1 0.1 0.1 0.1]
 [0.1 0.1 0.1 0.1 0.1 0.1 0.1 0.1 0.1 0.1 0.1 0.1 0.1 0.1 0.1 0.1]
 [0.1 0.1 0.1 0.1 0.1 0.1 0.1 0.1 0.1 0.1 0.1 0.1 0.1 0.1 0.1 0.1]
 [0.1 0.1 0.1 0.1 0.1 0.1 0.1 0.1 0.1 0.1 0.1 0.1 0.1 0.1 0.1 0.1]]

trans
[[0.5221647  0.03375228 0.01633211 0.01854995 0.01767759]
 [0.14402124 0.8211428  0.08889562 0.04569943 0.05392551]
 [0.24331552 0.08035664 0.8623424  0.03727579 0.27025488]
 [0.03560609 0.03748452 0.01802879 0.4692001  0.07819211]
 [0.05489239 0.02726375 0.01440104 0.42927474 0.5799499 ]]

lengths
[1.1493105  1.1219406  1.0674742  0.9904568  0.99309623]

Epoch: 8, Loss: 1272.8096
mean
[[ 2.513453   -2.4717157   1.7796911  -2.2186778   0.84139156  0.58062875
   2.5151858  -2.004851    0.77566916 -2.1433969   2.1666071  -2.4996657
   2.0360477   1.3181739  -2.0235202  -1.6840258 ]
 [-1.6800686   1.7177409  -1.6644821   0.75509757 -1.5967482  -1.4451088
  -1.5968689   0.47349656 -1.4476889   1.730445   -0.8476017   1.4949019
  -1.7166026  -1.5866765   0.11901049  1.505153  ]
 [ 0.09963761 -0.11225803  0.00930515 -0.19445522  0.06321853  0.00050117
   0.09829197 -0.18389761  0.02472874 -0.06423106  0.25650623 -0.12657593
  -0.03364795  0.05776476 -0.01788718 -0.07538236]
 [-0.9847746   0.55580336  0.6572481   2.2036083   1.2453005   1.9368575
  -1.0682098   2.4109266   1.4990972   0.65640485 -2.404765    1.7198328
   0.49853957  0.7506043   1.3823364  -0.7414803 ]
 [ 0.05865793 -0.1699633   0.6774436   0.6184859   0.8442928   0.930426
   0.02477783  0.7767838   0.8355022  -0.34313178 -0.6867961   0.2629556
   0.54163206  0.91764235  0.8173097  -0.14025338]]

cov
[[0.1 0.1 0.1 0.1 0.1 0.1 0.1 0.1 0.1 0.1 0.1 0.1 0.1 0.1 0.1 0.1]
 [0.1 0.1 0.1 0.1 0.1 0.1 0.1 0.1 0.1 0.1 0.1 0.1 0.1 0.1 0.1 0.1]
 [0.1 0.1 0.1 0.1 0.1 0.1 0.1 0.1 0.1 0.1 0.1 0.1 0.1 0.1 0.1 0.1]
 [0.1 0.1 0.1 0.1 0.1 0.1 0.1 0.1 0.1 0.1 0.1 0.1 0.1 0.1 0.1 0.1]
 [0.1 0.1 0.1 0.1 0.1 0.1 0.1 0.1 0.1 0.1 0.1 0.1 0.1 0.1 0.1 0.1]]

trans
[[0.48996058 0.03219646 0.01309987 0.0145248  0.01231584]
 [0.1208683  0.80802304 0.05636494 0.0373807  0.03305091]
 [0.29575375 0.09385681 0.9088378  0.02851569 0.20666493]
 [0.03029592 0.03917695 0.01139238 0.38114738 0.06580454]
 [0.06312144 0.0267467  0.01030501 0.5384314  0.6821638 ]]

lengths
[1.1899773  1.1268858  1.0488567  0.99286646 1.0466852 ]

Epoch: 9, Loss: 1228.4622
mean
[[ 2.6207087  -2.5496113   1.7838624  -2.3467388   0.8750198   0.59658515
   2.6508687  -2.0975199   0.8056038  -2.18509     2.2724147  -2.639391
   2.0550385   1.3411671  -2.1132157  -1.6860744 ]
 [-1.9334584   1.9662466  -1.869321    0.91449016 -1.7789981  -1.5935228
  -1.8403829   0.6078938  -1.5989593   1.9799097  -1.0162926   1.7228575
  -1.9336314  -1.7845854   0.20034489  1.700037  ]
 [ 0.13421728 -0.06706974 -0.08137538 -0.1481289   0.02422591 -0.04470744
   0.11995194 -0.25555474 -0.05495933 -0.13675736  0.21336085 -0.17062175
  -0.05865353 -0.00604656 -0.01814984 -0.01528547]
 [-0.9514918   0.50963306  0.6894219   2.275169    1.2145859   1.9225968
  -1.0845482   2.5063674   1.48191     0.6265699  -2.4988678   1.7339258
   0.5660251   0.6592479   1.3262278  -0.8319292 ]
 [-0.02307423 -0.12357426  0.72680366  0.6969001   0.9400681   1.0312303
  -0.02213175  0.8783229   0.92887694 -0.29874003 -0.78279585  0.33436403
   0.56531256  1.0025615   0.8774923  -0.11083116]]

cov
[[0.1 0.1 0.1 0.1 0.1 0.1 0.1 0.1 0.1 0.1 0.1 0.1 0.1 0.1 0.1 0.1]
 [0.1 0.1 0.1 0.1 0.1 0.1 0.1 0.1 0.1 0.1 0.1 0.1 0.1 0.1 0.1 0.1]
 [0.1 0.1 0.1 0.1 0.1 0.1 0.1 0.1 0.1 0.1 0.1 0.1 0.1 0.1 0.1 0.1]
 [0.1 0.1 0.1 0.1 0.1 0.1 0.1 0.1 0.1 0.1 0.1 0.1 0.1 0.1 0.1 0.1]
 [0.1 0.1 0.1 0.1 0.1 0.1 0.1 0.1 0.1 0.1 0.1 0.1 0.1 0.1 0.1 0.1]]

trans
[[0.4559692  0.031259   0.01204307 0.01158901 0.00952446]
 [0.10349482 0.78954184 0.04029953 0.03112726 0.02265391]
 [0.33990523 0.11001287 0.9311509  0.0224281  0.19182822]
 [0.02652593 0.04189388 0.00804723 0.3079064  0.06463957]
 [0.07410484 0.0272924  0.00845925 0.6269492  0.71135384]]

lengths
[1.230139  1.1443393 1.0848044 1.0105449 1.0154864]

Epoch: 10, Loss: 1195.5778
mean
[[ 2.6927822  -2.5931993   1.7712502  -2.4424314   0.8793572   0.57775885
   2.7519917  -2.1605337   0.79986024 -2.203717    2.3469958  -2.7451308
   2.0521884   1.3458139  -2.1728015  -1.6894544 ]
 [-2.1499119   2.1795504  -2.0440881   1.0456272  -1.9306512  -1.7011237
  -2.0460138   0.71974623 -1.7211547   2.1930017  -1.1514313   1.9086579
  -2.1184692  -1.954341    0.2709039   1.855321  ]
 [ 0.10849991 -0.10155866 -0.08532172 -0.15673298 -0.07407489 -0.14320102
   0.0920301  -0.2300831  -0.14059609 -0.10755755  0.1831958  -0.14973748
   0.00092691 -0.09980822 -0.10619723 -0.00923937]
 [-0.93387324  0.48418674  0.7251618   2.326546    1.1978146   1.9042141
  -1.1094579   2.574172    1.4787917   0.59986764 -2.5634487   1.7397035
   0.6184855   0.58064955  1.268174   -0.90451515]
 [-0.05202528 -0.08712871  0.7734689   0.7232311   0.9965451   1.1144019
  -0.04068341  0.9561954   0.97554284 -0.20063846 -0.85942084  0.35286778
   0.5648449   1.0748405   0.97852933 -0.12023692]]

cov
[[0.1 0.1 0.1 0.1 0.1 0.1 0.1 0.1 0.1 0.1 0.1 0.1 0.1 0.1 0.1 0.1]
 [0.1 0.1 0.1 0.1 0.1 0.1 0.1 0.1 0.1 0.1 0.1 0.1 0.1 0.1 0.1 0.1]
 [0.1 0.1 0.1 0.1 0.1 0.1 0.1 0.1 0.1 0.1 0.1 0.1 0.1 0.1 0.1 0.1]
 [0.1 0.1 0.1 0.1 0.1 0.1 0.1 0.1 0.1 0.1 0.1 0.1 0.1 0.1 0.1 0.1]
 [0.1 0.1 0.1 0.1 0.1 0.1 0.1 0.1 0.1 0.1 0.1 0.1 0.1 0.1 0.1 0.1]]

trans
[[0.4279179  0.03065835 0.01238263 0.00944604 0.00834071]
 [0.09080268 0.7678306  0.03213899 0.02625042 0.01765631]
 [0.36982614 0.12779559 0.94130266 0.0183133  0.21362348]
 [0.02391325 0.04518225 0.00632498 0.250012   0.07477219]
 [0.08754    0.02853317 0.00785072 0.6959782  0.6856073 ]]

lengths
[1.2497444 1.167081  1.0708978 1.0270001 1.0061258]

Epoch: 11, Loss: 1180.1468
mean
[[ 2.732063   -2.6070075   1.7495607  -2.5070343   0.86295635  0.5413141
   2.820096   -2.1959355   0.77225745 -2.2028146   2.3921027  -2.817912
   2.0347536   1.337143   -2.2050061  -1.6932371 ]
 [-2.330053    2.3583121  -2.1900764   1.1478058  -2.0541728  -1.7760316
  -2.214853    0.8066472  -1.8184367   2.3701057  -1.2537025   2.0551143
  -2.2725465  -2.0970712   0.3281867   1.9744697 ]
 [ 0.10510953 -0.08717742 -0.03071843 -0.18677455 -0.12734735 -0.18999326
   0.10318477 -0.17558366 -0.14335254 -0.05231109  0.21346796 -0.1386453
   0.02349026 -0.12643659 -0.17805114 -0.03965918]
 [-0.94666606  0.4991531   0.7363635   2.3613842   1.1818792   1.8775082
  -1.150141    2.6186757   1.4772848   0.5971262  -2.603926    1.7478551
   0.6294948   0.5034591   1.216056   -0.9465607 ]
 [-0.03716313 -0.07404044  0.75809646  0.7194648   0.97337985  1.1032791
  -0.04200427  0.95530677  0.9222316  -0.17223041 -0.8686405   0.35593656
   0.534152    1.077329    1.0442066  -0.13034315]]

cov
[[0.1 0.1 0.1 0.1 0.1 0.1 0.1 0.1 0.1 0.1 0.1 0.1 0.1 0.1 0.1 0.1]
 [0.1 0.1 0.1 0.1 0.1 0.1 0.1 0.1 0.1 0.1 0.1 0.1 0.1 0.1 0.1 0.1]
 [0.1 0.1 0.1 0.1 0.1 0.1 0.1 0.1 0.1 0.1 0.1 0.1 0.1 0.1 0.1 0.1]
 [0.1 0.1 0.1 0.1 0.1 0.1 0.1 0.1 0.1 0.1 0.1 0.1 0.1 0.1 0.1 0.1]
 [0.1 0.1 0.1 0.1 0.1 0.1 0.1 0.1 0.1 0.1 0.1 0.1 0.1 0.1 0.1 0.1]]

trans
[[0.40932554 0.03019518 0.01383456 0.00803802 0.00780569]
 [0.08170196 0.7445454  0.02801166 0.02299342 0.01472015]
 [0.38474873 0.14628646 0.944677   0.01586859 0.24945661]
 [0.0221331  0.04862341 0.00542813 0.21344694 0.08962497]
 [0.10209066 0.03034953 0.00804863 0.739653   0.63839257]]

lengths
[1.2451043 1.1880522 1.055499  1.0310203 1.0367529]

Epoch: 12, Loss: 1171.1536
mean
[[ 2.7437942  -2.5982432   1.726122   -2.543962    0.8374165   0.50370866
   2.8589044  -2.2080777   0.7389893  -2.1883826   2.4118307  -2.861049
   2.0108957   1.3208003  -2.214946   -1.6970416 ]
 [-2.476535    2.5048296  -2.3099933   1.220486   -2.1550825  -1.8281173
  -2.3495467   0.868006   -1.895268    2.515354   -1.3250438   2.1658735
  -2.3989818  -2.215747    0.37129557  2.0641992 ]
 [ 0.11283031 -0.06987686 -0.01171993 -0.17289053 -0.10127599 -0.157796
   0.0946936  -0.1763647  -0.08885019 -0.07895197  0.22917691 -0.15690482
  -0.01852285 -0.08427643 -0.17353103 -0.02344782]
 [-0.97516423  0.5369398   0.7217414   2.379741    1.1667566   1.8449215
  -1.192532    2.640533    1.472918    0.60817844 -2.6214964   1.7541323
   0.60604584  0.43547833  1.1724024  -0.95459557]
 [-0.04644557 -0.06099217  0.6975456   0.7163623   0.90907764  1.02666
  -0.05755404  0.90899765  0.84372354 -0.21070835 -0.83506083  0.3724873
   0.49919677  1.0193352   1.039073   -0.11289757]]

cov
[[0.1 0.1 0.1 0.1 0.1 0.1 0.1 0.1 0.1 0.1 0.1 0.1 0.1 0.1 0.1 0.1]
 [0.1 0.1 0.1 0.1 0.1 0.1 0.1 0.1 0.1 0.1 0.1 0.1 0.1 0.1 0.1 0.1]
 [0.1 0.1 0.1 0.1 0.1 0.1 0.1 0.1 0.1 0.1 0.1 0.1 0.1 0.1 0.1 0.1]
 [0.1 0.1 0.1 0.1 0.1 0.1 0.1 0.1 0.1 0.1 0.1 0.1 0.1 0.1 0.1 0.1]
 [0.1 0.1 0.1 0.1 0.1 0.1 0.1 0.1 0.1 0.1 0.1 0.1 0.1 0.1 0.1 0.1]]

trans
[[0.40039065 0.02975728 0.01627002 0.00720464 0.00749199]
 [0.07520807 0.72030884 0.0261124  0.02114427 0.01257991]
 [0.38761413 0.16510244 0.94374955 0.01465783 0.27430907]
 [0.02093596 0.05210065 0.00496304 0.19517018 0.10296087]
 [0.11585117 0.03273081 0.00890497 0.76182306 0.60265815]]

lengths
[1.230029  1.2029868 1.0762436 1.0159156 1.0267966]

Epoch: 13, Loss: 1164.1659
mean
[[ 2.7365966  -2.5771487   1.7076056  -2.5601249   0.8114634   0.474769
   2.8752048  -2.204785    0.712395   -2.168122    2.413757   -2.8812444
   1.9894097   1.301686   -2.211948   -1.7035065 ]
 [-2.592881    2.622742   -2.4091718   1.2653394  -2.2394657  -1.8677151
  -2.4544606   0.9034928  -1.9574738   2.6331177  -1.3679161   2.2458293
  -2.5028565  -2.3154547   0.39542913  2.1328394 ]
 [ 0.08901237 -0.08291401 -0.0491298  -0.15326615 -0.05142769 -0.10812594
   0.08629201 -0.2131227  -0.06131104 -0.09747814  0.20467807 -0.13344514
  -0.0470638  -0.04372435 -0.12155986 -0.00470272]
 [-1.0099461   0.5861184   0.68741465  2.3792455   1.1477091   1.8051404
  -1.2241095   2.6402674   1.4590058   0.63138866 -2.6173468   1.7544497
   0.5579917   0.38274637  1.1395981  -0.9287671 ]
 [-0.04985812 -0.07101612  0.6628027   0.7010782   0.874912    0.9767912
  -0.05661679  0.87140954  0.8381444  -0.24699675 -0.795038    0.3572875
   0.49814892  0.9616926   0.9855748  -0.09203194]]

cov
[[0.1 0.1 0.1 0.1 0.1 0.1 0.1 0.1 0.1 0.1 0.1 0.1 0.1 0.1 0.1 0.1]
 [0.1 0.1 0.1 0.1 0.1 0.1 0.1 0.1 0.1 0.1 0.1 0.1 0.1 0.1 0.1 0.1]
 [0.1 0.1 0.1 0.1 0.1 0.1 0.1 0.1 0.1 0.1 0.1 0.1 0.1 0.1 0.1 0.1]
 [0.1 0.1 0.1 0.1 0.1 0.1 0.1 0.1 0.1 0.1 0.1 0.1 0.1 0.1 0.1 0.1]
 [0.1 0.1 0.1 0.1 0.1 0.1 0.1 0.1 0.1 0.1 0.1 0.1 0.1 0.1 0.1 0.1]]

trans
[[0.40026328 0.02928965 0.01940342 0.00673666 0.00729734]
 [0.06996246 0.6957097  0.02554128 0.02012191 0.01091352]
 [0.38185388 0.18399446 0.93988484 0.01423641 0.2763582 ]
 [0.02024226 0.05556687 0.00476304 0.18948689 0.1111571 ]
 [0.1276781  0.03543934 0.01040743 0.7694181  0.5942738 ]]

lengths
[1.2217257 1.2085835 1.0749984 0.994949  1.0130233]

Epoch: 14, Loss: 1161.2401
mean
[[ 2.7173731  -2.5504563   1.6958166  -2.5610316   0.79110295  0.45781294
   2.874556   -2.1921341   0.6960384  -2.1478395   2.4038916  -2.883929
   1.9734764   1.2839212  -2.2012072  -1.7087572 ]
 [-2.6820774   2.7147663  -2.4901836   1.2854507  -2.3105068  -1.9003217
  -2.5324273   0.9154181  -2.0084224   2.7265468  -1.3862463   2.2989352
  -2.5869296  -2.3978775   0.4001331   2.1855845 ]
 [ 0.10368544 -0.06656525 -0.07920218 -0.16215849 -0.03908815 -0.10054559
   0.09097166 -0.21977651 -0.08806964 -0.06627964  0.1933394  -0.13663217
  -0.02727534 -0.05202538 -0.08720987 -0.0195381 ]
 [-1.0456414   0.6377943   0.640228    2.3601265   1.1199142   1.7567369
  -1.2405174   2.619919    1.4316393   0.6656276  -2.5941277   1.7481949
   0.4944786   0.34446967  1.1188514  -0.8747116 ]
 [-0.0232589  -0.10175317  0.68833935  0.68085754  0.89991397  1.0027267
  -0.03047782  0.8720557   0.89352256 -0.24540535 -0.78194785  0.32290033
   0.5290672   0.95987797  0.93213886 -0.10102892]]

cov
[[0.1 0.1 0.1 0.1 0.1 0.1 0.1 0.1 0.1 0.1 0.1 0.1 0.1 0.1 0.1 0.1]
 [0.1 0.1 0.1 0.1 0.1 0.1 0.1 0.1 0.1 0.1 0.1 0.1 0.1 0.1 0.1 0.1]
 [0.1 0.1 0.1 0.1 0.1 0.1 0.1 0.1 0.1 0.1 0.1 0.1 0.1 0.1 0.1 0.1]
 [0.1 0.1 0.1 0.1 0.1 0.1 0.1 0.1 0.1 0.1 0.1 0.1 0.1 0.1 0.1 0.1]
 [0.1 0.1 0.1 0.1 0.1 0.1 0.1 0.1 0.1 0.1 0.1 0.1 0.1 0.1 0.1 0.1]]

trans
[[0.40670297 0.02877174 0.0227911  0.00652272 0.0071927 ]
 [0.06560077 0.6715611  0.02575961 0.01962794 0.00959338]
 [0.36929032 0.20249033 0.9342107  0.01458398 0.26222712]
 [0.01979584 0.05883164 0.0047492  0.1938849  0.11373518]
 [0.13861008 0.03834519 0.01248938 0.7653805  0.6072516 ]]

lengths
[1.2237666 1.2080257 1.0628911 0.9848832 1.0278538]

Epoch: 15, Loss: 1157.0805
mean
[[ 2.6919994  -2.5234463   1.6906766  -2.551106    0.78003496  0.45312747
   2.8619478  -2.1744926   0.6907587  -2.1315277   2.3868742  -2.87393
   1.9642233   1.2701914  -2.1861882  -1.7105113 ]
 [-2.748923    2.7861674  -2.5576882   1.287952   -2.3709245  -1.9302003
  -2.5887237   0.90931344 -2.052826    2.7992842  -1.3872331   2.3320723
  -2.6556578  -2.464782    0.38734642  2.2291222 ]
 [ 0.08582003 -0.06388754 -0.06666694 -0.16805775 -0.06839871 -0.1322419
   0.07674075 -0.19325681 -0.12355686 -0.05945458  0.20621055 -0.13796559
  -0.01336241 -0.08797568 -0.09671251 -0.01324924]
 [-1.0836005   0.6936864   0.5729257   2.3223374   1.0734348   1.6915435
  -1.2478573   2.578874    1.3814596   0.7111517  -2.5519962   1.7371833
   0.4114021   0.30580798  1.1084398  -0.7949417 ]
 [ 0.01561686 -0.14010416  0.75262517  0.6662468   0.9534248   1.0670114
   0.00818669  0.887678    0.9419215  -0.24214761 -0.7877562   0.29595557
   0.57362527  1.0192219   0.91343284 -0.14091387]]

cov
[[0.1 0.1 0.1 0.1 0.1 0.1 0.1 0.1 0.1 0.1 0.1 0.1 0.1 0.1 0.1 0.1]
 [0.1 0.1 0.1 0.1 0.1 0.1 0.1 0.1 0.1 0.1 0.1 0.1 0.1 0.1 0.1 0.1]
 [0.1 0.1 0.1 0.1 0.1 0.1 0.1 0.1 0.1 0.1 0.1 0.1 0.1 0.1 0.1 0.1]
 [0.1 0.1 0.1 0.1 0.1 0.1 0.1 0.1 0.1 0.1 0.1 0.1 0.1 0.1 0.1 0.1]
 [0.1 0.1 0.1 0.1 0.1 0.1 0.1 0.1 0.1 0.1 0.1 0.1 0.1 0.1 0.1 0.1]]

trans
[[0.4168484  0.02820748 0.0257878  0.006526   0.0071844 ]
 [0.06197113 0.64895636 0.02637581 0.01963941 0.0085613 ]
 [0.3519342  0.21965621 0.9279527  0.01625149 0.24826248]
 [0.01951317 0.06184312 0.00489117 0.20811051 0.11242238]
 [0.14973314 0.04133686 0.01499253 0.7494726  0.6235694 ]]

lengths
[1.2303886 1.2071695 1.0722026 0.9905383 1.0238582]

Epoch: 16, Loss: 1151.8014
mean
[[ 2.6656516  -2.5002947   1.6910527  -2.5346503   0.7782569   0.45778328
   2.8422642  -2.155618    0.6943528  -2.1213627   2.3669004  -2.8560758
   1.9614544   1.2615945  -2.170103   -1.709079  ]
 [-2.7981799   2.8416193  -2.6170855   1.2757716  -2.4258285  -1.9637384
  -2.6281705   0.88653404 -2.095957    2.8560889  -1.373449    2.3498948
  -2.7143261  -2.521474    0.35678515  2.2688205 ]
 [ 0.08110686 -0.06164281 -0.04828193 -0.15265992 -0.09755766 -0.15782517
   0.07515939 -0.17767146 -0.12370038 -0.07137804  0.2035833  -0.11916848
  -0.03393849 -0.10344568 -0.12246382  0.00646747]
 [-1.1361837   0.7792355   0.46268713  2.2667215   0.99542475  1.5964869
  -1.2604287   2.5149775   1.2876878   0.772737   -2.4917877   1.7306447
   0.28999937  0.2553684   1.1082892  -0.6714746 ]
 [ 0.07969232 -0.20686351  0.83010685  0.63827974  1.0107869   1.1208702
   0.07010379  0.87451667  0.9800526  -0.30011424 -0.76640075  0.24616255
   0.6377171   1.104495    0.9345108  -0.19730636]]

cov
[[0.1 0.1 0.1 0.1 0.1 0.1 0.1 0.1 0.1 0.1 0.1 0.1 0.1 0.1 0.1 0.1]
 [0.1 0.1 0.1 0.1 0.1 0.1 0.1 0.1 0.1 0.1 0.1 0.1 0.1 0.1 0.1 0.1]
 [0.1 0.1 0.1 0.1 0.1 0.1 0.1 0.1 0.1 0.1 0.1 0.1 0.1 0.1 0.1 0.1]
 [0.1 0.1 0.1 0.1 0.1 0.1 0.1 0.1 0.1 0.1 0.1 0.1 0.1 0.1 0.1 0.1]
 [0.1 0.1 0.1 0.1 0.1 0.1 0.1 0.1 0.1 0.1 0.1 0.1 0.1 0.1 0.1 0.1]]

trans
[[0.42716962 0.02760527 0.0277531  0.00678567 0.00729718]
 [0.05882284 0.6277159  0.02716683 0.02027314 0.00778087]
 [0.33511302 0.23556983 0.9221779  0.02029426 0.24778683]
 [0.01930862 0.06514417 0.00520237 0.2370542  0.10566777]
 [0.1595859  0.04396485 0.01769981 0.71559274 0.63146734]]

lengths
[1.2344664 1.2104567 1.07425   1.029706  1.0042816]

Epoch: 17, Loss: 1143.0145
mean
[[ 2.642225   -2.4834917   1.695076   -2.5154326   0.7831372   0.46728733
   2.8197641  -2.1383579   0.702724   -2.1176476   2.3473382  -2.8346581
   1.9637282   1.2579697  -2.155384   -1.7059186 ]
 [-2.833471    2.8836908  -2.67042     1.250784   -2.479166   -2.0043852
  -2.6543458   0.8498596  -2.1394434   2.9012265  -1.3467556   2.3551276
  -2.7657993  -2.5728843   0.31356657  2.3064864 ]
 [ 0.08228493 -0.05010483 -0.05918139 -0.14123422 -0.09513126 -0.15074567
   0.06689538 -0.18558708 -0.10048967 -0.06082918  0.18554565 -0.12074254
  -0.04961936 -0.08837102 -0.12863468  0.00102679]
 [-1.1939669   0.88494074  0.3173468   2.1874588   0.881817    1.4659771
  -1.2696296   2.4225984   1.1438873   0.84390116 -2.4097579   1.721358
   0.1389585   0.19822893  1.1102875  -0.5039089 ]
 [ 0.1743186  -0.3035127   0.90343595  0.58525425  1.0670732   1.1540126
   0.1547008   0.8252418   1.0312724  -0.4129315  -0.70258147  0.1594894
   0.7181545   1.1792501   0.9668607  -0.2558991 ]]

cov
[[0.1 0.1 0.1 0.1 0.1 0.1 0.1 0.1 0.1 0.1 0.1 0.1 0.1 0.1 0.1 0.1]
 [0.1 0.1 0.1 0.1 0.1 0.1 0.1 0.1 0.1 0.1 0.1 0.1 0.1 0.1 0.1 0.1]
 [0.1 0.1 0.1 0.1 0.1 0.1 0.1 0.1 0.1 0.1 0.1 0.1 0.1 0.1 0.1 0.1]
 [0.1 0.1 0.1 0.1 0.1 0.1 0.1 0.1 0.1 0.1 0.1 0.1 0.1 0.1 0.1 0.1]
 [0.1 0.1 0.1 0.1 0.1 0.1 0.1 0.1 0.1 0.1 0.1 0.1 0.1 0.1 0.1 0.1]]

trans
[[0.4361917  0.02696847 0.02829926 0.00739294 0.00756585]
 [0.05615322 0.6077134  0.02798154 0.0215451  0.00722701]
 [0.31814098 0.2502376  0.91767585 0.0285753  0.26639757]
 [0.01918092 0.06925463 0.00569079 0.2895929  0.09774996]
 [0.17033316 0.04582589 0.02035256 0.6528937  0.6210596 ]]

lengths
[1.232934  1.2165005 1.0670128 1.0597057 1.0160064]

Epoch: 18, Loss: 1133.8650
mean
[[ 2.6243496  -2.4739432   1.7005029  -2.496617    0.79102206  0.47706747
   2.7979527  -2.1248558   0.71125203 -2.1196463   2.330811   -2.8133059
   1.9689031   1.258309   -2.143817   -1.7025472 ]
 [-2.8585196   2.9156349  -2.7172074   1.2195684  -2.5299754  -2.0491617
  -2.670539    0.80767345 -2.1824014   2.937173   -1.3145481   2.3526168
  -2.8108118  -2.6182463   0.26942807  2.3422077 ]
 [ 0.07861908 -0.05830736 -0.07923587 -0.14874089 -0.07549319 -0.13139427
   0.06904889 -0.1948767  -0.09251518 -0.0559967   0.18715768 -0.12404659
  -0.04023887 -0.07526612 -0.11369357 -0.00155011]
 [-1.2407714   0.9810111   0.16855872  2.085474    0.74188614  1.308204
  -1.2660719   2.3046038   0.96624774  0.91261667 -2.3081193   1.7008917
  -0.01404851  0.14534625  1.1089647  -0.31219754]
 [ 0.24004509 -0.38079557  0.9508658   0.5471811   1.1036531   1.1756762
   0.20851387  0.78523755  1.0830001  -0.49497995 -0.6454884   0.09706104
   0.78264385  1.2018933   0.9641218  -0.32128912]]

cov
[[0.1 0.1 0.1 0.1 0.1 0.1 0.1 0.1 0.1 0.1 0.1 0.1 0.1 0.1 0.1 0.1]
 [0.1 0.1 0.1 0.1 0.1 0.1 0.1 0.1 0.1 0.1 0.1 0.1 0.1 0.1 0.1 0.1]
 [0.1 0.1 0.1 0.1 0.1 0.1 0.1 0.1 0.1 0.1 0.1 0.1 0.1 0.1 0.1 0.1]
 [0.1 0.1 0.1 0.1 0.1 0.1 0.1 0.1 0.1 0.1 0.1 0.1 0.1 0.1 0.1 0.1]
 [0.1 0.1 0.1 0.1 0.1 0.1 0.1 0.1 0.1 0.1 0.1 0.1 0.1 0.1 0.1 0.1]]

trans
[[0.44271448 0.02630509 0.0275793  0.00811673 0.00801338]
 [0.05392188 0.5893687  0.02869629 0.02259143 0.00683956]
 [0.29972535 0.26317754 0.9142318  0.0407655  0.3035863 ]
 [0.01912296 0.07435416 0.00629254 0.3608323  0.09361672]
 [0.18451531 0.04679447 0.02320006 0.567694   0.58794403]]

lengths
[1.2279772 1.2247003 1.0714535 1.0509431 1.0174559]

Epoch: 19, Loss: 1123.0691
mean
[[ 2.6159575  -2.4725237   1.7029926  -2.4827292   0.7986699   0.48079026
   2.7812133  -2.120349    0.71157324 -2.1311727   2.3222814  -2.7969098
   1.9743856   1.2610127  -2.1396487  -1.6984552 ]
 [-2.874558    2.938227   -2.7567503   1.1869601  -2.576227   -2.0941374
  -2.6786065   0.7655326  -2.2223952   2.9642801  -1.2810357   2.3446286
  -2.8486974  -2.6569107   0.22875649  2.3744001 ]
 [ 0.09446262 -0.06388723 -0.07053324 -0.15887833 -0.06388327 -0.1248256
   0.08293571 -0.19403    -0.10417228 -0.07591451  0.20336616 -0.12837425
  -0.02718811 -0.07470326 -0.09841283  0.00445571]
 [-1.2916555   1.0843792  -0.00004807  1.9597309   0.5648217   1.1112908
  -1.2622083   2.1581695   0.7463137   0.9875809  -2.1845613   1.6701297
  -0.18921122  0.08132919  1.0969483  -0.08018935]
 [ 0.25274882 -0.43259692  1.0083491   0.59917706  1.1566263   1.2587823
   0.1973069   0.8468104   1.1884915  -0.49921724 -0.6854531   0.11917537
   0.86332947  1.1845495   0.9216722  -0.43861106]]

cov
[[0.1 0.1 0.1 0.1 0.1 0.1 0.1 0.1 0.1 0.1 0.1 0.1 0.1 0.1 0.1 0.1]
 [0.1 0.1 0.1 0.1 0.1 0.1 0.1 0.1 0.1 0.1 0.1 0.1 0.1 0.1 0.1 0.1]
 [0.1 0.1 0.1 0.1 0.1 0.1 0.1 0.1 0.1 0.1 0.1 0.1 0.1 0.1 0.1 0.1]
 [0.1 0.1 0.1 0.1 0.1 0.1 0.1 0.1 0.1 0.1 0.1 0.1 0.1 0.1 0.1 0.1]
 [0.1 0.1 0.1 0.1 0.1 0.1 0.1 0.1 0.1 0.1 0.1 0.1 0.1 0.1 0.1 0.1]]

trans
[[0.4424073  0.02563821 0.02612283 0.00871719 0.00859604]
 [0.05190407 0.57263565 0.02924059 0.02333573 0.0064861 ]
 [0.28194106 0.27391398 0.9116769  0.05615777 0.33853236]
 [0.01858995 0.08069735 0.00702334 0.43314788 0.09023965]
 [0.2051576  0.04711484 0.02593636 0.47864142 0.55614585]]

lengths
[1.2264549 1.2279975 1.0730758 1.0459256 0.9975558]

Epoch: 20, Loss: 1108.2794
mean
[[ 2.6154053  -2.476977    1.7029011  -2.4738958   0.80397743  0.4793974
   2.7699533  -2.1227453   0.70618504 -2.146731    2.3204575  -2.7858748
   1.9788097   1.2648022  -2.1411526  -1.6953125 ]
 [-2.8843982   2.9536593  -2.7915964   1.1550031  -2.620221   -2.1402102
  -2.6821601   0.72510266 -2.259816    2.985534   -1.2473944   2.333494
  -2.8817976  -2.6931567   0.19050543  2.4042602 ]
 [ 0.09534777 -0.06873886 -0.04582321 -0.15581465 -0.06372453 -0.12834038
   0.08201515 -0.18868175 -0.10715549 -0.0824403   0.202932   -0.13527277
  -0.02484566 -0.07249529 -0.09545391 -0.00303529]
 [-1.3551363   1.1959655  -0.18174535  1.8289143   0.3653533   0.8892952
  -1.2811214   1.9985462   0.5017758   1.0675801  -2.0541968   1.6480186
  -0.37492827 -0.00650543  1.0712249   0.15623225]
 [ 0.19541055 -0.41353682  1.0632033   0.717633    1.2165005   1.3683646
   0.1368396   0.9879173   1.2826239  -0.43994582 -0.82010484  0.21324646
   0.9084466   1.1846535   0.8964143  -0.53738546]]

cov
[[0.1 0.1 0.1 0.1 0.1 0.1 0.1 0.1 0.1 0.1 0.1 0.1 0.1 0.1 0.1 0.1]
 [0.1 0.1 0.1 0.1 0.1 0.1 0.1 0.1 0.1 0.1 0.1 0.1 0.1 0.1 0.1 0.1]
 [0.1 0.1 0.1 0.1 0.1 0.1 0.1 0.1 0.1 0.1 0.1 0.1 0.1 0.1 0.1 0.1]
 [0.1 0.1 0.1 0.1 0.1 0.1 0.1 0.1 0.1 0.1 0.1 0.1 0.1 0.1 0.1 0.1]
 [0.1 0.1 0.1 0.1 0.1 0.1 0.1 0.1 0.1 0.1 0.1 0.1 0.1 0.1 0.1 0.1]]

trans
[[0.43627915 0.02500012 0.02452392 0.00918569 0.00917774]
 [0.04995927 0.5573746  0.02957366 0.02446676 0.00613472]
 [0.26739913 0.28130725 0.9100259  0.0784658  0.35399225]
 [0.017603   0.08930293 0.007917   0.4814135  0.08519757]
 [0.22875944 0.0470151  0.02795953 0.40646824 0.5454977 ]]

lengths
[1.2283748 1.2152622 1.0678495 1.053793  1.0074798]

Epoch: 21, Loss: 1097.3955
mean
[[ 2.6197476  -2.4843948   1.7015969  -2.4691117   0.80619377  0.47565386
   2.7634041  -2.1286592   0.69972384 -2.160224    2.3227654  -2.7793665
   1.9815663   1.268665   -2.1455956  -1.6943239 ]
 [-2.890379    2.9640925  -2.8215728   1.1279297  -2.660442   -2.1838539
  -2.6835308   0.69134307 -2.2932305   3.0023782  -1.218251    2.3223956
  -2.910231   -2.7259862   0.15946028  2.4312327 ]
 [ 0.11276869 -0.09240803 -0.03002097 -0.15752432 -0.05974473 -0.12272993
   0.10290603 -0.18927254 -0.08465517 -0.08531644  0.19799611 -0.14788654
  -0.01240659 -0.05802441 -0.10095896 -0.02139417]
 [-1.4102567   1.2824007  -0.3525732   1.7103733   0.16962469  0.66552466
  -1.3239158   1.8412082   0.2640328   1.1307465  -1.9282216   1.6378772
  -0.54000974 -0.12177916  1.0351315   0.3459537 ]
 [ 0.08759648 -0.31145617  1.0857382   0.8634148   1.2696086   1.4581292
   0.04829767  1.1538148   1.3157669  -0.35808182 -1.0053844   0.34927356
   0.8866181   1.238704    0.9320897  -0.54749817]]

cov
[[0.1 0.1 0.1 0.1 0.1 0.1 0.1 0.1 0.1 0.1 0.1 0.1 0.1 0.1 0.1 0.1]
 [0.1 0.1 0.1 0.1 0.1 0.1 0.1 0.1 0.1 0.1 0.1 0.1 0.1 0.1 0.1 0.1]
 [0.1 0.1 0.1 0.1 0.1 0.1 0.1 0.1 0.1 0.1 0.1 0.1 0.1 0.1 0.1 0.1]
 [0.1 0.1 0.1 0.1 0.1 0.1 0.1 0.1 0.1 0.1 0.1 0.1 0.1 0.1 0.1 0.1]
 [0.1 0.1 0.1 0.1 0.1 0.1 0.1 0.1 0.1 0.1 0.1 0.1 0.1 0.1 0.1 0.1]]

trans
[[0.4282616  0.02438657 0.02311188 0.0095552  0.0096373 ]
 [0.04815648 0.5437217  0.029629   0.02591386 0.00578594]
 [0.26930743 0.28469396 0.9101043  0.11160733 0.3350318 ]
 [0.01639808 0.10070463 0.00894988 0.48920304 0.07889689]
 [0.23787643 0.04649319 0.02820498 0.36372057 0.5706481 ]]

lengths
[1.2314306 1.1964862 1.0689067 1.0661355 1.0205234]

Epoch: 22, Loss: 1088.5034
mean
[[ 2.623607   -2.4907932   1.7022227  -2.4650166   0.8058496   0.47485474
   2.7586882  -2.1313975   0.700034   -2.162932    2.323673   -2.7741525
   1.982803    1.2720927  -2.1474874  -1.6966412 ]
 [-2.8965545   2.973985   -2.8496177   1.1092101  -2.697891   -2.2249935
  -2.68673     0.6670458  -2.3245244   3.017789   -1.1973063   2.3157184
  -2.9370275  -2.756477    0.13905089  2.4584236 ]
 [ 0.11234648 -0.08523832 -0.02941237 -0.1641915  -0.04911387 -0.10825089
   0.10058685 -0.19185342 -0.06407713 -0.09342194  0.2015237  -0.1474039
   0.00103823 -0.04295032 -0.10405586 -0.02149821]
 [-1.4380983   1.3270415  -0.49592817  1.5989997  -0.01509247  0.44825727
  -1.3635015   1.6870929   0.04840956  1.1776333  -1.8035518   1.6221712
  -0.67008734 -0.25548887  0.98523086  0.4745311 ]
 [ 0.02072282 -0.22871728  1.0709748   0.98986983  1.3206261   1.515993
  -0.03161326  1.2741905   1.3290486  -0.32559404 -1.149239    0.4532976
   0.85276204  1.2961717   1.0191402  -0.49770388]]

cov
[[0.1 0.1 0.1 0.1 0.1 0.1 0.1 0.1 0.1 0.1 0.1 0.1 0.1 0.1 0.1 0.1]
 [0.1 0.1 0.1 0.1 0.1 0.1 0.1 0.1 0.1 0.1 0.1 0.1 0.1 0.1 0.1 0.1]
 [0.1 0.1 0.1 0.1 0.1 0.1 0.1 0.1 0.1 0.1 0.1 0.1 0.1 0.1 0.1 0.1]
 [0.1 0.1 0.1 0.1 0.1 0.1 0.1 0.1 0.1 0.1 0.1 0.1 0.1 0.1 0.1 0.1]
 [0.1 0.1 0.1 0.1 0.1 0.1 0.1 0.1 0.1 0.1 0.1 0.1 0.1 0.1 0.1 0.1]]

trans
[[0.4233052  0.02379321 0.02203289 0.00983998 0.00995045]
 [0.04654389 0.5320524  0.02935642 0.0277923  0.00541999]
 [0.28881755 0.28364688 0.91134876 0.15576188 0.3059047 ]
 [0.01517718 0.11482742 0.01016414 0.47001344 0.07046015]
 [0.22615613 0.0456801  0.02709775 0.33659238 0.60826474]]

lengths
[1.231011  1.1824    1.0691702 1.0618396 1.0185682]

Epoch: 23, Loss: 1082.8756
mean
[[ 2.623827   -2.4924228   1.7026498  -2.4582214   0.8069624   0.47906667
   2.7531576  -2.127745    0.7065506  -2.1562884   2.3199117  -2.7673934
   1.9805923   1.2751385  -2.142428   -1.696482  ]
 [-2.9068592   2.9875526  -2.8786223   1.1007478  -2.735011   -2.265076
  -2.6960385   0.6538894  -2.356379    3.0354474  -1.1869421   2.3173144
  -2.965355   -2.7883205   0.12795372  2.487087  ]
 [ 0.11926757 -0.09695277 -0.02642069 -0.16359642 -0.03843571 -0.09730625
   0.10683906 -0.19003175 -0.06449677 -0.09962613  0.20451222 -0.14989546
   0.00356905 -0.03740931 -0.10002081 -0.0246322 ]
 [-1.4452834   1.3439101  -0.61037004  1.4884852  -0.18878004  0.24086872
  -1.3801138   1.5351753  -0.14041238  1.221543   -1.6778295   1.5899956
  -0.76965487 -0.3955625   0.91882753  0.55386406]
 [-0.00117615 -0.20805372  1.0389649   1.0701346   1.3487209   1.5421525
  -0.08588421  1.3327019   1.3586737  -0.32592925 -1.215095    0.5042847
   0.843503    1.3019689   1.1122926  -0.44496208]]

cov
[[0.1 0.1 0.1 0.1 0.1 0.1 0.1 0.1 0.1 0.1 0.1 0.1 0.1 0.1 0.1 0.1]
 [0.1 0.1 0.1 0.1 0.1 0.1 0.1 0.1 0.1 0.1 0.1 0.1 0.1 0.1 0.1 0.1]
 [0.1 0.1 0.1 0.1 0.1 0.1 0.1 0.1 0.1 0.1 0.1 0.1 0.1 0.1 0.1 0.1]
 [0.1 0.1 0.1 0.1 0.1 0.1 0.1 0.1 0.1 0.1 0.1 0.1 0.1 0.1 0.1 0.1]
 [0.1 0.1 0.1 0.1 0.1 0.1 0.1 0.1 0.1 0.1 0.1 0.1 0.1 0.1 0.1 0.1]]

trans
[[0.4189834  0.02320562 0.02146474 0.01010339 0.01013562]
 [0.04499127 0.5217036  0.02873098 0.03105649 0.00504666]
 [0.32370326 0.27906877 0.9129319  0.19942196 0.2837323 ]
 [0.01446383 0.13134645 0.01169813 0.4417522  0.0601341 ]
 [0.19785824 0.04467556 0.02517422 0.31766596 0.64095134]]

lengths
[1.226155  1.1789019 1.0653026 1.042993  1.0235785]

Epoch: 24, Loss: 1078.4990
mean
[[ 2.621521   -2.4904702   1.7028403  -2.450481    0.8087      0.48535317
   2.7478025  -2.1203287   0.71503    -2.1449792   2.3135347  -2.760469
   1.9766028   1.2773443  -2.1334662  -1.6946884 ]
 [-2.9234612   3.0080192  -2.910805    1.102947   -2.7726424  -2.3045027
  -2.7133534   0.65143466 -2.3917196   3.0573132  -1.1882648   2.3295195
  -2.9971173  -2.8233886   0.12101801  2.515855  ]
 [ 0.11789688 -0.09401709 -0.0221966  -0.15847568 -0.03673807 -0.09849279
   0.10600145 -0.18701272 -0.07406468 -0.09714748  0.2010063  -0.15138821
  -0.00009817 -0.04159386 -0.09598284 -0.02817297]
 [-1.4501299   1.3494589  -0.69017464  1.3832874  -0.34437165  0.05529521
  -1.3767679   1.3948214  -0.28804663  1.27222    -1.5586277   1.5466503
  -0.8412908  -0.52497923  0.85438555  0.6071017 ]
 [ 0.00362638 -0.22586426  1.0179622   1.0770906   1.3396392   1.5309683
  -0.08872227  1.3234178   1.3700628  -0.331379   -1.2004449   0.49905336
   0.8499391   1.2613181   1.1591195  -0.43255693]]

cov
[[0.1 0.1 0.1 0.1 0.1 0.1 0.1 0.1 0.1 0.1 0.1 0.1 0.1 0.1 0.1 0.1]
 [0.1 0.1 0.1 0.1 0.1 0.1 0.1 0.1 0.1 0.1 0.1 0.1 0.1 0.1 0.1 0.1]
 [0.1 0.1 0.1 0.1 0.1 0.1 0.1 0.1 0.1 0.1 0.1 0.1 0.1 0.1 0.1 0.1]
 [0.1 0.1 0.1 0.1 0.1 0.1 0.1 0.1 0.1 0.1 0.1 0.1 0.1 0.1 0.1 0.1]
 [0.1 0.1 0.1 0.1 0.1 0.1 0.1 0.1 0.1 0.1 0.1 0.1 0.1 0.1 0.1 0.1]]

trans
[[0.41361946 0.02262433 0.02132618 0.01044961 0.01029395]
 [0.04283036 0.51252186 0.0278678  0.03637376 0.00471591]
 [0.36347368 0.27154997 0.9139668  0.22858879 0.2755213 ]
 [0.01436838 0.14959796 0.01363987 0.4187231  0.05051309]
 [0.16570811 0.04370588 0.02319937 0.30586472 0.6589557 ]]

lengths
[1.2223802 1.1831825 1.0675771 1.0367527 1.0236701]

Epoch: 25, Loss: 1076.4923
mean
[[ 2.6178856  -2.4864533   1.7028252  -2.4431415   0.8103263   0.49118632
   2.7432933  -2.1115477   0.7220237  -2.1334784   2.3063521  -2.7543676
   1.9724317   1.2785672  -2.1232476  -1.6925156 ]
 [-2.944885    3.0346124  -2.9460526   1.1132581  -2.8097308  -2.3426492
  -2.737071    0.65632945 -2.4305136   3.0817149  -1.1980125   2.3500745
  -3.0318694  -2.8598757   0.11807713  2.5450292 ]
 [ 0.1197352  -0.09455302 -0.02285155 -0.16217794 -0.04196967 -0.10533075
   0.10712481 -0.18955934 -0.07515284 -0.0988097   0.20174733 -0.15168692
   0.00162755 -0.04432635 -0.0985213  -0.0245943 ]
 [-1.4659652   1.3551378  -0.73155284  1.2954423  -0.46896762 -0.09202202
  -1.3667068   1.2793777  -0.3835263   1.3264173  -1.4594765   1.5079423
  -0.88366973 -0.62694544  0.79967725  0.64056545]
 [-0.00182911 -0.22726819  1.0056645   1.0434645   1.3053734   1.4959652
  -0.07897264  1.2881973   1.3435639  -0.32121864 -1.158465    0.48549715
   0.83700013  1.2056602   1.1496673  -0.45624825]]

cov
[[0.1 0.1 0.1 0.1 0.1 0.1 0.1 0.1 0.1 0.1 0.1 0.1 0.1 0.1 0.1 0.1]
 [0.1 0.1 0.1 0.1 0.1 0.1 0.1 0.1 0.1 0.1 0.1 0.1 0.1 0.1 0.1 0.1]
 [0.1 0.1 0.1 0.1 0.1 0.1 0.1 0.1 0.1 0.1 0.1 0.1 0.1 0.1 0.1 0.1]
 [0.1 0.1 0.1 0.1 0.1 0.1 0.1 0.1 0.1 0.1 0.1 0.1 0.1 0.1 0.1 0.1]
 [0.1 0.1 0.1 0.1 0.1 0.1 0.1 0.1 0.1 0.1 0.1 0.1 0.1 0.1 0.1 0.1]]

trans
[[0.40964293 0.02203976 0.02153737 0.01087323 0.01050681]
 [0.04037363 0.5041591  0.02690385 0.04389474 0.00445605]
 [0.39583114 0.2617267  0.9137387  0.2458247  0.2797673 ]
 [0.01481614 0.16932786 0.01615692 0.39487946 0.04336831]
 [0.13933614 0.04274659 0.02166314 0.30452785 0.66190153]]

lengths
[1.222589  1.1928333 1.0686964 1.0482224 1.0186979]

Epoch: 26, Loss: 1074.6752
mean
[[ 2.6139805  -2.481836    1.7026742  -2.4370852   0.81138986  0.4950358
   2.7399855  -2.1032717   0.725737   -2.1249466   2.299739   -2.7496688
   1.9692203   1.2789022  -2.11375    -1.690987  ]
 [-2.9696243   3.0648627  -2.9830852   1.1265382  -2.846874   -2.3802722
  -2.764507    0.6636955  -2.4709356   3.1082435  -1.2106901   2.3747823
  -3.0684767  -2.8974378   0.12118299  2.574351  ]
 [ 0.12267829 -0.0990881  -0.02386201 -0.16750842 -0.04390692 -0.10652745
   0.11124627 -0.19389214 -0.06889431 -0.10266264  0.20662218 -0.15459321
   0.00555205 -0.04029834 -0.10316171 -0.02715586]
 [-1.4931272   1.3781191  -0.75918305  1.2339368  -0.55717623 -0.19659232
  -1.368513    1.1948591  -0.43719676  1.3714404  -1.3883319   1.4894879
  -0.91402555 -0.6985471   0.7500379   0.6677785 ]
 [-0.02675752 -0.19966844  0.9909418   1.0169177   1.2657607   1.4610622
  -0.09232816  1.270443    1.3014114  -0.292656   -1.1401764   0.49416885
   0.8039087   1.1667093   1.1035306  -0.47780094]]

cov
[[0.1 0.1 0.1 0.1 0.1 0.1 0.1 0.1 0.1 0.1 0.1 0.1 0.1 0.1 0.1 0.1]
 [0.1 0.1 0.1 0.1 0.1 0.1 0.1 0.1 0.1 0.1 0.1 0.1 0.1 0.1 0.1 0.1]
 [0.1 0.1 0.1 0.1 0.1 0.1 0.1 0.1 0.1 0.1 0.1 0.1 0.1 0.1 0.1 0.1]
 [0.1 0.1 0.1 0.1 0.1 0.1 0.1 0.1 0.1 0.1 0.1 0.1 0.1 0.1 0.1 0.1]
 [0.1 0.1 0.1 0.1 0.1 0.1 0.1 0.1 0.1 0.1 0.1 0.1 0.1 0.1 0.1 0.1]]

trans
[[0.41144624 0.02144288 0.02199754 0.01127806 0.01071105]
 [0.03823151 0.4959007  0.02594198 0.0532403  0.00423434]
 [0.41164485 0.25070804 0.9118977  0.25972474 0.28863853]
 [0.01581031 0.1901725  0.01937431 0.37016463 0.0378173 ]
 [0.12286709 0.0417759  0.02078847 0.30559227 0.6585988 ]]

lengths
[1.2256689 1.2058984 1.0669334 1.0559475 1.0202479]

Epoch: 27, Loss: 1073.2608
mean
[[ 2.6105895  -2.4777584   1.7024652  -2.432751    0.81176025  0.49646658
   2.737963   -2.0967062   0.7260598  -2.1207736   2.2945588  -2.7465878
   1.9674984   1.2785828  -2.1062028  -1.6905328 ]
 [-2.9997323   3.0996912  -3.0220122   1.1448555  -2.8843226  -2.4167757
  -2.797088    0.6756798  -2.511372    3.1384268  -1.2281954   2.4050312
  -3.1076972  -2.9357045   0.13527805  2.606737  ]
 [ 0.12206836 -0.09537624 -0.02208353 -0.16640148 -0.03971288 -0.10204458
   0.10964725 -0.19475785 -0.06706263 -0.10284322  0.20774223 -0.15539728
   0.00496243 -0.03580361 -0.10365815 -0.0294536 ]
 [-1.5080462   1.4027836  -0.7875475   1.1924139  -0.6137666  -0.26446316
  -1.3761148   1.1351141  -0.46428382  1.3954538  -1.3388983   1.4821573
  -0.94038665 -0.74596196  0.6932305   0.68938804]
 [-0.04061871 -0.17706192  0.9792206   1.0161185   1.244643    1.4480422
  -0.11032724  1.2767005   1.2799686  -0.26908386 -1.1509106   0.5084295
   0.7878104   1.1605244   1.0559266  -0.4754431 ]]

cov
[[0.1 0.1 0.1 0.1 0.1 0.1 0.1 0.1 0.1 0.1 0.1 0.1 0.1 0.1 0.1 0.1]
 [0.1 0.1 0.1 0.1 0.1 0.1 0.1 0.1 0.1 0.1 0.1 0.1 0.1 0.1 0.1 0.1]
 [0.1 0.1 0.1 0.1 0.1 0.1 0.1 0.1 0.1 0.1 0.1 0.1 0.1 0.1 0.1 0.1]
 [0.1 0.1 0.1 0.1 0.1 0.1 0.1 0.1 0.1 0.1 0.1 0.1 0.1 0.1 0.1 0.1]
 [0.1 0.1 0.1 0.1 0.1 0.1 0.1 0.1 0.1 0.1 0.1 0.1 0.1 0.1 0.1 0.1]]

trans
[[0.4201473  0.02083803 0.02256102 0.01156766 0.01087013]
 [0.03665825 0.4877004  0.02495258 0.06399424 0.00403288]
 [0.41029817 0.23877025 0.90857327 0.27736574 0.2947957 ]
 [0.01737946 0.2118914  0.02344697 0.34482306 0.03364249]
 [0.11551683 0.04079991 0.02046613 0.30224928 0.65665877]]

lengths
[1.2281867 1.2211467 1.0681254 1.0485786 1.0216031]

Epoch: 28, Loss: 1072.3709
mean
[[ 2.6081655  -2.4749      1.7022641  -2.4302053   0.8115593   0.49589103
   2.7371058  -2.0923998   0.7240351  -2.1207209   2.291184   -2.7450495
   1.9672334   1.2778914  -2.1011376  -1.6909827 ]
 [-3.0334501   3.1371975  -3.0616686   1.1651138  -2.921771   -2.4517894
  -2.8326674   0.6895325  -2.5504904   3.1713834  -1.2477784   2.4380612
  -3.1482143  -2.9739428   0.1545892   2.6413825 ]
 [ 0.12427527 -0.10080138 -0.01976931 -0.16363072 -0.03535093 -0.09839302
   0.11215865 -0.19200274 -0.06955179 -0.10347715  0.2046096  -0.15444988
   0.00501934 -0.03591312 -0.10021921 -0.02863188]
 [-1.507239    1.4180242  -0.81680477  1.1692839  -0.6432366  -0.30070868
  -1.3858409   1.0986183  -0.47554603  1.3989748  -1.3095363   1.4820793
  -0.9641384  -0.7721681   0.6419201   0.70741886]
 [-0.03217524 -0.17918618  0.9788382   1.0313432   1.2500458   1.4579495
  -0.10987602  1.2902491   1.288154   -0.26728755 -1.1687253   0.5103181
   0.7995726   1.1778305   1.035925   -0.45760345]]

cov
[[0.1 0.1 0.1 0.1 0.1 0.1 0.1 0.1 0.1 0.1 0.1 0.1 0.1 0.1 0.1 0.1]
 [0.1 0.1 0.1 0.1 0.1 0.1 0.1 0.1 0.1 0.1 0.1 0.1 0.1 0.1 0.1 0.1]
 [0.1 0.1 0.1 0.1 0.1 0.1 0.1 0.1 0.1 0.1 0.1 0.1 0.1 0.1 0.1 0.1]
 [0.1 0.1 0.1 0.1 0.1 0.1 0.1 0.1 0.1 0.1 0.1 0.1 0.1 0.1 0.1 0.1]
 [0.1 0.1 0.1 0.1 0.1 0.1 0.1 0.1 0.1 0.1 0.1 0.1 0.1 0.1 0.1 0.1]]

trans
[[0.43223366 0.02022178 0.02305279 0.01184686 0.01098355]
 [0.03552266 0.47883967 0.02392013 0.07635901 0.00384678]
 [0.3983305  0.22711334 0.90445995 0.28504694 0.2957327 ]
 [0.01946387 0.23401667 0.02806066 0.33031282 0.03055298]
 [0.11444931 0.03980855 0.02050647 0.29643437 0.658884  ]]

lengths
[1.2275122 1.2364624 1.0688636 1.041241  1.0194086]

Epoch: 29, Loss: 1071.6746
mean
[[ 2.6068478  -2.4734771   1.7021155  -2.4292421   0.8110425   0.49416426
   2.7371666  -2.0903525   0.7211294  -2.1234717   2.289583   -2.7447846
   1.9680141   1.2770925  -2.0985267  -1.6918231 ]
 [-3.0677261   3.1744459  -3.0993707   1.1845723  -2.9570076  -2.4831886
  -2.8678708   0.7031786  -2.5860872   3.2045183  -1.2669468   2.4704628
  -3.1872225  -3.0095987   0.17547601  2.6753848 ]
 [ 0.12272916 -0.09703287 -0.01995283 -0.16445352 -0.03574256 -0.09909373
   0.11066678 -0.19059171 -0.06997564 -0.10419978  0.20401452 -0.15504651
   0.00684267 -0.03782113 -0.0979436  -0.02919127]
 [-1.4972979   1.4185352  -0.8378901   1.1623963  -0.64995664 -0.31031415
  -1.3925121   1.0834507  -0.47660172  1.3894727  -1.2984135   1.4853909
  -0.9792773  -0.7797312   0.6084606   0.71820974]
 [-0.02205124 -0.19296336  0.9859542   1.0445366   1.2678401   1.4732033
  -0.09994452  1.2967231   1.3071122  -0.27981713 -1.1759636   0.50450695
   0.8131909   1.1946467   1.0474169  -0.44463336]]

cov
[[0.1 0.1 0.1 0.1 0.1 0.1 0.1 0.1 0.1 0.1 0.1 0.1 0.1 0.1 0.1 0.1]
 [0.1 0.1 0.1 0.1 0.1 0.1 0.1 0.1 0.1 0.1 0.1 0.1 0.1 0.1 0.1 0.1]
 [0.1 0.1 0.1 0.1 0.1 0.1 0.1 0.1 0.1 0.1 0.1 0.1 0.1 0.1 0.1 0.1]
 [0.1 0.1 0.1 0.1 0.1 0.1 0.1 0.1 0.1 0.1 0.1 0.1 0.1 0.1 0.1 0.1]
 [0.1 0.1 0.1 0.1 0.1 0.1 0.1 0.1 0.1 0.1 0.1 0.1 0.1 0.1 0.1 0.1]]

trans
[[0.4426596  0.01959978 0.02333446 0.01214417 0.01107438]
 [0.03459804 0.4694708  0.02283558 0.08954688 0.00367863]
 [0.3838245  0.21626863 0.9005908  0.2797392  0.293355  ]
 [0.02193788 0.25585246 0.03249614 0.32817623 0.02831463]
 [0.11697999 0.03880833 0.02074308 0.2903935  0.6635774 ]]

lengths
[1.2238615 1.2487786 1.0678077 1.0448455 1.0202463]

Epoch: 30, Loss: 1071.1407
mean
[[ 2.6065297  -2.4733346   1.7020372  -2.4294944   0.810474    0.4921824
   2.7378423  -2.0901835   0.7186047  -2.1273215   2.2894473  -2.745424
   1.9692787   1.2763823  -2.0979688  -1.6925308 ]
 [-3.0996542   3.2086558  -3.132698    1.201145   -2.9879892  -2.5091622
  -2.8997061   0.7149826  -2.616323    3.235262   -1.2835877   2.4992414
  -3.222156   -3.0405078   0.19477394  2.7059171 ]
 [ 0.12415325 -0.10001252 -0.02041351 -0.16512613 -0.03785285 -0.10069499
   0.11141381 -0.19141372 -0.06735302 -0.10382518  0.20527896 -0.15476555
   0.00705075 -0.03716846 -0.09879671 -0.03027577]
 [-1.4866402   1.4075904  -0.84319943  1.167344   -0.639865   -0.3000756
  -1.3920707   1.0852942  -0.4708853   1.3758194  -1.3014072   1.4879543
  -0.98111916 -0.77227145  0.59890467  0.7194171 ]
 [-0.02277042 -0.20064124  0.99273294  1.0467085   1.2817492   1.4808131
  -0.09624238  1.2949225   1.3183504  -0.29199374 -1.1719021   0.50138885
   0.8130613   1.1991042   1.0738369  -0.44715405]]

cov
[[0.1 0.1 0.1 0.1 0.1 0.1 0.1 0.1 0.1 0.1 0.1 0.1 0.1 0.1 0.1 0.1]
 [0.1 0.1 0.1 0.1 0.1 0.1 0.1 0.1 0.1 0.1 0.1 0.1 0.1 0.1 0.1 0.1]
 [0.1 0.1 0.1 0.1 0.1 0.1 0.1 0.1 0.1 0.1 0.1 0.1 0.1 0.1 0.1 0.1]
 [0.1 0.1 0.1 0.1 0.1 0.1 0.1 0.1 0.1 0.1 0.1 0.1 0.1 0.1 0.1 0.1]
 [0.1 0.1 0.1 0.1 0.1 0.1 0.1 0.1 0.1 0.1 0.1 0.1 0.1 0.1 0.1 0.1]]

trans
[[0.44793463 0.01898343 0.02335744 0.0123829  0.01118441]
 [0.03373138 0.46005395 0.02170958 0.10163715 0.00353618]
 [0.37258855 0.2064881  0.89795756 0.26853904 0.29186955]
 [0.0246544  0.27665654 0.03592363 0.33335426 0.02684159]
 [0.12109108 0.03781798 0.02105176 0.28408664 0.6665683 ]]

lengths
[1.2197379 1.256087  1.0682788 1.0502347 1.0211568]

Epoch: 31, Loss: 1070.7076
mean
[[ 2.6069515  -2.4740872   1.7020208  -2.430534    0.81004083  0.49060526
   2.7388334  -2.091313    0.7171646  -2.1307807   2.2903268  -2.7465808
   1.9705107   1.2758712  -2.0988722  -1.6928073 ]
 [-3.1273828   3.2381039  -3.1602914   1.21373    -3.0135996  -2.5289338
  -2.926374    0.72404134 -2.6403337   3.2619898  -1.2965271   2.5226583
  -3.2515209  -3.0655346   0.2105087   2.7313008 ]
 [ 0.12329002 -0.09850282 -0.0196535  -0.16415831 -0.03781834 -0.1002368
   0.11173089 -0.19194287 -0.06628092 -0.10382003  0.20493303 -0.15473418
   0.00625738 -0.03546171 -0.10045577 -0.02957171]
 [-1.4805913   1.3944933  -0.8337757   1.1787248  -0.6205354  -0.27849245
  -1.3855034   1.0981215  -0.46159545  1.3646973  -1.3128742   1.4876424
  -0.97164786 -0.7561003   0.610014    0.71286786]
 [-0.02767254 -0.19838506  0.994333    1.040977    1.2847539   1.4796027
  -0.09990261  1.2910388   1.3175123  -0.29564995 -1.1654613   0.50309837
   0.8074572   1.1945125   1.0947338  -0.45889544]]

cov
[[0.1 0.1 0.1 0.1 0.1 0.1 0.1 0.1 0.1 0.1 0.1 0.1 0.1 0.1 0.1 0.1]
 [0.1 0.1 0.1 0.1 0.1 0.1 0.1 0.1 0.1 0.1 0.1 0.1 0.1 0.1 0.1 0.1]
 [0.1 0.1 0.1 0.1 0.1 0.1 0.1 0.1 0.1 0.1 0.1 0.1 0.1 0.1 0.1 0.1]
 [0.1 0.1 0.1 0.1 0.1 0.1 0.1 0.1 0.1 0.1 0.1 0.1 0.1 0.1 0.1 0.1]
 [0.1 0.1 0.1 0.1 0.1 0.1 0.1 0.1 0.1 0.1 0.1 0.1 0.1 0.1 0.1 0.1]]

trans
[[0.44729418 0.01838574 0.02316725 0.0124822  0.01133661]
 [0.03285447 0.45103842 0.02058003 0.11019514 0.00342148]
 [0.36701077 0.1979084  0.89713097 0.25970617 0.2929518 ]
 [0.02746218 0.29580647 0.03779384 0.3401854  0.02608128]
 [0.1253784  0.03686098 0.02132794 0.27743107 0.66620886]]

lengths
[1.2177024 1.2583745 1.0687724 1.0482268 1.0200053]

Epoch: 32, Loss: 1070.4635
mean
[[ 2.6077936  -2.4752743   1.7020481  -2.43195     0.80982625  0.48975003
   2.7398875  -2.0931203   0.7169146  -2.132942    2.291744   -2.7479117
   1.9713718   1.2755936  -2.1006079  -1.6926501 ]
 [-3.1499622   3.2619574  -3.1816664   1.222051   -3.0334787  -2.5425491
  -2.9470832   0.73007727 -2.658033    3.283877   -1.3053935   2.540042
  -3.2747107  -3.0843787   0.22178662  2.750833  ]
 [ 0.12344822 -0.0987281  -0.01962989 -0.16430631 -0.03668466 -0.09929095
   0.11091085 -0.19159397 -0.06811316 -0.10364654  0.20441064 -0.15512155
   0.00633272 -0.03589737 -0.10059617 -0.02925192]
 [-1.4807569   1.3882109  -0.81778806  1.1918794  -0.5996774  -0.25396764
  -1.3782026   1.1159514  -0.45174786  1.3597938  -1.327598    1.485647
  -0.95805913 -0.7387476   0.6320752   0.7031986 ]
 [-0.02792854 -0.1933656   0.9918158   1.034903    1.279421    1.4749595
  -0.10264744  1.2895304   1.3109968  -0.29189438 -1.1632137   0.5050898
   0.8071719   1.1891232   1.099378   -0.46722102]]

cov
[[0.1 0.1 0.1 0.1 0.1 0.1 0.1 0.1 0.1 0.1 0.1 0.1 0.1 0.1 0.1 0.1]
 [0.1 0.1 0.1 0.1 0.1 0.1 0.1 0.1 0.1 0.1 0.1 0.1 0.1 0.1 0.1 0.1]
 [0.1 0.1 0.1 0.1 0.1 0.1 0.1 0.1 0.1 0.1 0.1 0.1 0.1 0.1 0.1 0.1]
 [0.1 0.1 0.1 0.1 0.1 0.1 0.1 0.1 0.1 0.1 0.1 0.1 0.1 0.1 0.1 0.1]
 [0.1 0.1 0.1 0.1 0.1 0.1 0.1 0.1 0.1 0.1 0.1 0.1 0.1 0.1 0.1 0.1]]

trans
[[0.44223    0.01781833 0.02286788 0.012425   0.01151908]
 [0.03195043 0.44280055 0.01949912 0.1137581  0.00332793]
 [0.36659727 0.19057618 0.8980184  0.2573627  0.2952942 ]
 [0.03021215 0.3128455  0.0381032  0.3449404  0.02590855]
 [0.12901019 0.03595943 0.02151141 0.27151382 0.66395026]]

lengths
[1.2185886 1.2570734 1.0681517 1.0439327 1.0204161]

Epoch: 33, Loss: 1070.3934
mean
[[ 2.6087544  -2.4764798   1.7020953  -2.433405    0.80981857  0.48961577
   2.7408206  -2.0950637   0.7175278  -2.1335707   2.2932806  -2.749154
   1.9717362   1.275526   -2.102619   -1.6922581 ]
 [-3.1671464   3.280071   -3.1969888   1.2264426  -3.047822   -2.5506258
  -2.9618187   0.7332863  -2.669886    3.3007195  -1.3104185   2.551532
  -3.2917857  -3.0973516   0.22857682  2.7645545 ]
 [ 0.12319203 -0.09867343 -0.02068045 -0.16523404 -0.03697719 -0.09990093
   0.1115199  -0.19164665 -0.06953889 -0.10316754  0.2051309  -0.1546854
   0.00624891 -0.03753821 -0.09980084 -0.02942533]
 [-1.4854215   1.3913356  -0.8047891   1.2034599  -0.58349276 -0.23326164
  -1.3753574   1.1337506  -0.4438438   1.36145    -1.341559    1.4845438
  -0.9481156  -0.72633255  0.65404654  0.695601  ]
 [-0.02432614 -0.1921814   0.9894076   1.0329177   1.2724963   1.4718375
  -0.1008134   1.2901396   1.3064111  -0.28656885 -1.1648394   0.50416666
   0.81071943  1.1874877   1.0900822  -0.46619347]]

cov
[[0.1 0.1 0.1 0.1 0.1 0.1 0.1 0.1 0.1 0.1 0.1 0.1 0.1 0.1 0.1 0.1]
 [0.1 0.1 0.1 0.1 0.1 0.1 0.1 0.1 0.1 0.1 0.1 0.1 0.1 0.1 0.1 0.1]
 [0.1 0.1 0.1 0.1 0.1 0.1 0.1 0.1 0.1 0.1 0.1 0.1 0.1 0.1 0.1 0.1]
 [0.1 0.1 0.1 0.1 0.1 0.1 0.1 0.1 0.1 0.1 0.1 0.1 0.1 0.1 0.1 0.1]
 [0.1 0.1 0.1 0.1 0.1 0.1 0.1 0.1 0.1 0.1 0.1 0.1 0.1 0.1 0.1 0.1]]

trans
[[0.4352819  0.01728967 0.0225722  0.01225264 0.01170273]
 [0.03103074 0.4356102  0.01851321 0.11280092 0.00324622]
 [0.3692386  0.1844696  0.9000051  0.26077592 0.29681498]
 [0.03277097 0.32750046 0.03731037 0.3463495  0.02615128]
 [0.1316778  0.03513008 0.02159914 0.2678211  0.6620848 ]]

lengths
[1.2213414 1.2541809 1.06822   1.0444238 1.020866 ]

Epoch: 34, Loss: 1070.3947
mean
[[ 2.609604   -2.4774153   1.7021432  -2.4346611   0.8099483   0.48999366
   2.741526   -2.096749    0.7185032  -2.1329715   2.2946308  -2.7501407
   1.9716616   1.2756115  -2.104487   -1.6918797 ]
 [-3.1792035   3.2927916  -3.206871    1.227622   -3.0572033  -2.554127
  -2.9711092   0.73416656 -2.6767116   3.3127656  -1.3122263   2.557822
  -3.3032744  -3.1051698   0.2314451   2.7730238 ]
 [ 0.1226428  -0.09757362 -0.02115013 -0.16500539 -0.03835216 -0.10125208
   0.11046611 -0.19215941 -0.06906381 -0.10302687  0.20543006 -0.15454233
   0.00545565 -0.03791613 -0.09967265 -0.0287305 ]
 [-1.4913238   1.399669   -0.80003345  1.2117919  -0.57506025 -0.2200874
  -1.3784122   1.1482203  -0.43913656  1.3672552  -1.3524605   1.4862025
  -0.9455788  -0.72147024  0.66829926  0.69283473]
 [-0.02237612 -0.19489038  0.98945856  1.0343884   1.2690786   1.4715731
  -0.09802929  1.290586    1.3064749  -0.28430524 -1.166532    0.5016535
   0.81161475  1.1888517   1.0766113  -0.45973048]]

cov
[[0.1 0.1 0.1 0.1 0.1 0.1 0.1 0.1 0.1 0.1 0.1 0.1 0.1 0.1 0.1 0.1]
 [0.1 0.1 0.1 0.1 0.1 0.1 0.1 0.1 0.1 0.1 0.1 0.1 0.1 0.1 0.1 0.1]
 [0.1 0.1 0.1 0.1 0.1 0.1 0.1 0.1 0.1 0.1 0.1 0.1 0.1 0.1 0.1 0.1]
 [0.1 0.1 0.1 0.1 0.1 0.1 0.1 0.1 0.1 0.1 0.1 0.1 0.1 0.1 0.1 0.1]
 [0.1 0.1 0.1 0.1 0.1 0.1 0.1 0.1 0.1 0.1 0.1 0.1 0.1 0.1 0.1 0.1]]

trans
[[0.42887002 0.01680439 0.02236682 0.01202971 0.01186369]
 [0.03012136 0.42962024 0.01765354 0.10915308 0.00316975]
 [0.37252545 0.17951714 0.90232307 0.26642424 0.29658684]
 [0.03503766 0.3396755  0.03602727 0.34507784 0.02664317]
 [0.13344553 0.03438274 0.0216293  0.2673151  0.66173655]]

lengths
[1.2241341 1.2514702 1.0684355 1.0474645 1.0202103]

Loss didn't improve for 1 epochs
Epoch: 35, Loss: 1070.4117
mean
[[ 2.6102052  -2.4779434   1.7021755  -2.435587    0.8101256   0.49059486
   2.7419646  -2.0979564   0.7193863  -2.1317291   2.2956183  -2.7507968
   1.9713097   1.2757789  -2.105956   -1.6916736 ]
 [-3.1867406   3.300788   -3.212192    1.2264861  -3.0624204  -2.5541692
  -2.9758205   0.7333631  -2.6795087   3.3205624  -1.3116393   2.559925
  -3.3099928  -3.1087775   0.23129575  2.7771153 ]
 [ 0.12270696 -0.09815611 -0.02100885 -0.16441439 -0.03890556 -0.10162113
   0.11062367 -0.19216052 -0.06863568 -0.10273824  0.20483884 -0.15443188
   0.00512178 -0.03734645 -0.10018143 -0.02829751]
 [-1.4959072   1.4069299  -0.80285525  1.2167497  -0.5740986  -0.21489011
  -1.3849835   1.1580116  -0.43748853  1.3738328  -1.3597106   1.4907731
  -0.9491443  -0.723216    0.67254966  0.6941483 ]
 [-0.02371093 -0.19758776  0.9908007   1.0364491   1.270076    1.4728764
  -0.09793535  1.2899866   1.3091925  -0.2856969  -1.1662029   0.50045204
   0.8093701   1.190491    1.068066   -0.45514852]]

cov
[[0.1 0.1 0.1 0.1 0.1 0.1 0.1 0.1 0.1 0.1 0.1 0.1 0.1 0.1 0.1 0.1]
 [0.1 0.1 0.1 0.1 0.1 0.1 0.1 0.1 0.1 0.1 0.1 0.1 0.1 0.1 0.1 0.1]
 [0.1 0.1 0.1 0.1 0.1 0.1 0.1 0.1 0.1 0.1 0.1 0.1 0.1 0.1 0.1 0.1]
 [0.1 0.1 0.1 0.1 0.1 0.1 0.1 0.1 0.1 0.1 0.1 0.1 0.1 0.1 0.1 0.1]
 [0.1 0.1 0.1 0.1 0.1 0.1 0.1 0.1 0.1 0.1 0.1 0.1 0.1 0.1 0.1 0.1]]

trans
[[0.42452884 0.01636357 0.02229623 0.01181453 0.01199227]
 [0.02924682 0.4248753  0.01693438 0.10476369 0.00309588]
 [0.3748007  0.17561387 0.9043638  0.2706452  0.29523328]
 [0.03694683 0.34942698 0.03475157 0.34275693 0.02724705]
 [0.1344768  0.03372028 0.02165399 0.2700196  0.6624315 ]]

lengths
[1.2256712 1.2500266 1.0680454 1.0479435 1.0204567]

Loss didn't improve for 2 epochs
Epoch: 36, Loss: 1070.4280
mean
[[ 2.6105146  -2.478066    1.7021866  -2.4361434   0.8102778   0.49116626
   2.7421525  -2.0986223   0.7199098  -2.1304421   2.2961864  -2.751123
   1.9708703   1.2759655  -2.1069188  -1.6916652 ]
 [-3.1905563   3.3049047  -3.2139466   1.2239445  -3.0643659  -2.5518687
  -2.9769773   0.73153996 -2.6793208   3.324827   -1.3095188   2.5589757
  -3.3128982  -3.1091995   0.22914654  2.7778444 ]
 [ 0.12216786 -0.09707835 -0.02115231 -0.16454984 -0.03836195 -0.10104629
   0.11026977 -0.19169647 -0.06922255 -0.10256878  0.20466273 -0.15409258
   0.00528084 -0.03738184 -0.10026025 -0.02841367]
 [-1.4981606   1.4095545  -0.80909336  1.2189097  -0.57824093 -0.21601126
  -1.3910618   1.1630669  -0.43809065  1.3784847  -1.3635855   1.4965129
  -0.95487106 -0.7286169   0.66890067  0.6970627 ]
 [-0.02553024 -0.19768871  0.99127865  1.0371864   1.2731352   1.4740019
  -0.09964234  1.2892053   1.3113297  -0.28836155 -1.1647909   0.5013265
   0.80806535  1.190847    1.0677412  -0.45571715]]

cov
[[0.1 0.1 0.1 0.1 0.1 0.1 0.1 0.1 0.1 0.1 0.1 0.1 0.1 0.1 0.1 0.1]
 [0.1 0.1 0.1 0.1 0.1 0.1 0.1 0.1 0.1 0.1 0.1 0.1 0.1 0.1 0.1 0.1]
 [0.1 0.1 0.1 0.1 0.1 0.1 0.1 0.1 0.1 0.1 0.1 0.1 0.1 0.1 0.1 0.1]
 [0.1 0.1 0.1 0.1 0.1 0.1 0.1 0.1 0.1 0.1 0.1 0.1 0.1 0.1 0.1 0.1]
 [0.1 0.1 0.1 0.1 0.1 0.1 0.1 0.1 0.1 0.1 0.1 0.1 0.1 0.1 0.1 0.1]]

trans
[[0.42270446 0.01596528 0.02236233 0.01164041 0.01208863]
 [0.02842012 0.42133066 0.01635381 0.10092305 0.00302405]
 [0.37553445 0.17263521 0.9058028  0.2716192  0.29394072]
 [0.03846335 0.35692906 0.03376878 0.34093168 0.02785354]
 [0.13487762 0.03313977 0.02171231 0.27488562 0.66309303]]

lengths
[1.2257698 1.2501416 1.0680071 1.046343  1.0206704]

Loss didn't improve for 3 epochs
Epoch: 37, Loss: 1070.4396
mean
[[ 2.6105626  -2.4778821   1.7021811  -2.436362    0.8103688   0.49155414
   2.7421417  -2.0988023   0.7200218  -2.1295354   2.2963696  -2.751173
   1.9705      1.2761289  -2.1073844  -1.6917784 ]
 [-3.1915183   3.3060434  -3.2131317   1.2208009  -3.0639298  -2.5482333
  -2.9756224   0.72928655 -2.6771357   3.3263407  -1.3066468   2.556077
  -3.3129702  -3.1074302   0.2259576   2.7762334 ]
 [ 0.12242858 -0.09788196 -0.02130234 -0.16461839 -0.03794891 -0.10069696
   0.11012112 -0.19149205 -0.06953832 -0.10262422  0.20483635 -0.1540933
   0.0052098  -0.03783377 -0.09973007 -0.02826408]
 [-1.4984521   1.4082012  -0.81447893  1.2189837  -0.5845134  -0.22094294
  -1.3937867   1.1640527  -0.44003302  1.3801531  -1.3646531   1.500954
  -0.9592055  -0.73448557  0.6616057   0.6994523 ]
 [-0.02547803 -0.19603685  0.99069506  1.0366312   1.2754511   1.4742626
  -0.1003805   1.2892122   1.3114779  -0.28986123 -1.1641185   0.5026816
   0.80926627  1.190288    1.0731004  -0.45924184]]

cov
[[0.1 0.1 0.1 0.1 0.1 0.1 0.1 0.1 0.1 0.1 0.1 0.1 0.1 0.1 0.1 0.1]
 [0.1 0.1 0.1 0.1 0.1 0.1 0.1 0.1 0.1 0.1 0.1 0.1 0.1 0.1 0.1 0.1]
 [0.1 0.1 0.1 0.1 0.1 0.1 0.1 0.1 0.1 0.1 0.1 0.1 0.1 0.1 0.1 0.1]
 [0.1 0.1 0.1 0.1 0.1 0.1 0.1 0.1 0.1 0.1 0.1 0.1 0.1 0.1 0.1 0.1]
 [0.1 0.1 0.1 0.1 0.1 0.1 0.1 0.1 0.1 0.1 0.1 0.1 0.1 0.1 0.1 0.1]]

trans
[[0.42300034 0.01560564 0.02253389 0.01151218 0.01215596]
 [0.02764422 0.41887772 0.01589755 0.09815709 0.00295408]
 [0.3750401  0.17044796 0.9065708  0.26991194 0.293512  ]
 [0.03958111 0.36243463 0.03317849 0.34033403 0.02837986]
 [0.13473424 0.03263406 0.02181927 0.28008473 0.6629981 ]]

lengths
[1.2250613 1.2514817 1.0681576 1.0459963 1.0203358]

Loss didn't improve for 4 epochs
Epoch: 38, Loss: 1070.4371
mean
[[ 2.6104255  -2.477534    1.7021649  -2.4363203   0.8103907   0.49170825
   2.7420008  -2.0986266   0.7198239  -2.1291757   2.2962632  -2.7510302
   1.9702828   1.2762438  -2.1074443  -1.6919019 ]
 [-3.19047     3.3050735  -3.210659    1.2176827  -3.0619266  -2.5440934
  -2.9727142   0.7270634  -2.6738129   3.3258684  -1.3036532   2.5521946
  -3.3111246  -3.1043537   0.222522    2.7732117 ]
 [ 0.12220454 -0.09723841 -0.02101732 -0.16429263 -0.03812987 -0.10086343
   0.11038369 -0.19158995 -0.06898718 -0.10262987  0.2046552  -0.15411223
   0.00524252 -0.03770095 -0.09937454 -0.02833132]
 [-1.4976128   1.4056672  -0.8167577   1.2175912  -0.59037495 -0.22720736
  -1.3927671   1.1619929  -0.44249466  1.3792729  -1.3635254   1.5023321
  -0.9606018  -0.73859334  0.654756    0.7004615 ]
 [-0.02426588 -0.194849    0.99028426  1.0358421   1.2758042   1.4740012
  -0.0996021   1.2899457   1.3103948  -0.28952986 -1.1647426   0.5030143
   0.8106589   1.1898698   1.0791827  -0.4617667 ]]

cov
[[0.1 0.1 0.1 0.1 0.1 0.1 0.1 0.1 0.1 0.1 0.1 0.1 0.1 0.1 0.1 0.1]
 [0.1 0.1 0.1 0.1 0.1 0.1 0.1 0.1 0.1 0.1 0.1 0.1 0.1 0.1 0.1 0.1]
 [0.1 0.1 0.1 0.1 0.1 0.1 0.1 0.1 0.1 0.1 0.1 0.1 0.1 0.1 0.1 0.1]
 [0.1 0.1 0.1 0.1 0.1 0.1 0.1 0.1 0.1 0.1 0.1 0.1 0.1 0.1 0.1 0.1]
 [0.1 0.1 0.1 0.1 0.1 0.1 0.1 0.1 0.1 0.1 0.1 0.1 0.1 0.1 0.1 0.1]]

trans
[[0.42458785 0.01527954 0.02276054 0.0114174  0.01219571]
 [0.02691816 0.41736817 0.01554424 0.09648287 0.00288516]
 [0.37399486 0.16891903 0.9067693  0.2674618  0.29393718]
 [0.04032407 0.3662398  0.03296177 0.3408598  0.02877372]
 [0.13417505 0.03219347 0.02196415 0.28377813 0.66220826]]

lengths
[1.2243038 1.2533851 1.0680013 1.047071  1.0205249]

Loss didn't improve for 5 epochs
Stopping
cached hsmm
