## SLURM PROLOG ###############################################################
##    Job ID : 868830
##  Job Name : hsmm_Spoon
##  Nodelist : node[1325,1328]
##      CPUs : 4
##  Mem/Node : 16384 MB
## Directory : /gpfs/data/epavlick/debert/hsmm
##   Started : Wed Mar 17 23:51:36 EDT 2021
###############################################################################
hsmm_Spoon
loaded cached nbc
loaded cached autoencoder
(51, 106, 16)
(7, 120, 16)
(9, 113, 16)
Epoch: 0, Loss: 3684.5472
mean
[[-0.18180299  0.25217506 -0.14067778  0.2834612  -0.00363426 -0.16424936
  -0.2799791  -0.259428    0.13467899  0.11304156 -0.2827356  -0.2400423
   0.181308   -0.2540454   0.21986288  0.23735952]
 [-0.03102808 -0.3688173  -0.17094016 -0.02591234 -0.2917723   0.380857
   0.3478821  -0.00539905 -0.3351636  -0.15528062  0.34915283  0.36762628
  -0.2882843   0.37596157  0.04518554 -0.29887694]
 [ 0.13984357  0.18723837  0.28148723 -0.01409001  0.22685596 -0.23638222
  -0.2191029   0.0647117   0.2630536   0.1126666  -0.25177053 -0.27332887
   0.18048522 -0.23742107 -0.1561816   0.07108493]
 [-0.18511076  0.24585018 -0.17265068  0.27558786 -0.04253688 -0.10298268
  -0.27336437 -0.25941712  0.06616745  0.09480262 -0.27838364 -0.22748843
   0.15955947 -0.25313592  0.21987885  0.22555728]
 [ 0.12069057  0.23741937  0.29614013  0.1402551   0.25895864 -0.25085604
  -0.26852039 -0.07151837  0.27030322  0.16807394 -0.27627647 -0.26381293
   0.23845804 -0.24887016 -0.11710014  0.21075153]]

cov
[[0.1 0.1 0.1 0.1 0.1 0.1 0.1 0.1 0.1 0.1 0.1 0.1 0.1 0.1 0.1 0.1]
 [0.1 0.1 0.1 0.1 0.1 0.1 0.1 0.1 0.1 0.1 0.1 0.1 0.1 0.1 0.1 0.1]
 [0.1 0.1 0.1 0.1 0.1 0.1 0.1 0.1 0.1 0.1 0.1 0.1 0.1 0.1 0.1 0.1]
 [0.1 0.1 0.1 0.1 0.1 0.1 0.1 0.1 0.1 0.1 0.1 0.1 0.1 0.1 0.1 0.1]
 [0.1 0.1 0.1 0.1 0.1 0.1 0.1 0.1 0.1 0.1 0.1 0.1 0.1 0.1 0.1 0.1]]

trans
[[0.21608941 0.18006709 0.15060408 0.21129483 0.18448238]
 [0.17286868 0.29375523 0.22475648 0.16934304 0.17014973]
 [0.19833827 0.16725387 0.24979544 0.20342451 0.24415813]
 [0.20462145 0.18185227 0.15946114 0.21280096 0.18572459]
 [0.20808218 0.17707157 0.21538287 0.20313668 0.21548519]]

lengths
[1.2037367 1.161803  1.1635467 1.2082561 1.1141275]

Epoch: 1, Loss: 2930.2221
mean
[[-0.14663596  0.28336418 -0.11508714  0.31178376 -0.02426652  0.01291951
  -0.23847198 -0.27880242 -0.07809773  0.17220323 -0.20878512 -0.02451867
   0.08514214 -0.24114862  0.21667996  0.24348368]
 [ 0.24640968 -0.8339638  -0.05453928 -0.33709982 -0.48043916  0.8829064
   0.85009575  0.25842786 -0.7278863  -0.43287298  0.8673308   0.88035995
  -0.7789344   0.8771055  -0.23143166 -0.74255407]
 [ 0.58524334  0.08321755  0.7940535  -0.4846587   0.67605364 -0.6775091
  -0.12691274  0.5505813   0.74594456  0.21376826 -0.25978473 -0.687793
   0.07834584 -0.40011704 -0.64425355 -0.30359983]
 [-0.6283452   0.59719753 -0.6709444   0.7736521  -0.48427898  0.29080474
  -0.5328499  -0.76868576 -0.37350768 -0.17566213 -0.4032396   0.00976908
   0.44217396 -0.34564456  0.6913508   0.636813  ]
 [-0.00222378  0.75629205  0.77934104  0.15212837  0.7350146  -0.78436804
  -0.79270893  0.165458    0.8059437   0.1017655  -0.8066746  -0.7956687
   0.7169602  -0.7813237  -0.16467032  0.6623586 ]]

cov
[[0.1 0.1 0.1 0.1 0.1 0.1 0.1 0.1 0.1 0.1 0.1 0.1 0.1 0.1 0.1 0.1]
 [0.1 0.1 0.1 0.1 0.1 0.1 0.1 0.1 0.1 0.1 0.1 0.1 0.1 0.1 0.1 0.1]
 [0.1 0.1 0.1 0.1 0.1 0.1 0.1 0.1 0.1 0.1 0.1 0.1 0.1 0.1 0.1 0.1]
 [0.1 0.1 0.1 0.1 0.1 0.1 0.1 0.1 0.1 0.1 0.1 0.1 0.1 0.1 0.1 0.1]
 [0.1 0.1 0.1 0.1 0.1 0.1 0.1 0.1 0.1 0.1 0.1 0.1 0.1 0.1 0.1 0.1]]

trans
[[0.36015153 0.1344265  0.1058922  0.30108607 0.18814051]
 [0.10887682 0.50175077 0.31233937 0.13492441 0.15328099]
 [0.13005039 0.10753961 0.2812725  0.13262062 0.18902907]
 [0.26610598 0.15007931 0.17309973 0.3077639  0.22073385]
 [0.13481535 0.1062038  0.12739617 0.12360499 0.24881561]]

lengths
[1.2169174 1.2259742 1.15806   1.289382  1.0775964]

Epoch: 2, Loss: 2218.4407
mean
[[ 0.06755516 -0.08582763 -0.15062274  0.02227116 -0.0106032  -0.051774
   0.10803401 -0.04213797 -0.03140658  0.14471434  0.10974544  0.13502902
  -0.16425572  0.09244736  0.00248805 -0.08427687]
 [ 0.46401197 -1.2647943   0.04912894 -0.6336702  -0.5269504   1.2570443
   1.2978458   0.51067734 -0.9594102  -0.66444886  1.3173374   1.2541203
  -1.0615668   1.3335255  -0.47969604 -1.130097  ]
 [ 1.0473517  -0.30321464  1.3035846  -1.0213759   1.075434   -0.971711
   0.24699643  1.083754    1.1147759   0.21097368  0.07499905 -0.80406374
  -0.16439597 -0.18254548 -1.1666392  -0.76267505]
 [-1.1352654   0.95267093 -1.1869767   1.2763717  -0.99040127  0.7355458
  -0.84139246 -1.2499262  -0.8058386  -0.54399353 -0.60067326  0.08682525
   0.80213135 -0.42305258  1.207381    1.095866  ]
 [-0.26934445  1.2975416   1.0983583   0.16071852  0.95483536 -1.2966362
  -1.3411682   0.39121747  1.3376839  -0.23993734 -1.3594226  -1.3509998
   1.2639499  -1.3300211  -0.02443646  1.1634531 ]]

cov
[[0.1 0.1 0.1 0.1 0.1 0.1 0.1 0.1 0.1 0.1 0.1 0.1 0.1 0.1 0.1 0.1]
 [0.1 0.1 0.1 0.1 0.1 0.1 0.1 0.1 0.1 0.1 0.1 0.1 0.1 0.1 0.1 0.1]
 [0.1 0.1 0.1 0.1 0.1 0.1 0.1 0.1 0.1 0.1 0.1 0.1 0.1 0.1 0.1 0.1]
 [0.1 0.1 0.1 0.1 0.1 0.1 0.1 0.1 0.1 0.1 0.1 0.1 0.1 0.1 0.1 0.1]
 [0.1 0.1 0.1 0.1 0.1 0.1 0.1 0.1 0.1 0.1 0.1 0.1 0.1 0.1 0.1 0.1]]

trans
[[0.6205298  0.16411059 0.12213195 0.3126317  0.21616516]
 [0.06151124 0.612658   0.351326   0.14641647 0.12563998]
 [0.07242368 0.07015988 0.3238008  0.09926332 0.12500876]
 [0.16700149 0.09430046 0.12282152 0.3566514  0.22016445]
 [0.07853384 0.05877104 0.07991973 0.0850371  0.31302166]]

lengths
[1.1999832 1.2250818 1.27616   1.2450763 1.1494601]

Epoch: 3, Loss: 1839.7230
mean
[[-0.09536444 -0.00911698 -0.12722829  0.16124637 -0.02226938  0.01903776
  -0.02423529 -0.19662753 -0.04796075  0.12564108 -0.05121046 -0.05675857
   0.02889032 -0.04918854  0.15562479  0.04016621]
 [ 0.55734426 -1.6147768   0.07927705 -0.86006445 -0.6109977   1.5124676
   1.6420264   0.6995362  -1.1340709  -0.82706743  1.6562349   1.514293
  -1.2172599   1.7024292  -0.6429838  -1.4100186 ]
 [ 1.4654537  -0.7430751   1.7838619  -1.5590419   1.3549192  -1.0501165
   0.6715345   1.5925246   1.3061224   0.07794564  0.4716274  -0.6836809
  -0.33718032  0.15696627 -1.6823108  -1.2195996 ]
 [-1.6156701   1.2455523  -1.5563881   1.6852798  -1.4579637   1.0731221
  -1.11456    -1.5819128  -1.0620809  -0.89699125 -0.7972161   0.01454162
   1.1408358  -0.5048313   1.6727284   1.5173004 ]
 [-0.35064653  1.7554862   1.1667072   0.16981539  0.93328977 -1.6911768
  -1.8116957   0.4373232   1.768363   -0.46020907 -1.8402389  -1.840311
   1.7436113  -1.8054931   0.00074442  1.5407093 ]]

cov
[[0.1 0.1 0.1 0.1 0.1 0.1 0.1 0.1 0.1 0.1 0.1 0.1 0.1 0.1 0.1 0.1]
 [0.1 0.1 0.1 0.1 0.1 0.1 0.1 0.1 0.1 0.1 0.1 0.1 0.1 0.1 0.1 0.1]
 [0.1 0.1 0.1 0.1 0.1 0.1 0.1 0.1 0.1 0.1 0.1 0.1 0.1 0.1 0.1 0.1]
 [0.1 0.1 0.1 0.1 0.1 0.1 0.1 0.1 0.1 0.1 0.1 0.1 0.1 0.1 0.1 0.1]
 [0.1 0.1 0.1 0.1 0.1 0.1 0.1 0.1 0.1 0.1 0.1 0.1 0.1 0.1 0.1 0.1]]

trans
[[0.8212435  0.2534668  0.14030401 0.2952932  0.30765605]
 [0.03003729 0.5880928  0.3191189  0.17472017 0.09199449]
 [0.03244436 0.05834116 0.40314832 0.08705835 0.08485657]
 [0.07629201 0.06148438 0.08253911 0.3733285  0.19645278]
 [0.03998281 0.03861483 0.05488963 0.06959981 0.31904006]]

lengths
[1.160882  1.1793267 1.3801428 1.1987946 1.1522067]

Epoch: 4, Loss: 1637.7330
mean
[[-0.05562375  0.16518743 -0.10668858  0.20271558 -0.00469481 -0.05023301
  -0.1464953  -0.16750614 -0.0291134   0.15015084 -0.12339757  0.03869431
   0.01052406 -0.14445482  0.11089786  0.14775264]
 [ 0.5182789  -1.8588032  -0.00041203 -0.97811383 -0.75868934  1.6794119
   1.8646625   0.7886075  -1.3104023  -0.88664365  1.8764573   1.7084211
  -1.3229952   1.9633268  -0.6896382  -1.5580853 ]
 [ 1.7953558  -1.144642    2.1609156  -2.0492213   1.4766971  -0.94585097
   1.0485061   2.0378904   1.2809975  -0.11984995  0.81302726 -0.43265978
  -0.44332057  0.49815524 -2.14205    -1.6202695 ]
 [-2.0391424   1.4649004  -1.7369972   1.9695551  -1.8537865   1.2736793
  -1.3268101  -1.7468241  -1.1406755  -1.2127516  -0.9533807  -0.11195961
   1.4321499  -0.57452714  2.0537739   1.8754029 ]
 [-0.3364578   2.1029968   1.1770741   0.18216278  0.88357157 -1.9541527
  -2.1771312   0.42261747  2.0762014  -0.5289077  -2.2221982  -2.233343
   2.11848    -2.1805613  -0.04292787  1.7808176 ]]

cov
[[0.1 0.1 0.1 0.1 0.1 0.1 0.1 0.1 0.1 0.1 0.1 0.1 0.1 0.1 0.1 0.1]
 [0.1 0.1 0.1 0.1 0.1 0.1 0.1 0.1 0.1 0.1 0.1 0.1 0.1 0.1 0.1 0.1]
 [0.1 0.1 0.1 0.1 0.1 0.1 0.1 0.1 0.1 0.1 0.1 0.1 0.1 0.1 0.1 0.1]
 [0.1 0.1 0.1 0.1 0.1 0.1 0.1 0.1 0.1 0.1 0.1 0.1 0.1 0.1 0.1 0.1]
 [0.1 0.1 0.1 0.1 0.1 0.1 0.1 0.1 0.1 0.1 0.1 0.1 0.1 0.1 0.1 0.1]]

trans
[[0.9010967  0.39201888 0.15534304 0.29537633 0.4244652 ]
 [0.01824318 0.47771117 0.2751654  0.2093673  0.06896991]
 [0.01728505 0.05943414 0.47619218 0.07594661 0.06713118]
 [0.03778484 0.04230935 0.0548863  0.35775968 0.16663761]
 [0.02559021 0.02852647 0.03841307 0.06155008 0.2727961 ]]

lengths
[1.1450542 1.0994698 1.4207019 1.1842113 1.1004862]

Epoch: 5, Loss: 1544.7019
mean
[[-0.01001394  0.04222381 -0.13453496  0.08795246 -0.01996771  0.00641773
  -0.00816946 -0.09745157 -0.02829611  0.10531999  0.00736382  0.0328555
  -0.06181267 -0.00585432  0.06737131  0.01144591]
 [ 0.401345   -2.0124617  -0.15500951 -1.0032393  -0.927039    1.7954661
   1.9953896   0.79087347 -1.4901615  -0.86361456  2.0130246   1.86379
  -1.4166148   2.1360278  -0.6447595  -1.6082388 ]
 [ 1.9788272  -1.4462866   2.34876    -2.4524753   1.4684651  -0.76533455
   1.2783037   2.3993742   1.1360983  -0.33415145  1.0014658  -0.19295748
  -0.476885    0.7873953  -2.4686298  -1.8694388 ]
 [-2.3936844   1.619131   -1.7649827   2.133467   -2.1632197   1.3546246
  -1.4758687  -1.7854617  -1.1100248  -1.4753333  -1.0585893  -0.23427
   1.6646426  -0.6282338   2.340599    2.1628516 ]
 [-0.29933935  2.331637    1.2061371   0.19372694  0.89361674 -2.0952573
  -2.4244335   0.41135186  2.2582037  -0.49506414 -2.4897833  -2.5138028
   2.3681853  -2.443411   -0.08984774  1.8988054 ]]

cov
[[0.1 0.1 0.1 0.1 0.1 0.1 0.1 0.1 0.1 0.1 0.1 0.1 0.1 0.1 0.1 0.1]
 [0.1 0.1 0.1 0.1 0.1 0.1 0.1 0.1 0.1 0.1 0.1 0.1 0.1 0.1 0.1 0.1]
 [0.1 0.1 0.1 0.1 0.1 0.1 0.1 0.1 0.1 0.1 0.1 0.1 0.1 0.1 0.1 0.1]
 [0.1 0.1 0.1 0.1 0.1 0.1 0.1 0.1 0.1 0.1 0.1 0.1 0.1 0.1 0.1 0.1]
 [0.1 0.1 0.1 0.1 0.1 0.1 0.1 0.1 0.1 0.1 0.1 0.1 0.1 0.1 0.1 0.1]]

trans
[[0.9240727  0.533496   0.16517653 0.29927507 0.49247214]
 [0.01567874 0.3575609  0.21645136 0.2443758  0.05701617]
 [0.01268307 0.05790601 0.5526416  0.06715009 0.06422327]
 [0.02406774 0.02934306 0.03784554 0.33327582 0.1478886 ]
 [0.02349777 0.02169399 0.02788496 0.0559232  0.23839986]]

lengths
[1.1585    1.0443184 1.4288827 1.2044834 1.0885668]

Epoch: 6, Loss: 1511.2517
mean
[[-0.05570191 -0.01195066 -0.07683492  0.114608    0.00180062 -0.03750385
  -0.01562336 -0.12679517 -0.03061292  0.12788795 -0.04068142 -0.00962867
   0.02301468 -0.03578546  0.09799338  0.02843263]
 [ 0.26534638 -2.104736   -0.3424759  -0.96531934 -1.0716566   1.8893298
   2.0756948   0.7313516  -1.6665285  -0.78605     2.1068296   2.0028193
  -1.524654    2.2508605  -0.54577315 -1.6093512 ]
 [ 2.0493872  -1.6336796   2.3728151  -2.7449188   1.4005455  -0.57824737
   1.3618855   2.666477    0.971742   -0.5334598   1.0536611  -0.03558271
  -0.49117333  1.0015469  -2.6434932  -1.9725249 ]
 [-2.6690938   1.7076788  -1.7001652   2.1901572  -2.375724    1.3474532
  -1.5554795  -1.742997   -1.0349537  -1.6650233  -1.1068299  -0.31519043
   1.8213291  -0.65918416  2.5278857   2.3708308 ]
 [-0.2607086   2.4504964   1.2635182   0.18966432  0.96138465 -2.1446555
  -2.5575948   0.42405277  2.335414   -0.42245868 -2.6430035  -2.6842408
   2.495515   -2.597707   -0.12512676  1.9219567 ]]

cov
[[0.1 0.1 0.1 0.1 0.1 0.1 0.1 0.1 0.1 0.1 0.1 0.1 0.1 0.1 0.1 0.1]
 [0.1 0.1 0.1 0.1 0.1 0.1 0.1 0.1 0.1 0.1 0.1 0.1 0.1 0.1 0.1 0.1]
 [0.1 0.1 0.1 0.1 0.1 0.1 0.1 0.1 0.1 0.1 0.1 0.1 0.1 0.1 0.1 0.1]
 [0.1 0.1 0.1 0.1 0.1 0.1 0.1 0.1 0.1 0.1 0.1 0.1 0.1 0.1 0.1 0.1]
 [0.1 0.1 0.1 0.1 0.1 0.1 0.1 0.1 0.1 0.1 0.1 0.1 0.1 0.1 0.1 0.1]]

trans
[[0.92269564 0.6361186  0.17461626 0.3171521  0.5047309 ]
 [0.01751134 0.27438813 0.16674152 0.2639156  0.05035698]
 [0.01228674 0.05141206 0.6089593  0.06000761 0.06823039]
 [0.01929338 0.02120939 0.02834297 0.30748466 0.14277121]
 [0.02821291 0.01687177 0.02133994 0.05144    0.23391053]]

lengths
[1.1700101 1.0302786 1.4097718 1.2387518 1.1185637]

Epoch: 7, Loss: 1492.6426
mean
[[-0.02276473  0.08595974 -0.12135696  0.14095624 -0.00708774 -0.01883448
  -0.09000965 -0.11929958 -0.00988037  0.10964673 -0.07646082  0.02817814
  -0.01741233 -0.09205595  0.0747556   0.08799419]
 [ 0.14484295 -2.1520262  -0.52647173 -0.89189434 -1.1616514   1.9608623
   2.1220543   0.6360497  -1.8155129  -0.68453544  2.1699593   2.1157823
  -1.6315544   2.3222244  -0.42350012 -1.5866804 ]
 [ 2.042895   -1.7122436   2.299217   -2.9176605   1.311096   -0.4144153
   1.3471557   2.8365765   0.8366956  -0.7069824   1.0300756   0.02467792
  -0.49862087  1.1338918  -2.6828768  -1.9690793 ]
 [-2.8674152   1.7434837  -1.6182767   2.1782925  -2.5010114   1.303969
  -1.5789167  -1.6774175  -0.9747251  -1.780819   -1.1117754  -0.34344906
   1.9042569  -0.6687632   2.6298926   2.5041625 ]
 [-0.23121966  2.4921079   1.3310248   0.17575255  1.0496031  -2.1490128
  -2.6070192   0.45101014  2.350805   -0.3589846  -2.7086492  -2.768768
   2.5325716  -2.669746   -0.14689408  1.8968529 ]]

cov
[[0.1 0.1 0.1 0.1 0.1 0.1 0.1 0.1 0.1 0.1 0.1 0.1 0.1 0.1 0.1 0.1]
 [0.1 0.1 0.1 0.1 0.1 0.1 0.1 0.1 0.1 0.1 0.1 0.1 0.1 0.1 0.1 0.1]
 [0.1 0.1 0.1 0.1 0.1 0.1 0.1 0.1 0.1 0.1 0.1 0.1 0.1 0.1 0.1 0.1]
 [0.1 0.1 0.1 0.1 0.1 0.1 0.1 0.1 0.1 0.1 0.1 0.1 0.1 0.1 0.1 0.1]
 [0.1 0.1 0.1 0.1 0.1 0.1 0.1 0.1 0.1 0.1 0.1 0.1 0.1 0.1 0.1 0.1]]

trans
[[0.9087809  0.68836695 0.18254738 0.35866806 0.4878523 ]
 [0.02222606 0.23512569 0.1382146  0.2595695  0.04734574]
 [0.01400983 0.04564799 0.6386281  0.05312376 0.07345631]
 [0.01790333 0.0167699  0.02309559 0.28105056 0.14672673]
 [0.0370799  0.01408948 0.0175143  0.04758813 0.24461888]]

lengths
[1.1675578 1.0472854 1.3828522 1.2666754 1.1282552]

Epoch: 8, Loss: 1480.8535
mean
[[-0.03205297  0.05929491 -0.08950721  0.10652577  0.00271188 -0.03645336
  -0.03068111 -0.11320546 -0.02849362  0.12936823 -0.021601   -0.00239359
  -0.01619983 -0.03287923  0.08232144  0.03232963]
 [ 0.05675182 -2.167747   -0.68841213 -0.8009803  -1.193282    2.0072381
   2.143343    0.52371526 -1.9227455  -0.5786833   2.2071235   2.195811
  -1.7179966   2.3600202  -0.2985619  -1.5546957 ]
 [ 1.9896232  -1.6968688   2.1939766  -2.9749017   1.2212436  -0.28884158
   1.2837431   2.9136593   0.75336003 -0.8510494   0.9789461   0.0047279
  -0.49297205  1.1828574  -2.625816   -1.9022597 ]
 [-2.9957712   1.7467076  -1.5611333   2.1347735  -2.5551379   1.2581762
  -1.5702839  -1.6255366  -0.94894713 -1.8337916  -1.0970247  -0.33711705
   1.9304204  -0.6678754   2.6662946   2.5754592 ]
 [-0.21872239  2.4835982   1.3674002   0.16412005  1.1059474  -2.1318378
  -2.6005762   0.4708016   2.3311484  -0.33183765 -2.7124753  -2.788049
   2.5128384  -2.6817048  -0.15214841  1.8567009 ]]

cov
[[0.1 0.1 0.1 0.1 0.1 0.1 0.1 0.1 0.1 0.1 0.1 0.1 0.1 0.1 0.1 0.1]
 [0.1 0.1 0.1 0.1 0.1 0.1 0.1 0.1 0.1 0.1 0.1 0.1 0.1 0.1 0.1 0.1]
 [0.1 0.1 0.1 0.1 0.1 0.1 0.1 0.1 0.1 0.1 0.1 0.1 0.1 0.1 0.1 0.1]
 [0.1 0.1 0.1 0.1 0.1 0.1 0.1 0.1 0.1 0.1 0.1 0.1 0.1 0.1 0.1 0.1]
 [0.1 0.1 0.1 0.1 0.1 0.1 0.1 0.1 0.1 0.1 0.1 0.1 0.1 0.1 0.1 0.1]]

trans
[[0.89148545 0.7046675  0.18724483 0.40992728 0.46303862]
 [0.02832949 0.22620112 0.12492236 0.2417955  0.04617177]
 [0.01689584 0.04205848 0.6523511  0.04673066 0.07786649]
 [0.01777188 0.01436812 0.02017565 0.2576876  0.15458213]
 [0.04551732 0.01270477 0.01530611 0.04385894 0.258341  ]]

lengths
[1.1643622 1.0771589 1.3596358 1.277926  1.1181694]

Epoch: 9, Loss: 1472.3255
mean
[[-0.03950862  0.02303549 -0.12071237  0.13097812 -0.00720346 -0.02181731
  -0.03828981 -0.13307647 -0.02194159  0.1258706  -0.05227133  0.02394221
  -0.006535   -0.05640214  0.09253096  0.04661851]
 [ 0.00951616 -2.166425   -0.81868243 -0.7063586  -1.1801658   2.0315402
   2.1529634   0.40728277 -1.9891922  -0.4765861   2.2292762   2.2492912
  -1.7855495   2.3764226  -0.18590474 -1.5283327 ]
 [ 1.9099194  -1.6256986   2.1030114  -2.941676    1.1372931  -0.201093
   1.218249    2.9162357   0.71794003 -0.9703241   0.93678254 -0.04982389
  -0.46598586  1.1683697  -2.5190747  -1.8115255 ]
 [-3.0636988   1.7315187  -1.5386751   2.0838559  -2.557274    1.2277604
  -1.5478649  -1.5971878  -0.9523317  -1.8417268  -1.0787185  -0.3166698
   1.9193271  -0.6623288   2.6562583   2.597949  ]
 [-0.2197102   2.4458442   1.3600996   0.1589969   1.1114058  -2.1051917
  -2.5608826   0.47373667  2.2943685  -0.33734506 -2.67678    -2.7615955
   2.4630578  -2.6529863  -0.14638387  1.8182791 ]]

cov
[[0.1 0.1 0.1 0.1 0.1 0.1 0.1 0.1 0.1 0.1 0.1 0.1 0.1 0.1 0.1 0.1]
 [0.1 0.1 0.1 0.1 0.1 0.1 0.1 0.1 0.1 0.1 0.1 0.1 0.1 0.1 0.1 0.1]
 [0.1 0.1 0.1 0.1 0.1 0.1 0.1 0.1 0.1 0.1 0.1 0.1 0.1 0.1 0.1 0.1]
 [0.1 0.1 0.1 0.1 0.1 0.1 0.1 0.1 0.1 0.1 0.1 0.1 0.1 0.1 0.1 0.1]
 [0.1 0.1 0.1 0.1 0.1 0.1 0.1 0.1 0.1 0.1 0.1 0.1 0.1 0.1 0.1 0.1]]

trans
[[0.8802762  0.69940543 0.18883723 0.46035728 0.45064914]
 [0.03327334 0.23550096 0.11984717 0.218069   0.04548451]
 [0.02018298 0.03993584 0.65920806 0.04124074 0.0792478 ]
 [0.01797106 0.01305491 0.01815743 0.23994547 0.16112733]
 [0.0482964  0.01210288 0.01395014 0.04038749 0.2634912 ]]

lengths
[1.1659468 1.1031767 1.3482114 1.277357  1.1075288]

Epoch: 10, Loss: 1462.6943
mean
[[-0.02875021  0.0648466  -0.10551388  0.14242539 -0.00009015 -0.02923924
  -0.0636543  -0.13587555 -0.02449154  0.13260686 -0.04891261  0.01015563
  -0.02716892 -0.06784965  0.08795188  0.06627099]
 [-0.00456122 -2.157228   -0.91938096 -0.6140748  -1.1504539   2.040978
   2.1586676   0.2927781  -2.0262     -0.38054577  2.2437482   2.2860138
  -1.8385606   2.3801818  -0.0903609  -1.5123903 ]
 [ 1.8126638  -1.535248    2.0371537  -2.8465881   1.0568452  -0.1419993
   1.1715627   2.861645    0.7092289  -1.0711735   0.9131677  -0.09320074
  -0.4156521   1.1186212  -2.394264   -1.719701  ]
 [-3.0852685   1.7076347  -1.5418116   2.0393722  -2.5305095   1.2212317
  -1.523038   -1.5866349  -0.9723436  -1.827776   -1.0626626  -0.2959626
   1.8906766  -0.6519801   2.6195254   2.586575  ]
 [-0.2266787   2.3979194   1.3295497   0.15951264  1.0830722  -2.0787752
  -2.50906     0.46422026  2.2561605  -0.35617343 -2.623831   -2.7114625
   2.4061406  -2.604387   -0.13761742  1.7900567 ]]

cov
[[0.1 0.1 0.1 0.1 0.1 0.1 0.1 0.1 0.1 0.1 0.1 0.1 0.1 0.1 0.1 0.1]
 [0.1 0.1 0.1 0.1 0.1 0.1 0.1 0.1 0.1 0.1 0.1 0.1 0.1 0.1 0.1 0.1]
 [0.1 0.1 0.1 0.1 0.1 0.1 0.1 0.1 0.1 0.1 0.1 0.1 0.1 0.1 0.1 0.1]
 [0.1 0.1 0.1 0.1 0.1 0.1 0.1 0.1 0.1 0.1 0.1 0.1 0.1 0.1 0.1 0.1]
 [0.1 0.1 0.1 0.1 0.1 0.1 0.1 0.1 0.1 0.1 0.1 0.1 0.1 0.1 0.1 0.1]]

trans
[[0.87824124 0.68885565 0.18721391 0.49762642 0.4526471 ]
 [0.03452011 0.2493647  0.12220611 0.19816868 0.04483732]
 [0.02353263 0.03789837 0.6607987  0.03699885 0.07780844]
 [0.01814135 0.01212851 0.01668741 0.22974525 0.16432936]
 [0.04556469 0.01175276 0.01309385 0.0374608  0.26037782]]

lengths
[1.1653161 1.1151063 1.3533441 1.2724639 1.1080415]

Epoch: 11, Loss: 1455.9840
mean
[[-0.03552292  0.0575605  -0.11091824  0.1202179  -0.00203064 -0.0319353
  -0.03913506 -0.12419146 -0.02245565  0.12860416 -0.04068122  0.01148435
  -0.00507644 -0.04867914  0.08724753  0.04213957]
 [-0.00029638 -2.142706   -0.9965252  -0.52549505 -1.1259625   2.039502
   2.1606047   0.18230397 -2.043844   -0.2907414   2.2511954   2.3102455
  -1.8772628   2.3742604  -0.01087387 -1.5029665 ]
 [ 1.725634   -1.4811934   2.0057414  -2.7391222   0.98849523 -0.10572652
   1.1728317   2.7839026   0.7086492  -1.1502346   0.9260505  -0.09198
  -0.37490943  1.0724876  -2.2973845  -1.6671345 ]
 [-3.0738292   1.6804737  -1.5551523   2.0066357  -2.492613    1.2332052
  -1.5010046  -1.582791   -0.9939789  -1.8077594  -1.0498037  -0.28085253
   1.8584175  -0.6373936   2.5717776   2.5544522 ]
 [-0.23327376  2.3554227   1.3053918   0.16200967  1.0513321  -2.060385
  -2.4626012   0.453897    2.2288642  -0.37180534 -2.5732055  -2.6591213
   2.3594074  -2.5552738  -0.13199565  1.7749562 ]]

cov
[[0.1 0.1 0.1 0.1 0.1 0.1 0.1 0.1 0.1 0.1 0.1 0.1 0.1 0.1 0.1 0.1]
 [0.1 0.1 0.1 0.1 0.1 0.1 0.1 0.1 0.1 0.1 0.1 0.1 0.1 0.1 0.1 0.1]
 [0.1 0.1 0.1 0.1 0.1 0.1 0.1 0.1 0.1 0.1 0.1 0.1 0.1 0.1 0.1 0.1]
 [0.1 0.1 0.1 0.1 0.1 0.1 0.1 0.1 0.1 0.1 0.1 0.1 0.1 0.1 0.1 0.1]
 [0.1 0.1 0.1 0.1 0.1 0.1 0.1 0.1 0.1 0.1 0.1 0.1 0.1 0.1 0.1 0.1]]

trans
[[0.88134944 0.6843497  0.18053393 0.5142229  0.45736834]
 [0.03251684 0.25846726 0.12877718 0.18772538 0.04539662]
 [0.02658753 0.03450416 0.66270113 0.03418548 0.07548862]
 [0.01825864 0.01123676 0.01552367 0.22824152 0.16545433]
 [0.04128756 0.01144206 0.01246409 0.03562469 0.2562921 ]]

lengths
[1.1641128 1.1129377 1.3561151 1.2688624 1.1135013]

Epoch: 12, Loss: 1452.5832
mean
[[-0.03714334  0.04311505 -0.11254738  0.13714229 -0.0045341  -0.02709439
  -0.05314744 -0.1338287  -0.02095661  0.12750843 -0.05514958  0.01384071
  -0.01823501 -0.06493872  0.09288137  0.05792973]
 [ 0.01270367 -2.1247995  -1.055113   -0.44173008 -1.1100223   2.027796
   2.159194    0.07718764 -2.04926    -0.20391153  2.252769    2.3252301
  -1.9065671   2.3605826   0.05358579 -1.4974936 ]
 [ 1.6637919  -1.4747905   1.9988492  -2.653291    0.9374922  -0.08726729
   1.1986631   2.7092352   0.7059936  -1.2060419   0.94983166 -0.05963596
  -0.35740358  1.047947   -2.2471046  -1.657801  ]
 [-3.043798    1.6574793  -1.5682818   1.989905   -2.4560199   1.2504693
  -1.4864101  -1.5830544  -1.0066693  -1.7879595  -1.0423055  -0.27347764
   1.8318602  -0.6248641   2.527674    2.5156493 ]
 [-0.23407346  2.3216472   1.2962954   0.16095561  1.0331615  -2.0477462
  -2.4261746   0.4510099   2.2120943  -0.37684542 -2.5318682  -2.6141913
   2.3264866  -2.5132012  -0.13291013  1.7661256 ]]

cov
[[0.1 0.1 0.1 0.1 0.1 0.1 0.1 0.1 0.1 0.1 0.1 0.1 0.1 0.1 0.1 0.1]
 [0.1 0.1 0.1 0.1 0.1 0.1 0.1 0.1 0.1 0.1 0.1 0.1 0.1 0.1 0.1 0.1]
 [0.1 0.1 0.1 0.1 0.1 0.1 0.1 0.1 0.1 0.1 0.1 0.1 0.1 0.1 0.1 0.1]
 [0.1 0.1 0.1 0.1 0.1 0.1 0.1 0.1 0.1 0.1 0.1 0.1 0.1 0.1 0.1 0.1]
 [0.1 0.1 0.1 0.1 0.1 0.1 0.1 0.1 0.1 0.1 0.1 0.1 0.1 0.1 0.1 0.1]]

trans
[[0.8840477  0.68617    0.17238352 0.5121554  0.45736498]
 [0.02951218 0.2619715  0.13536467 0.18582118 0.04848543]
 [0.02905456 0.0303626  0.66558415 0.03277371 0.07352705]
 [0.01842002 0.01035523 0.01471447 0.23427233 0.1657742 ]
 [0.03896552 0.01114069 0.0119532  0.03497738 0.25484836]]

lengths
[1.163282  1.1034379 1.3511301 1.2669514 1.1174119]

Epoch: 13, Loss: 1450.2829
mean
[[-0.03276857  0.05957376 -0.10777656  0.13247536 -0.00200786 -0.03131684
  -0.05353553 -0.13088661 -0.02379153  0.12722087 -0.04470759  0.00816787
  -0.01006461 -0.05883417  0.08769809  0.05667126]
 [ 0.0257184  -2.104245   -1.0953054  -0.36664242 -1.1034257   2.0089276
   2.1522279  -0.01761913 -2.0446656  -0.12712067  2.2468612   2.3284836
  -1.9215407   2.340685    0.10258665 -1.4916012 ]
 [ 1.631549   -1.4946673   2.004036   -2.6066604   0.9059432  -0.08206261
   1.2132206   2.6555424   0.70066696 -1.240744    0.9558748  -0.03086431
  -0.35950798  1.0448347  -2.239979   -1.6731142 ]
 [-3.0068462   1.6409954  -1.5765493   1.9874418  -2.4274962   1.263329
  -1.4779205  -1.5862412  -1.0096139  -1.7695284  -1.0378585  -0.26965922
   1.8126694  -0.6164615   2.4955993   2.479396  ]
 [-0.22922708  2.2940211   1.2903053   0.15752868  1.0271226  -2.0339248
  -2.3973744   0.45098695  2.1976254  -0.3699687  -2.4989417  -2.577213
   2.3026865  -2.4784803  -0.13662022  1.7560515 ]]

cov
[[0.1 0.1 0.1 0.1 0.1 0.1 0.1 0.1 0.1 0.1 0.1 0.1 0.1 0.1 0.1 0.1]
 [0.1 0.1 0.1 0.1 0.1 0.1 0.1 0.1 0.1 0.1 0.1 0.1 0.1 0.1 0.1 0.1]
 [0.1 0.1 0.1 0.1 0.1 0.1 0.1 0.1 0.1 0.1 0.1 0.1 0.1 0.1 0.1 0.1]
 [0.1 0.1 0.1 0.1 0.1 0.1 0.1 0.1 0.1 0.1 0.1 0.1 0.1 0.1 0.1 0.1]
 [0.1 0.1 0.1 0.1 0.1 0.1 0.1 0.1 0.1 0.1 0.1 0.1 0.1 0.1 0.1 0.1]]

trans
[[0.88397056 0.69127053 0.16890801 0.49666142 0.4466606 ]
 [0.02730284 0.26175037 0.14092678 0.189869   0.05508208]
 [0.03089292 0.02657137 0.66408086 0.03258355 0.07243059]
 [0.01870261 0.00953595 0.01446833 0.24547063 0.16606735]
 [0.0391311  0.01087177 0.01161601 0.03541543 0.25975937]]

lengths
[1.1632406 1.0944071 1.3401413 1.2650237 1.1280766]

Epoch: 14, Loss: 1448.5090
mean
[[-0.03288922  0.05524591 -0.10746463  0.12434691 -0.000006   -0.03217435
  -0.04738005 -0.12463542 -0.01695441  0.1273578  -0.05192356  0.00929129
  -0.01192623 -0.06019803  0.08569387  0.0485937 ]
 [ 0.02697436 -2.0775113  -1.1244977  -0.29752144 -1.1073745   1.9862202
   2.1345997  -0.10329153 -2.0351396  -0.06142077  2.2293477   2.3204067
  -1.9196496   2.3126285   0.14267986 -1.4765227 ]
 [ 1.6233149  -1.5252612   2.0082195  -2.601369    0.8883079  -0.07967383
   1.2204285   2.6314702   0.6883616  -1.2613633   0.9610023  -0.0134286
  -0.37412065  1.0634323  -2.2587504  -1.6969578 ]
 [-2.9712677   1.6307143  -1.5780358   1.99256    -2.4090545   1.2674874
  -1.4732956  -1.5888724  -1.0058324  -1.7540704  -1.0347196  -0.26701516
   1.8007467  -0.6121      2.4770403   2.4508815 ]
 [-0.22311251  2.2733624   1.2821418   0.1553629   1.0267746  -2.0192547
  -2.376665    0.4493217   2.1837027  -0.35812065 -2.4756055  -2.5503435
   2.2862687  -2.4533358  -0.13860574  1.7447562 ]]

cov
[[0.1 0.1 0.1 0.1 0.1 0.1 0.1 0.1 0.1 0.1 0.1 0.1 0.1 0.1 0.1 0.1]
 [0.1 0.1 0.1 0.1 0.1 0.1 0.1 0.1 0.1 0.1 0.1 0.1 0.1 0.1 0.1 0.1]
 [0.1 0.1 0.1 0.1 0.1 0.1 0.1 0.1 0.1 0.1 0.1 0.1 0.1 0.1 0.1 0.1]
 [0.1 0.1 0.1 0.1 0.1 0.1 0.1 0.1 0.1 0.1 0.1 0.1 0.1 0.1 0.1 0.1]
 [0.1 0.1 0.1 0.1 0.1 0.1 0.1 0.1 0.1 0.1 0.1 0.1 0.1 0.1 0.1 0.1]]

trans
[[0.88153166 0.70131314 0.16927883 0.47550416 0.4337431 ]
 [0.02655318 0.25588173 0.14615478 0.19628489 0.06368531]
 [0.03204026 0.02345399 0.6586041  0.03322185 0.0716116 ]
 [0.01911544 0.00875748 0.01455759 0.2584174  0.16535059]
 [0.04075948 0.01059366 0.01140476 0.03657171 0.26560944]]

lengths
[1.1636463 1.090353  1.3282812 1.261622  1.1388215]

Epoch: 15, Loss: 1447.0226
mean
[[-0.03122755  0.05067378 -0.10432144  0.13203484  0.00181935 -0.03545758
  -0.05440279 -0.12954935 -0.01584108  0.12825388 -0.04965042  0.00590289
  -0.01285968 -0.06392763  0.08675119  0.05607945]
 [ 0.01721551 -2.0476742  -1.14458    -0.23700988 -1.1159995   1.9652961
   2.109736   -0.17703362 -2.02431    -0.01071132  2.204267    2.305199
  -1.9051967   2.280825    0.1744846  -1.4543191 ]
 [ 1.6305305  -1.5487723   2.009253   -2.623976    0.88079906 -0.0767164
   1.2238933   2.6341977   0.67454576 -1.273003    0.9682575  -0.00983608
  -0.3895943   1.0903573  -2.2842176  -1.7144531 ]
 [-2.9432337   1.6264713  -1.5740864   1.9990819  -2.4005494   1.2644168
  -1.4720708  -1.5888562  -0.9995647  -1.7444432  -1.033372   -0.26621804
   1.7965517  -0.6114471   2.4702508   2.4331388 ]
 [-0.2175045   2.2592852   1.27656     0.15299766  1.0278207  -2.0071828
  -2.3633559   0.44910645  2.1725318  -0.3501573  -2.4613194  -2.534406
   2.275767   -2.4378088  -0.13998666  1.7333406 ]]

cov
[[0.1 0.1 0.1 0.1 0.1 0.1 0.1 0.1 0.1 0.1 0.1 0.1 0.1 0.1 0.1 0.1]
 [0.1 0.1 0.1 0.1 0.1 0.1 0.1 0.1 0.1 0.1 0.1 0.1 0.1 0.1 0.1 0.1]
 [0.1 0.1 0.1 0.1 0.1 0.1 0.1 0.1 0.1 0.1 0.1 0.1 0.1 0.1 0.1 0.1]
 [0.1 0.1 0.1 0.1 0.1 0.1 0.1 0.1 0.1 0.1 0.1 0.1 0.1 0.1 0.1 0.1]
 [0.1 0.1 0.1 0.1 0.1 0.1 0.1 0.1 0.1 0.1 0.1 0.1 0.1 0.1 0.1 0.1]]

trans
[[0.87838465 0.7134729  0.17059515 0.45743835 0.4298966 ]
 [0.02702704 0.24724802 0.14938696 0.20163287 0.07153472]
 [0.03236761 0.02090417 0.6542067  0.03405908 0.07039312]
 [0.01958139 0.0080456  0.01459239 0.2689971  0.1626337 ]
 [0.04263933 0.01032929 0.01121883 0.03787259 0.26554185]]

lengths
[1.1639863 1.091227  1.3235631 1.2576208 1.1348599]

Epoch: 16, Loss: 1445.7965
mean
[[-0.02966172  0.05709216 -0.10442797  0.12587184  0.00307243 -0.03557056
  -0.04942767 -0.12668541 -0.01611973  0.12904564 -0.04873117  0.00735928
  -0.01179154 -0.05997669  0.08368063  0.05084678]
 [ 0.00337023 -2.0198083  -1.1553888  -0.18882237 -1.1217802   1.9498923
   2.083963   -0.23558594 -2.0137763   0.02236693  2.1782663   2.2876472
  -1.8849809   2.2511137   0.19653822 -1.4313397 ]
 [ 1.6441678  -1.5572087   2.0105855  -2.6562314   0.88005036 -0.07310155
   1.2251396   2.6539633   0.6656295  -1.2796234   0.9718109  -0.01534326
  -0.39780232  1.1120173  -2.3032687  -1.720031  ]
 [-2.9253483   1.6267338  -1.5685785   2.0035887  -2.39966     1.2583321
  -1.473055   -1.586909   -0.99471813 -1.7407576  -1.0335593  -0.2669227
   1.798014   -0.6130454   2.4716198   2.4257634 ]
 [-0.2137395   2.2509265   1.276705    0.14929551  1.0277673  -1.999888
  -2.356112    0.45218647  2.166089   -0.35042924 -2.4544022  -2.5279207
   2.270184   -2.4302614  -0.14180419  1.7237489 ]]

cov
[[0.1 0.1 0.1 0.1 0.1 0.1 0.1 0.1 0.1 0.1 0.1 0.1 0.1 0.1 0.1 0.1]
 [0.1 0.1 0.1 0.1 0.1 0.1 0.1 0.1 0.1 0.1 0.1 0.1 0.1 0.1 0.1 0.1]
 [0.1 0.1 0.1 0.1 0.1 0.1 0.1 0.1 0.1 0.1 0.1 0.1 0.1 0.1 0.1 0.1]
 [0.1 0.1 0.1 0.1 0.1 0.1 0.1 0.1 0.1 0.1 0.1 0.1 0.1 0.1 0.1 0.1]
 [0.1 0.1 0.1 0.1 0.1 0.1 0.1 0.1 0.1 0.1 0.1 0.1 0.1 0.1 0.1 0.1]]

trans
[[0.87620354 0.72427845 0.1713553  0.4465756  0.4350937 ]
 [0.02815905 0.23934582 0.15004942 0.20479605 0.0767783 ]
 [0.03198422 0.0188263  0.6532052  0.03464111 0.06893529]
 [0.02000398 0.00742929 0.01437018 0.27499145 0.15868928]
 [0.0436492  0.01012012 0.01101989 0.03899575 0.26050344]]

lengths
[1.16414   1.0942626 1.3260474 1.2545662 1.1279596]

Epoch: 17, Loss: 1445.2225
mean
[[-0.02944614  0.05476901 -0.10089865  0.12637244  0.00522263 -0.03871176
  -0.05129996 -0.12608759 -0.01156121  0.12999345 -0.0511569   0.00417089
  -0.01459209 -0.06433239  0.0841835   0.05108262]
 [-0.00857957 -1.997433   -1.1587846  -0.15406439 -1.1215428   1.9402118
   2.061322   -0.27782658 -2.0039878   0.03881886  2.1554914   2.2711074
  -1.8634865   2.2269561   0.20884863 -1.4119339 ]
 [ 1.6579033  -1.5566845   2.0142004  -2.6842644   0.8829464  -0.06908551
   1.2288295   2.6796613   0.6629347  -1.2837888   0.973817   -0.01963122
  -0.39897633  1.1238284  -2.312448   -1.7192988 ]
 [-2.917002    1.6292324  -1.5645598   2.0049994  -2.4029503   1.2529192
  -1.4747291  -1.5844489  -0.99277616 -1.7412256  -1.0344465  -0.26822212
   1.8019049  -0.61519665  2.4768496   2.425923  ]
 [-0.21142198  2.2455795   1.282257    0.14237064  1.0260392  -1.9960165
  -2.35185     0.45970687  2.1638315  -0.35875502 -2.4511805  -2.5270329
   2.267735   -2.4266858  -0.14554776  1.716005  ]]

cov
[[0.1 0.1 0.1 0.1 0.1 0.1 0.1 0.1 0.1 0.1 0.1 0.1 0.1 0.1 0.1 0.1]
 [0.1 0.1 0.1 0.1 0.1 0.1 0.1 0.1 0.1 0.1 0.1 0.1 0.1 0.1 0.1 0.1]
 [0.1 0.1 0.1 0.1 0.1 0.1 0.1 0.1 0.1 0.1 0.1 0.1 0.1 0.1 0.1 0.1]
 [0.1 0.1 0.1 0.1 0.1 0.1 0.1 0.1 0.1 0.1 0.1 0.1 0.1 0.1 0.1 0.1]
 [0.1 0.1 0.1 0.1 0.1 0.1 0.1 0.1 0.1 0.1 0.1 0.1 0.1 0.1 0.1 0.1]]

trans
[[0.8757251  0.7321184  0.17059487 0.4389427  0.44378704]
 [0.02924656 0.23381566 0.14919259 0.2088318  0.07900851]
 [0.03111068 0.01716309 0.6554763  0.03494913 0.06761697]
 [0.02030835 0.00691456 0.01391824 0.27731243 0.15472391]
 [0.0436093  0.00998829 0.010818   0.03996399 0.25486353]]

lengths
[1.1639124 1.0965253 1.331159  1.2534518 1.1292078]

Epoch: 18, Loss: 1444.9078
mean
[[-0.02878949  0.05741538 -0.09995675  0.1280103   0.00631876 -0.04023221
  -0.05378913 -0.12877314 -0.01129788  0.13074943 -0.05088572  0.00330908
  -0.01227473 -0.06532928  0.08420641  0.05433042]
 [-0.01570781 -1.9806443  -1.1575081  -0.13138923 -1.1148707   1.9312427
   2.040397   -0.303998   -1.9918759   0.04161625  2.1342347   2.2537696
  -1.8380196   2.2071943   0.21248725 -1.3956621 ]
 [ 1.6681019  -1.5552657   2.0187635  -2.700871    0.8870529  -0.06524922
   1.2344017   2.702048    0.66445875 -1.2867287   0.97653306 -0.01813941
  -0.39670873  1.1270757  -2.3139782  -1.7185484 ]
 [-2.915981    1.6320901  -1.5633738   2.0041454  -2.4075716   1.250285
  -1.4760885  -1.5827744  -0.9934001  -1.7438146  -1.035297   -0.26924628
   1.8056724  -0.6167125   2.48264     2.4302194 ]
 [-0.20954236  2.2412016   1.2892658   0.13333663  1.0241188  -1.9938958
  -2.3482647   0.46885705  2.1640816  -0.36956006 -2.4487731  -2.528073
   2.2666101  -2.4240065  -0.15096699  1.7097337 ]]

cov
[[0.1 0.1 0.1 0.1 0.1 0.1 0.1 0.1 0.1 0.1 0.1 0.1 0.1 0.1 0.1 0.1]
 [0.1 0.1 0.1 0.1 0.1 0.1 0.1 0.1 0.1 0.1 0.1 0.1 0.1 0.1 0.1 0.1]
 [0.1 0.1 0.1 0.1 0.1 0.1 0.1 0.1 0.1 0.1 0.1 0.1 0.1 0.1 0.1 0.1]
 [0.1 0.1 0.1 0.1 0.1 0.1 0.1 0.1 0.1 0.1 0.1 0.1 0.1 0.1 0.1 0.1]
 [0.1 0.1 0.1 0.1 0.1 0.1 0.1 0.1 0.1 0.1 0.1 0.1 0.1 0.1 0.1 0.1]]

trans
[[0.87632585 0.73778737 0.16836323 0.4240017  0.4505356 ]
 [0.02989721 0.23001628 0.14817908 0.22096856 0.079052  ]
 [0.030108   0.0158075  0.6594326  0.03525765 0.06675236]
 [0.02049847 0.00647589 0.01337007 0.2787379  0.15173703]
 [0.04317044 0.00991297 0.01065508 0.04103418 0.25192305]]

lengths
[1.1630293 1.0960685 1.3347081 1.25379   1.1329429]

Epoch: 19, Loss: 1444.5864
mean
[[-0.02854023  0.06128643 -0.09816498  0.12536982  0.00755754 -0.04028847
  -0.05286772 -0.12735185 -0.01140813  0.13116612 -0.05321486  0.00160302
  -0.01414229 -0.06688978  0.08339643  0.05229153]
 [-0.01824313 -1.9676816  -1.1542583  -0.11810192 -1.1045129   1.9185628
   2.018531   -0.31592688 -1.9752479   0.0349367   2.1116328   2.2334194
  -1.8062611   2.189168    0.20967439 -1.3802778 ]
 [ 1.6733944  -1.5566096   2.021952   -2.705737    0.89058775 -0.06197695
   1.2380526   2.7163272   0.6671822  -1.2891549   0.9790593  -0.01344433
  -0.3939809   1.1256613  -2.311962   -1.7199256 ]
 [-2.9194443   1.6342148  -1.5645282   2.0025108  -2.4116693   1.2505263
  -1.4767703  -1.582404   -0.9952379  -1.7468535  -1.0357533  -0.26959786
   1.8080124  -0.61720866  2.4870863   2.4357054 ]
 [-0.20714001  2.23707     1.2939701   0.12524122  1.0241168  -1.993023
  -2.3444815   0.47539192  2.1653154  -0.3760418  -2.4459612  -2.5287602
   2.2653265  -2.4211202  -0.15657894  1.7046108 ]]

cov
[[0.1 0.1 0.1 0.1 0.1 0.1 0.1 0.1 0.1 0.1 0.1 0.1 0.1 0.1 0.1 0.1]
 [0.1 0.1 0.1 0.1 0.1 0.1 0.1 0.1 0.1 0.1 0.1 0.1 0.1 0.1 0.1 0.1]
 [0.1 0.1 0.1 0.1 0.1 0.1 0.1 0.1 0.1 0.1 0.1 0.1 0.1 0.1 0.1 0.1]
 [0.1 0.1 0.1 0.1 0.1 0.1 0.1 0.1 0.1 0.1 0.1 0.1 0.1 0.1 0.1 0.1]
 [0.1 0.1 0.1 0.1 0.1 0.1 0.1 0.1 0.1 0.1 0.1 0.1 0.1 0.1 0.1 0.1]]

trans
[[0.87689894 0.7427249  0.16556922 0.39627135 0.45335823]
 [0.03015124 0.22667448 0.14786637 0.24557509 0.07805144]
 [0.02933054 0.01465603 0.6631305  0.0356536  0.06639374]
 [0.02063386 0.00608395 0.01283957 0.2802516  0.15009981]
 [0.0429854  0.00986063 0.01059436 0.04224838 0.25209677]]

lengths
[1.1618466 1.093077  1.3349526 1.2543582 1.1322852]

Epoch: 20, Loss: 1444.4370
mean
[[-0.02824906  0.05917652 -0.09837688  0.12697427  0.00757498 -0.04122779
  -0.05464578 -0.12751496 -0.01018206  0.13107836 -0.05235357  0.00157569
  -0.01237942 -0.0674916   0.083634    0.05378632]
 [-0.01813332 -1.9574475  -1.1509093  -0.11142562 -1.095826    1.9040023
   1.9972748  -0.31743172 -1.9573342   0.02382649  2.0895157   2.2130597
  -1.7745842   2.1728015   0.20366034 -1.3660748 ]
 [ 1.674374   -1.5605179   2.0226643  -2.703201    0.8925329  -0.05921831
   1.2390786   2.7222648   0.66862994 -1.2914999   0.980787   -0.00943016
  -0.3924592   1.1237849  -2.3099637  -1.72276   ]
 [-2.924661    1.6352518  -1.5665135   2.0012188  -2.4143229   1.252361
  -1.4768472  -1.5830295  -0.99688554 -1.7492516  -1.0357996  -0.26937973
   1.8087226  -0.616921    2.4894986   2.440369  ]
 [-0.20338555  2.2327902   1.29631     0.11931548  1.0269461  -1.9932286
  -2.3401012   0.4784716   2.1665804  -0.37575588 -2.4422593  -2.5280836
   2.2628162  -2.417746   -0.16174331  1.6998416 ]]

cov
[[0.1 0.1 0.1 0.1 0.1 0.1 0.1 0.1 0.1 0.1 0.1 0.1 0.1 0.1 0.1 0.1]
 [0.1 0.1 0.1 0.1 0.1 0.1 0.1 0.1 0.1 0.1 0.1 0.1 0.1 0.1 0.1 0.1]
 [0.1 0.1 0.1 0.1 0.1 0.1 0.1 0.1 0.1 0.1 0.1 0.1 0.1 0.1 0.1 0.1]
 [0.1 0.1 0.1 0.1 0.1 0.1 0.1 0.1 0.1 0.1 0.1 0.1 0.1 0.1 0.1 0.1]
 [0.1 0.1 0.1 0.1 0.1 0.1 0.1 0.1 0.1 0.1 0.1 0.1 0.1 0.1 0.1 0.1]]

trans
[[0.876823   0.747053   0.16304956 0.36427012 0.4538156 ]
 [0.03025961 0.22371851 0.14839394 0.27684084 0.07677855]
 [0.02893443 0.0136704  0.66547215 0.03585365 0.0663355 ]
 [0.02076252 0.00573144 0.01238645 0.2798134  0.14952973]
 [0.04322044 0.00982662 0.01069786 0.04322195 0.25354064]]

lengths
[1.1612943 1.0898042 1.3327616 1.2543613 1.1296493]

Epoch: 21, Loss: 1444.4477
mean
[[-0.02847964  0.0601457  -0.09810531  0.12655896  0.00777665 -0.04140302
  -0.05385622 -0.1281356  -0.00987854  0.13120744 -0.05334554  0.00094039
  -0.0133868  -0.0671901   0.08359949  0.05364319]
 [-0.01687507 -1.9500406  -1.1480411  -0.10934615 -1.0920304   1.8924775
   1.9808583  -0.31278074 -1.9433873   0.01267432  2.0724885   2.1979675
  -1.7524457   2.1600573   0.19716364 -1.3555902 ]
 [ 1.6727173  -1.564996    2.0215147  -2.698608    0.89267343 -0.05676725
   1.239639    2.722363    0.66785765 -1.2939136   0.9822822  -0.00753991
  -0.3925699   1.123934   -2.309621   -1.7255934 ]
 [-2.9296095   1.6353881  -1.5680158   2.0007408  -2.415427    1.254306
  -1.4766147  -1.584015   -0.9976368  -1.7505862  -1.0356299  -0.26893985
   1.8083192  -0.61633396  2.490107    2.4432988 ]
 [-0.19783303  2.2278807   1.2984682   0.1145601   1.0319325  -1.9940857
  -2.3347857   0.48036143  2.1674395  -0.3708072  -2.4374297  -2.525862
   2.2585037  -2.413727   -0.16691148  1.6943755 ]]

cov
[[0.1 0.1 0.1 0.1 0.1 0.1 0.1 0.1 0.1 0.1 0.1 0.1 0.1 0.1 0.1 0.1]
 [0.1 0.1 0.1 0.1 0.1 0.1 0.1 0.1 0.1 0.1 0.1 0.1 0.1 0.1 0.1 0.1]
 [0.1 0.1 0.1 0.1 0.1 0.1 0.1 0.1 0.1 0.1 0.1 0.1 0.1 0.1 0.1 0.1]
 [0.1 0.1 0.1 0.1 0.1 0.1 0.1 0.1 0.1 0.1 0.1 0.1 0.1 0.1 0.1 0.1]
 [0.1 0.1 0.1 0.1 0.1 0.1 0.1 0.1 0.1 0.1 0.1 0.1 0.1 0.1 0.1 0.1]]

trans
[[0.8762338  0.7498229  0.16117057 0.34089217 0.45445153]
 [0.03037764 0.22206914 0.14929363 0.3032704  0.07557122]
 [0.02885792 0.01285211 0.66650975 0.03567869 0.06635843]
 [0.02088666 0.0054252  0.01202462 0.27646554 0.14948727]
 [0.04364393 0.00983059 0.01100142 0.04369319 0.25413156]]

lengths
[1.1616642 1.0883025 1.3301034 1.2539879 1.1290339]

Loss didn't improve for 1 epochs
Epoch: 22, Loss: 1444.5617
mean
[[-0.02857397  0.06108638 -0.09837545  0.12677996  0.00773858 -0.04152986
  -0.05475922 -0.12785865 -0.00997978  0.1314359  -0.05330246  0.00083658
  -0.01241306 -0.06827159  0.08384339  0.05364902]
 [-0.01551487 -1.945002   -1.1454535  -0.11025588 -1.0919834   1.8858236
   1.9707078  -0.30516967 -1.9350893   0.00375828  2.062015    2.1894653
  -1.7421489   2.1514308   0.19167271 -1.3495563 ]
 [ 1.6702485  -1.5685844   2.0201766  -2.6958795   0.8913524  -0.05440484
   1.2416241   2.7200089   0.66534    -1.296443    0.98446953 -0.00676606
  -0.39391875  1.1265955  -2.310908   -1.7277149 ]
 [-2.9331534   1.6350164  -1.5685141   2.0009668  -2.415361    1.2554438
  -1.4763405  -1.5848062  -0.9975477  -1.7509271  -1.0354378  -0.26857892
   1.8074983  -0.6158371   2.489576    2.444446  ]
 [-0.19040091  2.2218657   1.3018277   0.10944289  1.0379156  -1.9951484
  -2.3282979   0.48334813  2.1678302  -0.36433968 -2.4314528  -2.5223105
   2.2521963  -2.4089725  -0.17285374  1.6873537 ]]

cov
[[0.1 0.1 0.1 0.1 0.1 0.1 0.1 0.1 0.1 0.1 0.1 0.1 0.1 0.1 0.1 0.1]
 [0.1 0.1 0.1 0.1 0.1 0.1 0.1 0.1 0.1 0.1 0.1 0.1 0.1 0.1 0.1 0.1]
 [0.1 0.1 0.1 0.1 0.1 0.1 0.1 0.1 0.1 0.1 0.1 0.1 0.1 0.1 0.1 0.1]
 [0.1 0.1 0.1 0.1 0.1 0.1 0.1 0.1 0.1 0.1 0.1 0.1 0.1 0.1 0.1 0.1]
 [0.1 0.1 0.1 0.1 0.1 0.1 0.1 0.1 0.1 0.1 0.1 0.1 0.1 0.1 0.1 0.1]]

trans
[[0.87554497 0.7505197  0.15983905 0.3305416  0.45659944]
 [0.03054364 0.22224462 0.14996535 0.31858325 0.07448969]
 [0.02892204 0.01218771 0.66696453 0.03525667 0.0663714 ]
 [0.02098547 0.00516526 0.01174125 0.27183187 0.14951262]
 [0.04400388 0.00988271 0.01148984 0.04378662 0.25302687]]

lengths
[1.1621337 1.0884224 1.3286251 1.253976  1.1296114]

Loss didn't improve for 2 epochs
Epoch: 23, Loss: 1444.6963
mean
[[-0.02867196  0.06026924 -0.09849991  0.12758647  0.00780611 -0.04193094
  -0.05464529 -0.12860294 -0.00946216  0.13171847 -0.05347418  0.00068422
  -0.01312561 -0.06781432  0.08415027  0.05429405]
 [-0.01499684 -1.9415172  -1.143052   -0.11271422 -1.0934165   1.8834347
   1.9657562  -0.29683238 -1.9315802  -0.0024484   2.0569186   2.186018
  -1.740368    2.1462538   0.1879188  -1.3468711 ]
 [ 1.6680034  -1.5719866   2.0196586  -2.6967733   0.8887056  -0.05140587
   1.2459416   2.7181914   0.6614877  -1.2994608   0.98884934 -0.00468017
  -0.39593     1.1317747  -2.3128746  -1.729618  ]
 [-2.9349935   1.6345339  -1.5682347   2.0015337  -2.414696    1.2556201
  -1.4761919  -1.5851768  -0.9970751  -1.7506216  -1.0353483  -0.26843998
   1.8068126  -0.615616    2.4886422   2.444303  ]
 [-0.17967212  2.213394    1.306903    0.10194183  1.0457039  -1.9965206
  -2.3195436   0.48894387  2.1679769  -0.35655552 -2.4236522  -2.5171053
   2.2427733  -2.4028203  -0.18141752  1.6770074 ]]

cov
[[0.1 0.1 0.1 0.1 0.1 0.1 0.1 0.1 0.1 0.1 0.1 0.1 0.1 0.1 0.1 0.1]
 [0.1 0.1 0.1 0.1 0.1 0.1 0.1 0.1 0.1 0.1 0.1 0.1 0.1 0.1 0.1 0.1]
 [0.1 0.1 0.1 0.1 0.1 0.1 0.1 0.1 0.1 0.1 0.1 0.1 0.1 0.1 0.1 0.1]
 [0.1 0.1 0.1 0.1 0.1 0.1 0.1 0.1 0.1 0.1 0.1 0.1 0.1 0.1 0.1 0.1]
 [0.1 0.1 0.1 0.1 0.1 0.1 0.1 0.1 0.1 0.1 0.1 0.1 0.1 0.1 0.1 0.1]]

trans
[[0.8749689  0.74941    0.15852018 0.33071166 0.46065405]
 [0.03071472 0.2240255  0.15019003 0.32321984 0.07340804]
 [0.02892771 0.01164541 0.66768247 0.03475295 0.06632417]
 [0.02104243 0.0049429  0.01151291 0.26761764 0.14922804]
 [0.04434627 0.00997625 0.01209442 0.04369793 0.2503857 ]]

lengths
[1.1621963 1.08877   1.3290124 1.2546945 1.1290114]

Loss didn't improve for 3 epochs
Epoch: 24, Loss: 1444.7795
mean
[[-0.02865643  0.06086749 -0.09859845  0.12716547  0.00779863 -0.04173072
  -0.0544979  -0.12866434 -0.00961864  0.13194406 -0.05339185  0.00073028
  -0.01289706 -0.0682311   0.08408982  0.05372421]
 [-0.01587118 -1.9390688  -1.1411878  -0.11549467 -1.0951707   1.8840265
   1.9642218  -0.28930396 -1.9313998  -0.00636984  2.0553527   2.185627
  -1.7424494   2.1437135   0.18616281 -1.3459755 ]
 [ 1.6664852  -1.5757327   2.0200105  -2.700592    0.8851956  -0.04756336
   1.2509125   2.7182257   0.65715593 -1.3030219   0.99403906 -0.00091935
  -0.39817315  1.1382967  -2.3145645  -1.7318333 ]
 [-2.9353752   1.6341664  -1.567686    2.0020564  -2.4139137   1.2551798
  -1.4761767  -1.5851574  -0.99665123 -1.7500528  -1.0353578  -0.2684876
   1.8064821  -0.6156371   2.487812    2.4434962 ]
 [-0.16677597  2.2027662   1.3120203   0.09272246  1.0540698  -1.9979053
  -2.3090427   0.49600857  2.1679652  -0.34867385 -2.4146204  -2.510782
   2.231067   -2.3955796  -0.19184986  1.6639811 ]]

cov
[[0.1 0.1 0.1 0.1 0.1 0.1 0.1 0.1 0.1 0.1 0.1 0.1 0.1 0.1 0.1 0.1]
 [0.1 0.1 0.1 0.1 0.1 0.1 0.1 0.1 0.1 0.1 0.1 0.1 0.1 0.1 0.1 0.1]
 [0.1 0.1 0.1 0.1 0.1 0.1 0.1 0.1 0.1 0.1 0.1 0.1 0.1 0.1 0.1 0.1]
 [0.1 0.1 0.1 0.1 0.1 0.1 0.1 0.1 0.1 0.1 0.1 0.1 0.1 0.1 0.1 0.1]
 [0.1 0.1 0.1 0.1 0.1 0.1 0.1 0.1 0.1 0.1 0.1 0.1 0.1 0.1 0.1 0.1]]

trans
[[0.8746225  0.7473957  0.15694962 0.33635837 0.46539673]
 [0.03081945 0.22658265 0.15019982 0.32118502 0.07227101]
 [0.02878621 0.01118536 0.6687852  0.03426468 0.06625588]
 [0.02105304 0.0047447  0.01132456 0.2646399  0.14859262]
 [0.04471881 0.01009161 0.01274076 0.04355196 0.24748373]]

lengths
[1.1620736 1.0883626 1.330567  1.255836  1.1279838]

Loss didn't improve for 4 epochs
Epoch: 25, Loss: 1444.7684
mean
[[-0.02838705  0.06062325 -0.09850533  0.12738968  0.00803112 -0.04193193
  -0.05461929 -0.1284499  -0.00970722  0.1321114  -0.05328814  0.00066333
  -0.01336502 -0.06802607  0.08396579  0.05385947]
 [-0.01803631 -1.9374247  -1.1403039  -0.11772784 -1.0970503   1.886239
   1.9644469  -0.28347918 -1.9331324  -0.00868443  2.0556371   2.1866944
  -1.7448622   2.1430476   0.18625809 -1.3456185 ]
 [ 1.6657661  -1.5797881   2.0210435  -2.7056289   0.88147545 -0.04308858
   1.255707    2.7198658   0.65313685 -1.3068776   0.99925077  0.00358831
  -0.40068132  1.1448642  -2.3155391  -1.7346861 ]
 [-2.9348288   1.6340005  -1.5672746   2.0023332  -2.4133108   1.2545868
  -1.4762477  -1.5849377  -0.99645984 -1.7495122  -1.0354261  -0.26862743
   1.8064815  -0.6157892   2.487325    2.4425776 ]
 [-0.15440208  2.1916482   1.3149042   0.08415888  1.0606533  -1.9990269
  -2.2989628   0.50316656  2.1678789  -0.34291518 -2.4062965  -2.5048263
   2.2198148  -2.3885293  -0.20196773  1.6509085 ]]

cov
[[0.1 0.1 0.1 0.1 0.1 0.1 0.1 0.1 0.1 0.1 0.1 0.1 0.1 0.1 0.1 0.1]
 [0.1 0.1 0.1 0.1 0.1 0.1 0.1 0.1 0.1 0.1 0.1 0.1 0.1 0.1 0.1 0.1]
 [0.1 0.1 0.1 0.1 0.1 0.1 0.1 0.1 0.1 0.1 0.1 0.1 0.1 0.1 0.1 0.1]
 [0.1 0.1 0.1 0.1 0.1 0.1 0.1 0.1 0.1 0.1 0.1 0.1 0.1 0.1 0.1 0.1]
 [0.1 0.1 0.1 0.1 0.1 0.1 0.1 0.1 0.1 0.1 0.1 0.1 0.1 0.1 0.1 0.1]]

trans
[[0.87456894 0.74552727 0.1550943  0.34277564 0.46931285]
 [0.03082768 0.22893442 0.15035564 0.31683657 0.07112323]
 [0.02851559 0.01077296 0.67000896 0.03384626 0.06620388]
 [0.02102548 0.00455851 0.01116866 0.26311532 0.14780511]
 [0.04506231 0.01020685 0.01337249 0.04342621 0.24555495]]

lengths
[1.1620616 1.0872587 1.3322482 1.2567961 1.1277393]

Loss didn't improve for 5 epochs
Stopping
cached hsmm
