## SLURM PROLOG ###############################################################
##    Job ID : 868831
##  Job Name : hsmm_Toy
##  Nodelist : node1301
##      CPUs : 4
##  Mem/Node : 16384 MB
## Directory : /gpfs/data/epavlick/debert/hsmm
##   Started : Wed Mar 17 23:51:40 EDT 2021
###############################################################################
hsmm_Toy
loaded cached nbc
loaded cached autoencoder
(37, 137, 16)
(4, 192, 16)
(7, 102, 16)
Epoch: 0, Loss: 4532.8655
mean
[[-0.08834256 -0.09398153  0.05925531 -0.09676324 -0.09254098  0.06078143
   0.07751767  0.09666278 -0.09486017  0.09993595 -0.10214861  0.09075794
   0.08993925 -0.10725668  0.05223423  0.08797219]
 [ 0.19723319  0.196865   -0.00553394  0.1844807   0.1918375   0.01351243
  -0.00714612 -0.10483482  0.10832388 -0.19192305  0.11351806 -0.13819091
  -0.08936857  0.17209151  0.09178625 -0.19440913]
 [-0.08955078 -0.09435141  0.06336392 -0.09649673 -0.09449305  0.09660109
   0.06733204  0.09310861 -0.10261429  0.10088693 -0.09879918  0.08879729
   0.09087161 -0.10687725  0.08207751  0.08783434]
 [-0.07918207 -0.08954377  0.00706477 -0.09215    -0.07042347  0.02989699
   0.03412449  0.09067337 -0.08812615  0.09149088 -0.09641854  0.08008203
   0.03684154 -0.10327968  0.02046264  0.08098082]
 [-0.09369427 -0.09674443  0.08398212 -0.10057399 -0.09788801  0.14447385
   0.08660965  0.10121483 -0.08305024  0.10369144 -0.10773139  0.09419128
   0.09729575 -0.1094393   0.1134112   0.09253857]]

cov
[[0.1 0.1 0.1 0.1 0.1 0.1 0.1 0.1 0.1 0.1 0.1 0.1 0.1 0.1 0.1 0.1]
 [0.1 0.1 0.1 0.1 0.1 0.1 0.1 0.1 0.1 0.1 0.1 0.1 0.1 0.1 0.1 0.1]
 [0.1 0.1 0.1 0.1 0.1 0.1 0.1 0.1 0.1 0.1 0.1 0.1 0.1 0.1 0.1 0.1]
 [0.1 0.1 0.1 0.1 0.1 0.1 0.1 0.1 0.1 0.1 0.1 0.1 0.1 0.1 0.1 0.1]
 [0.1 0.1 0.1 0.1 0.1 0.1 0.1 0.1 0.1 0.1 0.1 0.1 0.1 0.1 0.1 0.1]]

trans
[[0.17553844 0.18575361 0.18421182 0.18306188 0.17409988]
 [0.2119509  0.24844803 0.20731983 0.21469207 0.21111225]
 [0.18968119 0.19428256 0.18414225 0.19164091 0.19245781]
 [0.17496577 0.18576787 0.18361878 0.18245302 0.17338137]
 [0.24786368 0.1857479  0.24070731 0.22815213 0.24894871]]

lengths
[1.2810686 1.2951587 1.2809806 1.2801857 1.283795 ]

Epoch: 1, Loss: 3926.6611
mean
[[-0.39762574 -0.4162089   0.30821595 -0.42148662 -0.4023287  -0.14204735
   0.35882506  0.39985368 -0.01073331  0.41563866 -0.41182494  0.40446827
   0.4032942  -0.4310639  -0.13324137  0.4150796 ]
 [ 0.5210724   0.52813727 -0.20417912  0.50459546  0.5148243  -0.05329192
  -0.22527134 -0.3507313   0.21577203 -0.5230135   0.36563233 -0.41691172
  -0.3607701   0.47034347 -0.07852345 -0.5274043 ]
 [-0.41934472 -0.43306577  0.0458181  -0.4017438  -0.43535393  0.30394343
   0.01887117  0.22609612 -0.4376557   0.44756535 -0.22546501  0.26483953
   0.26966262 -0.38871378  0.22015566  0.40537784]
 [-0.16532472 -0.4368775  -0.2437955  -0.43744916 -0.16230655 -0.22047547
  -0.17487547  0.3569389  -0.39432347  0.42176107 -0.39088535  0.18835
  -0.15627407 -0.45295507 -0.23267217  0.41346022]
 [-0.45478332 -0.4558936   0.41468123 -0.42649376 -0.46140578  0.4884308
   0.37097424  0.25331816 -0.3725062   0.47167724 -0.2502199   0.4174817
   0.43630078 -0.30599388  0.4529547   0.45000577]]

cov
[[0.1 0.1 0.1 0.1 0.1 0.1 0.1 0.1 0.1 0.1 0.1 0.1 0.1 0.1 0.1 0.1]
 [0.1 0.1 0.1 0.1 0.1 0.1 0.1 0.1 0.1 0.1 0.1 0.1 0.1 0.1 0.1 0.1]
 [0.1 0.1 0.1 0.1 0.1 0.1 0.1 0.1 0.1 0.1 0.1 0.1 0.1 0.1 0.1 0.1]
 [0.1 0.1 0.1 0.1 0.1 0.1 0.1 0.1 0.1 0.1 0.1 0.1 0.1 0.1 0.1 0.1]
 [0.1 0.1 0.1 0.1 0.1 0.1 0.1 0.1 0.1 0.1 0.1 0.1 0.1 0.1 0.1 0.1]]

trans
[[0.19232672 0.15165263 0.13972984 0.14015274 0.13192053]
 [0.26309833 0.38610855 0.28872803 0.3114707  0.22410838]
 [0.14218874 0.15880114 0.15112282 0.14773965 0.14956738]
 [0.19918235 0.1509184  0.18286623 0.21550702 0.14511374]
 [0.20320389 0.15251929 0.23755307 0.18512985 0.34928998]]

lengths
[1.1726531 1.1413615 1.1773891 1.1280481 1.2113221]

Epoch: 2, Loss: 3471.2388
mean
[[-0.6259896  -0.6650864   0.6424844  -0.7510605  -0.5714667  -0.4414672
   0.7041682   0.7368419   0.30372936  0.5898504  -0.7530536   0.7532445
   0.7545919  -0.7545277  -0.38596335  0.7456537 ]
 [ 0.5798518   0.6365057  -0.2390408   0.6190611   0.57642066 -0.01517032
  -0.3091089  -0.3974266   0.16110617 -0.6246941   0.4230795  -0.52392185
  -0.4257942   0.51656526 -0.06522077 -0.6882854 ]
 [-0.7688923  -0.7939572  -0.19961183 -0.64283127 -0.7865509   0.5611285
  -0.2706319   0.04671491 -0.8014063   0.8124107  -0.03885225  0.13977462
   0.15266287 -0.5224654   0.35615626  0.7037951 ]
 [ 0.0089182  -0.63306177 -0.5576     -0.69700813  0.01680757 -0.52433425
  -0.42570478  0.45712227 -0.53324926  0.4997679  -0.52867794  0.10869192
  -0.4372368  -0.7465719  -0.554711    0.5893869 ]
 [-0.8122031  -0.7595396   0.76509887 -0.5828328  -0.8285952   0.84703314
   0.6441536   0.18334854 -0.58701503  0.8229216  -0.15738566  0.68718475
   0.7844624  -0.20517388  0.8091942   0.76231384]]

cov
[[0.1 0.1 0.1 0.1 0.1 0.1 0.1 0.1 0.1 0.1 0.1 0.1 0.1 0.1 0.1 0.1]
 [0.1 0.1 0.1 0.1 0.1 0.1 0.1 0.1 0.1 0.1 0.1 0.1 0.1 0.1 0.1 0.1]
 [0.1 0.1 0.1 0.1 0.1 0.1 0.1 0.1 0.1 0.1 0.1 0.1 0.1 0.1 0.1 0.1]
 [0.1 0.1 0.1 0.1 0.1 0.1 0.1 0.1 0.1 0.1 0.1 0.1 0.1 0.1 0.1 0.1]
 [0.1 0.1 0.1 0.1 0.1 0.1 0.1 0.1 0.1 0.1 0.1 0.1 0.1 0.1 0.1 0.1]]

trans
[[0.24006654 0.10658434 0.10128388 0.09694126 0.11475333]
 [0.24291544 0.57068115 0.32282704 0.38776982 0.18244597]
 [0.10126419 0.11113826 0.20419154 0.10587917 0.13987206]
 [0.2729002  0.10492695 0.18211316 0.28516936 0.11403389]
 [0.14285365 0.10666928 0.18958437 0.12424039 0.44889477]]

lengths
[1.0796959 1.1328771 1.1426061 1.0125629 1.1516817]

Epoch: 3, Loss: 3188.9420
mean
[[-0.7601342  -0.8325093   0.9474922  -1.0682912  -0.60704535 -0.72334075
   1.0578606   1.0788697   0.6398001   0.6404836  -1.1007221   1.1100621
   1.0833262  -1.0600531  -0.57257897  1.0607355 ]
 [ 0.41579545  0.5055816  -0.12500976  0.50977504  0.41005573  0.04442793
  -0.22555274 -0.29499954  0.10151679 -0.48251155  0.32428995 -0.43300995
  -0.29240364  0.38860896  0.06321815 -0.59823877]
 [-1.0615385  -1.1177653  -0.39150771 -0.7496594  -1.0571518   0.6145498
  -0.5698644  -0.20502175 -1.1055678   1.1340249   0.21395297 -0.07682056
  -0.02306652 -0.5180987   0.3701739   0.90327406]
 [ 0.23630294 -0.64335626 -0.8352189  -0.83760506  0.24183205 -0.8174735
  -0.5593382   0.49553883 -0.4717935   0.35848725 -0.59039235  0.051502
  -0.681392   -0.96831775 -0.86316013  0.5810518 ]
 [-1.1335943  -0.9665661   1.0948156  -0.56800425 -1.1705304   1.1914165
   0.866253    0.01044317 -0.69909453  1.1244537   0.03015769  0.8535371
   1.1077206  -0.0018047   1.1500758   0.986509  ]]

cov
[[0.1 0.1 0.1 0.1 0.1 0.1 0.1 0.1 0.1 0.1 0.1 0.1 0.1 0.1 0.1 0.1]
 [0.1 0.1 0.1 0.1 0.1 0.1 0.1 0.1 0.1 0.1 0.1 0.1 0.1 0.1 0.1 0.1]
 [0.1 0.1 0.1 0.1 0.1 0.1 0.1 0.1 0.1 0.1 0.1 0.1 0.1 0.1 0.1 0.1]
 [0.1 0.1 0.1 0.1 0.1 0.1 0.1 0.1 0.1 0.1 0.1 0.1 0.1 0.1 0.1 0.1]
 [0.1 0.1 0.1 0.1 0.1 0.1 0.1 0.1 0.1 0.1 0.1 0.1 0.1 0.1 0.1 0.1]]

trans
[[0.28955063 0.06681861 0.07443251 0.07373446 0.11906362]
 [0.19163114 0.7348819  0.32299632 0.40367818 0.14491035]
 [0.07410438 0.06869577 0.3108648  0.07907917 0.15395595]
 [0.34778765 0.06405764 0.14803088 0.35997936 0.0868912 ]
 [0.09692623 0.06554613 0.14367546 0.08352882 0.49517888]]

lengths
[1.0814093 1.1872902 1.1755476 1.0146617 1.1353087]

Epoch: 4, Loss: 2948.8619
mean
[[-0.8328335  -0.93416846  1.1621888  -1.3571284  -0.60467106 -0.9397007
   1.3911523   1.4062933   0.93766475  0.6374691  -1.4338202   1.45462
   1.3526495  -1.3280094  -0.6584455   1.345158  ]
 [ 0.2173127   0.30486965 -0.03085667  0.32909244  0.21498753  0.03962768
  -0.10256474 -0.1787244   0.1080106  -0.28076732  0.20580474 -0.27443418
  -0.12795407  0.25150168  0.05347636 -0.4004586 ]
 [-1.2715266  -1.3836194  -0.42672223 -0.8022804  -1.2422212   0.57828426
  -0.7748603  -0.36639574 -1.3567121   1.3991361   0.37153366 -0.20476502
  -0.06295744 -0.5393919   0.3339759   1.027222  ]
 [ 0.45320868 -0.5641804  -1.0824497  -0.90951777  0.462823   -1.1111739
  -0.6219191   0.5747784  -0.3676409   0.16922183 -0.6865439   0.07375244
  -0.90163696 -1.152487   -1.1628301   0.4977424 ]
 [-1.405783   -1.0765421   1.3841861  -0.45218036 -1.4761906   1.501544
   1.0191895  -0.1907425  -0.7508596   1.3643715   0.23631443  0.91100013
   1.3918126   0.21470372  1.4547133   1.1156722 ]]

cov
[[0.1 0.1 0.1 0.1 0.1 0.1 0.1 0.1 0.1 0.1 0.1 0.1 0.1 0.1 0.1 0.1]
 [0.1 0.1 0.1 0.1 0.1 0.1 0.1 0.1 0.1 0.1 0.1 0.1 0.1 0.1 0.1 0.1]
 [0.1 0.1 0.1 0.1 0.1 0.1 0.1 0.1 0.1 0.1 0.1 0.1 0.1 0.1 0.1 0.1]
 [0.1 0.1 0.1 0.1 0.1 0.1 0.1 0.1 0.1 0.1 0.1 0.1 0.1 0.1 0.1 0.1]
 [0.1 0.1 0.1 0.1 0.1 0.1 0.1 0.1 0.1 0.1 0.1 0.1 0.1 0.1 0.1 0.1]]

trans
[[0.33278096 0.04101113 0.05176752 0.06691501 0.12641226]
 [0.14833923 0.8416605  0.31927967 0.38063216 0.12958285]
 [0.05680822 0.04079479 0.42277077 0.06503408 0.18164873]
 [0.39335105 0.03760778 0.103064   0.42578638 0.07200766]
 [0.06872055 0.03892583 0.10311807 0.06163238 0.49034852]]

lengths
[1.1352819 1.1419923 1.1907413 1.0550923 1.1540076]

Epoch: 5, Loss: 2839.6019
mean
[[-0.9008908  -1.0121759   1.2962332  -1.6143373  -0.6395862  -1.0780145
   1.6912695   1.7104129   1.1675562   0.6467713  -1.7421685   1.777061
   1.5632857  -1.5543602  -0.6652108   1.597693  ]
 [ 0.15159991  0.19018102 -0.05281379  0.20869042  0.16001135  0.01290384
  -0.05624669 -0.13476913  0.13271424 -0.18615723  0.15675291 -0.16862045
  -0.08160597  0.20580013 -0.01010657 -0.23702908]
 [-1.3952096  -1.5880927  -0.36449388 -0.8784592  -1.3722606   0.52484894
  -0.824372   -0.36595693 -1.556464    1.6149151   0.36458862 -0.17388105
   0.03962479 -0.65113926  0.2777417   1.133719  ]
 [ 0.6505654  -0.46044967 -1.3104042  -0.94535625  0.6792528  -1.4014909
  -0.66595113  0.6838044  -0.3008431   0.00358893 -0.81741154  0.10834835
  -1.1131091  -1.3104914  -1.4525447   0.40395662]
 [-1.621478   -1.101072    1.6266673  -0.28975964 -1.7354608   1.7666485
   1.1074508  -0.38038963 -0.7600925   1.533356    0.41827935  0.88436776
   1.6300619   0.4067281   1.714148    1.1558616 ]]

cov
[[0.1 0.1 0.1 0.1 0.1 0.1 0.1 0.1 0.1 0.1 0.1 0.1 0.1 0.1 0.1 0.1]
 [0.1 0.1 0.1 0.1 0.1 0.1 0.1 0.1 0.1 0.1 0.1 0.1 0.1 0.1 0.1 0.1]
 [0.1 0.1 0.1 0.1 0.1 0.1 0.1 0.1 0.1 0.1 0.1 0.1 0.1 0.1 0.1 0.1]
 [0.1 0.1 0.1 0.1 0.1 0.1 0.1 0.1 0.1 0.1 0.1 0.1 0.1 0.1 0.1 0.1]
 [0.1 0.1 0.1 0.1 0.1 0.1 0.1 0.1 0.1 0.1 0.1 0.1 0.1 0.1 0.1 0.1]]

trans
[[0.366309   0.02687387 0.03770212 0.06851684 0.13297457]
 [0.12252443 0.8996597  0.32751122 0.35513213 0.12939341]
 [0.04920017 0.02554646 0.49044564 0.05852928 0.21435013]
 [0.40892598 0.02315472 0.06847185 0.4678684  0.06444197]
 [0.05304043 0.02476529 0.07586922 0.04995332 0.45883992]]

lengths
[1.1692587 1.1280317 1.1854901 1.0760102 1.1833075]

Epoch: 6, Loss: 2772.3263
mean
[[-0.9694516  -1.077406    1.3632666  -1.8324707  -0.71143085 -1.145895
   1.9467319   1.9817829   1.32011     0.6816142  -2.017189    2.0684848
   1.7115768  -1.7341127  -0.63175756  1.8113378 ]
 [ 0.22250307  0.21682672 -0.1167394   0.20940906  0.23622626  0.01338364
  -0.10181358 -0.16212898  0.11755621 -0.23397219  0.18092439 -0.17368467
  -0.15356697  0.23886362 -0.00337583 -0.20488967]
 [-1.4303337  -1.7151892  -0.29312044 -0.9856601  -1.4545062   0.4737135
  -0.73236    -0.23898079 -1.6772871   1.7673738   0.224381   -0.02141114
   0.19122478 -0.8168384   0.20440969  1.2378415 ]
 [ 0.82141024 -0.36975634 -1.5203366  -0.9735352   0.8969851  -1.6841266
  -0.7157702   0.81293267 -0.26386142 -0.12972915 -0.96898556  0.12536912
  -1.3214285  -1.4522355  -1.7255719   0.3313699 ]
 [-1.777276   -1.0563245   1.8222865  -0.11463572 -1.9424647   1.9831501
   1.1443737  -0.53491575 -0.7408465   1.6275717   0.5565643   0.80280924
   1.8209803   0.5625687   1.926792    1.1216364 ]]

cov
[[0.1 0.1 0.1 0.1 0.1 0.1 0.1 0.1 0.1 0.1 0.1 0.1 0.1 0.1 0.1 0.1]
 [0.1 0.1 0.1 0.1 0.1 0.1 0.1 0.1 0.1 0.1 0.1 0.1 0.1 0.1 0.1 0.1]
 [0.1 0.1 0.1 0.1 0.1 0.1 0.1 0.1 0.1 0.1 0.1 0.1 0.1 0.1 0.1 0.1]
 [0.1 0.1 0.1 0.1 0.1 0.1 0.1 0.1 0.1 0.1 0.1 0.1 0.1 0.1 0.1 0.1]
 [0.1 0.1 0.1 0.1 0.1 0.1 0.1 0.1 0.1 0.1 0.1 0.1 0.1 0.1 0.1 0.1]]

trans
[[0.39518237 0.01976245 0.03134063 0.07387289 0.13534425]
 [0.11749729 0.9287739  0.3649742  0.34580922 0.14125945]
 [0.04986599 0.01793832 0.4938246  0.05689596 0.23933037]
 [0.39205486 0.01578133 0.04703015 0.47934407 0.06058659]
 [0.04539951 0.01774401 0.0628304  0.04407787 0.42347932]]

lengths
[1.1627338 1.1522254 1.1839002 1.0732459 1.1987697]

Epoch: 7, Loss: 2713.4193
mean
[[-1.0197263  -1.1190482   1.3814584  -2.000848   -0.78522134 -1.1549114
   2.1491365   2.212456    1.4009023   0.7209021  -2.2513056   2.321423
   1.7936025  -1.8584683  -0.58084154  1.9752752 ]
 [ 0.29690716  0.30104607 -0.11744434  0.2801671   0.30499464  0.02267294
  -0.1555693  -0.1990314   0.09138463 -0.31664056  0.21939212 -0.24155077
  -0.21836878  0.27542916  0.02721778 -0.2799479 ]
 [-1.3880525  -1.7423124  -0.22678947 -1.0807121  -1.478659    0.44148913
  -0.5448856  -0.05397328 -1.6783972   1.8257871   0.0185485   0.18400584
   0.31359723 -0.9541896   0.15478668  1.3160654 ]
 [ 0.95504886 -0.30504373 -1.7074751  -1.0021795   1.1018158  -1.9486794
  -0.7720348   0.93561506 -0.23246591 -0.23073152 -1.1105918   0.12374377
  -1.5182555  -1.5749989  -1.9719557   0.28783914]
 [-1.8765882  -0.963169    1.9735746   0.05853955 -2.095417    2.1571612
   1.1388018  -0.66358906 -0.7129845   1.6529281   0.66642755  0.68516093
   1.9647858   0.69151914  2.0998795   1.0290664 ]]

cov
[[0.1 0.1 0.1 0.1 0.1 0.1 0.1 0.1 0.1 0.1 0.1 0.1 0.1 0.1 0.1 0.1]
 [0.1 0.1 0.1 0.1 0.1 0.1 0.1 0.1 0.1 0.1 0.1 0.1 0.1 0.1 0.1 0.1]
 [0.1 0.1 0.1 0.1 0.1 0.1 0.1 0.1 0.1 0.1 0.1 0.1 0.1 0.1 0.1 0.1]
 [0.1 0.1 0.1 0.1 0.1 0.1 0.1 0.1 0.1 0.1 0.1 0.1 0.1 0.1 0.1 0.1]
 [0.1 0.1 0.1 0.1 0.1 0.1 0.1 0.1 0.1 0.1 0.1 0.1 0.1 0.1 0.1 0.1]]

trans
[[0.41401127 0.0164582  0.03061896 0.0816301  0.1328873 ]
 [0.13032115 0.94286    0.4065316  0.34615842 0.15929672]
 [0.05563837 0.01427401 0.47109634 0.05977141 0.25028497]
 [0.35777128 0.01201126 0.0337933  0.47120193 0.05857607]
 [0.04225792 0.0143965  0.05795979 0.04123816 0.39895493]]

lengths
[1.1350056 1.1446193 1.2028599 1.0575188 1.1877533]

Epoch: 8, Loss: 2688.3203
mean
[[-1.0418776  -1.1368699   1.3734465  -2.1200526  -0.8323603  -1.1327522
   2.298873    2.4015858   1.4311877   0.7483723  -2.443711    2.5333095
   1.8217583  -1.9330841  -0.5393773   2.0889375 ]
 [ 0.28720823  0.33706847 -0.0801414   0.32930526  0.28549376  0.01425457
  -0.15608566 -0.20271781  0.09234957 -0.3313668   0.22579482 -0.28712156
  -0.20234035  0.27101487  0.00756063 -0.36122867]
 [-1.2868985  -1.6556091  -0.1254222  -1.1102216  -1.4253527   0.39150158
  -0.3028072   0.13441157 -1.5297405   1.760258   -0.19639012  0.38812244
   0.3830502  -0.98544115  0.14193182  1.3325603 ]
 [ 1.0542732  -0.2635322  -1.8702353  -1.0308154   1.2873471  -2.1878762
  -0.83171177  1.0347997  -0.19049245 -0.31153896 -1.2198596   0.10688215
  -1.698596   -1.6753695  -2.1859047   0.26475245]
 [-1.9290658  -0.84419066  2.088831    0.2155981  -2.1971002   2.2958539
   1.107715   -0.7659744  -0.68028533  1.6222273   0.75460243  0.5567772
   2.0671105   0.80173606  2.2427435   0.9014145 ]]

cov
[[0.1 0.1 0.1 0.1 0.1 0.1 0.1 0.1 0.1 0.1 0.1 0.1 0.1 0.1 0.1 0.1]
 [0.1 0.1 0.1 0.1 0.1 0.1 0.1 0.1 0.1 0.1 0.1 0.1 0.1 0.1 0.1 0.1]
 [0.1 0.1 0.1 0.1 0.1 0.1 0.1 0.1 0.1 0.1 0.1 0.1 0.1 0.1 0.1 0.1]
 [0.1 0.1 0.1 0.1 0.1 0.1 0.1 0.1 0.1 0.1 0.1 0.1 0.1 0.1 0.1 0.1]
 [0.1 0.1 0.1 0.1 0.1 0.1 0.1 0.1 0.1 0.1 0.1 0.1 0.1 0.1 0.1 0.1]]

trans
[[0.41939974 0.01515744 0.03471385 0.09098845 0.12868907]
 [0.15383108 0.9488721  0.4273282  0.3536853  0.17645352]
 [0.06847219 0.0128491  0.45527747 0.06492466 0.24910492]
 [0.31677088 0.01009203 0.02628748 0.45029333 0.05826724]
 [0.04152612 0.01302938 0.05639305 0.04010828 0.38748527]]

lengths
[1.1046298 1.1307287 1.2172954 1.0463563 1.169449 ]

Epoch: 9, Loss: 2666.2391
mean
[[-1.0422913  -1.1426741   1.3570824  -2.2004023  -0.84618276 -1.1077905
   2.4019191   2.5532587   1.4329389   0.76247257 -2.5986047   2.7060008
   1.8173867  -1.974082   -0.52734005  2.1618226 ]
 [ 0.23733121  0.3054542  -0.0771216   0.31699175  0.23451737  0.00240899
  -0.12163053 -0.18069187  0.11075528 -0.2868141   0.20374642 -0.27405602
  -0.15524349  0.24461749 -0.01466693 -0.37503597]
 [-1.1669743  -1.4912115  -0.0303186  -1.0599489  -1.3193886   0.32937974
  -0.09083985  0.25456318 -1.2909325   1.6022422  -0.34049892  0.5111238
   0.3996004  -0.9096057   0.1356539   1.2793769 ]
 [ 1.124044   -0.24221766 -2.0120692  -1.058841    1.4483844  -2.3963847
  -0.8969513   1.0966302  -0.13710818 -0.37799513 -1.2850391   0.07623678
  -1.8615711  -1.7544739  -2.3649101   0.2522679 ]
 [-1.9437109  -0.7162315   2.176449    0.34647378 -2.2533937   2.4034
   1.0685424  -0.83802116 -0.6398768   1.5500911   0.8199503   0.4392364
   2.1360536   0.89661115  2.3605788   0.75975174]]

cov
[[0.1 0.1 0.1 0.1 0.1 0.1 0.1 0.1 0.1 0.1 0.1 0.1 0.1 0.1 0.1 0.1]
 [0.1 0.1 0.1 0.1 0.1 0.1 0.1 0.1 0.1 0.1 0.1 0.1 0.1 0.1 0.1 0.1]
 [0.1 0.1 0.1 0.1 0.1 0.1 0.1 0.1 0.1 0.1 0.1 0.1 0.1 0.1 0.1 0.1]
 [0.1 0.1 0.1 0.1 0.1 0.1 0.1 0.1 0.1 0.1 0.1 0.1 0.1 0.1 0.1 0.1]
 [0.1 0.1 0.1 0.1 0.1 0.1 0.1 0.1 0.1 0.1 0.1 0.1 0.1 0.1 0.1 0.1]]

trans
[[0.41296056 0.01494935 0.04385678 0.0990999  0.12602995]
 [0.1776371  0.95002854 0.41239882 0.36951086 0.19123924]
 [0.09038787 0.01293805 0.4648405  0.07154623 0.23856255]
 [0.2771139  0.00923528 0.02232987 0.4198154  0.05867819]
 [0.04190055 0.01284876 0.05657404 0.0400276  0.38549006]]

lengths
[1.0881295 1.1418992 1.2015402 1.0461242 1.1576924]

Epoch: 10, Loss: 2650.9493
mean
[[-1.0348489  -1.1465675   1.3459648  -2.2525392  -0.83538663 -1.0943462
   2.4674058   2.6727152   1.4247392   0.76551026 -2.7209187   2.8435423
   1.8022857  -1.9945489  -0.544356    2.2048628 ]
 [ 0.23142363  0.2675942  -0.1072631   0.2786916   0.2336177   0.00238648
  -0.10440534 -0.1657648   0.11698943 -0.25850508  0.1869697  -0.23728153
  -0.15086183  0.2360529  -0.00565375 -0.3341821 ]
 [-1.0758452  -1.3095686   0.02689098 -0.9646927  -1.2185391   0.30820858
   0.01669575  0.26050845 -1.0529184   1.4208316  -0.3585877   0.5123967
   0.40884647 -0.7987456   0.13012245  1.1852325 ]
 [ 1.1717674  -0.23321466 -2.1337354  -1.0810946   1.584214   -2.572067
  -0.9655651   1.1178925  -0.07435115 -0.43721512 -1.3062733   0.03791842
  -2.0065262  -1.8117455  -2.5081177   0.23939551]
 [-1.9289373  -0.5869268   2.244045    0.46008182 -2.2697031   2.4885626
   1.0295241  -0.8943401  -0.5908665   1.4474998   0.87997115  0.33708754
   2.177571    0.99095166  2.4627178   0.61306274]]

cov
[[0.1 0.1 0.1 0.1 0.1 0.1 0.1 0.1 0.1 0.1 0.1 0.1 0.1 0.1 0.1 0.1]
 [0.1 0.1 0.1 0.1 0.1 0.1 0.1 0.1 0.1 0.1 0.1 0.1 0.1 0.1 0.1 0.1]
 [0.1 0.1 0.1 0.1 0.1 0.1 0.1 0.1 0.1 0.1 0.1 0.1 0.1 0.1 0.1 0.1]
 [0.1 0.1 0.1 0.1 0.1 0.1 0.1 0.1 0.1 0.1 0.1 0.1 0.1 0.1 0.1 0.1]
 [0.1 0.1 0.1 0.1 0.1 0.1 0.1 0.1 0.1 0.1 0.1 0.1 0.1 0.1 0.1 0.1]]

trans
[[0.39851603 0.0153756  0.05610325 0.105013   0.12776278]
 [0.19276866 0.94778174 0.37002355 0.3878229  0.20084853]
 [0.12225845 0.01431215 0.4990243  0.07852656 0.22475128]
 [0.24366985 0.00905194 0.01942785 0.38803712 0.05955326]
 [0.04278699 0.01347859 0.05542104 0.04060042 0.38708413]]

lengths
[1.092567  1.1467736 1.1876409 1.0542634 1.1437002]

Epoch: 11, Loss: 2640.1997
mean
[[-1.027611   -1.15028     1.3447975  -2.2795312  -0.8167237  -1.0898206
   2.500463    2.7595239   1.4109154   0.7628521  -2.810528    2.94648
   1.7882288  -1.9981668  -0.5753285   2.2232234 ]
 [ 0.27568606  0.27704558 -0.11995798  0.26893646  0.27960575  0.00331093
  -0.12188642 -0.17535058  0.11343293 -0.28473407  0.19569096 -0.22695373
  -0.18834402  0.25628135 -0.00115499 -0.30296072]
 [-1.0250372  -1.1763699   0.00856194 -0.89418674 -1.1444602   0.2900416
  -0.00272567  0.19402063 -0.9075984   1.2821171  -0.2838823   0.4284679
   0.39326113 -0.7475404   0.10563003  1.0960071 ]
 [ 1.2090193  -0.22936423 -2.2376156  -1.094692    1.6928864  -2.7161217
  -1.0346082   1.1058521  -0.02104698 -0.4887502  -1.2951415  -0.00444636
  -2.1335511  -1.8503742  -2.6204457   0.22076023]
 [-1.8931496  -0.4660705   2.2947655   0.5561818  -2.2521694   2.5544012
   0.9932007  -0.9390664  -0.54055727  1.326535    0.9385202   0.25262472
   2.195209    1.0840281   2.5522962   0.47152394]]

cov
[[0.1 0.1 0.1 0.1 0.1 0.1 0.1 0.1 0.1 0.1 0.1 0.1 0.1 0.1 0.1 0.1]
 [0.1 0.1 0.1 0.1 0.1 0.1 0.1 0.1 0.1 0.1 0.1 0.1 0.1 0.1 0.1 0.1]
 [0.1 0.1 0.1 0.1 0.1 0.1 0.1 0.1 0.1 0.1 0.1 0.1 0.1 0.1 0.1 0.1]
 [0.1 0.1 0.1 0.1 0.1 0.1 0.1 0.1 0.1 0.1 0.1 0.1 0.1 0.1 0.1 0.1]
 [0.1 0.1 0.1 0.1 0.1 0.1 0.1 0.1 0.1 0.1 0.1 0.1 0.1 0.1 0.1 0.1]]

trans
[[0.38131815 0.01622006 0.06770981 0.10771761 0.13426599]
 [0.1908926  0.9427399  0.33024424 0.40368748 0.20402396]
 [0.16769417 0.01697608 0.53493583 0.08561816 0.21299748]
 [0.2162989  0.00931004 0.0165051  0.36129016 0.06082705]
 [0.04379619 0.01475389 0.05060504 0.04168662 0.38788554]]

lengths
[1.1069028 1.1381776 1.1853743 1.0616771 1.1330011]

Epoch: 12, Loss: 2631.8990
mean
[[-1.0299255  -1.1574773   1.3505089  -2.28317    -0.81908995 -1.08056
   2.5039163   2.8103206   1.3865235   0.76884604 -2.8648417   3.0141964
   1.7852889  -1.9850943  -0.60172737  2.2225168 ]
 [ 0.310955    0.3191848  -0.10646948  0.29448575  0.31033802 -0.0091361
  -0.14255099 -0.19017904  0.11619435 -0.3294684   0.21226725 -0.24827719
  -0.21276158  0.27676514 -0.02020581 -0.31592983]
 [-1.0085343  -1.1273896  -0.02784432 -0.8758643  -1.1001686   0.2757187
  -0.08649299  0.13608308 -0.8792271   1.223566   -0.20329139  0.35065192
   0.3590914  -0.75977635  0.10140495  1.0469832 ]
 [ 1.248919   -0.2237266  -2.3290486  -1.0973253   1.7761288  -2.8328435
  -1.1030229   1.0709504   0.00627765 -0.5315294  -1.264682   -0.05339347
  -2.2448921  -1.8739762  -2.7111518   0.19291922]
 [-1.8433362  -0.35825488  2.328427    0.6444975  -2.2060878   2.6059918
   0.95221126 -0.99079055 -0.50686544  1.1972955   1.0119907   0.17437044
   2.1885571   1.1785872   2.632922    0.33617926]]

cov
[[0.1 0.1 0.1 0.1 0.1 0.1 0.1 0.1 0.1 0.1 0.1 0.1 0.1 0.1 0.1 0.1]
 [0.1 0.1 0.1 0.1 0.1 0.1 0.1 0.1 0.1 0.1 0.1 0.1 0.1 0.1 0.1 0.1]
 [0.1 0.1 0.1 0.1 0.1 0.1 0.1 0.1 0.1 0.1 0.1 0.1 0.1 0.1 0.1 0.1]
 [0.1 0.1 0.1 0.1 0.1 0.1 0.1 0.1 0.1 0.1 0.1 0.1 0.1 0.1 0.1 0.1]
 [0.1 0.1 0.1 0.1 0.1 0.1 0.1 0.1 0.1 0.1 0.1 0.1 0.1 0.1 0.1 0.1]]

trans
[[0.36304107 0.01744875 0.07582898 0.10530222 0.14491875]
 [0.17411192 0.9349178  0.32034844 0.41714993 0.20260291]
 [0.22634031 0.02129805 0.54661083 0.09407572 0.20303468]
 [0.19167863 0.00985844 0.01379453 0.3402072  0.06249669]
 [0.0448281  0.01647699 0.04341723 0.04326494 0.38694695]]

lengths
[1.1163211 1.1392475 1.1796447 1.0661757 1.1311619]

Epoch: 13, Loss: 2626.5502
mean
[[-1.036675   -1.1651437   1.3558917  -2.26851    -0.8373311  -1.0682939
   2.4838579   2.8282938   1.3554739   0.78117    -2.8872578   3.04926
   1.7892065  -1.9611527  -0.61879796  2.2075753 ]
 [ 0.30372941  0.34341675 -0.09693494  0.3183555   0.30142942 -0.02485315
  -0.13622852 -0.1861871   0.13100094 -0.34294477  0.2094693  -0.26593196
  -0.19988056  0.27136484 -0.03143408 -0.34966433]
 [-0.9969056  -1.1445546  -0.04215873 -0.88347816 -1.0836036   0.26714385
  -0.1492937   0.13722046 -0.93241763  1.2349781  -0.18487605  0.33554336
   0.33075297 -0.77393353  0.09786605  1.0408319 ]
 [ 1.2908248  -0.21843313 -2.4163318  -1.093249    1.8428282  -2.9255235
  -1.1768621   1.02734     0.00559855 -0.56880426 -1.2227817  -0.11505128
  -2.3475285  -1.8874152  -2.7849517   0.15771638]
 [-1.7835078  -0.2676888   2.3425524   0.7270074  -2.1392136   2.6454253
   0.90183926 -1.058005   -0.50143313  1.0719086   1.1020364   0.09591807
   2.1597648   1.2705244   2.701685    0.21067385]]

cov
[[0.1 0.1 0.1 0.1 0.1 0.1 0.1 0.1 0.1 0.1 0.1 0.1 0.1 0.1 0.1 0.1]
 [0.1 0.1 0.1 0.1 0.1 0.1 0.1 0.1 0.1 0.1 0.1 0.1 0.1 0.1 0.1 0.1]
 [0.1 0.1 0.1 0.1 0.1 0.1 0.1 0.1 0.1 0.1 0.1 0.1 0.1 0.1 0.1 0.1]
 [0.1 0.1 0.1 0.1 0.1 0.1 0.1 0.1 0.1 0.1 0.1 0.1 0.1 0.1 0.1 0.1]
 [0.1 0.1 0.1 0.1 0.1 0.1 0.1 0.1 0.1 0.1 0.1 0.1 0.1 0.1 0.1 0.1]]

trans
[[0.3442425  0.01889993 0.07852318 0.09906337 0.15789804]
 [0.15331821 0.92465436 0.3292812  0.42641813 0.1973513 ]
 [0.2889149  0.0274602  0.5433673  0.10548228 0.19585662]
 [0.16816384 0.01056387 0.01174761 0.3236845  0.06426398]
 [0.04536056 0.01842164 0.03708069 0.04535168 0.38463   ]]

lengths
[1.11776   1.1456867 1.1700523 1.0608594 1.1427174]

Epoch: 14, Loss: 2621.0450
mean
[[-1.0402381  -1.1722431   1.3508995  -2.2428358  -0.8621433  -1.058152
   2.446794    2.8192062   1.3192065   0.7987086  -2.8837187   3.0561626
   1.7924478  -1.9341741  -0.63067466  2.1848543 ]
 [ 0.27883357  0.32693788 -0.10523392  0.31342643  0.27752468 -0.0209869
  -0.11652092 -0.17083584  0.1340812  -0.3172211   0.19245853 -0.2600996
  -0.17818783  0.25060773 -0.02320464 -0.3621689 ]
 [-1.001762   -1.1954912  -0.01998189 -0.8998745  -1.1110821   0.28565994
  -0.14666711  0.1725453  -1.0084867   1.2891009  -0.22268637  0.37520325
   0.34492156 -0.77387005  0.10393324  1.071857  ]
 [ 1.3319685  -0.21095353 -2.4976964  -1.0813557   1.8990493  -2.9954307
  -1.252245    0.9835899  -0.00706971 -0.60600865 -1.1761032  -0.18190388
  -2.440913   -1.8903022  -2.841711    0.11489183]
 [-1.7172303  -0.19151734  2.3395088   0.8048241  -2.0555277   2.6743925
   0.8464268  -1.1295953  -0.49652913  0.95118237  1.196063    0.01966172
   2.113964    1.3594003   2.75914     0.09625196]]

cov
[[0.1 0.1 0.1 0.1 0.1 0.1 0.1 0.1 0.1 0.1 0.1 0.1 0.1 0.1 0.1 0.1]
 [0.1 0.1 0.1 0.1 0.1 0.1 0.1 0.1 0.1 0.1 0.1 0.1 0.1 0.1 0.1 0.1]
 [0.1 0.1 0.1 0.1 0.1 0.1 0.1 0.1 0.1 0.1 0.1 0.1 0.1 0.1 0.1 0.1]
 [0.1 0.1 0.1 0.1 0.1 0.1 0.1 0.1 0.1 0.1 0.1 0.1 0.1 0.1 0.1 0.1]
 [0.1 0.1 0.1 0.1 0.1 0.1 0.1 0.1 0.1 0.1 0.1 0.1 0.1 0.1 0.1 0.1]]

trans
[[0.3297211  0.02031002 0.07673564 0.09090895 0.17018746]
 [0.13578224 0.9130196  0.3405782  0.4301718  0.19053006]
 [0.3396195  0.03511518 0.5398788  0.11944279 0.19216695]
 [0.14926653 0.01127963 0.01023144 0.31165266 0.06595059]
 [0.04561066 0.02027558 0.03257594 0.04782381 0.3811649 ]]

lengths
[1.1187526 1.1445165 1.1709272 1.043163  1.1623985]

Epoch: 15, Loss: 2612.6082
mean
[[-1.0394009  -1.176896    1.3392702  -2.2132955  -0.8811632  -1.052526
   2.4030402   2.7919974   1.2854507   0.81489664 -2.862259    3.042333
   1.7931638  -1.9099088  -0.6366952   2.1601598 ]
 [ 0.271595    0.29539916 -0.11265697  0.28655347  0.2716444  -0.01642899
  -0.10810982 -0.15814948  0.12420627 -0.2911772   0.17829219 -0.23906587
  -0.17635441  0.23682417 -0.02442883 -0.34067586]
 [-1.0473521  -1.2592753   0.02782565 -0.9311251  -1.197462    0.32429153
  -0.09259367  0.19278404 -1.0757637   1.3723599  -0.26714566  0.43035188
   0.40753728 -0.7912249   0.13024363  1.1358193 ]
 [ 1.3719157  -0.1995042  -2.5707161  -1.0630376   1.945278   -3.045774
  -1.3224171   0.9468113  -0.02076218 -0.64198804 -1.1350273  -0.24006502
  -2.5220132  -1.8846784  -2.884571    0.06898025]
 [-1.6451374  -0.11940604  2.32091     0.89028126 -1.9561392   2.6959949
   0.78459287 -1.2088512  -0.47047773  0.8306727   1.2961246  -0.06185892
   2.052926    1.4525502   2.8080075  -0.01582169]]

cov
[[0.1 0.1 0.1 0.1 0.1 0.1 0.1 0.1 0.1 0.1 0.1 0.1 0.1 0.1 0.1 0.1]
 [0.1 0.1 0.1 0.1 0.1 0.1 0.1 0.1 0.1 0.1 0.1 0.1 0.1 0.1 0.1 0.1]
 [0.1 0.1 0.1 0.1 0.1 0.1 0.1 0.1 0.1 0.1 0.1 0.1 0.1 0.1 0.1 0.1]
 [0.1 0.1 0.1 0.1 0.1 0.1 0.1 0.1 0.1 0.1 0.1 0.1 0.1 0.1 0.1 0.1]
 [0.1 0.1 0.1 0.1 0.1 0.1 0.1 0.1 0.1 0.1 0.1 0.1 0.1 0.1 0.1 0.1]]

trans
[[0.3245521  0.02137924 0.07338997 0.0813362  0.18016972]
 [0.12443165 0.9019443  0.34477752 0.43112358 0.18801269]
 [0.36753768 0.04308827 0.54356515 0.13377611 0.18903024]
 [0.13740069 0.01185552 0.00901341 0.30327657 0.06765806]
 [0.04607786 0.02173271 0.02925396 0.05048753 0.37512928]]

lengths
[1.1196451 1.1415042 1.1814843 1.0217565 1.1843685]

Epoch: 16, Loss: 2602.7133
mean
[[-1.0346471  -1.1736083   1.3339521  -2.1821098  -0.8899502  -1.0452415
   2.3633945   2.753808    1.2609701   0.82226187 -2.8286414   3.0144808
   1.796926   -1.8869089  -0.63012135  2.1355464 ]
 [ 0.27784997  0.27741748 -0.11131678  0.2587674   0.27604243 -0.03387718
  -0.11444666 -0.15074594  0.11311604 -0.28426793  0.16993922 -0.22045225
  -0.18727453  0.22720543 -0.04626919 -0.30446196]
 [-1.1200075  -1.3170724   0.05449718 -0.9676773  -1.2874289   0.35692596
  -0.04235185  0.18463506 -1.115207    1.4508009  -0.278229    0.45976448
   0.459244   -0.82198787  0.16526313  1.1977185 ]
 [ 1.415635   -0.17957926 -2.6399572  -1.0329083   1.9918573  -3.0800002
  -1.3920931   0.9073777  -0.03345965 -0.6826599  -1.0911603  -0.30310178
  -2.5973392  -1.8679774  -2.9172559   0.01337724]
 [-1.5658166  -0.04492289  2.2845664   0.98855513 -1.8410398   2.7096422
   0.7111661  -1.2984756  -0.43056858  0.70822066  1.4025468  -0.15619838
   1.9744363   1.5496032   2.8471637  -0.13196209]]

cov
[[0.1 0.1 0.1 0.1 0.1 0.1 0.1 0.1 0.1 0.1 0.1 0.1 0.1 0.1 0.1 0.1]
 [0.1 0.1 0.1 0.1 0.1 0.1 0.1 0.1 0.1 0.1 0.1 0.1 0.1 0.1 0.1 0.1]
 [0.1 0.1 0.1 0.1 0.1 0.1 0.1 0.1 0.1 0.1 0.1 0.1 0.1 0.1 0.1 0.1]
 [0.1 0.1 0.1 0.1 0.1 0.1 0.1 0.1 0.1 0.1 0.1 0.1 0.1 0.1 0.1 0.1]
 [0.1 0.1 0.1 0.1 0.1 0.1 0.1 0.1 0.1 0.1 0.1 0.1 0.1 0.1 0.1 0.1]]

trans
[[0.33123946 0.02184549 0.07122491 0.07150736 0.18681869]
 [0.11944726 0.8938247  0.3475551  0.43558645 0.19327544]
 [0.3706988  0.04945614 0.5467695  0.14331117 0.18329807]
 [0.13197215 0.01216693 0.00802387 0.2962006  0.06968862]
 [0.04664232 0.02270672 0.02642662 0.05339444 0.36691922]]

lengths
[1.1184343 1.140095  1.1948407 1.0050074 1.2042189]

Epoch: 17, Loss: 2590.5761
mean
[[-1.0320851  -1.1620889   1.344604   -2.1506355  -0.8982437  -1.02599
   2.3360398   2.710119    1.2494072   0.821239   -2.7871945   2.979103
   1.8137044  -1.8612324  -0.6050079   2.1133685 ]
 [ 0.27492735  0.27641302 -0.10809693  0.24438831  0.27163547 -0.05027761
  -0.11767361 -0.14229418  0.1123492  -0.28547922  0.15976785 -0.21134993
  -0.1880004   0.21174894 -0.05542871 -0.2817921 ]
 [-1.1999878  -1.3651835   0.06273588 -0.9927274  -1.3510804   0.40650186
  -0.03402292  0.15559971 -1.1341105   1.511177   -0.24964209  0.4566928
   0.48391965 -0.8374197   0.21044973  1.2366307 ]
 [ 1.4576194  -0.15705183 -2.7061458  -0.9984899   2.0338836  -3.10062
  -1.4600835   0.8706915  -0.04864419 -0.72033757 -1.0489398  -0.36409947
  -2.666299   -1.8453363  -2.9419312  -0.04110711]
 [-1.4699699   0.04841418  2.2267053   1.1162134  -1.7070333   2.7153628
   0.6182485  -1.4102722  -0.4004536   0.5748059   1.5302286  -0.28103513
   1.8733385   1.6615419   2.874481   -0.26798174]]

cov
[[0.1 0.1 0.1 0.1 0.1 0.1 0.1 0.1 0.1 0.1 0.1 0.1 0.1 0.1 0.1 0.1]
 [0.1 0.1 0.1 0.1 0.1 0.1 0.1 0.1 0.1 0.1 0.1 0.1 0.1 0.1 0.1 0.1]
 [0.1 0.1 0.1 0.1 0.1 0.1 0.1 0.1 0.1 0.1 0.1 0.1 0.1 0.1 0.1 0.1]
 [0.1 0.1 0.1 0.1 0.1 0.1 0.1 0.1 0.1 0.1 0.1 0.1 0.1 0.1 0.1 0.1]
 [0.1 0.1 0.1 0.1 0.1 0.1 0.1 0.1 0.1 0.1 0.1 0.1 0.1 0.1 0.1 0.1]]

trans
[[0.34720793 0.0216229  0.07179399 0.06307191 0.19099589]
 [0.12237201 0.89089334 0.3468647  0.4392628  0.20393604]
 [0.3523357  0.05235638 0.54985464 0.14819795 0.1724136 ]
 [0.13109104 0.0121133  0.00728559 0.292233   0.07238175]
 [0.04699332 0.02301408 0.02420107 0.05723435 0.3602727 ]]

lengths
[1.1140484 1.142282  1.201996  0.9988696 1.2181848]

Epoch: 18, Loss: 2577.1240
mean
[[-1.034057   -1.1431389   1.3776885  -2.119482   -0.9149882  -0.99068636
   2.3273287   2.6663938   1.2490057   0.8144628  -2.7422874   2.942255
   1.8488785  -1.8299154  -0.5610387   2.0951846 ]
 [ 0.26040718  0.2739918  -0.11014908  0.2387241   0.25706813 -0.04541053
  -0.10728723 -0.12722751  0.11422445 -0.27825025  0.14577627 -0.20668551
  -0.17431404  0.1945319  -0.05041229 -0.27762878]
 [-1.260916   -1.400521    0.07804595 -1.0023005  -1.38475     0.4450893
  -0.05531098  0.13301063 -1.1438822   1.5499442  -0.2163311   0.4487258
   0.5009108  -0.8341498   0.245582    1.2543658 ]
 [ 1.4955765  -0.13206756 -2.7670476  -0.95872104  2.0718277  -3.1090717
  -1.526173    0.8306876  -0.06293171 -0.7545969  -1.0041274  -0.42361805
  -2.729229   -1.815978   -2.9581568  -0.09454551]
 [-1.3598166   0.156113    2.1461775   1.2669209  -1.5592513   2.7128475
   0.49867725 -1.5565534  -0.40263432  0.43953493  1.6788803  -0.438855
   1.7485428   1.7786176   2.887462   -0.42389408]]

cov
[[0.1 0.1 0.1 0.1 0.1 0.1 0.1 0.1 0.1 0.1 0.1 0.1 0.1 0.1 0.1 0.1]
 [0.1 0.1 0.1 0.1 0.1 0.1 0.1 0.1 0.1 0.1 0.1 0.1 0.1 0.1 0.1 0.1]
 [0.1 0.1 0.1 0.1 0.1 0.1 0.1 0.1 0.1 0.1 0.1 0.1 0.1 0.1 0.1 0.1]
 [0.1 0.1 0.1 0.1 0.1 0.1 0.1 0.1 0.1 0.1 0.1 0.1 0.1 0.1 0.1 0.1]
 [0.1 0.1 0.1 0.1 0.1 0.1 0.1 0.1 0.1 0.1 0.1 0.1 0.1 0.1 0.1 0.1]]

trans
[[0.36764166 0.02104013 0.07507313 0.0562875  0.1860494 ]
 [0.13418365 0.89267504 0.3464999  0.44289285 0.22408073]
 [0.31891754 0.05167449 0.54896986 0.1483925  0.15993479]
 [0.1318993  0.01182885 0.00676297 0.29061514 0.07474957]
 [0.04735789 0.02278149 0.02269418 0.06181204 0.35518548]]

lengths
[1.1113904 1.1424531 1.2032757 1.0026305 1.219578 ]

Epoch: 19, Loss: 2558.8986
mean
[[-1.0321479  -1.1180408   1.4150956  -2.0891004  -0.92644966 -0.9523623
   2.3318326   2.6248524   1.2559762   0.8025524  -2.6977332   2.9060588
   1.8827558  -1.7966671  -0.51704025  2.078468  ]
 [ 0.25235525  0.26105243 -0.11390066  0.22914463  0.251368   -0.05327746
  -0.09389241 -0.10982893  0.11422005 -0.2653015   0.13026202 -0.19778132
  -0.16685127  0.18014869 -0.0634717  -0.27650198]
 [-1.2877558  -1.4194813   0.09609404 -1.0016807  -1.3918015   0.45880383
  -0.07868373  0.13215968 -1.1484927   1.5620333  -0.20442301  0.45133772
   0.51453495 -0.8226058   0.26568517  1.2577878 ]
 [ 1.5289826  -0.10507514 -2.822181   -0.9152907   2.1100612  -3.109444
  -1.5898781   0.7871485  -0.06826589 -0.7878637  -0.95868045 -0.47889656
  -2.7876542  -1.782106   -2.9671934  -0.14682665]
 [-1.2289367   0.27718025  2.0369549   1.4282467  -1.4000452   2.6962988
   0.35265303 -1.7236245  -0.44798738  0.30626824  1.8333563  -0.6264488
   1.5991465   1.8916745   2.8742375  -0.59607154]]

cov
[[0.1 0.1 0.1 0.1 0.1 0.1 0.1 0.1 0.1 0.1 0.1 0.1 0.1 0.1 0.1 0.1]
 [0.1 0.1 0.1 0.1 0.1 0.1 0.1 0.1 0.1 0.1 0.1 0.1 0.1 0.1 0.1 0.1]
 [0.1 0.1 0.1 0.1 0.1 0.1 0.1 0.1 0.1 0.1 0.1 0.1 0.1 0.1 0.1 0.1]
 [0.1 0.1 0.1 0.1 0.1 0.1 0.1 0.1 0.1 0.1 0.1 0.1 0.1 0.1 0.1 0.1]
 [0.1 0.1 0.1 0.1 0.1 0.1 0.1 0.1 0.1 0.1 0.1 0.1 0.1 0.1 0.1 0.1]]

trans
[[0.3854537  0.02036886 0.08072554 0.05149212 0.17163636]
 [0.15316989 0.89706254 0.34610313 0.4477796  0.25271446]
 [0.2816534  0.04874426 0.5448809  0.144446   0.14715733]
 [0.13191634 0.01147139 0.00640582 0.2893066  0.07588614]
 [0.04780666 0.02235293 0.0218846  0.06697568 0.35260567]]

lengths
[1.1148964 1.139789  1.2054228 1.0094059 1.2187932]

Epoch: 20, Loss: 2538.3719
mean
[[-1.0248685  -1.0903623   1.4467446  -2.059528   -0.9288791  -0.9181303
   2.3445392   2.5872557   1.2643542   0.7883081  -2.655899    2.8723407
   1.9046067  -1.7632546  -0.48133624  2.0618184 ]
 [ 0.25123733  0.24449186 -0.11418093  0.2116488   0.2541984  -0.07081717
  -0.08931764 -0.09730381  0.11601572 -0.25599736  0.11659619 -0.18282267
  -0.17037275  0.16768993 -0.07739864 -0.26457572]
 [-1.2878371  -1.4205325   0.11071154 -0.9905182  -1.3889246   0.4772523
  -0.08814625  0.13229452 -1.1481763   1.5544466  -0.20474024  0.4553821
   0.52348316 -0.8077957   0.28600955  1.2497003 ]
 [ 1.5568833  -0.07806415 -2.869576   -0.8737839   2.1475792  -3.1050472
  -1.6463825   0.7499164  -0.06223979 -0.8198951  -0.920955   -0.52122027
  -2.8395407  -1.7479633  -2.970336   -0.19279547]
 [-1.0702688   0.4178876   1.8997862   1.5979732  -1.2289912   2.663394
   0.18767479 -1.8928087  -0.52166325  0.16812694  1.9850254  -0.8385616
   1.4270099   2.0056171   2.83061    -0.78558624]]

cov
[[0.1 0.1 0.1 0.1 0.1 0.1 0.1 0.1 0.1 0.1 0.1 0.1 0.1 0.1 0.1 0.1]
 [0.1 0.1 0.1 0.1 0.1 0.1 0.1 0.1 0.1 0.1 0.1 0.1 0.1 0.1 0.1 0.1]
 [0.1 0.1 0.1 0.1 0.1 0.1 0.1 0.1 0.1 0.1 0.1 0.1 0.1 0.1 0.1 0.1]
 [0.1 0.1 0.1 0.1 0.1 0.1 0.1 0.1 0.1 0.1 0.1 0.1 0.1 0.1 0.1 0.1]
 [0.1 0.1 0.1 0.1 0.1 0.1 0.1 0.1 0.1 0.1 0.1 0.1 0.1 0.1 0.1 0.1]]

trans
[[0.39647925 0.01987352 0.08765276 0.04836091 0.15116248]
 [0.176384   0.9016246  0.342698   0.45346612 0.28709832]
 [0.24874927 0.04525654 0.54180545 0.13788804 0.13515912]
 [0.13038671 0.01115991 0.00615986 0.28772908 0.07547321]
 [0.04800075 0.02208542 0.02168394 0.07255583 0.35110688]]

lengths
[1.118904  1.1378632 1.2132845 1.0111756 1.2207744]

Epoch: 21, Loss: 2515.1740
mean
[[-1.0165659  -1.068309    1.4633045  -2.0345345  -0.92451084 -0.89463377
   2.3596525   2.5565715   1.2699337   0.7771053  -2.6203384   2.843599
   1.9100116  -1.735087   -0.460922    2.0472414 ]
 [ 0.24181007  0.22825833 -0.1098204   0.18591663  0.2471003  -0.08009832
  -0.08525471 -0.08167833  0.11841443 -0.24695392  0.09802892 -0.16120233
  -0.16717006  0.1467691  -0.08099258 -0.23818028]
 [-1.2839776  -1.4101576   0.1251145  -0.9716331  -1.3931004   0.5174156
  -0.08366776  0.11491522 -1.14594     1.5414095  -0.19505215  0.4495521
   0.53086    -0.7867899   0.32562196  1.2362148 ]
 [ 1.5803462  -0.05254081 -2.9085796  -0.83828837  2.181626   -3.099203
  -1.692508    0.7251556  -0.05090435 -0.84873444 -0.8957072  -0.5480053
  -2.8837552  -1.7172588  -2.9701176  -0.22887217]
 [-0.86965525  0.5928397   1.728842    1.781336   -1.0346696   2.6011693
   0.00738564 -2.047933   -0.56237674  0.00636651  2.1246362  -1.0718842
   1.2276883   2.1258116   2.7427444  -1.0021496 ]]

cov
[[0.1 0.1 0.1 0.1 0.1 0.1 0.1 0.1 0.1 0.1 0.1 0.1 0.1 0.1 0.1 0.1]
 [0.1 0.1 0.1 0.1 0.1 0.1 0.1 0.1 0.1 0.1 0.1 0.1 0.1 0.1 0.1 0.1]
 [0.1 0.1 0.1 0.1 0.1 0.1 0.1 0.1 0.1 0.1 0.1 0.1 0.1 0.1 0.1 0.1]
 [0.1 0.1 0.1 0.1 0.1 0.1 0.1 0.1 0.1 0.1 0.1 0.1 0.1 0.1 0.1 0.1]
 [0.1 0.1 0.1 0.1 0.1 0.1 0.1 0.1 0.1 0.1 0.1 0.1 0.1 0.1 0.1 0.1]]

trans
[[0.40030187 0.01966611 0.09455125 0.04660749 0.1292811 ]
 [0.19993673 0.9048906  0.3335323  0.45554    0.3206651 ]
 [0.22395636 0.04251793 0.54377115 0.1311001  0.12121855]
 [0.12784426 0.01094154 0.00598753 0.28738123 0.07335199]
 [0.04796075 0.02198385 0.02215773 0.07937118 0.35548326]]

lengths
[1.1174715 1.1372194 1.2137804 1.0068136 1.2460419]

Epoch: 22, Loss: 2483.9552
mean
[[-1.0111132  -1.0570984   1.462937   -2.0173745  -0.9178843  -0.88502604
   2.3728316   2.5349772   1.2714083   0.77209777 -2.5938797   2.8218377
   1.9018521  -1.7164279  -0.45750484  2.0368364 ]
 [ 0.22750981  0.21772297 -0.10173696  0.16466664  0.2329292  -0.08232829
  -0.07254759 -0.06243039  0.12236443 -0.23765826  0.07743878 -0.1404392
  -0.1514925   0.12572911 -0.08397463 -0.21363269]
 [-1.2894852  -1.398508    0.13962747 -0.957124   -1.406346    0.54419464
  -0.07236364  0.09126027 -1.1442426   1.5358361  -0.1749161   0.43812567
   0.5404883  -0.7681215   0.3582467   1.2276651 ]
 [ 1.5998118  -0.02957317 -2.9394176  -0.80873513  2.2085035  -3.092227
  -1.7290058   0.7089858  -0.04478459 -0.87180066 -0.8781039  -0.5657473
  -2.920464   -1.6901888  -2.9669971  -0.2555528 ]
 [-0.6355617   0.7853669   1.5260382   1.9563516  -0.81985456  2.505976
  -0.18128642 -2.166989   -0.55421257 -0.17257918  2.2322173  -1.3058288
   1.0042018   2.2365415   2.6098797  -1.2296662 ]]

cov
[[0.1 0.1 0.1 0.1 0.1 0.1 0.1 0.1 0.1 0.1 0.1 0.1 0.1 0.1 0.1 0.1]
 [0.1 0.1 0.1 0.1 0.1 0.1 0.1 0.1 0.1 0.1 0.1 0.1 0.1 0.1 0.1 0.1]
 [0.1 0.1 0.1 0.1 0.1 0.1 0.1 0.1 0.1 0.1 0.1 0.1 0.1 0.1 0.1 0.1]
 [0.1 0.1 0.1 0.1 0.1 0.1 0.1 0.1 0.1 0.1 0.1 0.1 0.1 0.1 0.1 0.1]
 [0.1 0.1 0.1 0.1 0.1 0.1 0.1 0.1 0.1 0.1 0.1 0.1 0.1 0.1 0.1 0.1]]

trans
[[0.39971772 0.01977303 0.09994773 0.04592972 0.10928677]
 [0.21825269 0.90645707 0.32514575 0.4518559  0.34034038]
 [0.20870863 0.04090999 0.54634225 0.12534434 0.10673609]
 [0.12540746 0.01080096 0.00589402 0.28877154 0.07061569]
 [0.04791351 0.02205893 0.02267026 0.08809852 0.3730211 ]]

lengths
[1.1132344 1.1371114 1.2072996 1.000454  1.2735168]

Epoch: 23, Loss: 2451.3810
mean
[[-1.0096503  -1.0562134   1.4525911  -2.0085158  -0.91420054 -0.8866279
   2.3822618   2.5228057   1.269008    0.77305573 -2.577268    2.807761
   1.8885556  -1.7075883  -0.46558324  2.0312252 ]
 [ 0.21768717  0.21042562 -0.09079331  0.15273954  0.22143936 -0.08861893
  -0.05208389 -0.04440995  0.12786092 -0.2271395   0.05949422 -0.12282777
  -0.13274574  0.11305753 -0.08990769 -0.19989796]
 [-1.307708   -1.3935597   0.16012263 -0.95075023 -1.4255466   0.55933386
  -0.05989511  0.07485123 -1.1427671   1.5434449  -0.15559341  0.43351144
   0.5593549  -0.75495285  0.3776173   1.2283145 ]
 [ 1.6137372  -0.01078454 -2.9621308  -0.7846953   2.2248633  -3.0829027
  -1.7574424   0.6958672  -0.04854413 -0.88672465 -0.862489   -0.57993394
  -2.9493184  -1.6663194  -2.9601572  -0.27377114]
 [-0.38425148  0.97028524  1.2933699   2.0995107  -0.58951384  2.3804765
  -0.37837747 -2.2405176  -0.5249713  -0.35696205  2.3040316  -1.5267893
   0.7578943   2.320504    2.4397094  -1.4487125 ]]

cov
[[0.1 0.1 0.1 0.1 0.1 0.1 0.1 0.1 0.1 0.1 0.1 0.1 0.1 0.1 0.1 0.1]
 [0.1 0.1 0.1 0.1 0.1 0.1 0.1 0.1 0.1 0.1 0.1 0.1 0.1 0.1 0.1 0.1]
 [0.1 0.1 0.1 0.1 0.1 0.1 0.1 0.1 0.1 0.1 0.1 0.1 0.1 0.1 0.1 0.1]
 [0.1 0.1 0.1 0.1 0.1 0.1 0.1 0.1 0.1 0.1 0.1 0.1 0.1 0.1 0.1 0.1]
 [0.1 0.1 0.1 0.1 0.1 0.1 0.1 0.1 0.1 0.1 0.1 0.1 0.1 0.1 0.1 0.1]]

trans
[[0.39833286 0.02018742 0.10395504 0.04595153 0.09196959]
 [0.2273847  0.9063229  0.32307506 0.443756   0.3375461 ]
 [0.20219211 0.04029571 0.54352325 0.12072585 0.09738095]
 [0.12409341 0.01070333 0.00593334 0.29082817 0.06887853]
 [0.04799692 0.02249064 0.02351335 0.09873844 0.40422478]]

lengths
[1.1114137  1.1360564  1.2036155  0.99598944 1.2540777 ]

Epoch: 24, Loss: 2418.7934
mean
[[-1.0114207  -1.0576053   1.4499041  -2.002422   -0.9224635  -0.8850085
   2.390271    2.5169413   1.2623671   0.7766951  -2.566831    2.7997468
   1.8855457  -1.700364   -0.46789166  2.027704  ]
 [ 0.20882289  0.1992405  -0.08122612  0.14115208  0.21420388 -0.09225781
  -0.03379714 -0.02812568  0.1326311  -0.2167404   0.04399925 -0.10515824
  -0.12063824  0.10373159 -0.08857679 -0.18918146]
 [-1.3429357  -1.3999592   0.19767053 -0.9429103  -1.4518287   0.61055297
  -0.05150715  0.06074531 -1.1461098   1.5608146  -0.13426846  0.43437794
   0.58883053 -0.73514175  0.42752475  1.2328568 ]
 [ 1.6217825   0.00282044 -2.9769833  -0.76733637  2.2304072  -3.0720875
  -1.7776448   0.6860236  -0.05922513 -0.8931724  -0.84984016 -0.58987284
  -2.9696617  -1.647037   -2.9506993  -0.28351748]
 [-0.11956263  1.1361165   1.0275112   2.2025661  -0.3443285   2.216913
  -0.5877463  -2.2821188  -0.50129485 -0.538456    2.3451672  -1.7312758
   0.4864638   2.3639097   2.2275841  -1.6508292 ]]

cov
[[0.1 0.1 0.1 0.1 0.1 0.1 0.1 0.1 0.1 0.1 0.1 0.1 0.1 0.1 0.1 0.1]
 [0.1 0.1 0.1 0.1 0.1 0.1 0.1 0.1 0.1 0.1 0.1 0.1 0.1 0.1 0.1 0.1]
 [0.1 0.1 0.1 0.1 0.1 0.1 0.1 0.1 0.1 0.1 0.1 0.1 0.1 0.1 0.1 0.1]
 [0.1 0.1 0.1 0.1 0.1 0.1 0.1 0.1 0.1 0.1 0.1 0.1 0.1 0.1 0.1 0.1]
 [0.1 0.1 0.1 0.1 0.1 0.1 0.1 0.1 0.1 0.1 0.1 0.1 0.1 0.1 0.1 0.1]]

trans
[[0.39895344 0.02087406 0.10586259 0.04644764 0.07797487]
 [0.22729331 0.904696   0.3297937  0.43150595 0.31704274]
 [0.20144483 0.04036598 0.533353   0.11728097 0.0963463 ]
 [0.12449468 0.01061772 0.00609239 0.29300278 0.06813651]
 [0.04781373 0.02344623 0.02489836 0.11176267 0.44049957]]

lengths
[1.1120863 1.1344782 1.2056285 0.9951384 1.1973898]

Epoch: 25, Loss: 2383.6258
mean
[[-1.0162846  -1.0548874   1.4646579  -1.9940856  -0.94223225 -0.869196
   2.3987098   2.5136569   1.2540263   0.7790723  -2.5584345   2.7955813
   1.9003245  -1.6876252  -0.4523511   2.0233846 ]
 [ 0.19856407  0.18276444 -0.08423309  0.12503931  0.2028071  -0.09326264
  -0.03092389 -0.01859324  0.12424152 -0.20284052  0.03377869 -0.09265037
  -0.11867014  0.09016483 -0.09370811 -0.17392686]
 [-1.4085083  -1.4159958   0.27533576 -0.91590875 -1.5051732   0.7423087
  -0.04078943  0.02346534 -1.1534872   1.5865468  -0.09193204  0.43394712
   0.64706266 -0.68451345  0.5611644   1.2328959 ]
 [ 1.6249168   0.01128385 -2.984911   -0.75714403  2.2274847  -3.0613601
  -1.7897152   0.6806968  -0.07208803 -0.8927381  -0.84215486 -0.59449476
  -2.9817736  -1.6334647  -2.9403915  -0.28579676]
 [ 0.14860368  1.2820023   0.74669456  2.2727787  -0.09096023  2.0216608
  -0.79379445 -2.3015685  -0.47516537 -0.71444297  2.3625586  -1.905649
   0.20196341  2.3723762   1.9876375  -1.8299521 ]]

cov
[[0.1 0.1 0.1 0.1 0.1 0.1 0.1 0.1 0.1 0.1 0.1 0.1 0.1 0.1 0.1 0.1]
 [0.1 0.1 0.1 0.1 0.1 0.1 0.1 0.1 0.1 0.1 0.1 0.1 0.1 0.1 0.1 0.1]
 [0.1 0.1 0.1 0.1 0.1 0.1 0.1 0.1 0.1 0.1 0.1 0.1 0.1 0.1 0.1 0.1]
 [0.1 0.1 0.1 0.1 0.1 0.1 0.1 0.1 0.1 0.1 0.1 0.1 0.1 0.1 0.1 0.1]
 [0.1 0.1 0.1 0.1 0.1 0.1 0.1 0.1 0.1 0.1 0.1 0.1 0.1 0.1 0.1 0.1]]

trans
[[0.40088812 0.02183193 0.10597274 0.04706277 0.06675965]
 [0.22633426 0.901591   0.34473413 0.41949067 0.29785547]
 [0.20042682 0.04120691 0.51498866 0.11340273 0.10518614]
 [0.12563002 0.01057506 0.00638186 0.2937839  0.06705741]
 [0.04672078 0.02479511 0.02792256 0.12625991 0.46314138]]

lengths
[1.1124889 1.1321324 1.204948  0.9972157 1.166906 ]

Epoch: 26, Loss: 2356.3094
mean
[[-1.0214863  -1.0588913   1.4672921  -1.993588   -0.947018   -0.86514026
   2.3989296   2.515265    1.2486405   0.78242695 -2.5572288   2.7959468
   1.9057544  -1.6856505  -0.44749442  2.0232313 ]
 [ 0.18020095  0.15718731 -0.09606405  0.10183024  0.18429548 -0.09885694
  -0.0419605  -0.01404419  0.10321559 -0.17858602  0.0258289  -0.08534984
  -0.12133414  0.06625246 -0.102955   -0.1499778 ]
 [-1.4956262  -1.4331023   0.38107073 -0.86667097 -1.5863968   0.90249753
  -0.022348   -0.03847731 -1.174126    1.6161458  -0.01934046  0.42063376
   0.7296094  -0.59989214  0.7343374   1.2257148 ]
 [ 1.624434    0.01529282 -2.9872668  -0.75330997  2.219464   -3.0518088
  -1.7947344   0.67964536 -0.08336699 -0.8878351  -0.8396034  -0.59444827
  -2.9868014  -1.6255835  -2.9305396  -0.2827199 ]
 [ 0.41127044  1.4180526   0.48677665  2.3142004   0.15801452  1.8082745
  -0.9483721  -2.270464   -0.3914662  -0.88578165  2.3284657  -2.0100837
  -0.06586093  2.358295    1.7378519  -1.97446   ]]

cov
[[0.1 0.1 0.1 0.1 0.1 0.1 0.1 0.1 0.1 0.1 0.1 0.1 0.1 0.1 0.1 0.1]
 [0.1 0.1 0.1 0.1 0.1 0.1 0.1 0.1 0.1 0.1 0.1 0.1 0.1 0.1 0.1 0.1]
 [0.1 0.1 0.1 0.1 0.1 0.1 0.1 0.1 0.1 0.1 0.1 0.1 0.1 0.1 0.1 0.1]
 [0.1 0.1 0.1 0.1 0.1 0.1 0.1 0.1 0.1 0.1 0.1 0.1 0.1 0.1 0.1 0.1]
 [0.1 0.1 0.1 0.1 0.1 0.1 0.1 0.1 0.1 0.1 0.1 0.1 0.1 0.1 0.1 0.1]]

trans
[[0.3980013  0.02299799 0.10402885 0.04768094 0.05858878]
 [0.23749825 0.8973764  0.35538176 0.40769303 0.29232934]
 [0.19435461 0.04262593 0.5017238  0.10867272 0.1184772 ]
 [0.1252227  0.01054408 0.0068239  0.29316208 0.06627617]
 [0.04492312 0.02645554 0.03204165 0.14279124 0.46432853]]

lengths
[1.1148752 1.1287985 1.205719  1.0001591 1.1815674]

Epoch: 27, Loss: 2328.9706
mean
[[-1.022677   -1.0717397   1.4452338  -2.000872   -0.93689936 -0.8776521
   2.3850653   2.5178316   1.2360076   0.7915612  -2.560289    2.7963367
   1.8883513  -1.6970087  -0.4612565   2.0271757 ]
 [ 0.16015437  0.13035938 -0.10270371  0.08000834  0.16925512 -0.09849944
  -0.05336634 -0.01102927  0.08405834 -0.15366425  0.02001577 -0.08149694
  -0.12247452  0.04391929 -0.1003732  -0.12648965]
 [-1.5733305  -1.4281371   0.50094557 -0.7879062  -1.6740406   1.0487239
   0.01145834 -0.12463118 -1.1945838   1.639837    0.07627062  0.39470172
   0.82887864 -0.48641986  0.8892446   1.1982597 ]
 [ 1.6169101   0.0060016  -2.985764   -0.7738219   2.202807   -3.0540442
  -1.7867614   0.708386   -0.0879236  -0.86921084 -0.871395   -0.56368405
  -2.982756   -1.6410264  -2.930029   -0.25620964]
 [ 0.66846925  1.554837    0.25901297  2.3351808   0.405047    1.5778645
  -1.0370371  -2.183284   -0.2436919  -1.0648322   2.2440438  -2.0421286
  -0.30835313  2.3306043   1.4833715  -2.0882916 ]]

cov
[[0.1 0.1 0.1 0.1 0.1 0.1 0.1 0.1 0.1 0.1 0.1 0.1 0.1 0.1 0.1 0.1]
 [0.1 0.1 0.1 0.1 0.1 0.1 0.1 0.1 0.1 0.1 0.1 0.1 0.1 0.1 0.1 0.1]
 [0.1 0.1 0.1 0.1 0.1 0.1 0.1 0.1 0.1 0.1 0.1 0.1 0.1 0.1 0.1 0.1]
 [0.1 0.1 0.1 0.1 0.1 0.1 0.1 0.1 0.1 0.1 0.1 0.1 0.1 0.1 0.1 0.1]
 [0.1 0.1 0.1 0.1 0.1 0.1 0.1 0.1 0.1 0.1 0.1 0.1 0.1 0.1 0.1 0.1]]

trans
[[0.38983992 0.02445216 0.09920663 0.04830865 0.05227828]
 [0.26420662 0.8926908  0.35097304 0.39585012 0.30959502]
 [0.1806223  0.04381021 0.5054231  0.10491014 0.131785  ]
 [0.12279663 0.01046664 0.00732707 0.29283148 0.06413256]
 [0.04253454 0.02858021 0.03707013 0.15809958 0.4422091 ]]

lengths
[1.1187116 1.1257787 1.210703  1.0020603 1.2153736]

Epoch: 28, Loss: 2300.9386
mean
[[-1.0187496  -1.0893762   1.4010016  -2.0114772  -0.9169862  -0.8998035
   2.3549604   2.517249    1.2111444   0.8031471  -2.562349    2.7914689
   1.846658   -1.7164123  -0.48591143  2.0315056 ]
 [ 0.15082803  0.11918594 -0.09278674  0.07223776  0.15877931 -0.08838043
  -0.04882737 -0.00821947  0.07878546 -0.14225738  0.01771017 -0.07694694
  -0.11220679  0.04040386 -0.09249365 -0.11550706]
 [-1.6365618  -1.3942295   0.636872   -0.68444705 -1.7594832   1.2062432
   0.06160142 -0.23063779 -1.2032396   1.6555415   0.18661402  0.36401775
   0.94210225 -0.3527272   1.0474036   1.1514202 ]
 [ 1.604814   -0.01401755 -2.981639   -0.8149942   2.1819358  -3.0685418
  -1.7670674   0.76216406 -0.0839752  -0.8414345  -0.9319693  -0.50801176
  -2.9712698  -1.6772188  -2.939639   -0.21118563]
 [ 0.91373587  1.6868695   0.05521512  2.3523436   0.6477785   1.3421795
  -1.091051   -2.096504   -0.11081967 -1.2452999   2.1636243  -2.048988
  -0.5314018   2.298784    1.2335154  -2.1852505 ]]

cov
[[0.1 0.1 0.1 0.1 0.1 0.1 0.1 0.1 0.1 0.1 0.1 0.1 0.1 0.1 0.1 0.1]
 [0.1 0.1 0.1 0.1 0.1 0.1 0.1 0.1 0.1 0.1 0.1 0.1 0.1 0.1 0.1 0.1]
 [0.1 0.1 0.1 0.1 0.1 0.1 0.1 0.1 0.1 0.1 0.1 0.1 0.1 0.1 0.1 0.1]
 [0.1 0.1 0.1 0.1 0.1 0.1 0.1 0.1 0.1 0.1 0.1 0.1 0.1 0.1 0.1 0.1]
 [0.1 0.1 0.1 0.1 0.1 0.1 0.1 0.1 0.1 0.1 0.1 0.1 0.1 0.1 0.1 0.1]]

trans
[[0.3785825  0.02608913 0.0937172  0.04902237 0.04620226]
 [0.30513686 0.8888623  0.33279544 0.3848626  0.34238884]
 [0.15870707 0.04399049 0.52440697 0.10493879 0.13875726]
 [0.11800152 0.01025785 0.00795525 0.29326043 0.06093293]
 [0.03957205 0.03080023 0.04112513 0.16791579 0.4117187 ]]

lengths
[1.1194532 1.1276525 1.2193449 1.0022099 1.2168788]

Epoch: 29, Loss: 2285.8477
mean
[[-1.009752   -1.100622    1.3543985  -2.018524   -0.88810486 -0.92084694
   2.3150966   2.5124004   1.1849093   0.8037572  -2.5600293   2.7795498
   1.7939274  -1.733603   -0.50569654  2.0299413 ]
 [ 0.1443998   0.11472783 -0.09072741  0.06986932  0.14775679 -0.08740626
  -0.03996951 -0.00485603  0.07612984 -0.13564034  0.01560835 -0.070299
  -0.10351274  0.04150156 -0.09548619 -0.1106521 ]
 [-1.6808362  -1.3711048   0.72685283 -0.634808   -1.8236339   1.3010931
   0.09980844 -0.29822633 -1.2173336   1.6837857   0.2518958   0.34989226
   1.0225557  -0.28550422  1.1382366   1.1361825 ]
 [ 1.590487   -0.03944559 -2.9758263  -0.8644826   2.1612773  -3.0896041
  -1.7416427   0.8207666  -0.07586113 -0.8116535  -0.9983259  -0.4482821
  -2.95556    -1.7229811  -2.9548924  -0.16090484]
 [ 1.1220673   1.7903304  -0.1070884   2.352354    0.8648102   1.1243311
  -1.1090738  -2.019395   -0.01789873 -1.3980411   2.091658   -2.030676
  -0.7184401   2.2583716   1.0113764  -2.2478206 ]]

cov
[[0.1 0.1 0.1 0.1 0.1 0.1 0.1 0.1 0.1 0.1 0.1 0.1 0.1 0.1 0.1 0.1]
 [0.1 0.1 0.1 0.1 0.1 0.1 0.1 0.1 0.1 0.1 0.1 0.1 0.1 0.1 0.1 0.1]
 [0.1 0.1 0.1 0.1 0.1 0.1 0.1 0.1 0.1 0.1 0.1 0.1 0.1 0.1 0.1 0.1]
 [0.1 0.1 0.1 0.1 0.1 0.1 0.1 0.1 0.1 0.1 0.1 0.1 0.1 0.1 0.1 0.1]
 [0.1 0.1 0.1 0.1 0.1 0.1 0.1 0.1 0.1 0.1 0.1 0.1 0.1 0.1 0.1 0.1]]

trans
[[0.36429814 0.02771683 0.09166234 0.04987855 0.03996407]
 [0.35237193 0.88678914 0.30634543 0.37643322 0.37904376]
 [0.13479291 0.04252324 0.55027527 0.10949873 0.13679798]
 [0.11211777 0.00993527 0.00868677 0.29396242 0.05713036]
 [0.03641924 0.03303549 0.04303014 0.1702271  0.38706383]]

lengths
[1.1166217 1.1297432 1.2215668 1.0011909 1.1944845]

Epoch: 30, Loss: 2279.3887
mean
[[-1.0010726  -1.1020921   1.322941   -2.0193744  -0.8622523  -0.9322072
   2.27452     2.5039155   1.1658977   0.7920897  -2.552762    2.762251
   1.7488512  -1.7426597  -0.5111318   2.0217187 ]
 [ 0.1260101   0.09624933 -0.10536752  0.05935035  0.12971541 -0.08123609
  -0.04914267 -0.00757216  0.05980789 -0.11481392  0.01620932 -0.06782835
  -0.10553502  0.03065151 -0.09352656 -0.09889136]
 [-1.7194479  -1.3769537   0.76954466 -0.6418075  -1.8497859   1.3389971
   0.10939277 -0.31867915 -1.2352068   1.7140983   0.26807082  0.34905797
   1.0528845  -0.28621966  1.1852629   1.1507508 ]
 [ 1.5750351  -0.06663924 -2.9685364  -0.9131522   2.141988   -3.1121833
  -1.7147232   0.86978114 -0.06824949 -0.78366    -1.0540385  -0.39845
  -2.937395   -1.7696502  -2.9718795  -0.11425759]
 [ 1.2922388   1.87233    -0.21009369  2.3349497   1.0455744   0.9316757
  -1.0734097  -1.9281677   0.05449459 -1.5199674   2.005825   -1.9778259
  -0.8522854   2.2137418   0.8248253  -2.2732565 ]]

cov
[[0.1 0.1 0.1 0.1 0.1 0.1 0.1 0.1 0.1 0.1 0.1 0.1 0.1 0.1 0.1 0.1]
 [0.1 0.1 0.1 0.1 0.1 0.1 0.1 0.1 0.1 0.1 0.1 0.1 0.1 0.1 0.1 0.1]
 [0.1 0.1 0.1 0.1 0.1 0.1 0.1 0.1 0.1 0.1 0.1 0.1 0.1 0.1 0.1 0.1]
 [0.1 0.1 0.1 0.1 0.1 0.1 0.1 0.1 0.1 0.1 0.1 0.1 0.1 0.1 0.1 0.1]
 [0.1 0.1 0.1 0.1 0.1 0.1 0.1 0.1 0.1 0.1 0.1 0.1 0.1 0.1 0.1 0.1]]

trans
[[0.35306844 0.02915889 0.09222771 0.0511183  0.03542508]
 [0.39092422 0.88576514 0.28780285 0.3705047  0.4162913 ]
 [0.11478053 0.03985384 0.567436   0.1169912  0.12853865]
 [0.10749785 0.00956657 0.00950492 0.29452422 0.05342817]
 [0.03372896 0.03565557 0.04302851 0.16686156 0.36631677]]

lengths
[1.1149652 1.1246974 1.2196397 1.0009795 1.1839719]

Epoch: 31, Loss: 2276.5162
mean
[[-0.99731404 -1.0956787   1.317188   -2.0152802  -0.8517398  -0.93173754
   2.2441506   2.4947658   1.1597526   0.77504075 -2.54334     2.7445214
   1.7283117  -1.7427877  -0.50279117  2.0104656 ]
 [ 0.11130679  0.07763169 -0.10387801  0.04758851  0.12195079 -0.07291912
  -0.06190652 -0.01104824  0.04671255 -0.09914272  0.0180911  -0.06903834
  -0.10757895  0.0196139  -0.08174816 -0.08608019]
 [-1.7397149  -1.4014354   0.7748897  -0.6727901  -1.8502759   1.3378322
   0.10008491 -0.30320317 -1.2537397   1.7349334   0.24987103  0.35672313
   1.0477009  -0.31917238  1.1943387   1.175273  ]
 [ 1.5571703  -0.09476662 -2.958407   -0.9565615   2.1193779  -3.131449
  -1.6878463   0.90251255 -0.06658428 -0.75561816 -1.0916258  -0.3625765
  -2.915676   -1.8120977  -2.986938   -0.07340823]
 [ 1.4146231   1.9263102  -0.25144652  2.3004913   1.1779019   0.7779064
  -0.9929218  -1.8296995   0.11692314 -1.5996039   1.9104102  -1.8980858
  -0.9254303   2.1674542   0.68373173 -2.2618392 ]]

cov
[[0.1 0.1 0.1 0.1 0.1 0.1 0.1 0.1 0.1 0.1 0.1 0.1 0.1 0.1 0.1 0.1]
 [0.1 0.1 0.1 0.1 0.1 0.1 0.1 0.1 0.1 0.1 0.1 0.1 0.1 0.1 0.1 0.1]
 [0.1 0.1 0.1 0.1 0.1 0.1 0.1 0.1 0.1 0.1 0.1 0.1 0.1 0.1 0.1 0.1]
 [0.1 0.1 0.1 0.1 0.1 0.1 0.1 0.1 0.1 0.1 0.1 0.1 0.1 0.1 0.1 0.1]
 [0.1 0.1 0.1 0.1 0.1 0.1 0.1 0.1 0.1 0.1 0.1 0.1 0.1 0.1 0.1 0.1]]

trans
[[0.3521175  0.03020874 0.09396005 0.05357832 0.03283649]
 [0.4080174  0.88499403 0.28695667 0.36530188 0.44583595]
 [0.10142437 0.03689853 0.56685406 0.12609358 0.11776012]
 [0.10635594 0.00921931 0.01041332 0.29485133 0.05036293]
 [0.03208477 0.03867938 0.0418159  0.16017489 0.35320455]]

lengths
[1.1172289 1.121456  1.2189416 1.0048205 1.2093712]

Epoch: 32, Loss: 2275.1855
mean
[[-0.99850976 -1.0847113   1.3356622  -2.0084367  -0.8575132  -0.922598
   2.231206    2.4878685   1.1672709   0.75962824 -2.5349805   2.7309268
   1.7365963  -1.735911   -0.48710397  1.9999292 ]
 [ 0.1131726   0.07649633 -0.09610981  0.045406    0.12676324 -0.0754915
  -0.06124259 -0.00982335  0.05032463 -0.10270635  0.01811856 -0.06958975
  -0.10503135  0.02034053 -0.08405354 -0.08322641]
 [-1.7374501  -1.4251622   0.76013714 -0.69336784 -1.8448569   1.3217313
   0.08668388 -0.28094986 -1.2661092   1.7417305   0.22565825  0.3658219
   1.0301534  -0.34666193  1.1789995   1.1894208 ]
 [ 1.5320332  -0.12733135 -2.9409103  -1.000766    2.0866978  -3.1472309
  -1.6559076   0.9313404  -0.06484994 -0.72246253 -1.124233   -0.32364437
  -2.8851278  -1.8537925  -2.9983587  -0.02920676]
 [ 1.4844865   1.9457967  -0.24493417  2.255617    1.2561008   0.6723548
  -0.89495236 -1.7448108   0.15633732 -1.6305501   1.8270373  -1.8160703
  -0.9447005   2.1219525   0.59234315 -2.2226913 ]]

cov
[[0.1 0.1 0.1 0.1 0.1 0.1 0.1 0.1 0.1 0.1 0.1 0.1 0.1 0.1 0.1 0.1]
 [0.1 0.1 0.1 0.1 0.1 0.1 0.1 0.1 0.1 0.1 0.1 0.1 0.1 0.1 0.1 0.1]
 [0.1 0.1 0.1 0.1 0.1 0.1 0.1 0.1 0.1 0.1 0.1 0.1 0.1 0.1 0.1 0.1]
 [0.1 0.1 0.1 0.1 0.1 0.1 0.1 0.1 0.1 0.1 0.1 0.1 0.1 0.1 0.1 0.1]
 [0.1 0.1 0.1 0.1 0.1 0.1 0.1 0.1 0.1 0.1 0.1 0.1 0.1 0.1 0.1 0.1]]

trans
[[0.3618535  0.03062987 0.09610728 0.05828465 0.03207928]
 [0.40300792 0.8842571  0.30002463 0.35690424 0.46336803]
 [0.09437097 0.03432966 0.5523521  0.13594103 0.10742204]
 [0.10912943 0.0089011  0.01138486 0.29607323 0.04812558]
 [0.03163818 0.0418823  0.0401311  0.15279686 0.34900507]]

lengths
[1.1200924 1.1226296 1.2231711 1.013156  1.2429682]

Epoch: 33, Loss: 2273.3714
mean
[[-1.0030022  -1.0746241   1.3636651  -2.001045   -0.87289834 -0.90946215
   2.2340941   2.4834366   1.1813726   0.752315   -2.5286717   2.7227578
   1.7625911  -1.7255468  -0.47169334  1.9927309 ]
 [ 0.11876841  0.08661523 -0.0992078   0.05208132  0.12923154 -0.07465958
  -0.05342635 -0.00782502  0.05922725 -0.11210731  0.01777963 -0.06882695
  -0.10305412  0.02808375 -0.08505549 -0.09005558]
 [-1.7174827  -1.4278464   0.7433819  -0.68020105 -1.8380619   1.3123666
   0.07594373 -0.28440988 -1.2686168   1.7308903   0.22600389  0.36220098
   1.0135286  -0.34287804  1.1626787   1.1756718 ]
 [ 1.4977549  -0.1656228  -2.9156668  -1.0496843   2.0485115  -3.1642096
  -1.6188293   0.96738636 -0.04766171 -0.6865872  -1.1624707  -0.2723716
  -2.8465695  -1.8976214  -3.0083458   0.02185215]
 [ 1.5106822   1.9361212  -0.21703243  2.2127466   1.2869297   0.6124752
  -0.81110823 -1.6892958   0.16109413 -1.6218148   1.7733821  -1.7592365
  -0.92929846  2.08028     0.5430164  -2.1749802 ]]

cov
[[0.1 0.1 0.1 0.1 0.1 0.1 0.1 0.1 0.1 0.1 0.1 0.1 0.1 0.1 0.1 0.1]
 [0.1 0.1 0.1 0.1 0.1 0.1 0.1 0.1 0.1 0.1 0.1 0.1 0.1 0.1 0.1 0.1]
 [0.1 0.1 0.1 0.1 0.1 0.1 0.1 0.1 0.1 0.1 0.1 0.1 0.1 0.1 0.1 0.1]
 [0.1 0.1 0.1 0.1 0.1 0.1 0.1 0.1 0.1 0.1 0.1 0.1 0.1 0.1 0.1 0.1]
 [0.1 0.1 0.1 0.1 0.1 0.1 0.1 0.1 0.1 0.1 0.1 0.1 0.1 0.1 0.1 0.1]]

trans
[[0.37670565 0.03049012 0.09802286 0.06461385 0.03281375]
 [0.38399568 0.8840097  0.31423753 0.34561193 0.46554938]
 [0.09231564 0.03241417 0.53711396 0.14532255 0.09849484]
 [0.11511192 0.00860154 0.01233856 0.29937866 0.04586522]
 [0.0318711  0.04448445 0.03828712 0.14507301 0.3572768 ]]

lengths
[1.1188164 1.1232309 1.2313418 1.0212135 1.2475349]

Epoch: 34, Loss: 2270.9251
mean
[[-1.0065881  -1.0658993   1.3921745  -1.9921674  -0.89489    -0.8929109
   2.2497656   2.4788656   1.1932969   0.7569179  -2.523475    2.7195828
   1.7970821  -1.712584   -0.46053007  1.9887915 ]
 [ 0.11439544  0.08784431 -0.10037962  0.05489893  0.12276734 -0.06940435
  -0.05135245 -0.00829673  0.05670758 -0.10878243  0.01799845 -0.06747062
  -0.10203133  0.02910898 -0.07887471 -0.09299648]
 [-1.6963437  -1.4116131   0.7307472  -0.6528576  -1.8273222   1.3103787
   0.06956428 -0.30277258 -1.2602465   1.7095155   0.2443451   0.3489954
   1.0015235  -0.320114    1.1546459   1.1493604 ]
 [ 1.4496443  -0.21571682 -2.8860252  -1.1085813   1.9982507  -3.17764
  -1.580717    1.0123545  -0.03052392 -0.6402762  -1.2057785  -0.21121472
  -2.8012605  -1.9464736  -3.0139732   0.08625104]
 [ 1.5022085   1.9066278  -0.18292516  2.1767178   1.281819    0.58729887
  -0.75473297 -1.6593386   0.15188548 -1.5897259   1.7441969  -1.7286941
  -0.8938753   2.0430844   0.5256522  -2.1310976 ]]

cov
[[0.1 0.1 0.1 0.1 0.1 0.1 0.1 0.1 0.1 0.1 0.1 0.1 0.1 0.1 0.1 0.1]
 [0.1 0.1 0.1 0.1 0.1 0.1 0.1 0.1 0.1 0.1 0.1 0.1 0.1 0.1 0.1 0.1]
 [0.1 0.1 0.1 0.1 0.1 0.1 0.1 0.1 0.1 0.1 0.1 0.1 0.1 0.1 0.1 0.1]
 [0.1 0.1 0.1 0.1 0.1 0.1 0.1 0.1 0.1 0.1 0.1 0.1 0.1 0.1 0.1 0.1]
 [0.1 0.1 0.1 0.1 0.1 0.1 0.1 0.1 0.1 0.1 0.1 0.1 0.1 0.1 0.1 0.1]]

trans
[[0.38821796 0.03005176 0.0992326  0.07039741 0.03514116]
 [0.36233863 0.88431287 0.3184254  0.33257055 0.4556193 ]
 [0.09320318 0.03119244 0.53260875 0.15234797 0.09215595]
 [0.12373372 0.00832246 0.01321182 0.30637535 0.04324795]
 [0.03250654 0.04612044 0.03652143 0.13830872 0.3738356 ]]

lengths
[1.1153488 1.1200032 1.2353077 1.0239599 1.2321546]

Epoch: 35, Loss: 2267.9083
mean
[[-1.0037277  -1.0537925   1.4215883  -1.9782397  -0.9243717  -0.870759
   2.276113    2.4701638   1.1965425   0.7733974  -2.5174742   2.720033
   1.8373268  -1.6952944  -0.45436335  1.985619  ]
 [ 0.11098823  0.07974217 -0.09814762  0.0491683   0.12043045 -0.07487647
  -0.05527035 -0.00829315  0.04953498 -0.10024257  0.01656717 -0.06618429
  -0.10215994  0.02200632 -0.08533498 -0.08727033]
 [-1.6884686  -1.3914125   0.72513187 -0.63715416 -1.8176057   1.3125987
   0.06731551 -0.31553122 -1.2481438   1.6934688   0.2603784   0.3373705
   0.99575424 -0.3003098   1.1563649   1.1339879 ]
 [ 1.387355   -0.27728036 -2.854595   -1.1784201   1.9515047  -3.1878142
  -1.5440453   1.0733949  -0.00242802 -0.59621125 -1.2565042  -0.14082754
  -2.755308   -1.9995972  -3.0105624   0.16041309]
 [ 1.4699806   1.8700954  -0.15146427  2.153462    1.2528869   0.58927375
  -0.7288161  -1.6493727   0.14118166 -1.5508882   1.7348368  -1.7200513
  -0.85049605  2.0167499   0.533267   -2.100325  ]]

cov
[[0.1 0.1 0.1 0.1 0.1 0.1 0.1 0.1 0.1 0.1 0.1 0.1 0.1 0.1 0.1 0.1]
 [0.1 0.1 0.1 0.1 0.1 0.1 0.1 0.1 0.1 0.1 0.1 0.1 0.1 0.1 0.1 0.1]
 [0.1 0.1 0.1 0.1 0.1 0.1 0.1 0.1 0.1 0.1 0.1 0.1 0.1 0.1 0.1 0.1]
 [0.1 0.1 0.1 0.1 0.1 0.1 0.1 0.1 0.1 0.1 0.1 0.1 0.1 0.1 0.1 0.1]
 [0.1 0.1 0.1 0.1 0.1 0.1 0.1 0.1 0.1 0.1 0.1 0.1 0.1 0.1 0.1 0.1]]

trans
[[0.38942164 0.02954957 0.09942312 0.07504799 0.03837439]
 [0.3496342  0.88499117 0.31139526 0.31983253 0.44170547]
 [0.09547385 0.03057163 0.5402162  0.15579396 0.0885352 ]
 [0.13226806 0.00809386 0.01396659 0.3167278  0.04057829]
 [0.0332022  0.04679376 0.03499882 0.13259767 0.39080665]]

lengths
[1.1149818 1.1187525 1.2316568 1.0209577 1.2231662]

Epoch: 36, Loss: 2265.8678
mean
[[-1.0035845  -1.046212    1.4442655  -1.9651614  -0.9521385  -0.8475677
   2.3052669   2.460209    1.1924849   0.79600567 -2.5120735   2.724342
   1.8723397  -1.6789936  -0.449427    1.9860886 ]
 [ 0.11475901  0.07573973 -0.10137963  0.04261681  0.12386645 -0.07944132
  -0.05648762 -0.00507667  0.04994434 -0.099875    0.01294359 -0.06479133
  -0.1028734   0.01668957 -0.09160959 -0.08098302]
 [-1.6956644  -1.3819861   0.7253787  -0.64230204 -1.8141135   1.3151318
   0.06719128 -0.3130877  -1.2412364   1.6921697   0.261754    0.33441895
   0.9949214  -0.2966275   1.1631716   1.1385356 ]
 [ 1.322226   -0.338245   -2.8205912  -1.2449383   1.9154371  -3.1936278
  -1.5076746   1.1357803   0.03082242 -0.56285506 -1.3044271  -0.07504892
  -2.7103083  -2.0475059  -2.9994433   0.22851384]
 [ 1.4235241   1.8353235  -0.12543581  2.141257    1.21117     0.6100462
  -0.7266091  -1.6500876   0.13662787 -1.5161052   1.7358136  -1.721238
  -0.80722696  2.0026188   0.5590119  -2.0826044 ]]

cov
[[0.1 0.1 0.1 0.1 0.1 0.1 0.1 0.1 0.1 0.1 0.1 0.1 0.1 0.1 0.1 0.1]
 [0.1 0.1 0.1 0.1 0.1 0.1 0.1 0.1 0.1 0.1 0.1 0.1 0.1 0.1 0.1 0.1]
 [0.1 0.1 0.1 0.1 0.1 0.1 0.1 0.1 0.1 0.1 0.1 0.1 0.1 0.1 0.1 0.1]
 [0.1 0.1 0.1 0.1 0.1 0.1 0.1 0.1 0.1 0.1 0.1 0.1 0.1 0.1 0.1 0.1]
 [0.1 0.1 0.1 0.1 0.1 0.1 0.1 0.1 0.1 0.1 0.1 0.1 0.1 0.1 0.1 0.1]]

trans
[[0.380634   0.02913751 0.0986876  0.07821118 0.04190901]
 [0.34865323 0.88578564 0.30057284 0.3086128  0.4306459 ]
 [0.09825602 0.03041016 0.5523335  0.15561515 0.08723787]
 [0.13865595 0.00791854 0.01459028 0.32973042 0.03804992]
 [0.0338008  0.04674815 0.03381576 0.12783052 0.4021573 ]]

lengths
[1.118064  1.1198977 1.2239712 1.0157837 1.2336774]

Epoch: 37, Loss: 2264.8404
mean
[[-1.0092752  -1.0468432   1.4549791  -1.9564552  -0.973916   -0.8278324
   2.3296058   2.450141    1.1821493   0.82016873 -2.5075927   2.7310882
   1.8950776  -1.6674037  -0.4452949   1.9909712 ]
 [ 0.11674786  0.07985386 -0.10359593  0.04355797  0.12417693 -0.07547709
  -0.05386805 -0.00309781  0.05409519 -0.10465929  0.01177917 -0.06455856
  -0.10306879  0.019164   -0.08668615 -0.08207273]
 [-1.7067418  -1.385365    0.7276396  -0.65554875 -1.8123114   1.3154483
   0.06566972 -0.3033216  -1.2422547   1.6974915   0.2548943   0.33558595
   0.9940259  -0.30511644  1.1701641   1.1491634 ]
 [ 1.263653   -0.3902499  -2.787718   -1.2974088   1.894389   -3.1954155
  -1.4751608   1.1841305   0.0599323  -0.54367983 -1.3391091  -0.02836323
  -2.6710582  -2.0839622  -2.984013    0.27860558]
 [ 1.3758438   1.8112383  -0.10697864  2.1391108   1.1684719   0.6391427
  -0.7390228  -1.6558193   0.13874523 -1.4933046   1.7411406  -1.7250571
  -0.7712487   2.0005713   0.59246576 -2.0773134 ]]

cov
[[0.1 0.1 0.1 0.1 0.1 0.1 0.1 0.1 0.1 0.1 0.1 0.1 0.1 0.1 0.1 0.1]
 [0.1 0.1 0.1 0.1 0.1 0.1 0.1 0.1 0.1 0.1 0.1 0.1 0.1 0.1 0.1 0.1]
 [0.1 0.1 0.1 0.1 0.1 0.1 0.1 0.1 0.1 0.1 0.1 0.1 0.1 0.1 0.1 0.1]
 [0.1 0.1 0.1 0.1 0.1 0.1 0.1 0.1 0.1 0.1 0.1 0.1 0.1 0.1 0.1 0.1]
 [0.1 0.1 0.1 0.1 0.1 0.1 0.1 0.1 0.1 0.1 0.1 0.1 0.1 0.1 0.1 0.1]]

trans
[[0.3681431  0.02888379 0.09775607 0.07990265 0.04517412]
 [0.35489312 0.8864589  0.29424658 0.300275   0.4260736 ]
 [0.10099435 0.03058677 0.55980664 0.1528849  0.08767715]
 [0.14172372 0.00779343 0.01511815 0.34291303 0.03582678]
 [0.03424572 0.04627715 0.03307256 0.12402444 0.40524837]]

lengths
[1.1201777 1.1197877 1.2200623 1.0124738 1.2482219]

Epoch: 38, Loss: 2264.6472
mean
[[-1.0193757  -1.054964    1.4552374  -1.952974   -0.9924086  -0.81298006
   2.3450937   2.439934    1.1668036   0.8439028  -2.5037198   2.7385626
   1.9066175  -1.6616381  -0.4424222   1.9996207 ]
 [ 0.11437278  0.08344815 -0.10006039  0.04851307  0.12216228 -0.07560875
  -0.05249706 -0.0049901   0.05419135 -0.10533892  0.01406665 -0.06543745
  -0.10234728  0.02324885 -0.08647219 -0.08689803]
 [-1.7125154  -1.3990912   0.7235592  -0.6716911  -1.8033392   1.3062897
   0.06086818 -0.28439492 -1.2443721   1.6968722   0.24192955  0.33898222
   0.987204   -0.32278702  1.1687591   1.1578444 ]
 [ 1.2168902  -0.42937857 -2.7598867  -1.3310405   1.8884666  -3.1940286
  -1.4501687   1.2103567   0.0785909  -0.53792804 -1.3556556  -0.00728845
  -2.6415625  -2.106685   -2.967286    0.30602607]
 [ 1.336319    1.8006898  -0.09445332  2.146262    1.1304388   0.67089
  -0.757604   -1.6687796   0.13749886 -1.4804415   1.7512562  -1.7296655
  -0.7455047   2.0093238   0.62621737 -2.0811126 ]]

cov
[[0.1 0.1 0.1 0.1 0.1 0.1 0.1 0.1 0.1 0.1 0.1 0.1 0.1 0.1 0.1 0.1]
 [0.1 0.1 0.1 0.1 0.1 0.1 0.1 0.1 0.1 0.1 0.1 0.1 0.1 0.1 0.1 0.1]
 [0.1 0.1 0.1 0.1 0.1 0.1 0.1 0.1 0.1 0.1 0.1 0.1 0.1 0.1 0.1 0.1]
 [0.1 0.1 0.1 0.1 0.1 0.1 0.1 0.1 0.1 0.1 0.1 0.1 0.1 0.1 0.1 0.1]
 [0.1 0.1 0.1 0.1 0.1 0.1 0.1 0.1 0.1 0.1 0.1 0.1 0.1 0.1 0.1 0.1]]

trans
[[0.35866445 0.02879251 0.0974675  0.08048117 0.04757195]
 [0.3619536  0.8867846  0.2959877  0.29548454 0.42771155]
 [0.10261927 0.03101659 0.558134   0.14901094 0.09044965]
 [0.14166406 0.00771524 0.0155969  0.35380858 0.03400112]
 [0.03509861 0.04569102 0.0328139  0.12121471 0.40026575]]

lengths
[1.1193843 1.119018  1.2195711 1.0125576 1.2434609]

Epoch: 39, Loss: 2264.7782
mean
[[-1.0282837  -1.0654938   1.44972    -1.9540439  -1.0018796  -0.80596614
   2.351189    2.4315443   1.1520518   0.8602802  -2.5011075   2.7454395
   1.9083564  -1.6613505  -0.4416765   2.0091512 ]
 [ 0.11549831  0.08283382 -0.09885732  0.05012009  0.1232795  -0.07770064
  -0.05316973 -0.0068499   0.05214189 -0.10352618  0.01557705 -0.06609063
  -0.10167362  0.02328044 -0.08956001 -0.08839659]
 [-1.7084066  -1.4106153   0.7153383  -0.677806   -1.792444    1.2938035
   0.05527183 -0.27379668 -1.2442403   1.6898439   0.23462586  0.34087145
   0.977566   -0.33588403  1.160611    1.157026  ]
 [ 1.1816347  -0.45617872 -2.738471   -1.3465446   1.892941   -3.1888971
  -1.4347298   1.2139231   0.08543257 -0.5412491  -1.3544537  -0.00897248
  -2.622869   -2.1163757  -2.9493976   0.3133429 ]
 [ 1.3125231   1.80291    -0.08924204  2.157049    1.1040425   0.6964413
  -0.77576804 -1.6830103   0.13312031 -1.4779274   1.7617868  -1.734234
  -0.73240054  2.0223773   0.65108776 -2.0898826 ]]

cov
[[0.1 0.1 0.1 0.1 0.1 0.1 0.1 0.1 0.1 0.1 0.1 0.1 0.1 0.1 0.1 0.1]
 [0.1 0.1 0.1 0.1 0.1 0.1 0.1 0.1 0.1 0.1 0.1 0.1 0.1 0.1 0.1 0.1]
 [0.1 0.1 0.1 0.1 0.1 0.1 0.1 0.1 0.1 0.1 0.1 0.1 0.1 0.1 0.1 0.1]
 [0.1 0.1 0.1 0.1 0.1 0.1 0.1 0.1 0.1 0.1 0.1 0.1 0.1 0.1 0.1 0.1]
 [0.1 0.1 0.1 0.1 0.1 0.1 0.1 0.1 0.1 0.1 0.1 0.1 0.1 0.1 0.1 0.1]]

trans
[[0.3548755  0.02876753 0.09788073 0.0809169  0.04884345]
 [0.36571825 0.8867523  0.30279803 0.29389286 0.43216196]
 [0.10339428 0.03161978 0.5504042  0.14507917 0.0943079 ]
 [0.13972318 0.00768569 0.01601304 0.36075124 0.03255929]
 [0.03628879 0.04517466 0.03290403 0.11935987 0.39212736]]

lengths
[1.1185428 1.1195115 1.2225178 1.0147394 1.2329673]

Loss didn't improve for 1 epochs
Epoch: 40, Loss: 2264.9267
mean
[[-1.0319101  -1.0734977   1.4435908  -1.9579916  -0.9999842  -0.80718786
   2.3499062   2.426613    1.142728    0.86525935 -2.5002515   2.7508457
   1.9036195  -1.6649399  -0.4430535   2.0167425 ]
 [ 0.12049811  0.08418665 -0.09949183  0.04960499  0.1256327  -0.07583999
  -0.05192763 -0.00600333  0.05365763 -0.10583331  0.0146981  -0.06603494
  -0.10095421  0.02329785 -0.08747776 -0.08765672]
 [-1.6985273  -1.4126234   0.70623916 -0.6732051  -1.7855201   1.2839
   0.05114336 -0.2768148  -1.2408384   1.6821339   0.23580438  0.3403007
   0.9690395  -0.33844241  1.14998     1.1499912 ]
 [ 1.1531862  -0.47458303 -2.722642   -1.3484538   1.9005284  -3.1779807
  -1.429681    1.1992664   0.08285598 -0.5474494  -1.3390012  -0.02491132
  -2.6137106  -2.115669   -2.9277587   0.30780998]
 [ 1.3054186   1.8127462  -0.0907073   2.1669931   1.0912489   0.71227556
  -0.79005826 -1.6954751   0.12637487 -1.4824657   1.7711092  -1.7393807
  -0.73109144  2.0344913   0.6639586  -2.0995386 ]]

cov
[[0.1 0.1 0.1 0.1 0.1 0.1 0.1 0.1 0.1 0.1 0.1 0.1 0.1 0.1 0.1 0.1]
 [0.1 0.1 0.1 0.1 0.1 0.1 0.1 0.1 0.1 0.1 0.1 0.1 0.1 0.1 0.1 0.1]
 [0.1 0.1 0.1 0.1 0.1 0.1 0.1 0.1 0.1 0.1 0.1 0.1 0.1 0.1 0.1 0.1]
 [0.1 0.1 0.1 0.1 0.1 0.1 0.1 0.1 0.1 0.1 0.1 0.1 0.1 0.1 0.1 0.1]
 [0.1 0.1 0.1 0.1 0.1 0.1 0.1 0.1 0.1 0.1 0.1 0.1 0.1 0.1 0.1 0.1]]

trans
[[0.35631898 0.02866405 0.09860804 0.08266027 0.04915427]
 [0.36516273 0.8866243  0.30891803 0.29441515 0.43438885]
 [0.10362609 0.0322845  0.54300505 0.1416732  0.09836433]
 [0.13719776 0.00771136 0.01632541 0.36292517 0.03149995]
 [0.03769442 0.04471583 0.03314347 0.11832623 0.38659263]]

lengths
[1.1193211 1.1205486 1.2258223 1.016632  1.2351446]

Loss didn't improve for 2 epochs
Epoch: 41, Loss: 2264.9125
mean
[[-1.0302255  -1.0767682   1.4401206  -1.9628043  -0.9917255  -0.81352174
   2.3442593   2.4252775   1.1402228   0.8606259  -2.5008905   2.7542565
   1.8968945  -1.6701458  -0.44538325  2.0208898 ]
 [ 0.12189028  0.08826263 -0.09813135  0.05070112  0.1263504  -0.07681494
  -0.04948691 -0.00446771  0.05697741 -0.11000562  0.01369626 -0.06583104
  -0.1009525   0.0255059  -0.08783393 -0.08869815]
 [-1.6898721  -1.4061239   0.69804865 -0.6651712  -1.7829459   1.2790447
   0.04822345 -0.28611785 -1.23598     1.6778563   0.24133256  0.33695415
   0.9629253  -0.33295715  1.1411476   1.1432731 ]
 [ 1.1299796  -0.48680642 -2.7118587  -1.34172     1.9066548  -3.1624286
  -1.4332589   1.1752645   0.07490248 -0.55278945 -1.3167747  -0.04547559
  -2.6120553  -2.1081078  -2.9034343   0.2962068 ]
 [ 1.311038    1.8239503  -0.09670824  2.1743174   1.0899688   0.7194048
  -0.7997812  -1.7059485   0.11811237 -1.4892623   1.7796855  -1.7460122
  -0.73846537  2.0432985   0.6667437  -2.1074429 ]]

cov
[[0.1 0.1 0.1 0.1 0.1 0.1 0.1 0.1 0.1 0.1 0.1 0.1 0.1 0.1 0.1 0.1]
 [0.1 0.1 0.1 0.1 0.1 0.1 0.1 0.1 0.1 0.1 0.1 0.1 0.1 0.1 0.1 0.1]
 [0.1 0.1 0.1 0.1 0.1 0.1 0.1 0.1 0.1 0.1 0.1 0.1 0.1 0.1 0.1 0.1]
 [0.1 0.1 0.1 0.1 0.1 0.1 0.1 0.1 0.1 0.1 0.1 0.1 0.1 0.1 0.1 0.1]
 [0.1 0.1 0.1 0.1 0.1 0.1 0.1 0.1 0.1 0.1 0.1 0.1 0.1 0.1 0.1 0.1]]

trans
[[0.36077386 0.02844054 0.09926249 0.08597884 0.04886262]
 [0.36171764 0.88664913 0.310152   0.29603088 0.43172815]
 [0.10346639 0.03288782 0.54069775 0.13907923 0.10209746]
 [0.13487665 0.00778148 0.01651026 0.36099407 0.03080488]
 [0.0391654  0.04424103 0.03337748 0.11791698 0.38650686]]

lengths
[1.1201154 1.1207772 1.2264951 1.0168716 1.2457185]

Loss didn't improve for 3 epochs
Epoch: 42, Loss: 2264.8516
mean
[[-1.0259076  -1.075732    1.439938   -1.9668163  -0.9843139  -0.82067615
   2.3372164   2.426617    1.1430763   0.8515154  -2.5023346   2.7555542
   1.8917105  -1.6749147  -0.44725654  2.0214906 ]
 [ 0.12028915  0.08952367 -0.09744891  0.05234621  0.12647441 -0.07835067
  -0.04922672 -0.00452418  0.05724484 -0.11031994  0.01402191 -0.06588294
  -0.10149754  0.0264875  -0.08941701 -0.09068906]
 [-1.6864885  -1.3973055   0.69179267 -0.66061604 -1.7822388   1.2785866
   0.04565041 -0.29184482 -1.2324774   1.6773444   0.24549179  0.3322623
   0.95910525 -0.32577494  1.1365169   1.1406192 ]
 [ 1.1129583  -0.4934729  -2.7058961  -1.330638    1.9099466  -3.1456368
  -1.4421      1.15151     0.06563044 -0.55615526 -1.2960194  -0.06304958
  -2.6156425  -2.0972967  -2.8800874   0.28339916]
 [ 1.3235407   1.8320377  -0.10453018  2.1783803   1.0963113   0.7201699
  -0.8050891  -1.7137932   0.1105984  -1.4947984   1.7868749  -1.7531741
  -0.7502931   2.0480385   0.6629392  -2.112155  ]]

cov
[[0.1 0.1 0.1 0.1 0.1 0.1 0.1 0.1 0.1 0.1 0.1 0.1 0.1 0.1 0.1 0.1]
 [0.1 0.1 0.1 0.1 0.1 0.1 0.1 0.1 0.1 0.1 0.1 0.1 0.1 0.1 0.1 0.1]
 [0.1 0.1 0.1 0.1 0.1 0.1 0.1 0.1 0.1 0.1 0.1 0.1 0.1 0.1 0.1 0.1]
 [0.1 0.1 0.1 0.1 0.1 0.1 0.1 0.1 0.1 0.1 0.1 0.1 0.1 0.1 0.1 0.1]
 [0.1 0.1 0.1 0.1 0.1 0.1 0.1 0.1 0.1 0.1 0.1 0.1 0.1 0.1 0.1 0.1]]

trans
[[0.36560085 0.02816224 0.09961455 0.09018025 0.04823166]
 [0.3577628  0.8868044  0.30653712 0.29794043 0.42587727]
 [0.10298441 0.03335132 0.5437487  0.13736211 0.10496341]
 [0.13309807 0.00787849 0.01657314 0.35660306 0.03039458]
 [0.0405538  0.04380357 0.0335265  0.11791414 0.3905331 ]]

lengths
[1.1194316 1.120525  1.2244061 1.0158267 1.2491442]

Loss didn't improve for 4 epochs
Epoch: 43, Loss: 2264.8312
mean
[[-1.0219908  -1.072295    1.4418968  -1.9691318  -0.98205733 -0.82546794
   2.331172    2.4293706   1.1485014   0.8432042  -2.5039277   2.7550917
   1.8897028  -1.6780005  -0.44792324  2.0195127 ]
 [ 0.12085798  0.0877251  -0.09833553  0.05227828  0.12688482 -0.0770321
  -0.05041336 -0.00534041  0.05566658 -0.10852289  0.01459891 -0.06604656
  -0.10146699  0.02539455 -0.08806945 -0.09088416]
 [-1.6880676  -1.3922263   0.6884833  -0.66141903 -1.7819141   1.2805074
   0.04362764 -0.29044718 -1.2318285   1.6787611   0.24551609  0.32928833
   0.9575207  -0.32198665  1.136324    1.1418152 ]
 [ 1.1022855  -0.4955346  -2.704031   -1.3188403   1.910436   -3.1303728
  -1.4530078   1.1345043   0.05810872 -0.55743384 -1.2820299  -0.07343366
  -2.6221294  -2.0862594  -2.8604367   0.27276704]
 [ 1.3372593   1.8352271  -0.11168791  2.1793926   1.106088    0.717132
  -0.80658835 -1.7182388   0.10589592 -1.4975176   1.7914978  -1.7589751
  -0.76255447  2.04909     0.65624374 -2.11347   ]]

cov
[[0.1 0.1 0.1 0.1 0.1 0.1 0.1 0.1 0.1 0.1 0.1 0.1 0.1 0.1 0.1 0.1]
 [0.1 0.1 0.1 0.1 0.1 0.1 0.1 0.1 0.1 0.1 0.1 0.1 0.1 0.1 0.1 0.1]
 [0.1 0.1 0.1 0.1 0.1 0.1 0.1 0.1 0.1 0.1 0.1 0.1 0.1 0.1 0.1 0.1]
 [0.1 0.1 0.1 0.1 0.1 0.1 0.1 0.1 0.1 0.1 0.1 0.1 0.1 0.1 0.1 0.1]
 [0.1 0.1 0.1 0.1 0.1 0.1 0.1 0.1 0.1 0.1 0.1 0.1 0.1 0.1 0.1 0.1]]

trans
[[0.3688898  0.02790383 0.09964731 0.09451433 0.04745343]
 [0.3551455  0.8869616  0.3014882  0.29950705 0.42031345]
 [0.10225307 0.03364759 0.5487294  0.13641688 0.10651276]
 [0.13195921 0.00799015 0.01654682 0.35143507 0.03017415]
 [0.04175239 0.04349685 0.03358831 0.1181267  0.39554617]]

lengths
[1.1181548 1.1206545 1.2219898 1.0147258 1.2426219]

Loss didn't improve for 5 epochs
Stopping
cached hsmm
