## SLURM PROLOG ###############################################################
##    Job ID : 868820
##  Job Name : hsmm_Cup
##  Nodelist : node1326
##      CPUs : 4
##  Mem/Node : 16384 MB
## Directory : /gpfs/data/epavlick/debert/hsmm
##   Started : Wed Mar 17 23:45:55 EDT 2021
###############################################################################
hsmm_Cup
loaded cached nbc
loaded cached autoencoder
(52, 134, 16)
(10, 87, 16)
(9, 146, 16)
Epoch: 0, Loss: 2660.0063
mean
[[-0.15992738 -0.14148133  0.17811587  0.07621182  0.19201946  0.1542961
   0.16022426 -0.15544568 -0.1524382   0.12348433  0.14855179 -0.15872899
  -0.17683013  0.16052333  0.1577231  -0.16974196]
 [ 0.3105048   0.26499957  0.29036787 -0.28002694  0.28410524 -0.11835074
  -0.32010147  0.17084397  0.24043    -0.32998115 -0.16899933  0.12079203
  -0.11514539 -0.27329662 -0.08845456 -0.01984238]
 [-0.13610297 -0.10856082  0.14821532  0.0785843   0.16109017  0.11544733
   0.13906497 -0.12309371 -0.12339404  0.1447366   0.12115967 -0.11696193
  -0.16183195  0.12636483  0.1250534  -0.13403061]
 [-0.24525006 -0.26454395 -0.2636265   0.27358484 -0.26401937  0.23336563
   0.23492986 -0.22830102 -0.22338134  0.24587941  0.21743935 -0.24071468
  -0.14125293  0.23675177  0.22807175 -0.2266683 ]
 [ 0.4042682   0.38020045  0.27465767 -0.36412686  0.26113802 -0.398057
  -0.41381887  0.40918285  0.4193036  -0.40108815 -0.4185874   0.39025062
   0.19032176 -0.40928215 -0.39922318  0.36436486]]

cov
[[0.1 0.1 0.1 0.1 0.1 0.1 0.1 0.1 0.1 0.1 0.1 0.1 0.1 0.1 0.1 0.1]
 [0.1 0.1 0.1 0.1 0.1 0.1 0.1 0.1 0.1 0.1 0.1 0.1 0.1 0.1 0.1 0.1]
 [0.1 0.1 0.1 0.1 0.1 0.1 0.1 0.1 0.1 0.1 0.1 0.1 0.1 0.1 0.1 0.1]
 [0.1 0.1 0.1 0.1 0.1 0.1 0.1 0.1 0.1 0.1 0.1 0.1 0.1 0.1 0.1 0.1]
 [0.1 0.1 0.1 0.1 0.1 0.1 0.1 0.1 0.1 0.1 0.1 0.1 0.1 0.1 0.1 0.1]]

trans
[[0.2072362  0.15889981 0.20503142 0.183614   0.16818866]
 [0.15565105 0.15739909 0.16437641 0.16668454 0.16829407]
 [0.17627025 0.15626134 0.17884025 0.17149895 0.1659834 ]
 [0.3048816  0.2609997  0.3045234  0.3113859  0.20477161]
 [0.15596086 0.2664401  0.14722848 0.16681656 0.2927623 ]]

lengths
[1.0468162 1.0061793 1.022306  1.2131702 1.0717931]

Epoch: 1, Loss: 1870.9906
mean
[[-0.15819684 -0.03694823  0.5268105  -0.22005983  0.56882054  0.6619645
   0.23727122 -0.65106463 -0.6049626  -0.1001443   0.6554903  -0.64340955
  -0.6628377   0.4400925   0.68006545 -0.6960367 ]
 [ 0.75291145  0.6852293   0.82987005 -0.77313226  0.8236769   0.10096486
  -0.7504188   0.09814224  0.37979162 -0.8246568  -0.07222061 -0.03242997
  -0.44561085 -0.5781763   0.19393125 -0.43380874]
 [-0.09511109 -0.06614529 -0.12586315  0.09604722 -0.10678247  0.08501186
   0.11390033 -0.14561252 -0.16709445  0.13446718  0.19609843 -0.06835935
  -0.1412488   0.09401679  0.13444497 -0.05455083]
 [-0.77083594 -0.7939358  -0.68438184  0.80149984 -0.68561566  0.7088835
   0.75413233 -0.7225628  -0.7314786   0.7546997   0.7040076  -0.7207686
   0.07777888  0.7573308   0.6765243  -0.5074064 ]
 [ 0.93766963  0.9117735   0.455278   -0.8718261   0.37552848 -0.9431824
  -0.94590366  0.95244694  0.9599953  -0.8948527  -0.95771396  0.9346124
   0.5785733  -0.95075065 -0.9410436   0.8904531 ]]

cov
[[0.1 0.1 0.1 0.1 0.1 0.1 0.1 0.1 0.1 0.1 0.1 0.1 0.1 0.1 0.1 0.1]
 [0.1 0.1 0.1 0.1 0.1 0.1 0.1 0.1 0.1 0.1 0.1 0.1 0.1 0.1 0.1 0.1]
 [0.1 0.1 0.1 0.1 0.1 0.1 0.1 0.1 0.1 0.1 0.1 0.1 0.1 0.1 0.1 0.1]
 [0.1 0.1 0.1 0.1 0.1 0.1 0.1 0.1 0.1 0.1 0.1 0.1 0.1 0.1 0.1 0.1]
 [0.1 0.1 0.1 0.1 0.1 0.1 0.1 0.1 0.1 0.1 0.1 0.1 0.1 0.1 0.1 0.1]]

trans
[[0.2606782  0.09911788 0.23278007 0.15892744 0.10514442]
 [0.09491715 0.1938995  0.0987375  0.10476629 0.11619379]
 [0.23540674 0.16597612 0.28935167 0.1471249  0.11660771]
 [0.3207477  0.21228564 0.29003152 0.47734073 0.133658  ]
 [0.08825021 0.3287209  0.08909924 0.11184064 0.52839607]]

lengths
[1.1844991 1.1498656 1.1991506 1.0592797 1.0353644]

Epoch: 2, Loss: 1375.5473
mean
[[-0.16825113 -0.13897553  0.98447776 -0.26727545  1.0214787   1.1673394
   0.20259446 -1.0962394  -0.936305   -0.37955222  1.0990367  -1.1158967
  -0.9396111   0.6251755   1.1901139  -1.2361925 ]
 [ 1.1792808   1.0837557   1.3475641  -1.2604179   1.3415455   0.21549559
  -1.1671175   0.16344158  0.6203306  -1.3123009  -0.17473236 -0.13460903
  -0.5045052  -0.89554375  0.3752224  -0.81883574]
 [-0.11838214 -0.02889127 -0.0123438   0.07719443  0.00115708  0.0589207
   0.1538766  -0.08254932 -0.1209932   0.12614162  0.0844508  -0.06604785
  -0.11237478  0.13355732  0.04429323 -0.01342544]
 [-1.2414311  -1.2786845  -1.097489    1.2867495  -1.1080384   1.0916222
   1.212162   -1.1321492  -1.1631203   1.1926551   1.0910443  -1.1121416
   0.431649    1.2198071   1.0056583  -0.6297418 ]
 [ 1.3821437   1.3198215   0.3444143  -1.2108662   0.24726534 -1.4246001
  -1.3966572   1.4435012   1.4475034  -1.2407224  -1.4487853   1.4110976
   0.8199547  -1.4242915  -1.4248447   1.3156538 ]]

cov
[[0.1 0.1 0.1 0.1 0.1 0.1 0.1 0.1 0.1 0.1 0.1 0.1 0.1 0.1 0.1 0.1]
 [0.1 0.1 0.1 0.1 0.1 0.1 0.1 0.1 0.1 0.1 0.1 0.1 0.1 0.1 0.1 0.1]
 [0.1 0.1 0.1 0.1 0.1 0.1 0.1 0.1 0.1 0.1 0.1 0.1 0.1 0.1 0.1 0.1]
 [0.1 0.1 0.1 0.1 0.1 0.1 0.1 0.1 0.1 0.1 0.1 0.1 0.1 0.1 0.1 0.1]
 [0.1 0.1 0.1 0.1 0.1 0.1 0.1 0.1 0.1 0.1 0.1 0.1 0.1 0.1 0.1 0.1]]

trans
[[0.2864814  0.0585891  0.14809439 0.10827194 0.05562917]
 [0.07914226 0.2698887  0.05739564 0.06904207 0.06805014]
 [0.29389104 0.22262312 0.5579646  0.17863746 0.10706178]
 [0.2750312  0.14874467 0.18290794 0.5565632  0.07014062]
 [0.0654541  0.30015442 0.05363737 0.08748532 0.6991183 ]]

lengths
[1.2311739 1.1573901 1.0577565 1.117681  1.1103609]

Epoch: 3, Loss: 1182.4467
mean
[[-0.34308606 -0.37757406  1.3192911  -0.11012402  1.315043    1.6087022
   0.2891306  -1.458324   -1.1791993  -0.47329006  1.4541872  -1.513424
  -0.98492306  0.82423764  1.6366199  -1.7224318 ]
 [ 1.4718354   1.2745975   1.7674497  -1.6068721   1.7532744   0.07146359
  -1.4839873   0.38122702  0.89601344 -1.7262878  -0.4635146  -0.07958305
  -0.2568164  -1.1303381   0.27536258 -0.99997663]
 [-0.13024856 -0.10183615 -0.06570879  0.08495085 -0.05272195  0.08277595
   0.11769266 -0.14300303 -0.14970829  0.14772436  0.19210744 -0.07543492
  -0.15938956  0.08924361  0.15011023 -0.09061935]
 [-1.6193314  -1.6729826  -1.4483724   1.6872457  -1.4647768   1.3335426
   1.5772816  -1.412317   -1.4778606   1.5341123   1.3369945  -1.3661609
   0.6968859   1.5853561   1.1751454  -0.6069654 ]
 [ 1.6702306   1.5481589   0.24528685 -1.3406636   0.17252104 -1.7683171
  -1.6928906   1.8165157   1.8162575  -1.3801193  -1.8245329   1.7538401
   0.8299809  -1.76089    -1.779259    1.5593668 ]]

cov
[[0.1 0.1 0.1 0.1 0.1 0.1 0.1 0.1 0.1 0.1 0.1 0.1 0.1 0.1 0.1 0.1]
 [0.1 0.1 0.1 0.1 0.1 0.1 0.1 0.1 0.1 0.1 0.1 0.1 0.1 0.1 0.1 0.1]
 [0.1 0.1 0.1 0.1 0.1 0.1 0.1 0.1 0.1 0.1 0.1 0.1 0.1 0.1 0.1 0.1]
 [0.1 0.1 0.1 0.1 0.1 0.1 0.1 0.1 0.1 0.1 0.1 0.1 0.1 0.1 0.1 0.1]
 [0.1 0.1 0.1 0.1 0.1 0.1 0.1 0.1 0.1 0.1 0.1 0.1 0.1 0.1 0.1 0.1]]

trans
[[0.30102652 0.03614259 0.06780082 0.07386594 0.03401707]
 [0.079997   0.33850646 0.02632074 0.04950502 0.04783696]
 [0.3417998  0.28459474 0.7923821  0.24572048 0.1303908 ]
 [0.2147528  0.10390759 0.08511871 0.55615467 0.04172931]
 [0.06242387 0.23684862 0.02837762 0.07475391 0.74602586]]

lengths
[1.1546413 1.0477427 1.15142   1.1889517 1.0021656]

Epoch: 4, Loss: 1117.6140
mean
[[-0.5233695  -0.566889    1.4298174   0.02903648  1.376035    1.9496392
   0.44141865 -1.7167871  -1.3504353  -0.3945533   1.7060648  -1.809736
  -0.9610086   0.99673384  1.9832401  -2.1106925 ]
 [ 1.5600046   1.2043428   1.9893993  -1.6962366   1.9482533  -0.20735231
  -1.6369292   0.631959    1.1153396  -1.9988217  -0.7905426   0.10052657
   0.16512959 -1.2324793  -0.01890162 -0.8997956 ]
 [-0.0896418  -0.05492103 -0.0309319   0.0566784  -0.01883679  0.04627156
   0.11498371 -0.06664108 -0.10294744  0.1038346   0.07178404 -0.05882629
  -0.06449875  0.10532655  0.03062556  0.00392319]
 [-1.9059287  -1.974833   -1.7127628   1.997975   -1.7303413   1.4583715
   1.8517879  -1.5827438  -1.6886315   1.7834558   1.4688075  -1.5077168
   0.8385598   1.8569694   1.230028   -0.52563196]
 [ 1.8096308   1.6459408   0.21506153 -1.340961    0.1731455  -1.9759833
  -1.8327873   2.0647733   2.0543137  -1.3618224  -2.0723002   1.9736745
   0.702256   -1.9560838  -2.0049284   1.6770586 ]]

cov
[[0.1 0.1 0.1 0.1 0.1 0.1 0.1 0.1 0.1 0.1 0.1 0.1 0.1 0.1 0.1 0.1]
 [0.1 0.1 0.1 0.1 0.1 0.1 0.1 0.1 0.1 0.1 0.1 0.1 0.1 0.1 0.1 0.1]
 [0.1 0.1 0.1 0.1 0.1 0.1 0.1 0.1 0.1 0.1 0.1 0.1 0.1 0.1 0.1 0.1]
 [0.1 0.1 0.1 0.1 0.1 0.1 0.1 0.1 0.1 0.1 0.1 0.1 0.1 0.1 0.1 0.1]
 [0.1 0.1 0.1 0.1 0.1 0.1 0.1 0.1 0.1 0.1 0.1 0.1 0.1 0.1 0.1 0.1]]

trans
[[0.28476757 0.02141683 0.03238408 0.05594905 0.02582848]
 [0.08943819 0.39041618 0.01300353 0.03788318 0.04609235]
 [0.39461246 0.32314953 0.89384747 0.32705352 0.19193977]
 [0.16683595 0.06899564 0.04155869 0.5099643  0.03106833]
 [0.06434581 0.19602181 0.01920626 0.06914996 0.70507103]]

lengths
[1.075327  1.1068859 1.0607755 1.1568685 1.0163944]

Epoch: 5, Loss: 1095.5883
mean
[[-0.66221404 -0.69804364  1.3586758   0.12832998  1.2735671   2.1790557
   0.5888563  -1.8818442  -1.4746     -0.24786982  1.8621407  -2.0103247
  -0.91641086  1.134138    2.2192273  -2.3830194 ]
 [ 1.4632902   1.0339583   1.9159487  -1.540299    1.8454803  -0.44307208
  -1.5777792   0.77317107  1.1753843  -2.0020323  -0.9687079   0.30594015
   0.51960677 -1.2123128  -0.31668234 -0.59175825]
 [-0.13708988 -0.08847445 -0.06206866  0.09114699 -0.05018126  0.09136993
   0.13067423 -0.13821344 -0.15100835  0.15106787  0.1631808  -0.08199158
  -0.13790499  0.10753374  0.1285398  -0.08191153]
 [-2.1059287  -2.1853557  -1.8868638   2.2185962  -1.9005411   1.4925815
   2.0419576  -1.6632056  -1.8105546   1.9502137   1.5143774  -1.5595999
   0.8773812   2.040601    1.2094516  -0.43040755]
 [ 1.8722178   1.7144766   0.23961975 -1.3346429   0.21252695 -2.1025252
  -1.8824642   2.2267559   2.1981523  -1.2985144  -2.2244108   2.126557
   0.5393549  -2.0633209  -2.149727    1.7627987 ]]

cov
[[0.1 0.1 0.1 0.1 0.1 0.1 0.1 0.1 0.1 0.1 0.1 0.1 0.1 0.1 0.1 0.1]
 [0.1 0.1 0.1 0.1 0.1 0.1 0.1 0.1 0.1 0.1 0.1 0.1 0.1 0.1 0.1 0.1]
 [0.1 0.1 0.1 0.1 0.1 0.1 0.1 0.1 0.1 0.1 0.1 0.1 0.1 0.1 0.1 0.1]
 [0.1 0.1 0.1 0.1 0.1 0.1 0.1 0.1 0.1 0.1 0.1 0.1 0.1 0.1 0.1 0.1]
 [0.1 0.1 0.1 0.1 0.1 0.1 0.1 0.1 0.1 0.1 0.1 0.1 0.1 0.1 0.1 0.1]]

trans
[[0.2546704  0.01329729 0.02024907 0.04805264 0.02236492]
 [0.10573407 0.41981706 0.00863003 0.03080861 0.0551745 ]
 [0.43482745 0.333179   0.9264358  0.3982438  0.28684077]
 [0.13487537 0.04733643 0.02640622 0.45424113 0.02650508]
 [0.06989267 0.18637027 0.01827884 0.06865384 0.60911477]]

lengths
[1.0912608 1.125664  1.1257452 1.1132201 1.042068 ]

Epoch: 6, Loss: 1072.7373
mean
[[-0.76055825 -0.7956016   1.2000875   0.21309052  1.1137147   2.301112
   0.70819944 -1.9757998  -1.5671146  -0.10299375  1.9409056  -2.128011
  -0.86480904  1.2395675   2.3483467  -2.534683  ]
 [ 1.2522678   0.8732144   1.5556574  -1.2357414   1.4740287  -0.5886039
  -1.3555003   0.7802154   1.0857826  -1.6915332  -0.9574838   0.42896828
   0.6922355  -1.1256875  -0.5007499  -0.18865487]
 [-0.11867718 -0.08249482 -0.05077413  0.0801644  -0.03626521  0.08350393
   0.14800264 -0.10919605 -0.1406045   0.12891665  0.14095207 -0.08112899
  -0.11277961  0.1347689   0.08967239 -0.03126558]
 [-2.2369404  -2.3199413  -2.0028162   2.3677387  -2.0106657   1.4662654
   2.165824   -1.6779789  -1.8658683   2.0588274   1.5029643  -1.548325
   0.8751868   2.1536734   1.1445311  -0.33367103]
 [ 1.891314    1.7734575   0.24842744 -1.3457061   0.21895085 -2.177189
  -1.8804119   2.3253934   2.2734725  -1.2390037  -2.3068469   2.233885
   0.415825   -2.1117163  -2.240475    1.8456867 ]]

cov
[[0.1 0.1 0.1 0.1 0.1 0.1 0.1 0.1 0.1 0.1 0.1 0.1 0.1 0.1 0.1 0.1]
 [0.1 0.1 0.1 0.1 0.1 0.1 0.1 0.1 0.1 0.1 0.1 0.1 0.1 0.1 0.1 0.1]
 [0.1 0.1 0.1 0.1 0.1 0.1 0.1 0.1 0.1 0.1 0.1 0.1 0.1 0.1 0.1 0.1]
 [0.1 0.1 0.1 0.1 0.1 0.1 0.1 0.1 0.1 0.1 0.1 0.1 0.1 0.1 0.1 0.1]
 [0.1 0.1 0.1 0.1 0.1 0.1 0.1 0.1 0.1 0.1 0.1 0.1 0.1 0.1 0.1 0.1]]

trans
[[0.22560896 0.00922517 0.01644452 0.04595663 0.02128064]
 [0.13053937 0.40978923 0.00755031 0.02676012 0.08707   ]
 [0.44833866 0.3583014  0.93269354 0.43607387 0.34879288]
 [0.1156294  0.03361752 0.02137178 0.41881454 0.02477588]
 [0.07988358 0.18906668 0.02193984 0.07239478 0.5180806 ]]

lengths
[1.1604894 1.0820117 1.0828826 1.1169363 1.0205531]

Epoch: 7, Loss: 1051.3360
mean
[[-0.8945326  -0.9388343   0.96154046  0.37368065  0.89176553  2.338712
   0.85936254 -2.0312395  -1.6561663   0.07077248  1.96895    -2.1877658
  -0.7605279   1.3617419   2.3842616  -2.563595  ]
 [ 1.0968947   0.8073659   1.0894765  -0.9761881   1.0129522  -0.6602215
  -1.1853395   0.8014458   1.0356743  -1.280575   -0.9106823   0.49690685
   0.64959526 -1.0780783  -0.5560354   0.13206297]
 [-0.16105416 -0.11041683 -0.04770418  0.10316148 -0.03368625  0.14004385
   0.15733387 -0.17408213 -0.19106042  0.16400339  0.18661915 -0.12557168
  -0.14776881  0.1442757   0.15283652 -0.10993817]
 [-2.3189733  -2.394346   -2.11256     2.4701576  -2.1160676   1.3888153
   2.2434616  -1.6392171  -1.8709687   2.1417158   1.4500539  -1.48312
   0.88219976  2.2119756   1.039517   -0.20523721]
 [ 1.9006189   1.8352836   0.2340782  -1.3819075   0.19536462 -2.2251225
  -1.8668364   2.3874424   2.3117266  -1.2175804  -2.350268    2.314662
   0.35567153 -2.1336634  -2.302308    1.9315484 ]]

cov
[[0.1 0.1 0.1 0.1 0.1 0.1 0.1 0.1 0.1 0.1 0.1 0.1 0.1 0.1 0.1 0.1]
 [0.1 0.1 0.1 0.1 0.1 0.1 0.1 0.1 0.1 0.1 0.1 0.1 0.1 0.1 0.1 0.1]
 [0.1 0.1 0.1 0.1 0.1 0.1 0.1 0.1 0.1 0.1 0.1 0.1 0.1 0.1 0.1 0.1]
 [0.1 0.1 0.1 0.1 0.1 0.1 0.1 0.1 0.1 0.1 0.1 0.1 0.1 0.1 0.1 0.1]
 [0.1 0.1 0.1 0.1 0.1 0.1 0.1 0.1 0.1 0.1 0.1 0.1 0.1 0.1 0.1 0.1]]

trans
[[0.21205701 0.00721619 0.01614713 0.04583098 0.0218861 ]
 [0.16096541 0.43560976 0.00830114 0.02434622 0.16525365]
 [0.42196947 0.33353654 0.92839223 0.44609007 0.33205476]
 [0.10696375 0.02477725 0.02005834 0.40670165 0.025002  ]
 [0.09804436 0.1988603  0.02710118 0.07703105 0.45580348]]

lengths
[1.1848927 1.0839028 1.1096578 1.1475456 1.0145407]

Epoch: 8, Loss: 1029.1690
mean
[[-1.017684   -1.086366    0.76029223  0.53911877  0.71576303  2.3286433
   0.9762122  -2.0607858  -1.7237091   0.19561371  1.9681929  -2.211078
  -0.6395073   1.4660348   2.3607197  -2.5095222 ]
 [ 0.9834953   0.761298    0.68223536 -0.8235662   0.61698735 -0.70132315
  -1.0756965   0.826802    0.9900967  -0.97021395 -0.9123164   0.5642659
   0.51093745 -0.99227005 -0.6027233   0.2616479 ]
 [-0.1527501  -0.11245961 -0.04438342  0.10019983 -0.02758575  0.14266212
   0.18717855 -0.17469046 -0.19249949  0.14803192  0.21504103 -0.13279043
  -0.15963215  0.17936872  0.16987406 -0.10267241]
 [-2.3642359  -2.4210274  -2.231206    2.5392911  -2.2327466   1.2718194
   2.2868078  -1.5589864  -1.8378705   2.2126584   1.3673646  -1.3754116
   0.9093346   2.2271025   0.9029946  -0.04248115]
 [ 1.9207878   1.9019424   0.2326619  -1.4405357   0.18899712 -2.2596393
  -1.8664353   2.4298482   2.334959   -1.2436843  -2.3753052   2.377466
   0.34550098 -2.1511164  -2.347284    2.0064342 ]]

cov
[[0.1 0.1 0.1 0.1 0.1 0.1 0.1 0.1 0.1 0.1 0.1 0.1 0.1 0.1 0.1 0.1]
 [0.1 0.1 0.1 0.1 0.1 0.1 0.1 0.1 0.1 0.1 0.1 0.1 0.1 0.1 0.1 0.1]
 [0.1 0.1 0.1 0.1 0.1 0.1 0.1 0.1 0.1 0.1 0.1 0.1 0.1 0.1 0.1 0.1]
 [0.1 0.1 0.1 0.1 0.1 0.1 0.1 0.1 0.1 0.1 0.1 0.1 0.1 0.1 0.1 0.1]
 [0.1 0.1 0.1 0.1 0.1 0.1 0.1 0.1 0.1 0.1 0.1 0.1 0.1 0.1 0.1 0.1]]

trans
[[0.21425311 0.00614799 0.01787922 0.04465319 0.02210586]
 [0.1874351  0.48353562 0.01127802 0.02285697 0.31720287]
 [0.37664205 0.30047753 0.92077047 0.4359892  0.2444751 ]
 [0.10117903 0.01830497 0.02052172 0.41357672 0.02477562]
 [0.12049069 0.1915339  0.02955057 0.0829239  0.39144054]]

lengths
[1.1758474 1.0776321 1.1032149 1.1693012 1.0326113]

Epoch: 9, Loss: 1025.4122
mean
[[-1.105057   -1.2133579   0.6089605   0.679659    0.5794033   2.2806623
   1.0347632  -2.05403    -1.7419016   0.2707258   1.9330108  -2.2001579
  -0.4958499   1.5237299   2.2891169  -2.393596  ]
 [ 0.94108886  0.7392935   0.49344054 -0.79162794  0.4343175  -0.7217738
  -1.0316939   0.8339285   0.97562116 -0.8986596  -0.9186097   0.61576027
   0.42298508 -0.9605239  -0.6654196   0.27046373]
 [-0.15818271 -0.11739392 -0.03240098  0.09915565 -0.01724666  0.1531539
   0.15709949 -0.17833751 -0.1941626   0.15111746  0.18533647 -0.14056106
  -0.13010472  0.14999643  0.15542355 -0.11557858]
 [-2.387325   -2.4167788  -2.363223    2.5890157  -2.363727    1.1363949
   2.3111937  -1.4573189  -1.7844892   2.2832234   1.2731721  -1.2449201
   0.9428344   2.2158177   0.7535479   0.13963586]
 [ 1.9730511   1.9817623   0.31937608 -1.5338274   0.27583858 -2.288053
  -1.9024727   2.4646862   2.3622446  -1.3305773  -2.3974478   2.4247866
   0.36000285 -2.1852903  -2.3784869   2.043375  ]]

cov
[[0.1 0.1 0.1 0.1 0.1 0.1 0.1 0.1 0.1 0.1 0.1 0.1 0.1 0.1 0.1 0.1]
 [0.1 0.1 0.1 0.1 0.1 0.1 0.1 0.1 0.1 0.1 0.1 0.1 0.1 0.1 0.1 0.1]
 [0.1 0.1 0.1 0.1 0.1 0.1 0.1 0.1 0.1 0.1 0.1 0.1 0.1 0.1 0.1 0.1]
 [0.1 0.1 0.1 0.1 0.1 0.1 0.1 0.1 0.1 0.1 0.1 0.1 0.1 0.1 0.1 0.1]
 [0.1 0.1 0.1 0.1 0.1 0.1 0.1 0.1 0.1 0.1 0.1 0.1 0.1 0.1 0.1 0.1]]

trans
[[0.222847   0.00560295 0.02147169 0.04298578 0.02021326]
 [0.19840609 0.50425184 0.01766334 0.02200787 0.4935677 ]
 [0.33205274 0.29267436 0.91179407 0.41832966 0.15622999]
 [0.10184024 0.01401903 0.02152544 0.42908207 0.02223512]
 [0.14485392 0.18345183 0.02754545 0.08759462 0.30775392]]

lengths
[1.1479528 1.0787556 1.0966918 1.1571692 1.0308515]

Epoch: 10, Loss: 1018.5805
mean
[[-1.2159672  -1.336987    0.44974482  0.82545     0.42140555  2.2328851
   1.1464705  -2.0523083  -1.7763025   0.40461117  1.9208971  -2.173918
  -0.40564224  1.5966984   2.2129548  -2.249151  ]
 [ 0.9127195   0.73071724  0.49088624 -0.78523386  0.43030274 -0.75219274
  -0.98952234  0.83671474  0.95226514 -0.91782767 -0.89318216  0.6325387
   0.41001552 -0.9524687  -0.69080985  0.325261  ]
 [-0.15783419 -0.11812423 -0.03577357  0.10152625 -0.01985391  0.15717474
   0.18680921 -0.19102296 -0.20142111  0.14806579  0.22578451 -0.14883246
  -0.16068456  0.18248795  0.19085954 -0.13044101]
 [-2.3949285  -2.3958623  -2.505295    2.6295636  -2.507734    0.9894943
   2.3188913  -1.3395082  -1.7134577   2.3489695   1.1656172  -1.1048669
   1.0192782   2.1848223   0.59338814  0.33393857]
 [ 2.0484314   2.0615144   0.46025842 -1.6403847   0.417557   -2.3051925
  -1.9684159   2.4913266   2.3944764  -1.4527997  -2.4175622   2.4511588
   0.37885636 -2.2332604  -2.3917751   2.0297365 ]]

cov
[[0.1 0.1 0.1 0.1 0.1 0.1 0.1 0.1 0.1 0.1 0.1 0.1 0.1 0.1 0.1 0.1]
 [0.1 0.1 0.1 0.1 0.1 0.1 0.1 0.1 0.1 0.1 0.1 0.1 0.1 0.1 0.1 0.1]
 [0.1 0.1 0.1 0.1 0.1 0.1 0.1 0.1 0.1 0.1 0.1 0.1 0.1 0.1 0.1 0.1]
 [0.1 0.1 0.1 0.1 0.1 0.1 0.1 0.1 0.1 0.1 0.1 0.1 0.1 0.1 0.1 0.1]
 [0.1 0.1 0.1 0.1 0.1 0.1 0.1 0.1 0.1 0.1 0.1 0.1 0.1 0.1 0.1 0.1]]

trans
[[0.23509248 0.00567578 0.0265374  0.04198521 0.01836074]
 [0.18753076 0.48760253 0.02927427 0.02190826 0.6066893 ]
 [0.30506617 0.31561    0.8989457  0.39235464 0.10369238]
 [0.10750182 0.0114206  0.02218505 0.45245042 0.01983391]
 [0.16480875 0.1796911  0.02305756 0.09130148 0.2514237 ]]

lengths
[1.180706  1.0743825 1.1106601 1.1042216 1.0208004]

Epoch: 11, Loss: 1008.7511
mean
[[-1.3229858  -1.4398154   0.29496413  0.95159525  0.26414174  2.2012296
   1.2713169  -2.0603836  -1.8219731   0.5549667   1.931477   -2.1468751
  -0.36212468  1.6742635   2.1556406  -2.1142988 ]
 [ 0.92239517  0.73624367  0.57139975 -0.78678     0.50794774 -0.7379913
  -1.0005467   0.8452214   0.9795981  -0.94042754 -0.91716576  0.6225886
   0.44854113 -0.9628521  -0.6669557   0.3512835 ]
 [-0.15148143 -0.10945766 -0.02401123  0.09056692 -0.00812179  0.15256651
   0.15687317 -0.17621951 -0.192589    0.14384739  0.19113085 -0.13814951
  -0.1465375   0.15050559  0.15814894 -0.11435609]
 [-2.3923097  -2.366915   -2.6480713   2.6654673  -2.6549397   0.83911604
   2.3135324  -1.2130828  -1.6306279   2.4077039   1.0491434  -0.96486855
   1.1266011   2.140672    0.42942938  0.52822345]
 [ 2.1229806   2.122108    0.55346054 -1.7235887   0.5100014  -2.3133333
  -2.0418346   2.5102708   2.4265676  -1.561414   -2.4350674   2.459888
   0.39318782 -2.283327   -2.3923635   1.9890453 ]]

cov
[[0.1 0.1 0.1 0.1 0.1 0.1 0.1 0.1 0.1 0.1 0.1 0.1 0.1 0.1 0.1 0.1]
 [0.1 0.1 0.1 0.1 0.1 0.1 0.1 0.1 0.1 0.1 0.1 0.1 0.1 0.1 0.1 0.1]
 [0.1 0.1 0.1 0.1 0.1 0.1 0.1 0.1 0.1 0.1 0.1 0.1 0.1 0.1 0.1 0.1]
 [0.1 0.1 0.1 0.1 0.1 0.1 0.1 0.1 0.1 0.1 0.1 0.1 0.1 0.1 0.1 0.1]
 [0.1 0.1 0.1 0.1 0.1 0.1 0.1 0.1 0.1 0.1 0.1 0.1 0.1 0.1 0.1 0.1]]

trans
[[0.24800046 0.00605052 0.03236567 0.04182621 0.01847414]
 [0.16336516 0.4916474  0.04517607 0.02266609 0.64048314]
 [0.2989005  0.31757295 0.8819852  0.36151403 0.0818882 ]
 [0.11550491 0.00971182 0.02198015 0.47941077 0.01960794]
 [0.17422894 0.1750173  0.01849294 0.09458289 0.23954655]]

lengths
[1.1925853 1.078395  1.0982598 1.0489273 1.0258703]

Epoch: 12, Loss: 1002.6505
mean
[[-1.3771564  -1.4851834   0.18021557  1.0141702   0.15636587  2.1702652
   1.3352789  -2.0633252  -1.8511789   0.662426    1.9435495  -2.1165125
  -0.36180887  1.7118036   2.1162503  -2.0080895 ]
 [ 0.95392984  0.7532284   0.6240912  -0.7989123   0.5612349  -0.75781214
  -1.0393385   0.87052923  1.000819   -0.94887537 -0.9449398   0.65942246
   0.4797979  -0.984352   -0.69778013  0.3374004 ]
 [-0.14860313 -0.11014753 -0.01227489  0.08790581  0.002721    0.16852525
   0.17138177 -0.19457261 -0.19994125  0.13209121  0.22270527 -0.15666713
  -0.16095625  0.17280121  0.19682235 -0.14913234]
 [-2.38011    -2.3324828  -2.7770243   2.6940625  -2.7884102   0.6909283
   2.2966294  -1.0841616  -1.540125    2.4555185   0.9287112  -0.8297962
   1.2357053   2.0863867   0.26955116  0.70895964]
 [ 2.1818757   2.1597025   0.56434166 -1.7691977   0.5198832  -2.3189247
  -2.1053934   2.5249443   2.455812   -1.627714   -2.451052    2.4609628
   0.39844185 -2.3277817  -2.389579    1.9514347 ]]

cov
[[0.1 0.1 0.1 0.1 0.1 0.1 0.1 0.1 0.1 0.1 0.1 0.1 0.1 0.1 0.1 0.1]
 [0.1 0.1 0.1 0.1 0.1 0.1 0.1 0.1 0.1 0.1 0.1 0.1 0.1 0.1 0.1 0.1]
 [0.1 0.1 0.1 0.1 0.1 0.1 0.1 0.1 0.1 0.1 0.1 0.1 0.1 0.1 0.1 0.1]
 [0.1 0.1 0.1 0.1 0.1 0.1 0.1 0.1 0.1 0.1 0.1 0.1 0.1 0.1 0.1 0.1]
 [0.1 0.1 0.1 0.1 0.1 0.1 0.1 0.1 0.1 0.1 0.1 0.1 0.1 0.1 0.1 0.1]]

trans
[[0.25733146 0.00634166 0.03763429 0.04259111 0.02049579]
 [0.1386126  0.51675874 0.05749789 0.02402743 0.62159103]
 [0.3039509  0.30281895 0.86900514 0.33681777 0.07612648]
 [0.12653427 0.00850295 0.02074932 0.5010566  0.02139073]
 [0.17357078 0.16557766 0.01511334 0.09550706 0.26039597]]

lengths
[1.1691529 1.0738319 1.10891   1.0436355 1.0318617]

Epoch: 13, Loss: 996.5637
mean
[[-1.4329919  -1.5411363   0.08765607  1.0820601   0.06936102  2.1561599
   1.3798769  -2.0773692  -1.880974    0.7322083   1.9558439  -2.1109447
  -0.31750658  1.7503123   2.1037655  -1.9465063 ]
 [ 0.956311    0.7592025   0.6123175  -0.8045698   0.5527721  -0.7640454
  -1.0342661   0.85670984  0.9834538  -0.9430491  -0.9262355   0.6422318
   0.47808784 -0.97889054 -0.70598006  0.333708  ]
 [-0.14730182 -0.10631459 -0.01264606  0.08430456  0.00330746  0.16198595
   0.1575688  -0.18251802 -0.19513398  0.13382263  0.2022605  -0.14536162
  -0.15789573  0.15509829  0.17264116 -0.12795094]
 [-2.3601882  -2.2908163  -2.8862522   2.712854   -2.8997757   0.5482035
   2.2728634  -0.95810103 -1.4483235   2.495078    0.8120419  -0.6987868
   1.3080702   2.0261352   0.11806613  0.87471455]
 [ 2.21752     2.1753573   0.52601767 -1.7788883   0.4811494  -2.323551
  -2.148269    2.5359628   2.4790251  -1.6474521  -2.4645982   2.4596374
   0.39675227 -2.360265   -2.3875747   1.9311286 ]]

cov
[[0.1 0.1 0.1 0.1 0.1 0.1 0.1 0.1 0.1 0.1 0.1 0.1 0.1 0.1 0.1 0.1]
 [0.1 0.1 0.1 0.1 0.1 0.1 0.1 0.1 0.1 0.1 0.1 0.1 0.1 0.1 0.1 0.1]
 [0.1 0.1 0.1 0.1 0.1 0.1 0.1 0.1 0.1 0.1 0.1 0.1 0.1 0.1 0.1 0.1]
 [0.1 0.1 0.1 0.1 0.1 0.1 0.1 0.1 0.1 0.1 0.1 0.1 0.1 0.1 0.1 0.1]
 [0.1 0.1 0.1 0.1 0.1 0.1 0.1 0.1 0.1 0.1 0.1 0.1 0.1 0.1 0.1 0.1]]

trans
[[0.26189053 0.00657073 0.04143923 0.04331645 0.02353512]
 [0.11864848 0.51488584 0.05873448 0.02590105 0.5794753 ]
 [0.3158451  0.30751145 0.86805284 0.3224487  0.07660253]
 [0.13855022 0.00780159 0.01881412 0.51329803 0.02418613]
 [0.16506569 0.16323036 0.01295931 0.09503581 0.2962009 ]]

lengths
[1.1698716 1.0792844 1.1021645 1.0753201 1.0275732]

Epoch: 14, Loss: 992.2779
mean
[[-1.491849   -1.6111016   0.01963589  1.1574615   0.00288316  2.1694212
   1.4248829  -2.1007626  -1.9112902   0.7691954   1.9685332  -2.1306884
  -0.2492468   1.80026     2.1139433  -1.9272666 ]
 [ 0.941243    0.75454223  0.5772313  -0.8018708   0.51976013 -0.7516474
  -1.0145682   0.86436045  0.98978466 -0.936658   -0.9293734   0.6478905
   0.4580881  -0.97156405 -0.68665934  0.34394574]
 [-0.14776297 -0.10987198 -0.00944825  0.0862667   0.0056021   0.16945665
   0.16711079 -0.19373645 -0.19926244  0.13083711  0.21795753 -0.15705521
  -0.15675367  0.16878158  0.1925126  -0.14800246]
 [-2.3340554  -2.242885   -2.967434    2.7197347  -2.980365    0.4141085
   2.2443566  -0.8414971  -1.3607479   2.5257945   0.7057643  -0.5767952
   1.3386223   1.9627776  -0.01800409  1.0169679 ]
 [ 2.2308838   2.174565    0.4930863  -1.7666956   0.44778475 -2.3265224
  -2.1687999   2.5428066   2.49438    -1.6358639  -2.4743822   2.4573276
   0.39241958 -2.3787055  -2.3865054   1.9269111 ]]

cov
[[0.1 0.1 0.1 0.1 0.1 0.1 0.1 0.1 0.1 0.1 0.1 0.1 0.1 0.1 0.1 0.1]
 [0.1 0.1 0.1 0.1 0.1 0.1 0.1 0.1 0.1 0.1 0.1 0.1 0.1 0.1 0.1 0.1]
 [0.1 0.1 0.1 0.1 0.1 0.1 0.1 0.1 0.1 0.1 0.1 0.1 0.1 0.1 0.1 0.1]
 [0.1 0.1 0.1 0.1 0.1 0.1 0.1 0.1 0.1 0.1 0.1 0.1 0.1 0.1 0.1 0.1]
 [0.1 0.1 0.1 0.1 0.1 0.1 0.1 0.1 0.1 0.1 0.1 0.1 0.1 0.1 0.1 0.1]]

trans
[[0.26269296 0.00683319 0.0435355  0.04509987 0.02672024]
 [0.10432155 0.50451493 0.05276026 0.02823707 0.53639615]
 [0.3286665  0.31454596 0.87522686 0.3183028  0.07878035]
 [0.15055157 0.00735087 0.0167569  0.5140405  0.02709321]
 [0.15376735 0.16675498 0.01172051 0.09431971 0.33101007]]

lengths
[1.1758751 1.0768532 1.1048408 1.0954816 1.0247699]

Epoch: 15, Loss: 988.6816
mean
[[-1.5281879  -1.66916    -0.01692946  1.2093736  -0.03365223  2.2009165
   1.4566835  -2.1255956  -1.9324197   0.78185683  1.9788247  -2.1647449
  -0.19058007  1.8417232   2.135487   -1.9383845 ]
 [ 0.9325821   0.74777025  0.5553934  -0.79301035  0.49700528 -0.76295215
  -1.0119783   0.8616121   0.98681563 -0.92839324 -0.93231946  0.6568869
   0.44594067 -0.9720726  -0.7006945   0.35329726]
 [-0.14722928 -0.10686862 -0.00450534  0.08207352  0.01110189  0.17033128
   0.15946288 -0.19039585 -0.19983137  0.12947457  0.2123689  -0.1540928
  -0.16484681  0.16006988  0.18625776 -0.14238583]
 [-2.2997668  -2.1870487  -3.0139277   2.7106338  -3.0241451   0.2916685
   2.209212   -0.73567665 -1.2780643   2.5428927   0.6116482  -0.4651218
   1.3302351   1.8958863  -0.13536498  1.1307421 ]
 [ 2.2286565   2.165538    0.49101743 -1.7490011   0.44491684 -2.327598
  -2.1718366   2.5458407   2.5022182  -1.6137278  -2.4801576   2.4548774
   0.38867456 -2.3850281  -2.3860118   1.9320788 ]]

cov
[[0.1 0.1 0.1 0.1 0.1 0.1 0.1 0.1 0.1 0.1 0.1 0.1 0.1 0.1 0.1 0.1]
 [0.1 0.1 0.1 0.1 0.1 0.1 0.1 0.1 0.1 0.1 0.1 0.1 0.1 0.1 0.1 0.1]
 [0.1 0.1 0.1 0.1 0.1 0.1 0.1 0.1 0.1 0.1 0.1 0.1 0.1 0.1 0.1 0.1]
 [0.1 0.1 0.1 0.1 0.1 0.1 0.1 0.1 0.1 0.1 0.1 0.1 0.1 0.1 0.1 0.1]
 [0.1 0.1 0.1 0.1 0.1 0.1 0.1 0.1 0.1 0.1 0.1 0.1 0.1 0.1 0.1 0.1]]

trans
[[0.2631692  0.00725525 0.04430953 0.0475602  0.02940399]
 [0.09587229 0.5068567  0.04718726 0.03090912 0.5080755 ]
 [0.33346015 0.3110283  0.88230824 0.32447436 0.07985014]
 [0.1631006  0.00686436 0.01503229 0.5039255  0.0296174 ]
 [0.14439775 0.16799541 0.01116269 0.09313083 0.353053  ]]

lengths
[1.1811073 1.0793582 1.1044877 1.0781528 1.0272859]

Epoch: 16, Loss: 985.6136
mean
[[-1.585635   -1.7461076  -0.07771799  1.2888072  -0.1037738   2.2262132
   1.5064061  -2.142198   -1.9481485   0.82451516  1.9750346  -2.199848
  -0.10017601  1.885       2.1446674  -1.9468683 ]
 [ 0.94102895  0.7495509   0.5619065  -0.79289997  0.5015088  -0.7637182
  -1.0226822   0.8643252   0.9866715  -0.92941904 -0.9289946   0.6487199
   0.44900125 -0.9770628  -0.7030094   0.34877363]
 [-0.1432449  -0.10498577  0.0057261   0.07702881  0.02115278  0.1776776
   0.16144396 -0.19881217 -0.2022906   0.12250863  0.22213644 -0.16317178
  -0.1655471   0.1658449   0.19898763 -0.15827727]
 [-2.2547061  -2.1170366  -3.0395722   2.6843781  -3.0458171   0.17025891
   2.1662848  -0.6303152  -1.194325    2.549155    0.5213607  -0.34859794
   1.2893922   1.8221385  -0.24985075  1.24153   ]
 [ 2.2193103   2.1557076   0.5104801  -1.7371652   0.46365932 -2.3271189
  -2.165077    2.5461307   2.504356   -1.59703    -2.4825938   2.4528599
   0.3869724  -2.3833644  -2.3857687   1.9394672 ]]

cov
[[0.1 0.1 0.1 0.1 0.1 0.1 0.1 0.1 0.1 0.1 0.1 0.1 0.1 0.1 0.1 0.1]
 [0.1 0.1 0.1 0.1 0.1 0.1 0.1 0.1 0.1 0.1 0.1 0.1 0.1 0.1 0.1 0.1]
 [0.1 0.1 0.1 0.1 0.1 0.1 0.1 0.1 0.1 0.1 0.1 0.1 0.1 0.1 0.1 0.1]
 [0.1 0.1 0.1 0.1 0.1 0.1 0.1 0.1 0.1 0.1 0.1 0.1 0.1 0.1 0.1 0.1]
 [0.1 0.1 0.1 0.1 0.1 0.1 0.1 0.1 0.1 0.1 0.1 0.1 0.1 0.1 0.1 0.1]]

trans
[[0.26863956 0.00786652 0.04463448 0.0489245  0.03195546]
 [0.08931349 0.5126936  0.04502124 0.03387032 0.49639192]
 [0.3341925  0.30582854 0.885484   0.3366074  0.07967483]
 [0.17118916 0.00635239 0.01374111 0.48894027 0.03143941]
 [0.13666527 0.16725898 0.01111921 0.09165749 0.3605384 ]]

lengths
[1.160566  1.0749022 1.1028223 1.0613313 1.0275087]

Epoch: 17, Loss: 979.8661
mean
[[-1.6821148  -1.8725476  -0.18605693  1.418005   -0.23067369  2.2196443
   1.5683429  -2.1515903  -1.9648196   0.9071531   1.9511906  -2.238521
   0.07471691  1.9314613   2.1309805  -1.9342239 ]
 [ 0.9468028   0.75308216  0.5779991  -0.7975173   0.5168247  -0.75738585
  -1.0232478   0.8636891   0.9898498  -0.93528736 -0.9325561   0.65198475
   0.45879677 -0.97516596 -0.69405013  0.34351683]
 [-0.14354585 -0.10447729  0.0098888   0.07472467  0.02591383  0.18056156
   0.15842536 -0.19937025 -0.2042246   0.1210606   0.22184338 -0.16383538
  -0.17218883  0.16254812  0.2003846  -0.1595112 ]
 [-2.1978734  -2.022087   -3.068456    2.6421955  -3.0682878   0.04408068
   2.1198535  -0.51319385 -1.1050773   2.5540845   0.42898393 -0.20424376
   1.1939515   1.7419616  -0.38021207  1.3838248 ]
 [ 2.2081244   2.1484842   0.5244126  -1.7326431   0.47788662 -2.3260398
  -2.1539357   2.5446002   2.5022414  -1.5888653  -2.4822195   2.4518402
   0.38655674 -2.377064   -2.385885    1.9460307 ]]

cov
[[0.1 0.1 0.1 0.1 0.1 0.1 0.1 0.1 0.1 0.1 0.1 0.1 0.1 0.1 0.1 0.1]
 [0.1 0.1 0.1 0.1 0.1 0.1 0.1 0.1 0.1 0.1 0.1 0.1 0.1 0.1 0.1 0.1]
 [0.1 0.1 0.1 0.1 0.1 0.1 0.1 0.1 0.1 0.1 0.1 0.1 0.1 0.1 0.1 0.1]
 [0.1 0.1 0.1 0.1 0.1 0.1 0.1 0.1 0.1 0.1 0.1 0.1 0.1 0.1 0.1 0.1]
 [0.1 0.1 0.1 0.1 0.1 0.1 0.1 0.1 0.1 0.1 0.1 0.1 0.1 0.1 0.1 0.1]]

trans
[[0.26200658 0.00855154 0.04513828 0.04931445 0.03625212]
 [0.08285245 0.50908947 0.04561478 0.0378569  0.49808007]
 [0.3507218  0.30923733 0.8849876  0.3354837  0.07848133]
 [0.17419061 0.00590988 0.01282138 0.4857239  0.03085662]
 [0.13022849 0.16721176 0.01143799 0.09162105 0.35632986]]

lengths
[1.1521403 1.0771042 1.1052109 1.0512271 1.0259314]

Epoch: 18, Loss: 974.9459
mean
[[-1.7594866  -1.9865278  -0.2944781   1.5240852  -0.34727988  2.209061
   1.623241   -2.1693654  -1.9958116   0.9835538   1.9447407  -2.276966
   0.2138583   1.983569    2.117567   -1.9122642 ]
 [ 0.943961    0.75284034  0.58573157 -0.79999006  0.5255063  -0.760817
  -1.0195338   0.8620065   0.9879675  -0.93889666 -0.931483    0.64855486
   0.46403864 -0.97428554 -0.69785887  0.3435521 ]
 [-0.14254625 -0.10479374  0.01219256  0.07464068  0.02748721  0.1819447
   0.15948531 -0.2022798  -0.2037874   0.12012477  0.22502306 -0.16836397
  -0.16911475  0.1651951   0.20467983 -0.1661396 ]
 [-2.1297245  -1.9077203  -3.0876908   2.5839577  -3.0807197  -0.07934006
   2.0666144  -0.3912338  -1.0130792   2.5506454   0.3385789  -0.04749124
   1.0717732   1.6556326  -0.51330703  1.5314206 ]
 [ 2.1982813   2.144571    0.52044094 -1.7323593   0.4751092  -2.3250768
  -2.1424148   2.5421395   2.4975274  -1.5863425  -2.4798498   2.4519
   0.38638315 -2.3690398  -2.386374    1.9507834 ]]

cov
[[0.1 0.1 0.1 0.1 0.1 0.1 0.1 0.1 0.1 0.1 0.1 0.1 0.1 0.1 0.1 0.1]
 [0.1 0.1 0.1 0.1 0.1 0.1 0.1 0.1 0.1 0.1 0.1 0.1 0.1 0.1 0.1 0.1]
 [0.1 0.1 0.1 0.1 0.1 0.1 0.1 0.1 0.1 0.1 0.1 0.1 0.1 0.1 0.1 0.1]
 [0.1 0.1 0.1 0.1 0.1 0.1 0.1 0.1 0.1 0.1 0.1 0.1 0.1 0.1 0.1 0.1]
 [0.1 0.1 0.1 0.1 0.1 0.1 0.1 0.1 0.1 0.1 0.1 0.1 0.1 0.1 0.1 0.1]]

trans
[[0.24660988 0.00913898 0.04545625 0.04869296 0.04157947]
 [0.0763929  0.506896   0.04724576 0.04355018 0.5064999 ]
 [0.37413365 0.31124198 0.88333374 0.32047373 0.07678353]
 [0.1763974  0.00551603 0.01212707 0.49326468 0.02897767]
 [0.1264662  0.16720703 0.01183716 0.09401845 0.34615946]]

lengths
[1.1674614 1.0732284 1.1037579 1.0501425 1.0266775]

Epoch: 19, Loss: 969.9870
mean
[[-1.7711978  -2.0280116  -0.35965663  1.550977   -0.40255547  2.2036462
   1.6427811  -2.183361   -2.014751    1.0174189   1.9527082  -2.297659
   0.25595108  2.0097342   2.1092186  -1.8874857 ]
 [ 0.9406704   0.75065017  0.5832689  -0.7991356   0.524337   -0.75740194
  -1.0201441   0.8618408   0.98645806 -0.9378457  -0.9281596   0.64659464
   0.46065697 -0.97501355 -0.69586277  0.3429396 ]
 [-0.1420813  -0.10910714  0.0226384   0.07196856  0.03799592  0.19294922
   0.15546238 -0.208154   -0.20765786  0.10871518  0.22780953 -0.17762445
  -0.16612117  0.16576374  0.21295136 -0.17593458]
 [-2.0539358  -1.7833241  -3.1019719   2.5168161  -3.0894437  -0.20087707
   2.0075238  -0.26689216 -0.918464    2.539545    0.24744412  0.1127594
   0.9647627   1.5647968  -0.64667     1.6768154 ]
 [ 2.1979427   2.1485574   0.53263724 -1.745282    0.4879385  -2.3235257
  -2.1393776   2.538481    2.4928637  -1.5963004  -2.4753482   2.450847
   0.37974247 -2.3659914  -2.383084    1.9436507 ]]

cov
[[0.1 0.1 0.1 0.1 0.1 0.1 0.1 0.1 0.1 0.1 0.1 0.1 0.1 0.1 0.1 0.1]
 [0.1 0.1 0.1 0.1 0.1 0.1 0.1 0.1 0.1 0.1 0.1 0.1 0.1 0.1 0.1 0.1]
 [0.1 0.1 0.1 0.1 0.1 0.1 0.1 0.1 0.1 0.1 0.1 0.1 0.1 0.1 0.1 0.1]
 [0.1 0.1 0.1 0.1 0.1 0.1 0.1 0.1 0.1 0.1 0.1 0.1 0.1 0.1 0.1 0.1]
 [0.1 0.1 0.1 0.1 0.1 0.1 0.1 0.1 0.1 0.1 0.1 0.1 0.1 0.1 0.1 0.1]]

trans
[[0.23815157 0.0095352  0.04526765 0.04755493 0.04744042]
 [0.07006719 0.50923985 0.04824604 0.05194608 0.5167055 ]
 [0.3858394  0.30908075 0.8827695  0.2976884  0.07508387]
 [0.18089177 0.00516385 0.01156118 0.5047798  0.02665123]
 [0.12505008 0.16698033 0.0121556  0.09803075 0.33411896]]

lengths
[1.1614593 1.0771656 1.105998  1.0520823 1.0279281]

Epoch: 20, Loss: 965.3307
mean
[[-1.743076   -2.0002093  -0.37127632  1.5194986  -0.39733383  2.1992188
   1.631804   -2.181799   -2.0073783   1.0126249   1.9577351  -2.2935107
   0.22268969  1.9982816   2.1026318  -1.8652483 ]
 [ 0.9384486   0.74896646  0.572082   -0.7943992   0.514076   -0.76864463
  -1.0166876   0.86802346  0.9876351  -0.9284834  -0.9339583   0.6602129
   0.45478916 -0.973497   -0.7041508   0.35300776]
 [-0.1411239  -0.10699818  0.02141457  0.07209268  0.03620389  0.19017014
   0.15636012 -0.20709714 -0.20495483  0.11354936  0.22722241 -0.17812474
  -0.16317238  0.16538043  0.21369101 -0.17952473]
 [-1.9671702  -1.6450952  -3.1052167   2.436631   -3.0889523  -0.32825324
   1.938664   -0.13763775 -0.818669    2.5198386   0.15345831  0.27935088
   0.8671254   1.4643434  -0.7826925   1.8180131 ]
 [ 2.2103906   2.1628482   0.5738558  -1.7738518   0.5304449  -2.3189182
  -2.147735    2.5332944   2.4896407  -1.6199049  -2.4683459   2.4474463
   0.3614361  -2.3705118  -2.3731747   1.9216571 ]]

cov
[[0.1 0.1 0.1 0.1 0.1 0.1 0.1 0.1 0.1 0.1 0.1 0.1 0.1 0.1 0.1 0.1]
 [0.1 0.1 0.1 0.1 0.1 0.1 0.1 0.1 0.1 0.1 0.1 0.1 0.1 0.1 0.1 0.1]
 [0.1 0.1 0.1 0.1 0.1 0.1 0.1 0.1 0.1 0.1 0.1 0.1 0.1 0.1 0.1 0.1]
 [0.1 0.1 0.1 0.1 0.1 0.1 0.1 0.1 0.1 0.1 0.1 0.1 0.1 0.1 0.1 0.1]
 [0.1 0.1 0.1 0.1 0.1 0.1 0.1 0.1 0.1 0.1 0.1 0.1 0.1 0.1 0.1 0.1]]

trans
[[0.24092887 0.00974253 0.04472912 0.04618308 0.0534132 ]
 [0.06544639 0.50751007 0.0471137  0.06648876 0.52429414]
 [0.3672368  0.31071904 0.88486546 0.27019417 0.07367575]
 [0.20001227 0.00487197 0.01101056 0.5167955  0.02399667]
 [0.12637565 0.16715638 0.01228119 0.10033845 0.32462028]]

lengths
[1.1549255 1.0735548 1.1054093 1.0578372 1.027844 ]

Epoch: 21, Loss: 961.2217
mean
[[-1.7245404  -1.9521322  -0.35733867  1.4904264  -0.37539047  2.1846297
   1.6174455  -2.1602476  -1.9823272   1.0001023   1.9449501  -2.2659326
   0.17429711  1.9695578   2.0876257  -1.8420719 ]
 [ 0.9315514   0.74752766  0.55334985 -0.7850525   0.49613577 -0.77665174
  -1.0044733   0.8679949   0.9832886  -0.9099152  -0.93149346  0.6656801
   0.4494608  -0.96847653 -0.7153718   0.3737444 ]
 [-0.1386415  -0.10742468  0.02675172  0.06852842  0.04236056  0.19274813
   0.1530429  -0.20783487 -0.20566805  0.10428953  0.2268431  -0.17734054
  -0.16507153  0.16406484  0.21308497 -0.17711192]
 [-1.8817115  -1.5130303  -3.1021562   2.3579366  -3.0847616  -0.44318357
   1.8685324  -0.01897558 -0.7246163   2.494766    0.06671495  0.4277925
   0.8025426   1.3668555  -0.9024215   1.9324813 ]
 [ 2.2371728   2.1847572   0.6396325  -1.8154227   0.5955085  -2.3112693
  -2.1716177   2.5291128   2.4924414  -1.6626316  -2.4633253   2.4403517
   0.34298372 -2.385254   -2.3579319   1.8857677 ]]

cov
[[0.1 0.1 0.1 0.1 0.1 0.1 0.1 0.1 0.1 0.1 0.1 0.1 0.1 0.1 0.1 0.1]
 [0.1 0.1 0.1 0.1 0.1 0.1 0.1 0.1 0.1 0.1 0.1 0.1 0.1 0.1 0.1 0.1]
 [0.1 0.1 0.1 0.1 0.1 0.1 0.1 0.1 0.1 0.1 0.1 0.1 0.1 0.1 0.1 0.1]
 [0.1 0.1 0.1 0.1 0.1 0.1 0.1 0.1 0.1 0.1 0.1 0.1 0.1 0.1 0.1 0.1]
 [0.1 0.1 0.1 0.1 0.1 0.1 0.1 0.1 0.1 0.1 0.1 0.1 0.1 0.1 0.1 0.1]]

trans
[[0.24732906 0.00980483 0.04453734 0.04453115 0.05931376]
 [0.06168899 0.50657225 0.04555567 0.08835999 0.52624106]
 [0.33916375 0.31177944 0.8872025  0.24319184 0.07295423]
 [0.22429344 0.00462194 0.01046197 0.52482    0.02154587]
 [0.12752476 0.16722155 0.01224252 0.09909701 0.31994507]]

lengths
[1.154376  1.0772432 1.1046886 1.0783323 1.0281466]

Epoch: 22, Loss: 958.9178
mean
[[-1.7284397  -1.9300399  -0.3414441   1.489874   -0.36365825  2.1658275
   1.614083   -2.1368647  -1.9671907   0.9951095   1.9270407  -2.2341282
   0.15181366  1.9556353   2.070377   -1.8233882 ]
 [ 0.92334193  0.7431798   0.5437761  -0.7788002   0.486669   -0.763841
  -0.99588776  0.8571408   0.9721991  -0.8988062  -0.918841    0.6532435
   0.44489434 -0.9615792  -0.69925034  0.36748093]
 [-0.1414323  -0.10778353  0.02261621  0.07192716  0.03746272  0.19234309
   0.15632549 -0.20842268 -0.20611215  0.11209229  0.2281879  -0.17985684
  -0.1631631   0.16592947  0.2154552  -0.18154208]
 [-1.8067837  -1.402641   -3.0921793   2.2900414  -3.075967   -0.5297489
   1.8044271   0.07519024 -0.64610356  2.4662828  -0.002701    0.5390083
   0.77510756  1.2826942  -0.9890072   2.0014307 ]
 [ 2.2653687   2.2027838   0.68857175 -1.8500715   0.64283836 -2.2994654
  -2.1997912   2.5241356   2.4978385  -1.7060922  -2.4594498   2.4277182
   0.33298355 -2.4019215  -2.339047    1.8460988 ]]

cov
[[0.1 0.1 0.1 0.1 0.1 0.1 0.1 0.1 0.1 0.1 0.1 0.1 0.1 0.1 0.1 0.1]
 [0.1 0.1 0.1 0.1 0.1 0.1 0.1 0.1 0.1 0.1 0.1 0.1 0.1 0.1 0.1 0.1]
 [0.1 0.1 0.1 0.1 0.1 0.1 0.1 0.1 0.1 0.1 0.1 0.1 0.1 0.1 0.1 0.1]
 [0.1 0.1 0.1 0.1 0.1 0.1 0.1 0.1 0.1 0.1 0.1 0.1 0.1 0.1 0.1 0.1]
 [0.1 0.1 0.1 0.1 0.1 0.1 0.1 0.1 0.1 0.1 0.1 0.1 0.1 0.1 0.1 0.1]]

trans
[[0.25348258 0.00983541 0.04483682 0.04243291 0.06474331]
 [0.05855976 0.5010448  0.04490988 0.11690941 0.52230513]
 [0.31815535 0.31540588 0.88813365 0.2209955  0.07273319]
 [0.24227983 0.00443072 0.00998363 0.52529067 0.01943673]
 [0.12752245 0.16928318 0.01213604 0.09437146 0.32078165]]

lengths
[1.1585459 1.0743794 1.1053516 1.0864865 1.0263073]

Epoch: 23, Loss: 957.9521
mean
[[-1.7348408  -1.9395102  -0.34353352  1.5064081  -0.37561348  2.1465964
   1.6169152  -2.1193514  -1.9622487   1.0003986   1.9098548  -2.2085145
   0.16604136  1.9581232   2.0515091  -1.8063287 ]
 [ 0.9148277   0.73814815  0.53898716 -0.77375835  0.48236293 -0.7758174
  -0.9882382   0.8646726   0.96903616 -0.88947314 -0.92033094  0.66762096
   0.43678412 -0.95601153 -0.70884657  0.36731255]
 [-0.14002039 -0.1082612   0.02601523  0.06993423  0.04143184  0.19364232
   0.15436737 -0.20878391 -0.2066122   0.10662026  0.2278987  -0.17834914
  -0.16486022  0.16538462  0.21400784 -0.17810509]
 [-1.7520528  -1.3237828  -3.0856142   2.242151   -3.0713372  -0.5847057
   1.7565691   0.1376673  -0.59138435  2.4456244  -0.04800124  0.6082753
   0.7720259   1.2207314  -1.0394053   2.0313466 ]
 [ 2.2860696   2.210857    0.70362616 -1.8668771   0.6564272  -2.2855632
  -2.223064    2.5187964   2.5038383  -1.7369643  -2.457322    2.4122002
   0.335619   -2.4146557  -2.3209674   1.8140131 ]]

cov
[[0.1 0.1 0.1 0.1 0.1 0.1 0.1 0.1 0.1 0.1 0.1 0.1 0.1 0.1 0.1 0.1]
 [0.1 0.1 0.1 0.1 0.1 0.1 0.1 0.1 0.1 0.1 0.1 0.1 0.1 0.1 0.1 0.1]
 [0.1 0.1 0.1 0.1 0.1 0.1 0.1 0.1 0.1 0.1 0.1 0.1 0.1 0.1 0.1 0.1]
 [0.1 0.1 0.1 0.1 0.1 0.1 0.1 0.1 0.1 0.1 0.1 0.1 0.1 0.1 0.1 0.1]
 [0.1 0.1 0.1 0.1 0.1 0.1 0.1 0.1 0.1 0.1 0.1 0.1 0.1 0.1 0.1 0.1]]

trans
[[0.25830272 0.00982085 0.04554586 0.04007056 0.06916386]
 [0.05615979 0.49765837 0.04550644 0.15046066 0.51563555]
 [0.3109786  0.31539786 0.88743913 0.20291592 0.07257257]
 [0.24783482 0.00427188 0.00954984 0.5193864  0.01761777]
 [0.12672414 0.17285104 0.0119587  0.08716646 0.32501024]]

lengths
[1.160971  1.0769594 1.1048497 1.0786917 1.0191636]

Epoch: 24, Loss: 957.7125
mean
[[-1.7317063  -1.95413    -0.35403103  1.5111339  -0.39075997  2.1366687
   1.6177857  -2.1165037  -1.9659425   1.0065583   1.9070011  -2.1982331
   0.18745025  1.9637359   2.0414762  -1.796367  ]
 [ 0.91319335  0.73674244  0.537565   -0.7719304   0.48153988 -0.77188796
  -0.98726     0.85614157  0.9697559  -0.88601273 -0.91800374  0.66088027
   0.43139544 -0.9570021  -0.7091055   0.3748887 ]
 [-0.14162523 -0.10839555  0.02323986  0.07187601  0.03817402  0.19356626
   0.15632069 -0.20927641 -0.20694141  0.11059254  0.22887239 -0.18060087
  -0.16359447  0.16636254  0.21627565 -0.18217994]
 [-1.7170383  -1.2760836  -3.0798852   2.212896   -3.067512   -0.6096059
   1.7248667   0.16989236 -0.55961806  2.4315374  -0.07057563  0.6389051
   0.78158385  1.1809878  -1.0570521   2.0296028 ]
 [ 2.2957063   2.2098143   0.6945642  -1.8666959   0.6466363  -2.2736967
  -2.2363129   2.5144503   2.5088928  -1.7492063  -2.4570382   2.398835
   0.3465307  -2.4211938  -2.3081355   1.7971017 ]]

cov
[[0.1 0.1 0.1 0.1 0.1 0.1 0.1 0.1 0.1 0.1 0.1 0.1 0.1 0.1 0.1 0.1]
 [0.1 0.1 0.1 0.1 0.1 0.1 0.1 0.1 0.1 0.1 0.1 0.1 0.1 0.1 0.1 0.1]
 [0.1 0.1 0.1 0.1 0.1 0.1 0.1 0.1 0.1 0.1 0.1 0.1 0.1 0.1 0.1 0.1]
 [0.1 0.1 0.1 0.1 0.1 0.1 0.1 0.1 0.1 0.1 0.1 0.1 0.1 0.1 0.1 0.1]
 [0.1 0.1 0.1 0.1 0.1 0.1 0.1 0.1 0.1 0.1 0.1 0.1 0.1 0.1 0.1 0.1]]

trans
[[0.26179177 0.0097568  0.0462335  0.03758372 0.07219921]
 [0.05457281 0.49711052 0.04652391 0.18543443 0.50992167]
 [0.31365916 0.31389192 0.886356   0.18824138 0.07219778]
 [0.244094   0.00412667 0.00915462 0.5097639  0.01601422]
 [0.12588227 0.17511407 0.01173197 0.07897661 0.32966712]]

lengths
[1.1601678 1.075238  1.1052405 1.0717486 1.0198637]

Epoch: 25, Loss: 957.6303
mean
[[-1.758563   -1.9698426  -0.3826651   1.5301297  -0.41805768  2.1358438
   1.6489922  -2.1303394  -1.9905998   1.0379145   1.9266937  -2.1999018
   0.18716861  1.9852941   2.0409179  -1.7870926 ]
 [ 0.91526085  0.7361377   0.5427658  -0.77362216  0.48658177 -0.7577348
  -0.9891713   0.8526056   0.9622052  -0.8914142  -0.9094134   0.64720756
   0.43216035 -0.95431024 -0.6912389   0.36244494]
 [-0.14087981 -0.10877392  0.02533928  0.07094173  0.04055345  0.1942199
   0.1551825  -0.20942424 -0.20704728  0.10849525  0.2285932  -0.17933252
  -0.16449727  0.1661197   0.21497376 -0.17935571]
 [-1.686276   -1.2430046  -3.0641441   2.1873484  -3.053767   -0.6234594
   1.6939763   0.19212845 -0.53253263  2.4087367  -0.09009646  0.6525955
   0.79891145  1.1480366  -1.0647984   2.0196548 ]
 [ 2.295039    2.2031682   0.6809771  -1.8568305   0.6329557  -2.2658277
  -2.2388158   2.511283    2.5115323  -1.7457585  -2.4575005   2.3900602
   0.35910773 -2.4214509  -2.3015528   1.794208  ]]

cov
[[0.1 0.1 0.1 0.1 0.1 0.1 0.1 0.1 0.1 0.1 0.1 0.1 0.1 0.1 0.1 0.1]
 [0.1 0.1 0.1 0.1 0.1 0.1 0.1 0.1 0.1 0.1 0.1 0.1 0.1 0.1 0.1 0.1]
 [0.1 0.1 0.1 0.1 0.1 0.1 0.1 0.1 0.1 0.1 0.1 0.1 0.1 0.1 0.1 0.1]
 [0.1 0.1 0.1 0.1 0.1 0.1 0.1 0.1 0.1 0.1 0.1 0.1 0.1 0.1 0.1 0.1]
 [0.1 0.1 0.1 0.1 0.1 0.1 0.1 0.1 0.1 0.1 0.1 0.1 0.1 0.1 0.1 0.1]]

trans
[[0.26372823 0.00970036 0.04666394 0.0351669  0.07382122]
 [0.05364702 0.4937562  0.04725651 0.21624629 0.5069343 ]
 [0.3203987  0.3161926  0.8858271  0.17607078 0.07153413]
 [0.23699862 0.00400496 0.00878872 0.5012013  0.0145865 ]
 [0.12522751 0.17634591 0.01146369 0.0713148  0.33312386]]

lengths
[1.1684698 1.0773562 1.1052375 1.0644187 1.0225716]

Epoch: 26, Loss: 957.3142
mean
[[-1.7756559  -1.9758756  -0.4077069   1.5436761  -0.43716952  2.1410866
   1.668722   -2.144762   -2.00476     1.0651032   1.9439518  -2.207251
   0.17370623  1.9971887   2.046162   -1.7808901 ]
 [ 0.91514975  0.73569125  0.54717267 -0.7749239   0.4908656  -0.76938987
  -0.98777694  0.85639584  0.9654925  -0.89403576 -0.91551256  0.65857303
   0.43426016 -0.952744   -0.7019243   0.35766065]
 [-0.14124958 -0.10857019  0.02351372  0.07149421  0.03857606  0.19376737
   0.15593672 -0.20933366 -0.20698449  0.10920623  0.2288019  -0.18049544
  -0.16344453  0.16628712  0.21607883 -0.1816272 ]
 [-1.6614798  -1.2224852  -3.0464246   2.167204   -3.0378582  -0.63098186
   1.6669724   0.20713826 -0.5105549   2.3838983  -0.10686535  0.6567093
   0.81638604  1.122619   -1.0687402   2.01198   ]
 [ 2.288513    2.1955416   0.67549336 -1.8462565   0.6276308  -2.2622263
  -2.2340887   2.509281    2.5116625  -1.7355917  -2.4579196   2.3861897
   0.36849248 -2.417645   -2.300104    1.7993066 ]]

cov
[[0.1 0.1 0.1 0.1 0.1 0.1 0.1 0.1 0.1 0.1 0.1 0.1 0.1 0.1 0.1 0.1]
 [0.1 0.1 0.1 0.1 0.1 0.1 0.1 0.1 0.1 0.1 0.1 0.1 0.1 0.1 0.1 0.1]
 [0.1 0.1 0.1 0.1 0.1 0.1 0.1 0.1 0.1 0.1 0.1 0.1 0.1 0.1 0.1 0.1]
 [0.1 0.1 0.1 0.1 0.1 0.1 0.1 0.1 0.1 0.1 0.1 0.1 0.1 0.1 0.1 0.1]
 [0.1 0.1 0.1 0.1 0.1 0.1 0.1 0.1 0.1 0.1 0.1 0.1 0.1 0.1 0.1 0.1]]

trans
[[0.26353735 0.00962191 0.04681541 0.03307346 0.07433047]
 [0.05324004 0.49415216 0.04742607 0.23767838 0.50660765]
 [0.32685181 0.31646994 0.8860903  0.16789666 0.07070115]
 [0.23145893 0.00388881 0.00845545 0.49621153 0.01332227]
 [0.12491184 0.17586717 0.01121281 0.06513997 0.33503842]]

lengths
[1.1657013 1.0760709 1.105322  1.0628182 1.0204961]

Epoch: 27, Loss: 957.2190
mean
[[-1.7788585  -1.9782766  -0.42915392  1.5550798  -0.4536601   2.1430676
   1.6733171  -2.1457663  -2.0002637   1.0821902   1.9420189  -2.209825
   0.1651166   1.9984279   2.0458581  -1.7713654 ]
 [ 0.9153669   0.7364635   0.54762286 -0.77540404  0.49141538 -0.7657905
  -0.9890842   0.8549008   0.9686178  -0.8933787  -0.91532606  0.6547641
   0.43566868 -0.95667255 -0.7028038   0.36535183]
 [-0.14077367 -0.1084773   0.02532834  0.0709452   0.04038285  0.194016
   0.15499441 -0.20930909 -0.20674388  0.10892139  0.22848192 -0.17965356
  -0.1640487   0.165826    0.21526559 -0.18011457]
 [-1.6409763  -1.208585   -3.0330276   2.1513202  -3.02632    -0.6407678
   1.6432711   0.22154018 -0.49029806  2.361224   -0.12477666  0.66194904
   0.8301433   1.1015296  -1.0779654   2.0168145 ]
 [ 2.2815013   2.1908019   0.6782944  -1.8409424   0.6306191  -2.2623672
  -2.2272613   2.508623    2.5103765  -1.7270933  -2.4582014   2.3865163
   0.37251592 -2.4130137  -2.3020666   1.8065116 ]]

cov
[[0.1 0.1 0.1 0.1 0.1 0.1 0.1 0.1 0.1 0.1 0.1 0.1 0.1 0.1 0.1 0.1]
 [0.1 0.1 0.1 0.1 0.1 0.1 0.1 0.1 0.1 0.1 0.1 0.1 0.1 0.1 0.1 0.1]
 [0.1 0.1 0.1 0.1 0.1 0.1 0.1 0.1 0.1 0.1 0.1 0.1 0.1 0.1 0.1 0.1]
 [0.1 0.1 0.1 0.1 0.1 0.1 0.1 0.1 0.1 0.1 0.1 0.1 0.1 0.1 0.1 0.1]
 [0.1 0.1 0.1 0.1 0.1 0.1 0.1 0.1 0.1 0.1 0.1 0.1 0.1 0.1 0.1 0.1]]

trans
[[0.26422852 0.0095055  0.04680269 0.03144652 0.07418203]
 [0.05312642 0.49614993 0.04702142 0.24945964 0.5079046 ]
 [0.32934162 0.31564105 0.88696015 0.16419318 0.06992374]
 [0.22858337 0.0037842  0.0081711  0.49419913 0.01221754]
 [0.12472008 0.17491935 0.01104466 0.06070153 0.3357721 ]]

lengths
[1.163497  1.0769838 1.105286  1.0595914 1.0205755]

Epoch: 28, Loss: 957.1465
mean
[[-1.7764785  -1.9797256  -0.440656    1.5590475  -0.46298164  2.1406276
   1.6703296  -2.1375725  -1.9923391   1.0857186   1.9306471  -2.206859
   0.16689052  1.9961637   2.0403752  -1.7612842 ]
 [ 0.91587466  0.73719513  0.5457505  -0.77514803  0.4896434  -0.76353544
  -0.9901801   0.8556609   0.9645807  -0.8924028  -0.91316867  0.6519617
   0.43558708 -0.9561832  -0.69670284  0.36610126]
 [-0.14106093 -0.10867018  0.02454303  0.07106515  0.03968983  0.194471
   0.15564485 -0.20989461 -0.20736098  0.10841729  0.22924341 -0.18101592
  -0.16370241  0.16636604  0.21663834 -0.18213724]
 [-1.6243927  -1.1984361  -3.0236397   2.1385136  -3.0184808  -0.65228367
   1.6236547   0.23497994 -0.47274804  2.3428948  -0.1415046   0.669648
   0.8364839   1.0843569  -1.0903709   2.0288296 ]
 [ 2.2772028   2.1897922   0.68324983 -1.8413662   0.6356608  -2.2645714
  -2.2220392   2.508941    2.5087247  -1.7240205  -2.4583113   2.3890755
   0.37203643 -2.4096522  -2.30523     1.8116066 ]]

cov
[[0.1 0.1 0.1 0.1 0.1 0.1 0.1 0.1 0.1 0.1 0.1 0.1 0.1 0.1 0.1 0.1]
 [0.1 0.1 0.1 0.1 0.1 0.1 0.1 0.1 0.1 0.1 0.1 0.1 0.1 0.1 0.1 0.1]
 [0.1 0.1 0.1 0.1 0.1 0.1 0.1 0.1 0.1 0.1 0.1 0.1 0.1 0.1 0.1 0.1]
 [0.1 0.1 0.1 0.1 0.1 0.1 0.1 0.1 0.1 0.1 0.1 0.1 0.1 0.1 0.1 0.1]
 [0.1 0.1 0.1 0.1 0.1 0.1 0.1 0.1 0.1 0.1 0.1 0.1 0.1 0.1 0.1 0.1]]

trans
[[0.26671523 0.00936256 0.04676267 0.03024716 0.07377033]
 [0.05316614 0.4954343  0.04639126 0.25423676 0.50962585]
 [0.32747436 0.3165778  0.8879127  0.16383754 0.06934005]
 [0.22807519 0.00370152 0.00795369 0.4939573  0.01126281]
 [0.12456909 0.1749238  0.01097966 0.05772122 0.33600092]]

lengths
[1.1660893 1.0763042 1.1052516 1.0589043 1.0218326]

Epoch: 29, Loss: 956.9894
mean
[[-1.7743101  -1.9784381  -0.4403444   1.5544453  -0.46243644  2.136164
   1.667041   -2.1299875  -1.9913304   1.080125    1.924486   -2.2014112
   0.17251103  1.9942001   2.0343618  -1.754447  ]
 [ 0.9148317   0.7365488   0.5438836  -0.77411675  0.48778293 -0.7671126
  -0.9878091   0.8542248   0.96550393 -0.89138144 -0.91435564  0.6555538
   0.43433076 -0.9530682  -0.7010126   0.361912  ]
 [-0.14095667 -0.1085332   0.02528686  0.07104038  0.04031001  0.19436246
   0.15522425 -0.20964867 -0.20703664  0.10895504  0.22885276 -0.18016566
  -0.16404752  0.16603826  0.21581838 -0.18085317]
 [-1.6126204  -1.1918479  -3.0182717   2.1293724  -3.0141103  -0.6623044
   1.6095833   0.24529082 -0.45986775  2.3305466  -0.15406698  0.67733705
   0.83689344  1.0720977  -1.1014642   2.0405617 ]
 [ 2.2762406   2.1912472   0.6856602  -1.8446681   0.63803375 -2.2670386
  -2.219853    2.5096512   2.5073962  -1.7255906  -2.458257    2.3918436
   0.36932403 -2.40823    -2.3078408   1.8131256 ]]

cov
[[0.1 0.1 0.1 0.1 0.1 0.1 0.1 0.1 0.1 0.1 0.1 0.1 0.1 0.1 0.1 0.1]
 [0.1 0.1 0.1 0.1 0.1 0.1 0.1 0.1 0.1 0.1 0.1 0.1 0.1 0.1 0.1 0.1]
 [0.1 0.1 0.1 0.1 0.1 0.1 0.1 0.1 0.1 0.1 0.1 0.1 0.1 0.1 0.1 0.1]
 [0.1 0.1 0.1 0.1 0.1 0.1 0.1 0.1 0.1 0.1 0.1 0.1 0.1 0.1 0.1 0.1]
 [0.1 0.1 0.1 0.1 0.1 0.1 0.1 0.1 0.1 0.1 0.1 0.1 0.1 0.1 0.1 0.1]]

trans
[[0.26960906 0.00923658 0.04679595 0.02938159 0.07334342]
 [0.05327064 0.4946094  0.04604491 0.25467953 0.51102436]
 [0.323792   0.3169121  0.8883712  0.16541585 0.06897335]
 [0.22889963 0.00363398 0.00780204 0.49470368 0.01044048]
 [0.12442869 0.17560795 0.01098589 0.05581934 0.33621842]]

lengths
[1.1664001 1.0769302 1.1052688 1.060491  1.0210271]

Epoch: 30, Loss: 956.9951
mean
[[-1.7739673  -1.974819   -0.43511793  1.5500903  -0.45824525  2.1314356
   1.6667802  -2.1268191  -1.993184    1.0749149   1.9254419  -2.195577
   0.17505866  1.9929833   2.0297935  -1.750678  ]
 [ 0.91419685  0.7357457   0.54366875 -0.77366114  0.4874341  -0.7645571
  -0.9874792   0.85554427  0.96641815 -0.8913973  -0.91384906  0.6532755
   0.43373832 -0.9545742  -0.70034546  0.36274368]
 [-0.140964   -0.1085903   0.02477211  0.07096972  0.03993632  0.19440751
   0.15544258 -0.20979832 -0.2073046   0.10847349  0.22913909 -0.18072706
  -0.16383652  0.16623421  0.21637955 -0.18174124]
 [-1.6055937  -1.1884367  -3.0169897   2.1241207  -3.0133014  -0.669776
   1.6010605   0.25220418 -0.4516933   2.3242102  -0.16216253  0.6836923
   0.8353598   1.0645348  -1.1096251   2.0490148 ]
 [ 2.2775848   2.1934614   0.6849214  -1.8477714   0.63721746 -2.268785
  -2.2202935   2.510383    2.5067365  -1.7288017  -2.4581625   2.393742
   0.36641678 -2.408475   -2.3092327   1.8120863 ]]

cov
[[0.1 0.1 0.1 0.1 0.1 0.1 0.1 0.1 0.1 0.1 0.1 0.1 0.1 0.1 0.1 0.1]
 [0.1 0.1 0.1 0.1 0.1 0.1 0.1 0.1 0.1 0.1 0.1 0.1 0.1 0.1 0.1 0.1]
 [0.1 0.1 0.1 0.1 0.1 0.1 0.1 0.1 0.1 0.1 0.1 0.1 0.1 0.1 0.1 0.1]
 [0.1 0.1 0.1 0.1 0.1 0.1 0.1 0.1 0.1 0.1 0.1 0.1 0.1 0.1 0.1 0.1]
 [0.1 0.1 0.1 0.1 0.1 0.1 0.1 0.1 0.1 0.1 0.1 0.1 0.1 0.1 0.1 0.1]]

trans
[[0.2720969  0.00916923 0.04689516 0.0287672  0.07302544]
 [0.05336569 0.49542296 0.04607    0.2531085  0.5118066 ]
 [0.32053077 0.3159123  0.8882988  0.16786698 0.06881183]
 [0.22977327 0.00357458 0.0077002  0.49557465 0.00973022]
 [0.12423337 0.17592092 0.0110358  0.05468264 0.33662587]]

lengths
[1.1650441 1.0763582 1.1052274 1.0612634 1.0210376]

Loss didn't improve for 1 epochs
Epoch: 31, Loss: 957.0227
mean
[[-1.7748564  -1.9720565  -0.43246257  1.5514629  -0.4571832   2.1278486
   1.6687927  -2.1268313  -1.992981    1.0755546   1.9278836  -2.1907787
   0.17281142  1.9928458   2.0269344  -1.748337  ]
 [ 0.91464376  0.7357044   0.5445206  -0.77399856  0.48819554 -0.76530313
  -0.9887964   0.85462755  0.9650914  -0.8919206  -0.9139338   0.65306276
   0.4341264  -0.9554821  -0.69866043  0.36480895]
 [-0.14095    -0.10850244  0.02503775  0.0710493   0.04005825  0.19432113
   0.15526561 -0.20962773 -0.20704877  0.10878562  0.22885993 -0.18024257
  -0.16388957  0.16602945  0.21589105 -0.18101445]
 [-1.602294   -1.1873313  -3.01892     2.1221354  -3.0153527  -0.67510325
   1.5968883   0.25663254 -0.4470178   2.322487   -0.16703238  0.68851477
   0.83502996  1.0605043  -1.1151674   2.0542338 ]
 [ 2.2796383   2.1951663   0.6829999  -1.8490921   0.6352643  -2.269576
  -2.2220092   2.5109413   2.5067155  -1.7310294  -2.4581187   2.3945484
   0.36446163 -2.4096038  -2.3095248   1.8103039 ]]

cov
[[0.1 0.1 0.1 0.1 0.1 0.1 0.1 0.1 0.1 0.1 0.1 0.1 0.1 0.1 0.1 0.1]
 [0.1 0.1 0.1 0.1 0.1 0.1 0.1 0.1 0.1 0.1 0.1 0.1 0.1 0.1 0.1 0.1]
 [0.1 0.1 0.1 0.1 0.1 0.1 0.1 0.1 0.1 0.1 0.1 0.1 0.1 0.1 0.1 0.1]
 [0.1 0.1 0.1 0.1 0.1 0.1 0.1 0.1 0.1 0.1 0.1 0.1 0.1 0.1 0.1 0.1]
 [0.1 0.1 0.1 0.1 0.1 0.1 0.1 0.1 0.1 0.1 0.1 0.1 0.1 0.1 0.1 0.1]]

trans
[[0.27400205 0.00916911 0.04699544 0.02833931 0.072846  ]
 [0.05341668 0.4956422  0.04629357 0.25121403 0.51203626]
 [0.3186175  0.3157723  0.8879862  0.17045708 0.06881244]
 [0.22999294 0.00352614 0.00762925 0.4959107  0.00911163]
 [0.1239709  0.17589028 0.01109556 0.05407887 0.33719364]]

lengths
[1.1650927 1.076684  1.1052958 1.0607593 1.0215642]

Loss didn't improve for 2 epochs
Epoch: 32, Loss: 957.0665
mean
[[-1.7755923  -1.9715275  -0.43471685  1.5549631  -0.4605266   2.1258116
   1.6706059  -2.1271799  -1.9914188   1.0805665   1.9278014  -2.1875126
   0.16826606  1.9933089   2.0251822  -1.7460972 ]
 [ 0.9156131   0.7363895   0.5454433  -0.77475566  0.48912802 -0.76624435
  -0.98946226  0.8560786   0.9671119  -0.8927179  -0.91514426  0.6544403
   0.4349151  -0.9549828  -0.7009427   0.3637866 ]
 [-0.14081644 -0.10846057  0.02485142  0.07091274  0.03998182  0.19416824
   0.15517631 -0.20954734 -0.20706134  0.10854943  0.22885889 -0.18040803
  -0.16368522  0.16598445  0.21603167 -0.18134308]
 [-1.6013926  -1.1875601  -3.0225804   2.122357   -3.018974   -0.6790408
   1.5954994   0.2596481  -0.4444194   2.3234646  -0.17013292  0.69205827
   0.8370812   1.0586549  -1.1189866   2.0573804 ]
 [ 2.2812073   2.1959317   0.68178344 -1.8487816   0.63408405 -2.269689
  -2.2237048   2.5113032   2.5071096  -1.7313727  -2.4581757   2.394601
   0.3636849  -2.4108539  -2.3092327   1.8091606 ]]

cov
[[0.1 0.1 0.1 0.1 0.1 0.1 0.1 0.1 0.1 0.1 0.1 0.1 0.1 0.1 0.1 0.1]
 [0.1 0.1 0.1 0.1 0.1 0.1 0.1 0.1 0.1 0.1 0.1 0.1 0.1 0.1 0.1 0.1]
 [0.1 0.1 0.1 0.1 0.1 0.1 0.1 0.1 0.1 0.1 0.1 0.1 0.1 0.1 0.1 0.1]
 [0.1 0.1 0.1 0.1 0.1 0.1 0.1 0.1 0.1 0.1 0.1 0.1 0.1 0.1 0.1 0.1]
 [0.1 0.1 0.1 0.1 0.1 0.1 0.1 0.1 0.1 0.1 0.1 0.1 0.1 0.1 0.1 0.1]]

trans
[[0.27546272 0.00920569 0.04703567 0.02804854 0.07278475]
 [0.05341918 0.49543664 0.04645725 0.24987501 0.51193374]
 [0.31791002 0.31625378 0.88778484 0.17275408 0.06892817]
 [0.22953756 0.00348653 0.00757385 0.49548697 0.00856685]
 [0.12367058 0.17561738 0.0111484  0.05383543 0.33778644]]

lengths
[1.1653308 1.0763519 1.105268  1.0605706 1.0212406]

Loss didn't improve for 3 epochs
Epoch: 33, Loss: 957.0702
mean
[[-1.7759641  -1.9721678  -0.43959233  1.5561335  -0.46525332  2.1250327
   1.6713284  -2.126626   -1.9911959   1.0855914   1.9261988  -2.1856983
   0.164579    1.993796    2.0240414  -1.743683  ]
 [ 0.9164539   0.73717326  0.5460424  -0.7754962   0.4897352  -0.7654889
  -0.98998094  0.8560471   0.9675258  -0.8937643  -0.9153697   0.6535641
   0.4356126  -0.9559933  -0.7005082   0.36289433]
 [-0.14076573 -0.10835946  0.02490581  0.0709146   0.03993549  0.19406357
   0.15508263 -0.209404   -0.206862    0.10852175  0.22863987 -0.18010384
  -0.1636301   0.16581833  0.21571743 -0.18092354]
 [-1.6017256  -1.1883353  -3.0264714   2.1237085  -3.0227983  -0.6820843
   1.595545    0.2619378  -0.4428572   2.3254578  -0.17241989  0.6945954
   0.8409753   1.0579259  -1.1217631   2.059479  ]
 [ 2.2818582   2.1959953   0.6817016  -1.847862    0.6340729  -2.269587
  -2.2246702   2.5115533   2.5076582  -1.7303888  -2.4583414   2.3944275
   0.36371106 -2.4117718  -2.3089058   1.8091612 ]]

cov
[[0.1 0.1 0.1 0.1 0.1 0.1 0.1 0.1 0.1 0.1 0.1 0.1 0.1 0.1 0.1 0.1]
 [0.1 0.1 0.1 0.1 0.1 0.1 0.1 0.1 0.1 0.1 0.1 0.1 0.1 0.1 0.1 0.1]
 [0.1 0.1 0.1 0.1 0.1 0.1 0.1 0.1 0.1 0.1 0.1 0.1 0.1 0.1 0.1 0.1]
 [0.1 0.1 0.1 0.1 0.1 0.1 0.1 0.1 0.1 0.1 0.1 0.1 0.1 0.1 0.1 0.1]
 [0.1 0.1 0.1 0.1 0.1 0.1 0.1 0.1 0.1 0.1 0.1 0.1 0.1 0.1 0.1 0.1]]

trans
[[0.2765936  0.0092397  0.04700604 0.02785651 0.07280436]
 [0.05338707 0.49587506 0.04642963 0.2493036  0.5117358 ]
 [0.3178451  0.31620875 0.8878447  0.17454553 0.06911767]
 [0.22879334 0.00345193 0.00752605 0.49447078 0.00808159]
 [0.1233809  0.17522457 0.01119361 0.05382358 0.3382606 ]]

lengths
[1.164744  1.0765532 1.1052905 1.0611054 1.0213336]

Loss didn't improve for 4 epochs
Epoch: 34, Loss: 957.0443
mean
[[-1.7761416  -1.9725186  -0.4435267   1.5551479  -0.4680156   2.1249738
   1.6713556  -2.1257083  -1.9921461   1.0876911   1.9254513  -2.1850414
   0.16328178  1.9939466   2.0234005  -1.741631  ]
 [ 0.91672343  0.73747873  0.54630977 -0.77584356  0.48996204 -0.766161
  -0.9904915   0.8563191   0.96729046 -0.89439076 -0.9156452   0.65361774
   0.43587887 -0.95663244 -0.7001203   0.3635527 ]
 [-0.14073348 -0.10839387  0.02487677  0.07089693  0.03996693  0.19403407
   0.15501614 -0.20940551 -0.20690912  0.10855015  0.22868478 -0.18023935
  -0.16351126  0.16582963  0.21583393 -0.18112575]
 [-1.6025256  -1.1891695  -3.0294604   2.1253505  -3.0257468  -0.6842569
   1.5961707   0.26363754 -0.44188628  2.3273807  -0.17412932  0.6962044
   0.8452247   1.0577378  -1.1236452   2.060855  ]
 [ 2.281737    2.1957479   0.6821951  -1.8471997   0.63461655 -2.2695243
  -2.2248104   2.5117183   2.508123   -1.7291836  -2.4585426   2.3943186
   0.3640727  -2.4121866  -2.3087845   1.8099211 ]]

cov
[[0.1 0.1 0.1 0.1 0.1 0.1 0.1 0.1 0.1 0.1 0.1 0.1 0.1 0.1 0.1 0.1]
 [0.1 0.1 0.1 0.1 0.1 0.1 0.1 0.1 0.1 0.1 0.1 0.1 0.1 0.1 0.1 0.1]
 [0.1 0.1 0.1 0.1 0.1 0.1 0.1 0.1 0.1 0.1 0.1 0.1 0.1 0.1 0.1 0.1]
 [0.1 0.1 0.1 0.1 0.1 0.1 0.1 0.1 0.1 0.1 0.1 0.1 0.1 0.1 0.1 0.1]
 [0.1 0.1 0.1 0.1 0.1 0.1 0.1 0.1 0.1 0.1 0.1 0.1 0.1 0.1 0.1 0.1]]

trans
[[0.27735457 0.00925843 0.04694583 0.02773234 0.07286698]
 [0.05334204 0.49619672 0.04626969 0.2493217  0.5115918 ]
 [0.31796432 0.31605795 0.8880646  0.17574175 0.0693402 ]
 [0.22818854 0.00342321 0.00748464 0.4932579  0.00764503]
 [0.12315052 0.17506368 0.01123521 0.0539463  0.338556  ]]

lengths
[1.1646628 1.076332  1.1052699 1.0614854 1.021561 ]

Loss didn't improve for 5 epochs
Stopping
cached hsmm
