## SLURM PROLOG ###############################################################
##    Job ID : 868829
##  Job Name : hsmm_RightHand
##  Nodelist : node1328
##      CPUs : 4
##  Mem/Node : 16384 MB
## Directory : /gpfs/data/epavlick/debert/hsmm
##   Started : Wed Mar 17 23:51:53 EDT 2021
###############################################################################
hsmm_RightHand
loaded cached nbc
loaded cached autoencoder
(84, 563, 16)
(12, 410, 16)
(12, 403, 16)
Epoch: 0, Loss: 17216.8169
mean
[[-0.20481247 -0.14892569  0.34665093  0.35015935  0.36583498 -0.36207002
  -0.29526284  0.21231744 -0.15981486 -0.3475484   0.26297364  0.3481399
   0.3440324   0.33848917 -0.36670938 -0.34875423]
 [-0.29336518 -0.30825478 -0.23207526 -0.30137804 -0.4838222   0.46372688
  -0.20993753 -0.33944     0.33565232  0.49910486  0.25662568 -0.35643968
  -0.49910015 -0.03264732  0.4857157   0.49356282]
 [ 0.39789835  0.3414887  -0.50041735 -0.5053167  -0.547684    0.5184953
   0.48011184 -0.01680104 -0.05357102  0.5796667  -0.4573694  -0.5072243
  -0.5762379  -0.5023242   0.5530165   0.570495  ]
 [ 0.48707002  0.48383978 -0.48142487 -0.4841747  -0.40446806  0.47766253
   0.48674288  0.4131779  -0.43851984  0.00196622 -0.48754174 -0.48389
   0.02557189 -0.48682612  0.38931674  0.08950168]
 [ 0.5068396   0.5145143  -0.43216717 -0.41548324  0.18331116  0.20370753
   0.4802338   0.5441014  -0.53819454 -0.36493582 -0.49284458 -0.39562762
   0.36683828 -0.4385951  -0.21057989 -0.34147894]]

cov
[[0.1 0.1 0.1 0.1 0.1 0.1 0.1 0.1 0.1 0.1 0.1 0.1 0.1 0.1 0.1 0.1]
 [0.1 0.1 0.1 0.1 0.1 0.1 0.1 0.1 0.1 0.1 0.1 0.1 0.1 0.1 0.1 0.1]
 [0.1 0.1 0.1 0.1 0.1 0.1 0.1 0.1 0.1 0.1 0.1 0.1 0.1 0.1 0.1 0.1]
 [0.1 0.1 0.1 0.1 0.1 0.1 0.1 0.1 0.1 0.1 0.1 0.1 0.1 0.1 0.1 0.1]
 [0.1 0.1 0.1 0.1 0.1 0.1 0.1 0.1 0.1 0.1 0.1 0.1 0.1 0.1 0.1 0.1]]

trans
[[0.28633094 0.27512637 0.21975589 0.19002642 0.22158311]
 [0.26111603 0.25676164 0.25912815 0.26039618 0.2675198 ]
 [0.14804707 0.14537942 0.14231482 0.13174991 0.13515562]
 [0.1366506  0.1350462  0.15077646 0.16855483 0.15208392]
 [0.16785531 0.18768632 0.22802463 0.24927266 0.22365758]]

lengths
[1.8360432 1.678504  1.7041118 1.7142487 1.6925938]

Epoch: 1, Loss: 10962.7508
mean
[[-0.7570573  -0.64097875  1.0546005   1.0585002   0.95562893 -1.0392492
  -0.9805461  -0.25627914  0.33415106 -0.6489186   0.90523154  1.0520469
   0.61483747  1.0401888  -0.9374585  -0.72147655]
 [-0.92610765 -0.9505205   0.27107885  0.17149082 -0.91402197  0.52123815
  -0.7701755  -0.98858154  0.9831212   1.061084    0.85977495  0.05134934
  -1.0704613   0.48049563  0.9178185   1.0590088 ]
 [ 0.35958624  0.11171339 -1.37371    -1.3829272  -1.4248691   1.4029568
   1.187156   -0.62621486  0.5133358   1.3921015  -0.88225156 -1.3833926
  -1.3745804  -1.3633711   1.4305382   1.3985047 ]
 [ 0.22960195  0.18551117 -0.29286188 -0.3162936   0.03194839  0.18314978
   0.35460538  0.03175288 -0.04019235 -0.04756606 -0.3113326  -0.3163687
   0.04992094 -0.36074674 -0.04649155  0.02308324]
 [ 1.2569249   1.2715251  -0.6820471  -0.47686625  0.80047476 -0.2574811
   1.1242204   1.3109965  -1.3065532  -1.1164669  -1.202845   -0.29698697
   1.1275299  -0.6738168  -0.82909256 -1.0876135 ]]

cov
[[0.1 0.1 0.1 0.1 0.1 0.1 0.1 0.1 0.1 0.1 0.1 0.1 0.1 0.1 0.1 0.1]
 [0.1 0.1 0.1 0.1 0.1 0.1 0.1 0.1 0.1 0.1 0.1 0.1 0.1 0.1 0.1 0.1]
 [0.1 0.1 0.1 0.1 0.1 0.1 0.1 0.1 0.1 0.1 0.1 0.1 0.1 0.1 0.1 0.1]
 [0.1 0.1 0.1 0.1 0.1 0.1 0.1 0.1 0.1 0.1 0.1 0.1 0.1 0.1 0.1 0.1]
 [0.1 0.1 0.1 0.1 0.1 0.1 0.1 0.1 0.1 0.1 0.1 0.1 0.1 0.1 0.1 0.1]]

trans
[[0.51526004 0.44593403 0.13424951 0.11552388 0.24748103]
 [0.14762111 0.15066986 0.19299552 0.16660976 0.17555396]
 [0.06800655 0.07726358 0.16790305 0.09870055 0.07389902]
 [0.14535971 0.14413372 0.2528318  0.4123997  0.31272846]
 [0.1237526  0.1819988  0.25202012 0.20676607 0.19033755]]

lengths
[1.2042459 1.0533347 1.1429516 1.3968213 1.0421585]

Epoch: 2, Loss: 8336.5730
mean
[[-0.99339545 -0.8154089   1.5381879   1.5598593   1.2533313  -1.492457
  -1.4218507  -0.3463846   0.43823832 -0.6014908   1.2671095   1.5587845
   0.54640263  1.5269269  -1.1980851  -0.74068373]
 [-1.4518813  -1.4821237   0.6366409   0.6180393  -0.96416867  0.18874303
  -1.2619181  -1.4954288   1.4941605   1.3815666   1.3724737   0.5351793
  -1.4063025   0.9524173   0.9858279   1.3627357 ]
 [ 0.24163467  0.00544521 -1.974542   -2.025532   -2.0889187   2.1076357
   1.277181   -0.7788634   0.6471162   1.7355856  -0.7532415  -2.0298417
  -1.6734283  -1.9135365   2.0904362   1.809924  ]
 [ 0.12096524  0.15562728  0.03584688 -0.00564556 -0.10820502  0.07484446
   0.02675975  0.15874644 -0.19515999 -0.058564   -0.0617407  -0.0446732
   0.06083701 -0.02656392  0.08511329 -0.00913409]
 [ 1.8043479   1.8307401  -0.7299969  -0.4052574   1.0965921  -0.42575452
   1.4795716   1.9009228  -1.8958137  -1.6538533  -1.670367   -0.1559743
   1.6876057  -0.63562876 -1.1330793  -1.6197654 ]]

cov
[[0.1 0.1 0.1 0.1 0.1 0.1 0.1 0.1 0.1 0.1 0.1 0.1 0.1 0.1 0.1 0.1]
 [0.1 0.1 0.1 0.1 0.1 0.1 0.1 0.1 0.1 0.1 0.1 0.1 0.1 0.1 0.1 0.1]
 [0.1 0.1 0.1 0.1 0.1 0.1 0.1 0.1 0.1 0.1 0.1 0.1 0.1 0.1 0.1 0.1]
 [0.1 0.1 0.1 0.1 0.1 0.1 0.1 0.1 0.1 0.1 0.1 0.1 0.1 0.1 0.1 0.1]
 [0.1 0.1 0.1 0.1 0.1 0.1 0.1 0.1 0.1 0.1 0.1 0.1 0.1 0.1 0.1 0.1]]

trans
[[0.48311073 0.43394342 0.07459828 0.05183432 0.1163997 ]
 [0.08957296 0.10876762 0.12143232 0.05835664 0.07815041]
 [0.03767683 0.05426272 0.17843394 0.06199004 0.05352493]
 [0.31682175 0.2746391  0.42698532 0.7585465  0.6391768 ]
 [0.07281773 0.12838714 0.1985501  0.06927255 0.11274814]]

lengths
[1.1458272  1.0093107  1.0829618  1.5197634  0.97414076]

Epoch: 3, Loss: 8008.1656
mean
[[-0.94973534 -0.75155723  1.7360551   1.7864767   1.3343202  -1.6906087
  -1.5395017  -0.19416186  0.29613468 -0.5745636   1.3016046   1.7992713
   0.52295226  1.7240703  -1.2533681  -0.7138891 ]
 [-1.8419344  -1.8756354   0.7803151   0.8349274  -0.82116395 -0.11433326
  -1.6322957  -1.8449732   1.8515246   1.5039932   1.7579615   0.80433166
  -1.5441881   1.2480853   0.86589545  1.4574835 ]
 [ 0.2523045   0.03313281 -2.1296244  -2.248256   -2.362807    2.4469976
   1.110525   -0.7310512   0.59976226  1.7317686  -0.65375954 -2.2661786
  -1.659935   -2.0110672   2.3531787   1.8313407 ]
 [ 0.18416604  0.1447601  -0.24530944 -0.2672994  -0.06051119  0.15262549
   0.2928637   0.14247853 -0.10565592 -0.04542783 -0.25958362 -0.2670053
   0.05347976 -0.30138463  0.06622341 -0.00494954]
 [ 2.056362    2.0932333  -0.7206912  -0.3786306   1.1942357  -0.43772334
   1.5522981   2.191343   -2.188388   -1.895726   -1.8393418  -0.133226
   1.9524829  -0.5640644  -1.2404261  -1.8506448 ]]

cov
[[0.1 0.1 0.1 0.1 0.1 0.1 0.1 0.1 0.1 0.1 0.1 0.1 0.1 0.1 0.1 0.1]
 [0.1 0.1 0.1 0.1 0.1 0.1 0.1 0.1 0.1 0.1 0.1 0.1 0.1 0.1 0.1 0.1]
 [0.1 0.1 0.1 0.1 0.1 0.1 0.1 0.1 0.1 0.1 0.1 0.1 0.1 0.1 0.1 0.1]
 [0.1 0.1 0.1 0.1 0.1 0.1 0.1 0.1 0.1 0.1 0.1 0.1 0.1 0.1 0.1 0.1]
 [0.1 0.1 0.1 0.1 0.1 0.1 0.1 0.1 0.1 0.1 0.1 0.1 0.1 0.1 0.1 0.1]]

trans
[[0.30658686 0.33594862 0.05940649 0.0563762  0.06441148]
 [0.06857023 0.10113687 0.12225163 0.03723789 0.04478448]
 [0.02408699 0.04145189 0.15987088 0.05524583 0.04964317]
 [0.549949   0.43208796 0.47964203 0.8168271  0.756142  ]
 [0.05080699 0.08937465 0.17882897 0.03431297 0.08501888]]

lengths
[1.3175176 1.2141    1.2647808 1.3772749 1.1491472]

Epoch: 4, Loss: 7952.0229
mean
[[-0.7304129  -0.54761183  1.6824602   1.7545348   1.2959071  -1.6743326
  -1.3739884  -0.01550441  0.11258194 -0.65555245  1.0873843   1.7811738
   0.6189861   1.646051   -1.2135732  -0.75804526]
 [-2.0800836  -2.1158044   0.9150115   0.9802718  -0.6071912  -0.3142767
  -1.8493009  -2.0364516   2.0517418   1.4711299   1.991977    0.9623632
  -1.5236322   1.4260647   0.6711331   1.398815  ]
 [ 0.22938976 -0.01579739 -2.0244179  -2.1800125  -2.3536115   2.4749906
   1.0540762  -0.803844    0.67518556  1.7541226  -0.686195   -2.2114372
  -1.7061442  -1.8809106   2.3349185   1.8150189 ]
 [ 0.15069003  0.16659552 -0.05822182 -0.08933    -0.04721357  0.12756233
   0.10388896  0.07670117 -0.09513437 -0.02683263 -0.11398313 -0.11501949
   0.03851238 -0.1137868   0.03318518  0.01904456]
 [ 2.1036592   2.1468678  -0.70415395 -0.36218628  1.2847571  -0.49512258
   1.5092775   2.264143   -2.264288   -1.9654901  -1.8381063  -0.12231167
   2.029039   -0.52474505 -1.3367124  -1.9067718 ]]

cov
[[0.1 0.1 0.1 0.1 0.1 0.1 0.1 0.1 0.1 0.1 0.1 0.1 0.1 0.1 0.1 0.1]
 [0.1 0.1 0.1 0.1 0.1 0.1 0.1 0.1 0.1 0.1 0.1 0.1 0.1 0.1 0.1 0.1]
 [0.1 0.1 0.1 0.1 0.1 0.1 0.1 0.1 0.1 0.1 0.1 0.1 0.1 0.1 0.1 0.1]
 [0.1 0.1 0.1 0.1 0.1 0.1 0.1 0.1 0.1 0.1 0.1 0.1 0.1 0.1 0.1 0.1]
 [0.1 0.1 0.1 0.1 0.1 0.1 0.1 0.1 0.1 0.1 0.1 0.1 0.1 0.1 0.1 0.1]]

trans
[[0.22906283 0.32564622 0.06794681 0.09004717 0.06806851]
 [0.07073224 0.12114664 0.1396933  0.04947804 0.0444661 ]
 [0.01891751 0.03578673 0.15459028 0.0673143  0.06109235]
 [0.6338753  0.44235033 0.47173372 0.76059145 0.73178583]
 [0.04741213 0.07507013 0.16603594 0.03256898 0.09458721]]

lengths
[1.3806126 1.3599107 1.2890389 1.487756  1.251209 ]

Epoch: 5, Loss: 7815.8882
mean
[[-0.52673465 -0.36395115  1.5169036   1.5918468   1.2652982  -1.5692606
  -1.1155399   0.13323201 -0.04065796 -0.80959475  0.8374358   1.6251423
   0.78250843  1.4392784  -1.2010707  -0.88808584]
 [-2.200728   -2.2308714   1.12844     1.1937246  -0.3927727  -0.47957927
  -1.9856277  -2.099374    2.123966    1.3481164   2.1220553   1.1679854
  -1.408211    1.623418    0.47113705  1.2561877 ]
 [ 0.18011427 -0.06469751 -1.8417349  -1.9862801  -2.1897066   2.3033516
   1.058252   -0.84116787  0.71495855  1.7367548  -0.6729639  -2.0212846
  -1.6963273  -1.7089244   2.1699176   1.7793812 ]
 [ 0.15110953  0.13192487 -0.18575245 -0.21769126 -0.10422415  0.14391252
   0.22883195  0.10450976 -0.13358277 -0.00656249 -0.20900856 -0.22948791
   0.02266059 -0.24194871  0.08338548  0.03871384]
 [ 2.0688264   2.108155   -0.77520335 -0.43352044  1.2390093  -0.45624447
   1.5012923   2.21157    -2.2171586  -1.9038947  -1.8090749  -0.18870005
   1.9663514  -0.5951115  -1.2930468  -1.836268  ]]

cov
[[0.1 0.1 0.1 0.1 0.1 0.1 0.1 0.1 0.1 0.1 0.1 0.1 0.1 0.1 0.1 0.1]
 [0.1 0.1 0.1 0.1 0.1 0.1 0.1 0.1 0.1 0.1 0.1 0.1 0.1 0.1 0.1 0.1]
 [0.1 0.1 0.1 0.1 0.1 0.1 0.1 0.1 0.1 0.1 0.1 0.1 0.1 0.1 0.1 0.1]
 [0.1 0.1 0.1 0.1 0.1 0.1 0.1 0.1 0.1 0.1 0.1 0.1 0.1 0.1 0.1 0.1]
 [0.1 0.1 0.1 0.1 0.1 0.1 0.1 0.1 0.1 0.1 0.1 0.1 0.1 0.1 0.1 0.1]]

trans
[[0.23141691 0.3696267  0.08231757 0.07963808 0.09554826]
 [0.0949708  0.16338448 0.12586078 0.05843491 0.05461084]
 [0.01949082 0.03367517 0.15946181 0.07090905 0.07843644]
 [0.5980799  0.36215645 0.4677213  0.75401115 0.65892345]
 [0.05604158 0.0711572  0.1646385  0.03700683 0.11248098]]

lengths
[1.2964082 1.3392309 1.208824  1.4120976 1.1988205]

Epoch: 6, Loss: 7650.7329
mean
[[-0.35894907 -0.20083481  1.3268691   1.3889599   1.2666833  -1.4469582
  -0.87665755  0.28543866 -0.19466414 -0.9320301   0.63707256  1.4212692
   0.90626854  1.2091606  -1.2252243  -1.0121403 ]
 [-2.2062795  -2.221352    1.2810148   1.3699502  -0.18935046 -0.65232223
  -2.0440245  -2.0392196   2.0725086   1.1636323   2.1521456   1.3537529
  -1.2273332   1.7396501   0.27520114  1.0628376 ]
 [ 0.04073235 -0.18600486 -1.68586    -1.8054086  -2.068948    2.1064074
   0.9313651  -0.9057796   0.7878069   1.7457889  -0.4987058  -1.8420223
  -1.7021756  -1.5689675   2.0563447   1.7914174 ]
 [ 0.15192854  0.14421597 -0.11240488 -0.1399978  -0.09359877  0.15400189
   0.14604847  0.10250574 -0.09321133  0.01110606 -0.14210886 -0.16106187
   0.00693716 -0.16389163  0.08821966  0.05152352]
 [ 2.0611339   2.0850298  -0.9651029  -0.62298137  1.0470177  -0.26141247
   1.6008538   2.134509   -2.1489933  -1.7674357  -1.8510075  -0.36936605
   1.8306321  -0.7783721  -1.1014316  -1.695291  ]]

cov
[[0.1 0.1 0.1 0.1 0.1 0.1 0.1 0.1 0.1 0.1 0.1 0.1 0.1 0.1 0.1 0.1]
 [0.1 0.1 0.1 0.1 0.1 0.1 0.1 0.1 0.1 0.1 0.1 0.1 0.1 0.1 0.1 0.1]
 [0.1 0.1 0.1 0.1 0.1 0.1 0.1 0.1 0.1 0.1 0.1 0.1 0.1 0.1 0.1 0.1]
 [0.1 0.1 0.1 0.1 0.1 0.1 0.1 0.1 0.1 0.1 0.1 0.1 0.1 0.1 0.1 0.1]
 [0.1 0.1 0.1 0.1 0.1 0.1 0.1 0.1 0.1 0.1 0.1 0.1 0.1 0.1 0.1 0.1]]

trans
[[0.25263163 0.39637062 0.09402596 0.07702465 0.13456386]
 [0.11939009 0.21614052 0.11982909 0.05414338 0.06368215]
 [0.02260672 0.03117204 0.16932736 0.07152575 0.09007768]
 [0.5450897  0.28978968 0.44803512 0.7551547  0.59614   ]
 [0.06028181 0.06652711 0.16878252 0.0421515  0.1155363 ]]

lengths
[1.2884005 1.2849134 1.2223945 1.4534172 1.1351093]

Epoch: 7, Loss: 7496.5871
mean
[[-0.20395455 -0.03655032  1.2081559   1.2587131   1.3292621  -1.3970901
  -0.7324663   0.46392697 -0.37188014 -1.0428382   0.504075    1.289426
   1.0184728   1.0701668  -1.3016592  -1.1273669 ]
 [-2.1255386  -2.1198027   1.3149916   1.4148132  -0.02405315 -0.78781146
  -2.0272787  -1.8931371   1.9341352   0.9701632   2.1041827   1.4172661
  -1.0338173   1.7340789   0.11106931  0.86831874]
 [-0.14602987 -0.3668884  -1.5437212  -1.6683681  -2.0566537   1.9849099
   0.7035172  -1.0395944   0.9309344   1.8032877  -0.28760228 -1.7202085
  -1.7678499  -1.4321437   2.0487144   1.8483793 ]
 [ 0.1322781   0.12914456 -0.14430596 -0.1810158  -0.0841998   0.14128911
   0.18386765  0.0872672  -0.08696538  0.02116916 -0.16771036 -0.1987166
  -0.00232953 -0.20163353  0.07814824  0.05290935]
 [ 2.0930192   2.085451   -1.2898128  -0.959316    0.6769829   0.11835095
   1.7969656   2.0147789  -2.047385   -1.5026675  -1.9671867  -0.69760144
   1.5779613  -1.0900028  -0.7236887  -1.4324956 ]]

cov
[[0.1 0.1 0.1 0.1 0.1 0.1 0.1 0.1 0.1 0.1 0.1 0.1 0.1 0.1 0.1 0.1]
 [0.1 0.1 0.1 0.1 0.1 0.1 0.1 0.1 0.1 0.1 0.1 0.1 0.1 0.1 0.1 0.1]
 [0.1 0.1 0.1 0.1 0.1 0.1 0.1 0.1 0.1 0.1 0.1 0.1 0.1 0.1 0.1 0.1]
 [0.1 0.1 0.1 0.1 0.1 0.1 0.1 0.1 0.1 0.1 0.1 0.1 0.1 0.1 0.1 0.1]
 [0.1 0.1 0.1 0.1 0.1 0.1 0.1 0.1 0.1 0.1 0.1 0.1 0.1 0.1 0.1 0.1]]

trans
[[0.25342423 0.3768642  0.10378037 0.08563339 0.15227799]
 [0.12265361 0.25350553 0.12512043 0.0516847  0.06738502]
 [0.02690438 0.02942162 0.17431103 0.07672708 0.08837   ]
 [0.5436315  0.2787258  0.4178116  0.7381035  0.58053565]
 [0.0533863  0.06148282 0.17897658 0.04785132 0.11143137]]

lengths
[1.3174665 1.2942597 1.254469  1.417958  1.1534357]

Epoch: 8, Loss: 7316.1187
mean
[[-0.0139777   0.16319168  1.1684775   1.2223611   1.4465     -1.4334471
  -0.6326104   0.67770696 -0.58521676 -1.2067297   0.3629084   1.2558986
   1.1868279   1.0263205  -1.4262587  -1.2774416 ]
 [-1.9804578  -1.954173    1.3175429   1.3951333   0.10213504 -0.85560495
  -1.9355582  -1.6937191   1.7413249   0.79144317  1.9901719   1.3966714
  -0.8516906   1.6742111  -0.016672    0.6896493 ]
 [-0.3469888  -0.5766518  -1.4126745  -1.5676001  -2.129118    1.9586117
   0.5097565  -1.2364047   1.1316787   1.9354557  -0.10639472 -1.6465983
  -1.9113592  -1.2886156   2.1181738   1.9709345 ]
 [ 0.12618785  0.11495031 -0.10118127 -0.13177525 -0.07665258  0.13050503
   0.13650467  0.08055086 -0.09332298  0.02371551 -0.13367839 -0.15546952
  -0.0043742  -0.15569758  0.06349932  0.04418425]
 [ 2.1206317   2.071099   -1.6505002  -1.3393723   0.24877435  0.555689
   2.002922    1.8336506  -1.8919598  -1.1387103  -2.0910454  -1.0711007
   1.2292402  -1.4368166  -0.28102815 -1.0727427 ]]

cov
[[0.1 0.1 0.1 0.1 0.1 0.1 0.1 0.1 0.1 0.1 0.1 0.1 0.1 0.1 0.1 0.1]
 [0.1 0.1 0.1 0.1 0.1 0.1 0.1 0.1 0.1 0.1 0.1 0.1 0.1 0.1 0.1 0.1]
 [0.1 0.1 0.1 0.1 0.1 0.1 0.1 0.1 0.1 0.1 0.1 0.1 0.1 0.1 0.1 0.1]
 [0.1 0.1 0.1 0.1 0.1 0.1 0.1 0.1 0.1 0.1 0.1 0.1 0.1 0.1 0.1 0.1]
 [0.1 0.1 0.1 0.1 0.1 0.1 0.1 0.1 0.1 0.1 0.1 0.1 0.1 0.1 0.1 0.1]]

trans
[[0.23510203 0.3179245  0.11599591 0.08095469 0.1370597 ]
 [0.11121807 0.27338925 0.1365147  0.05899482 0.06864344]
 [0.03234096 0.02888459 0.15932338 0.07677875 0.08045822]
 [0.5760384  0.32609224 0.41336718 0.7312687  0.5909263 ]
 [0.04530055 0.05370942 0.17479885 0.05200304 0.12291233]]

lengths
[1.3031459 1.3269625 1.224905  1.446155  1.2227411]

Epoch: 9, Loss: 7148.4183
mean
[[ 0.192911    0.37733695  1.1632844   1.2373111   1.5988598  -1.5211995
  -0.51910824  0.91410446 -0.8201448  -1.4278182   0.19107354  1.2807829
   1.4121926   1.0210522  -1.5859532  -1.479003  ]
 [-1.8037314  -1.7574896   1.3485931   1.4088601   0.22258705 -0.90436995
  -1.8205761  -1.4707268   1.523825    0.6167234   1.8448089   1.3980997
  -0.6729972   1.630645   -0.13979498  0.51525855]
 [-0.5213524  -0.76364195 -1.3326443  -1.5010158  -2.223176    1.9792864
   0.38393167 -1.4224688   1.3188546   2.0848482   0.04843068 -1.5966135
  -2.0623083  -1.171247    2.2089531   2.1130471 ]
 [ 0.13090181  0.12705146 -0.11786304 -0.15230985 -0.06979728  0.12444674
   0.16133681  0.09028885 -0.09750482  0.02267772 -0.14701466 -0.167946
  -0.00240961 -0.17646213  0.05608695  0.02671256]
 [ 2.0935223   2.0100327  -1.8604138  -1.5699754  -0.03870515  0.8398877
   2.1043544   1.6398324  -1.7175338  -0.82257056 -2.1357076  -1.3019409
   0.91657186 -1.6490995   0.02030933 -0.76173705]]

cov
[[0.1 0.1 0.1 0.1 0.1 0.1 0.1 0.1 0.1 0.1 0.1 0.1 0.1 0.1 0.1 0.1]
 [0.1 0.1 0.1 0.1 0.1 0.1 0.1 0.1 0.1 0.1 0.1 0.1 0.1 0.1 0.1 0.1]
 [0.1 0.1 0.1 0.1 0.1 0.1 0.1 0.1 0.1 0.1 0.1 0.1 0.1 0.1 0.1 0.1]
 [0.1 0.1 0.1 0.1 0.1 0.1 0.1 0.1 0.1 0.1 0.1 0.1 0.1 0.1 0.1 0.1]
 [0.1 0.1 0.1 0.1 0.1 0.1 0.1 0.1 0.1 0.1 0.1 0.1 0.1 0.1 0.1 0.1]]

trans
[[0.21745756 0.2365736  0.11976836 0.06765822 0.11893529]
 [0.09754577 0.30577362 0.14991449 0.07360435 0.07397486]
 [0.03916107 0.02731616 0.14956583 0.07006589 0.07500318]
 [0.60462546 0.38747895 0.41393703 0.73537976 0.5695786 ]
 [0.0412101  0.04285771 0.16681427 0.05329182 0.16250806]]

lengths
[1.2714567 1.3423975 1.2289586 1.4337323 1.2391815]

Epoch: 10, Loss: 7035.0066
mean
[[ 0.38875908  0.579492    1.1511897   1.2533524   1.7559488  -1.6139303
  -0.38526255  1.1429722  -1.0475115  -1.6534771   0.01547472  1.310705
   1.6396338   1.0082657  -1.7529985  -1.6907628 ]
 [-1.6357713  -1.5723469   1.3211643   1.38415     0.32636365 -0.9432886
  -1.7154531  -1.2638239   1.3214824   0.45792377  1.7071497   1.3830454
  -0.5102943   1.5583712  -0.24649194  0.35629645]
 [-0.6557016  -0.90578526 -1.2923397  -1.4568226  -2.2940745   1.9952043
   0.2791876  -1.5589284   1.4574608   2.192703    0.17767602 -1.5556593
  -2.1698427  -1.0943668   2.280782    2.2176511 ]
 [ 0.13375716  0.129691   -0.10369224 -0.13550818 -0.0556435   0.11592445
   0.14908859  0.10159741 -0.10202551  0.01089371 -0.148544   -0.15881218
   0.00893152 -0.16134919  0.04376754 -0.00334381]
 [ 2.0340595   1.9346378  -1.9273272  -1.6512976  -0.1714504   0.95866865
   2.1122744   1.5048276  -1.5896579  -0.64578086 -2.1132207  -1.3871183
   0.7340541  -1.7239136   0.160341   -0.58976436]]

cov
[[0.1 0.1 0.1 0.1 0.1 0.1 0.1 0.1 0.1 0.1 0.1 0.1 0.1 0.1 0.1 0.1]
 [0.1 0.1 0.1 0.1 0.1 0.1 0.1 0.1 0.1 0.1 0.1 0.1 0.1 0.1 0.1 0.1]
 [0.1 0.1 0.1 0.1 0.1 0.1 0.1 0.1 0.1 0.1 0.1 0.1 0.1 0.1 0.1 0.1]
 [0.1 0.1 0.1 0.1 0.1 0.1 0.1 0.1 0.1 0.1 0.1 0.1 0.1 0.1 0.1 0.1]
 [0.1 0.1 0.1 0.1 0.1 0.1 0.1 0.1 0.1 0.1 0.1 0.1 0.1 0.1 0.1 0.1]]

trans
[[0.20684172 0.17146997 0.1115596  0.05885413 0.10157455]
 [0.08593711 0.3582037  0.17604014 0.08671992 0.08043055]
 [0.04706641 0.024894   0.1501523  0.06428274 0.06526801]
 [0.6181131  0.41164845 0.40179855 0.7377214  0.56763023]
 [0.0420416  0.03378388 0.16044939 0.05242188 0.18509665]]

lengths
[1.2702106 1.3442284 1.2435719 1.4398286 1.2164942]

Epoch: 11, Loss: 6985.1528
mean
[[ 0.5266593   0.718943    1.1292322   1.2575479   1.887375   -1.6881627
  -0.2728831   1.3051417  -1.2087964  -1.8251402  -0.1136016   1.3284712
   1.8112775   0.98791903 -1.8932099  -1.8570704 ]
 [-1.5344274  -1.4598155   1.3061737   1.3532392   0.3713584  -0.94880444
  -1.6506814  -1.1349745   1.1958357   0.3664737   1.6261775   1.3474842
  -0.4157499   1.5154772  -0.29463187  0.26571694]
 [-0.7371728  -0.98988295 -1.2580138  -1.4169185  -2.317963    1.9818856
   0.19648273 -1.633427    1.5345676   2.2372937   0.25865245 -1.5138012
  -2.2166731  -1.039753    2.3074622   2.2584367 ]
 [ 0.14126085  0.13418218 -0.11767823 -0.14920907 -0.0494099   0.12000948
   0.16514823  0.10733631 -0.10718407 -0.0046588  -0.15353805 -0.16404943
   0.02318832 -0.17680694  0.03717507 -0.03055436]
 [ 1.9671026   1.8651186  -1.931321   -1.6696894  -0.24507466  1.0081322
   2.0776548   1.4252409  -1.5101991  -0.5664699  -2.0612535  -1.4142634
   0.65069234 -1.7368636   0.23509873 -0.5128586 ]]

cov
[[0.1 0.1 0.1 0.1 0.1 0.1 0.1 0.1 0.1 0.1 0.1 0.1 0.1 0.1 0.1 0.1]
 [0.1 0.1 0.1 0.1 0.1 0.1 0.1 0.1 0.1 0.1 0.1 0.1 0.1 0.1 0.1 0.1]
 [0.1 0.1 0.1 0.1 0.1 0.1 0.1 0.1 0.1 0.1 0.1 0.1 0.1 0.1 0.1 0.1]
 [0.1 0.1 0.1 0.1 0.1 0.1 0.1 0.1 0.1 0.1 0.1 0.1 0.1 0.1 0.1 0.1]
 [0.1 0.1 0.1 0.1 0.1 0.1 0.1 0.1 0.1 0.1 0.1 0.1 0.1 0.1 0.1 0.1]]

trans
[[0.19521265 0.14609084 0.11202831 0.05363097 0.09275714]
 [0.07745133 0.37461603 0.18590823 0.09351765 0.08581852]
 [0.05365739 0.02419234 0.14375547 0.06404241 0.0594707 ]
 [0.62615293 0.42365643 0.40998223 0.73587567 0.5879692 ]
 [0.04752566 0.03144439 0.14832579 0.05293334 0.17398445]]

lengths
[1.2692307 1.3466059 1.2312887 1.4341325 1.2008687]

Epoch: 12, Loss: 6972.5414
mean
[[ 0.6149903   0.8076657   1.1021959   1.2504113   1.9766676  -1.735655
  -0.19727318  1.4045655  -1.3078723  -1.9301821  -0.19438803  1.3326516
   1.9165447   0.9667553  -1.9875574  -1.9610169 ]
 [-1.5065359  -1.4271559   1.321559    1.3702211   0.38974857 -0.96112823
  -1.6350142  -1.093853    1.1558161   0.33584902  1.6049604   1.358423
  -0.384856    1.5187736  -0.31525752  0.23836045]
 [-0.75813955 -1.0105298  -1.2269112  -1.382696   -2.3007925   1.9499552
   0.16543071 -1.6462951   1.5487651   2.2317867   0.2813814  -1.4778626
  -2.2126853  -1.0023494   2.2916827   2.250328  ]
 [ 0.14149623  0.13715345 -0.10219437 -0.13504769 -0.04638038  0.11240611
   0.15410475  0.10949577 -0.11099122 -0.01902378 -0.15294941 -0.1564211
   0.03619231 -0.16197912  0.03306581 -0.04429419]
 [ 1.912642    1.8117629  -1.9225062  -1.6765925  -0.29781276  1.0379522
   2.0430298   1.3747662  -1.458338   -0.519418   -2.0138934  -1.4294485
   0.6051869  -1.7419746   0.289534   -0.46947095]]

cov
[[0.1 0.1 0.1 0.1 0.1 0.1 0.1 0.1 0.1 0.1 0.1 0.1 0.1 0.1 0.1 0.1]
 [0.1 0.1 0.1 0.1 0.1 0.1 0.1 0.1 0.1 0.1 0.1 0.1 0.1 0.1 0.1 0.1]
 [0.1 0.1 0.1 0.1 0.1 0.1 0.1 0.1 0.1 0.1 0.1 0.1 0.1 0.1 0.1 0.1]
 [0.1 0.1 0.1 0.1 0.1 0.1 0.1 0.1 0.1 0.1 0.1 0.1 0.1 0.1 0.1 0.1]
 [0.1 0.1 0.1 0.1 0.1 0.1 0.1 0.1 0.1 0.1 0.1 0.1 0.1 0.1 0.1 0.1]]

trans
[[0.1863211  0.13476935 0.11771426 0.04864756 0.09118459]
 [0.07217757 0.37603083 0.17905985 0.09375867 0.088273  ]
 [0.05894861 0.02423483 0.14188759 0.06609932 0.06075269]
 [0.6292117  0.43261927 0.41782424 0.73634166 0.5972712 ]
 [0.05334097 0.0323457  0.14351407 0.05515283 0.16251849]]

lengths
[1.2739449 1.367628  1.2293525 1.4387177 1.2205718]

Epoch: 13, Loss: 6970.4821
mean
[[ 0.6439618   0.8359244   1.0874552   1.2461716   2.0237205  -1.7631799
  -0.16968368  1.4403346  -1.3427007  -1.9747636  -0.22177997  1.3355436
   1.9615272   0.9581315  -2.0352373  -2.0072222 ]
 [-1.5225595  -1.4433506   1.3231746   1.3756489   0.3992326  -0.9750221
  -1.6499553  -1.108676    1.1705114   0.3389085   1.6196072   1.3714894
  -0.38907215  1.5259145  -0.32396656  0.24209188]
 [-0.74257994 -0.9923228  -1.2129854  -1.3667237  -2.2709725   1.9238417
   0.17466769 -1.6233721   1.5263275   2.2069094   0.27028662 -1.4611013
  -2.1875262  -0.9916329   2.2619383   2.22514   ]
 [ 0.13812941  0.13497412 -0.10228583 -0.13241144 -0.04405792  0.10400423
   0.15336739  0.11000337 -0.11191297 -0.02849623 -0.14798975 -0.14928491
   0.04481378 -0.16164234  0.03108533 -0.04275256]
 [ 1.884391    1.7839584  -1.9091042  -1.6710343  -0.31068897  1.04269
   2.023591    1.3486058  -1.4314932  -0.49444616 -1.9890109  -1.4282836
   0.5813821  -1.7369109   0.30375934 -0.44640583]]

cov
[[0.1 0.1 0.1 0.1 0.1 0.1 0.1 0.1 0.1 0.1 0.1 0.1 0.1 0.1 0.1 0.1]
 [0.1 0.1 0.1 0.1 0.1 0.1 0.1 0.1 0.1 0.1 0.1 0.1 0.1 0.1 0.1 0.1]
 [0.1 0.1 0.1 0.1 0.1 0.1 0.1 0.1 0.1 0.1 0.1 0.1 0.1 0.1 0.1 0.1]
 [0.1 0.1 0.1 0.1 0.1 0.1 0.1 0.1 0.1 0.1 0.1 0.1 0.1 0.1 0.1 0.1]
 [0.1 0.1 0.1 0.1 0.1 0.1 0.1 0.1 0.1 0.1 0.1 0.1 0.1 0.1 0.1 0.1]]

trans
[[0.1831986  0.12429867 0.11394605 0.04579562 0.09217432]
 [0.07006668 0.37690654 0.17987964 0.0919935  0.08813139]
 [0.06213385 0.02441444 0.14596923 0.06759956 0.06580876]
 [0.62739986 0.44072777 0.41014645 0.7371227  0.59027755]
 [0.05720101 0.03365256 0.15005863 0.05748861 0.163608  ]]

lengths
[1.2790391 1.3581923 1.2412146 1.4351343 1.2360812]

Epoch: 14, Loss: 6969.7367
mean
[[ 0.6301681   0.82196236  1.0889909   1.2493848   2.0345156  -1.7745556
  -0.17878664  1.4297116  -1.3315651  -1.9741749  -0.21069314  1.3408386
   1.9606946   0.96302813 -2.0441635  -2.0083566 ]
 [-1.5390443  -1.4622877   1.329812    1.3792461   0.39642712 -0.97310925
  -1.6590906  -1.1303799   1.191805    0.34874988  1.6325598   1.3713189
  -0.39939058  1.5339489  -0.3200563   0.25037947]
 [-0.72850484 -0.9753439  -1.2132943  -1.366775   -2.253521    1.914513
   0.18497866 -1.6037989   1.507101    2.1903007   0.25960615 -1.4610308
  -2.170775   -0.9984579   2.244511    2.2087204 ]
 [ 0.13564149  0.13175038 -0.09625795 -0.12870839 -0.04083559  0.10097949
   0.14953089  0.10962578 -0.11076938 -0.03351034 -0.14563681 -0.14700897
   0.04948377 -0.15668018  0.02909422 -0.03295333]
 [ 1.8767868   1.7764237  -1.8945874  -1.6569312  -0.29953468  1.0306
   2.0142338   1.3423665  -1.4249402  -0.4923401  -1.9811357  -1.4157454
   0.5776683  -1.7231407   0.29197508 -0.44391268]]

cov
[[0.1 0.1 0.1 0.1 0.1 0.1 0.1 0.1 0.1 0.1 0.1 0.1 0.1 0.1 0.1 0.1]
 [0.1 0.1 0.1 0.1 0.1 0.1 0.1 0.1 0.1 0.1 0.1 0.1 0.1 0.1 0.1 0.1]
 [0.1 0.1 0.1 0.1 0.1 0.1 0.1 0.1 0.1 0.1 0.1 0.1 0.1 0.1 0.1 0.1]
 [0.1 0.1 0.1 0.1 0.1 0.1 0.1 0.1 0.1 0.1 0.1 0.1 0.1 0.1 0.1 0.1]
 [0.1 0.1 0.1 0.1 0.1 0.1 0.1 0.1 0.1 0.1 0.1 0.1 0.1 0.1 0.1 0.1]]

trans
[[0.1821889  0.12137678 0.10840546 0.04569792 0.09218764]
 [0.06959431 0.37645605 0.18085727 0.09187608 0.0861401 ]
 [0.06294321 0.0249885  0.14896604 0.06811132 0.06905653]
 [0.62672037 0.44221863 0.4042463  0.735773   0.58517796]
 [0.05855321 0.03496004 0.1575249  0.05854168 0.16743779]]

lengths
[1.2751391 1.3555849 1.2360972 1.4386188 1.2281691]

Epoch: 15, Loss: 6968.8275
mean
[[ 0.6096748   0.80338866  1.0993246   1.2563252   2.023348   -1.7740985
  -0.20009866  1.4089762  -1.3108429  -1.9541018  -0.18930328  1.3462639
   1.9401269   0.9731905  -2.0310786  -1.9887202 ]
 [-1.5443838  -1.4686999   1.329307    1.3828926   0.38898617 -0.9703311
  -1.6632655  -1.1388054   1.1999576   0.35577905  1.6370375   1.3754362
  -0.40635586  1.5384197  -0.3128609   0.2572012 ]
 [-0.7236935  -0.97047675 -1.2196496  -1.3744569  -2.2554634   1.9196432
   0.18901747 -1.600179    1.5033933   2.189831    0.2543593  -1.4686756
  -2.1702404  -1.0086659   2.2468243   2.2079363 ]
 [ 0.13547747  0.1314336  -0.09728342 -0.12810749 -0.0380474   0.10128659
   0.1488786   0.10984714 -0.11011646 -0.0365754  -0.14557971 -0.14664978
   0.05237778 -0.15677099  0.0270418  -0.02457778]
 [ 1.8777517   1.7781605  -1.8843069  -1.6456151  -0.28836992  1.0179777
   2.0087116   1.3476951  -1.4296734  -0.5038219  -1.9791896  -1.4046048
   0.58772653 -1.7122549   0.28000754 -0.45503017]]

cov
[[0.1 0.1 0.1 0.1 0.1 0.1 0.1 0.1 0.1 0.1 0.1 0.1 0.1 0.1 0.1 0.1]
 [0.1 0.1 0.1 0.1 0.1 0.1 0.1 0.1 0.1 0.1 0.1 0.1 0.1 0.1 0.1 0.1]
 [0.1 0.1 0.1 0.1 0.1 0.1 0.1 0.1 0.1 0.1 0.1 0.1 0.1 0.1 0.1 0.1]
 [0.1 0.1 0.1 0.1 0.1 0.1 0.1 0.1 0.1 0.1 0.1 0.1 0.1 0.1 0.1 0.1]
 [0.1 0.1 0.1 0.1 0.1 0.1 0.1 0.1 0.1 0.1 0.1 0.1 0.1 0.1 0.1 0.1]]

trans
[[0.18261336 0.12395765 0.10986353 0.04660337 0.0911192 ]
 [0.06977028 0.37431717 0.17678443 0.09177338 0.08413696]
 [0.062484   0.02554893 0.14813283 0.06788691 0.06921265]
 [0.626205   0.44047904 0.4076283  0.73526114 0.587711  ]
 [0.05892731 0.03569722 0.15759091 0.05847521 0.16782019]]

lengths
[1.2726941 1.3606123 1.2339123 1.4368116 1.2227021]

Epoch: 16, Loss: 6968.4021
mean
[[ 0.59860086  0.7934893   1.109887    1.2625606   2.007297   -1.7685213
  -0.21608654  1.3969601  -1.2986437  -1.9363978  -0.17496172  1.3499316
   1.9223627   0.9811239  -2.0141988  -1.9709785 ]
 [-1.5456004  -1.469484    1.3281196   1.3795034   0.38594583 -0.96955305
  -1.6650784  -1.1394465   1.2005535   0.3595751   1.6386782   1.3734989
  -0.4101602   1.5366313  -0.31002808  0.26162827]
 [-0.7217143  -0.9696391  -1.2249247  -1.3808846  -2.263833    1.9279443
   0.19265568 -1.6018418   1.5046804   2.193896    0.25101846 -1.4750978
  -2.1739867  -1.0138355   2.2551868   2.21222   ]
 [ 0.13527288  0.13159212 -0.09812503 -0.12967111 -0.03687634  0.10194675
   0.14971676  0.1102957  -0.10992365 -0.0389899  -0.14509006 -0.14723986
   0.05422742 -0.15802991  0.02565774 -0.02128807]
 [ 1.8811592   1.7827631  -1.880139   -1.6405554  -0.2803998   1.0107894
   2.0070043   1.3562001  -1.4377377  -0.5161058  -1.9797488  -1.3992418
   0.60021555 -1.7075268   0.27184635 -0.46685284]]

cov
[[0.1 0.1 0.1 0.1 0.1 0.1 0.1 0.1 0.1 0.1 0.1 0.1 0.1 0.1 0.1 0.1]
 [0.1 0.1 0.1 0.1 0.1 0.1 0.1 0.1 0.1 0.1 0.1 0.1 0.1 0.1 0.1 0.1]
 [0.1 0.1 0.1 0.1 0.1 0.1 0.1 0.1 0.1 0.1 0.1 0.1 0.1 0.1 0.1 0.1]
 [0.1 0.1 0.1 0.1 0.1 0.1 0.1 0.1 0.1 0.1 0.1 0.1 0.1 0.1 0.1 0.1]
 [0.1 0.1 0.1 0.1 0.1 0.1 0.1 0.1 0.1 0.1 0.1 0.1 0.1 0.1 0.1 0.1]]

trans
[[0.1839104  0.12680241 0.11345793 0.04724008 0.0905671 ]
 [0.0698089  0.37366483 0.17532384 0.09150168 0.08384328]
 [0.06182097 0.02563204 0.14710717 0.06744148 0.06881431]
 [0.62508327 0.43815777 0.40836784 0.73552984 0.59021974]
 [0.05937645 0.03574296 0.1557432  0.05828693 0.16655558]]

lengths
[1.2751228 1.358855  1.2365447 1.437688  1.2261564]

Epoch: 17, Loss: 6968.6444
mean
[[ 0.5972024   0.79148984  1.1146615   1.264926    1.9975225  -1.7629824
  -0.22019318  1.3947624  -1.2963395  -1.9302914  -0.17239797  1.35061
   1.9165651   0.98332924 -2.0047057  -1.9646955 ]
 [-1.545574   -1.4694118   1.3275617   1.3793817   0.38587412 -0.96770144
  -1.6633768  -1.1391342   1.2002679   0.36021623  1.6380647   1.3714808
  -0.41083816  1.535917   -0.30976978  0.26223978]
 [-0.7217404  -0.9698211  -1.2264112  -1.3824279  -2.2672677   1.9313105
   0.19389191 -1.6028053   1.505438    2.1955738   0.2508004  -1.4767425
  -2.1755803  -1.0138819   2.258254    2.2143512 ]
 [ 0.13520432  0.13146047 -0.09830654 -0.12991835 -0.03715785  0.10240533
   0.1498071   0.11062849 -0.10991311 -0.04101421 -0.14554799 -0.14804932
   0.05496506 -0.15810598  0.0252424  -0.02149694]
 [ 1.8845482   1.7865962  -1.881776   -1.6414126  -0.27763045  1.0101093
   2.0094576   1.3607275  -1.4423707  -0.5199861  -1.982427   -1.3995615
   0.60488594 -1.7085037   0.26910403 -0.47036284]]

cov
[[0.1 0.1 0.1 0.1 0.1 0.1 0.1 0.1 0.1 0.1 0.1 0.1 0.1 0.1 0.1 0.1]
 [0.1 0.1 0.1 0.1 0.1 0.1 0.1 0.1 0.1 0.1 0.1 0.1 0.1 0.1 0.1 0.1]
 [0.1 0.1 0.1 0.1 0.1 0.1 0.1 0.1 0.1 0.1 0.1 0.1 0.1 0.1 0.1 0.1]
 [0.1 0.1 0.1 0.1 0.1 0.1 0.1 0.1 0.1 0.1 0.1 0.1 0.1 0.1 0.1 0.1]
 [0.1 0.1 0.1 0.1 0.1 0.1 0.1 0.1 0.1 0.1 0.1 0.1 0.1 0.1 0.1 0.1]]

trans
[[0.18519214 0.12753303 0.11345082 0.04745222 0.09077971]
 [0.06947116 0.37410006 0.1768499  0.09178898 0.08486888]
 [0.06146159 0.02530694 0.1469415  0.067235   0.0689489 ]
 [0.62408715 0.43754694 0.40741378 0.73522806 0.5894684 ]
 [0.05978796 0.03551301 0.15534398 0.05829577 0.16593407]]

lengths
[1.2764875 1.3602101 1.2344502 1.4368901 1.2268798]

Loss didn't improve for 1 epochs
Epoch: 18, Loss: 6968.9748
mean
[[ 0.59969705  0.79328936  1.1133506   1.263553    1.9960152  -1.7599185
  -0.21627244  1.3965935  -1.298356   -1.9325382  -0.17634441  1.34893
   1.9190128   0.9811493  -2.0038745  -1.9667368 ]
 [-1.5449147  -1.4690498   1.3273237   1.3794016   0.3859344  -0.9679186
  -1.6630628  -1.1390826   1.2002      0.35934073  1.6372296   1.3725678
  -0.40993527  1.5359082  -0.3098787   0.261175  ]
 [-0.7222372  -0.96996856 -1.2252747  -1.3809654  -2.2654428   1.9296825
   0.19273905 -1.6023885   1.5050955   2.1947432   0.25168005 -1.475304
  -2.1748435  -1.0126826   2.2563605   2.2134469 ]
 [ 0.13553298  0.13154122 -0.09889806 -0.13002607 -0.03774207  0.10217168
   0.15017863  0.11094036 -0.11013294 -0.04269139 -0.14596173 -0.14785244
   0.05465561 -0.15858352  0.02531278 -0.02288407]
 [ 1.8867404   1.7883486  -1.8857976  -1.6450238  -0.28003922  1.0132554
   2.0130916   1.3606317  -1.4425995  -0.51748574 -1.9854579  -1.4027054
   0.60258746 -1.7120496   0.27153414 -0.46791553]]

cov
[[0.1 0.1 0.1 0.1 0.1 0.1 0.1 0.1 0.1 0.1 0.1 0.1 0.1 0.1 0.1 0.1]
 [0.1 0.1 0.1 0.1 0.1 0.1 0.1 0.1 0.1 0.1 0.1 0.1 0.1 0.1 0.1 0.1]
 [0.1 0.1 0.1 0.1 0.1 0.1 0.1 0.1 0.1 0.1 0.1 0.1 0.1 0.1 0.1 0.1]
 [0.1 0.1 0.1 0.1 0.1 0.1 0.1 0.1 0.1 0.1 0.1 0.1 0.1 0.1 0.1 0.1]
 [0.1 0.1 0.1 0.1 0.1 0.1 0.1 0.1 0.1 0.1 0.1 0.1 0.1 0.1 0.1 0.1]]

trans
[[0.18590069 0.12710848 0.11196075 0.04737866 0.09113165]
 [0.06903465 0.37442505 0.1772376  0.09185683 0.08563194]
 [0.06141581 0.02494173 0.14712252 0.06722958 0.06918827]
 [0.623791   0.43819067 0.4081544  0.735305   0.58817726]
 [0.05985786 0.03533401 0.15552475 0.05822995 0.16587086]]

lengths
[1.2756625 1.3607309 1.2351052 1.4373796 1.2251028]

Loss didn't improve for 2 epochs
Epoch: 19, Loss: 6969.1031
mean
[[ 0.60172117  0.7953123   1.109668    1.2608632   1.9987382  -1.7593735
  -0.2115679   1.3983597  -1.3002627  -1.9359571  -0.17984912  1.34674
   1.9223751   0.9780324  -2.0069544  -1.9701548 ]
 [-1.5444373  -1.4684625   1.3279072   1.3794931   0.38653108 -0.96879244
  -1.663442   -1.1385363   1.1996316   0.35854682  1.6372383   1.3724357
  -0.40914106  1.5358673  -0.3106012   0.26054507]
 [-0.72272336 -0.9703424  -1.2236207  -1.3791591  -2.2633588   1.9270971
   0.1913499  -1.6022221   1.5050397   2.1939337   0.25244594 -1.4733684
  -2.1740656  -1.0114906   2.2545276   2.2123978 ]
 [ 0.13572289  0.13171963 -0.09851798 -0.12985492 -0.03779741  0.1013128
   0.15011905  0.11125382 -0.11048802 -0.04400276 -0.1457621  -0.14727558
   0.0534985  -0.158393    0.02533014 -0.02412006]
 [ 1.8878274   1.7888982  -1.8890563  -1.6481078  -0.28298044  1.0163674
   2.015431    1.3595713  -1.4417238  -0.5149969  -1.9873847  -1.4055486
   0.59985965 -1.7148639   0.27454886 -0.46553025]]

cov
[[0.1 0.1 0.1 0.1 0.1 0.1 0.1 0.1 0.1 0.1 0.1 0.1 0.1 0.1 0.1 0.1]
 [0.1 0.1 0.1 0.1 0.1 0.1 0.1 0.1 0.1 0.1 0.1 0.1 0.1 0.1 0.1 0.1]
 [0.1 0.1 0.1 0.1 0.1 0.1 0.1 0.1 0.1 0.1 0.1 0.1 0.1 0.1 0.1 0.1]
 [0.1 0.1 0.1 0.1 0.1 0.1 0.1 0.1 0.1 0.1 0.1 0.1 0.1 0.1 0.1 0.1]
 [0.1 0.1 0.1 0.1 0.1 0.1 0.1 0.1 0.1 0.1 0.1 0.1 0.1 0.1 0.1 0.1]]

trans
[[0.18602009 0.12667212 0.11193537 0.04729237 0.09132316]
 [0.06877302 0.37484276 0.17675965 0.09176769 0.08550662]
 [0.06151002 0.02475244 0.14745021 0.06733974 0.06925876]
 [0.6241028  0.4384737  0.40798673 0.73553365 0.5880486 ]
 [0.05959411 0.03525897 0.15586804 0.05806654 0.16586286]]

lengths
[1.2756044 1.3608078 1.235969  1.436913  1.2253888]

Loss didn't improve for 3 epochs
Epoch: 20, Loss: 6969.1881
mean
[[ 0.60251874  0.7962466   1.107059    1.2589939   2.0011718  -1.760039
  -0.20979688  1.3992078  -1.3010856  -1.9370228  -0.18066926  1.3454026
   1.9233286   0.9763043  -2.0092943  -1.9713464 ]
 [-1.5441947  -1.4680126   1.3276817   1.3797302   0.3870965  -0.9686632
  -1.6629266  -1.1378142   1.1989187   0.35816184  1.6370384   1.3724205
  -0.40878856  1.5358366  -0.31115612  0.26031816]
 [-0.72318095 -0.9708084  -1.2228616  -1.3783649  -2.263247    1.9262363
   0.19076666 -1.6025833   1.5054139   2.1940095   0.25300565 -1.4724574
  -2.1741269  -1.0105915   2.254554    2.2124808 ]
 [ 0.13585164  0.13195741 -0.09861811 -0.12978247 -0.03734989  0.10066158
   0.15018436  0.11168472 -0.1110125  -0.0450254  -0.14583269 -0.14715841
   0.05184547 -0.15842369  0.02517072 -0.02479574]
 [ 1.8882895   1.7892177  -1.8903714  -1.6493275  -0.2837684   1.0175534
   2.016223    1.3595506  -1.4417405  -0.51466995 -1.988062   -1.4066871
   0.5994689  -1.7159122   0.27539706 -0.46512753]]

cov
[[0.1 0.1 0.1 0.1 0.1 0.1 0.1 0.1 0.1 0.1 0.1 0.1 0.1 0.1 0.1 0.1]
 [0.1 0.1 0.1 0.1 0.1 0.1 0.1 0.1 0.1 0.1 0.1 0.1 0.1 0.1 0.1 0.1]
 [0.1 0.1 0.1 0.1 0.1 0.1 0.1 0.1 0.1 0.1 0.1 0.1 0.1 0.1 0.1 0.1]
 [0.1 0.1 0.1 0.1 0.1 0.1 0.1 0.1 0.1 0.1 0.1 0.1 0.1 0.1 0.1 0.1]
 [0.1 0.1 0.1 0.1 0.1 0.1 0.1 0.1 0.1 0.1 0.1 0.1 0.1 0.1 0.1 0.1]]

trans
[[0.18585345 0.12656115 0.11244449 0.04729781 0.09142991]
 [0.06878376 0.37508988 0.17657208 0.09183333 0.08506769]
 [0.06162734 0.02474791 0.14749612 0.06743524 0.06924565]
 [0.6244559  0.438368   0.40764263 0.7354862  0.5883723 ]
 [0.05927949 0.03523308 0.15584466 0.0579474  0.16588448]]

lengths
[1.2761836 1.361496  1.2356286 1.4371108 1.2258942]

Loss didn't improve for 4 epochs
Epoch: 21, Loss: 6969.2908
mean
[[ 0.60249424  0.7961601   1.1065671   1.2585807   2.001611   -1.7606764
  -0.21041198  1.3992308  -1.3010769  -1.936399   -0.18009192  1.345171
   1.9226953   0.9762416  -2.0094974  -1.9707563 ]
 [-1.5439401  -1.4677993   1.3276838   1.3793921   0.38694978 -0.9685596
  -1.662681   -1.1375481   1.1986597   0.35807496  1.6366297   1.3724002
  -0.4087036   1.5355141  -0.3110216   0.26021898]
 [-0.7234541  -0.9710793  -1.2229881  -1.3784796  -2.2640233   1.9267596
   0.19060354 -1.6029627   1.5057609   2.1944764   0.25327098 -1.4725602
  -2.1745927  -1.0103756   2.2552783   2.2130158 ]
 [ 0.13591693  0.1320878  -0.09872068 -0.12977268 -0.03665032  0.10027202
   0.15025069  0.11218046 -0.11159216 -0.0458945  -0.1459299  -0.14700723
   0.05007885 -0.15854876  0.02482473 -0.02502151]
 [ 1.8885831   1.7896216  -1.890322   -1.6491826  -0.28319767  1.0172095
   2.0163224   1.3602018  -1.442392   -0.51536804 -1.9882045  -1.4064837
   0.6002988  -1.715806    0.27480352 -0.46573904]]

cov
[[0.1 0.1 0.1 0.1 0.1 0.1 0.1 0.1 0.1 0.1 0.1 0.1 0.1 0.1 0.1 0.1]
 [0.1 0.1 0.1 0.1 0.1 0.1 0.1 0.1 0.1 0.1 0.1 0.1 0.1 0.1 0.1 0.1]
 [0.1 0.1 0.1 0.1 0.1 0.1 0.1 0.1 0.1 0.1 0.1 0.1 0.1 0.1 0.1 0.1]
 [0.1 0.1 0.1 0.1 0.1 0.1 0.1 0.1 0.1 0.1 0.1 0.1 0.1 0.1 0.1 0.1]
 [0.1 0.1 0.1 0.1 0.1 0.1 0.1 0.1 0.1 0.1 0.1 0.1 0.1 0.1 0.1 0.1]]

trans
[[0.18567283 0.12661587 0.11240571 0.04732904 0.09152516]
 [0.06896566 0.37507868 0.17670609 0.09189067 0.0849188 ]
 [0.06171827 0.02483474 0.14731665 0.06742921 0.06925423]
 [0.6245225  0.43825388 0.4079217  0.73542726 0.58832854]
 [0.05912073 0.03521679 0.15564984 0.0579238  0.16597323]]

lengths
[1.2762883 1.3617536 1.2360966 1.4369574 1.2257568]

Loss didn't improve for 5 epochs
Stopping
cached hsmm
